CRITICAL - 2022-09-14 00:00:03 --> Undefined variable: product
#0 E:\Projets\marketplace\app\Views\assets\littlehorizontalcard.php(9): CodeIgniter\Debug\Exceptions->errorHandler(8, 'Undefined varia...', 'E:\\Projets\\mark...', 9, Array)
#1 E:\Projets\marketplace\system\View\View.php(246): include('E:\\Projets\\mark...')
#2 E:\Projets\marketplace\system\Common.php(1087): CodeIgniter\View\View->render('/assets/littleh...', Array, true)
#3 E:\Projets\marketplace\app\Controllers\Assets.php(10): view('/assets/littleh...')
#4 E:\Projets\marketplace\app\Controllers\Accueil.php(21): App\Controllers\Assets->littlehorizontalcard()
#5 E:\Projets\marketplace\system\CodeIgniter.php(914): App\Controllers\Accueil->accueil()
#6 E:\Projets\marketplace\system\CodeIgniter.php(400): CodeIgniter\CodeIgniter->runController(Object(App\Controllers\Accueil))
#7 E:\Projets\marketplace\system\CodeIgniter.php(308): CodeIgniter\CodeIgniter->handleRequest(NULL, Object(Config\Cache), false)
#8 E:\Projets\marketplace\public\index.php(45): CodeIgniter\CodeIgniter->run()
#9 E:\Projets\marketplace\system\Commands\Server\rewrite.php(34): require_once('E:\\Projets\\mark...')
#10 {main}
CRITICAL - 2022-09-14 00:01:09 --> Undefined index: idproduit
#0 E:\Projets\marketplace\app\Views\assets\littlehorizontalcard.php(6): CodeIgniter\Debug\Exceptions->errorHandler(8, 'Undefined index...', 'E:\\Projets\\mark...', 6, Array)
#1 E:\Projets\marketplace\system\View\View.php(246): include('E:\\Projets\\mark...')
#2 E:\Projets\marketplace\system\Common.php(1087): CodeIgniter\View\View->render('/assets/littleh...', Array, true)
#3 E:\Projets\marketplace\app\Controllers\Assets.php(10): view('/assets/littleh...')
#4 E:\Projets\marketplace\app\Controllers\Accueil.php(21): App\Controllers\Assets->littlehorizontalcard()
#5 E:\Projets\marketplace\system\CodeIgniter.php(914): App\Controllers\Accueil->accueil()
#6 E:\Projets\marketplace\system\CodeIgniter.php(400): CodeIgniter\CodeIgniter->runController(Object(App\Controllers\Accueil))
#7 E:\Projets\marketplace\system\CodeIgniter.php(308): CodeIgniter\CodeIgniter->handleRequest(NULL, Object(Config\Cache), false)
#8 E:\Projets\marketplace\public\index.php(45): CodeIgniter\CodeIgniter->run()
#9 E:\Projets\marketplace\system\Commands\Server\rewrite.php(34): require_once('E:\\Projets\\mark...')
#10 {main}
CRITICAL - 2022-09-14 00:08:07 --> Function name must be a string
#0 E:\Projets\marketplace\system\View\View.php(246): include()
#1 E:\Projets\marketplace\system\Common.php(1087): CodeIgniter\View\View->render('/assets/littleh...', Array, true)
#2 E:\Projets\marketplace\app\Controllers\Assets.php(10): view('/assets/littleh...')
#3 E:\Projets\marketplace\app\Controllers\Accueil.php(21): App\Controllers\Assets->littlehorizontalcard()
#4 E:\Projets\marketplace\system\CodeIgniter.php(914): App\Controllers\Accueil->accueil()
#5 E:\Projets\marketplace\system\CodeIgniter.php(400): CodeIgniter\CodeIgniter->runController(Object(App\Controllers\Accueil))
#6 E:\Projets\marketplace\system\CodeIgniter.php(308): CodeIgniter\CodeIgniter->handleRequest(NULL, Object(Config\Cache), false)
#7 E:\Projets\marketplace\public\index.php(45): CodeIgniter\CodeIgniter->run()
#8 E:\Projets\marketplace\system\Commands\Server\rewrite.php(34): require_once('E:\\Projets\\mark...')
#9 {main}
CRITICAL - 2022-09-14 00:08:53 --> Undefined offset: 1
#0 E:\Projets\marketplace\app\Views\assets\littlehorizontalcard.php(9): CodeIgniter\Debug\Exceptions->errorHandler(8, 'Undefined offse...', 'E:\\Projets\\mark...', 9, Array)
#1 E:\Projets\marketplace\system\View\View.php(246): include('E:\\Projets\\mark...')
#2 E:\Projets\marketplace\system\Common.php(1087): CodeIgniter\View\View->render('/assets/littleh...', Array, true)
#3 E:\Projets\marketplace\app\Controllers\Assets.php(10): view('/assets/littleh...')
#4 E:\Projets\marketplace\app\Controllers\Accueil.php(21): App\Controllers\Assets->littlehorizontalcard()
#5 E:\Projets\marketplace\system\CodeIgniter.php(914): App\Controllers\Accueil->accueil()
#6 E:\Projets\marketplace\system\CodeIgniter.php(400): CodeIgniter\CodeIgniter->runController(Object(App\Controllers\Accueil))
#7 E:\Projets\marketplace\system\CodeIgniter.php(308): CodeIgniter\CodeIgniter->handleRequest(NULL, Object(Config\Cache), false)
#8 E:\Projets\marketplace\public\index.php(45): CodeIgniter\CodeIgniter->run()
#9 E:\Projets\marketplace\system\Commands\Server\rewrite.php(34): require_once('E:\\Projets\\mark...')
#10 {main}
CRITICAL - 2022-09-14 00:19:08 --> Undefined index: nom
#0 E:\Projets\marketplace\app\Views\assets\littlehorizontalcard.php(9): CodeIgniter\Debug\Exceptions->errorHandler(8, 'Undefined index...', 'E:\\Projets\\mark...', 9, Array)
#1 E:\Projets\marketplace\system\View\View.php(246): include('E:\\Projets\\mark...')
#2 E:\Projets\marketplace\system\Common.php(1087): CodeIgniter\View\View->render('/assets/littleh...', Array, true)
#3 E:\Projets\marketplace\app\Controllers\Assets.php(10): view('/assets/littleh...')
#4 E:\Projets\marketplace\app\Controllers\Accueil.php(21): App\Controllers\Assets->littlehorizontalcard()
#5 E:\Projets\marketplace\system\CodeIgniter.php(914): App\Controllers\Accueil->accueil()
#6 E:\Projets\marketplace\system\CodeIgniter.php(400): CodeIgniter\CodeIgniter->runController(Object(App\Controllers\Accueil))
#7 E:\Projets\marketplace\system\CodeIgniter.php(308): CodeIgniter\CodeIgniter->handleRequest(NULL, Object(Config\Cache), false)
#8 E:\Projets\marketplace\public\index.php(45): CodeIgniter\CodeIgniter->run()
#9 E:\Projets\marketplace\system\Commands\Server\rewrite.php(34): require_once('E:\\Projets\\mark...')
#10 {main}
CRITICAL - 2022-09-14 00:19:19 --> Undefined index: nom
#0 E:\Projets\marketplace\app\Views\assets\littlehorizontalcard.php(9): CodeIgniter\Debug\Exceptions->errorHandler(8, 'Undefined index...', 'E:\\Projets\\mark...', 9, Array)
#1 E:\Projets\marketplace\system\View\View.php(246): include('E:\\Projets\\mark...')
#2 E:\Projets\marketplace\system\Common.php(1087): CodeIgniter\View\View->render('/assets/littleh...', Array, true)
#3 E:\Projets\marketplace\app\Controllers\Assets.php(10): view('/assets/littleh...')
#4 E:\Projets\marketplace\app\Controllers\Accueil.php(21): App\Controllers\Assets->littlehorizontalcard()
#5 E:\Projets\marketplace\system\CodeIgniter.php(914): App\Controllers\Accueil->accueil()
#6 E:\Projets\marketplace\system\CodeIgniter.php(400): CodeIgniter\CodeIgniter->runController(Object(App\Controllers\Accueil))
#7 E:\Projets\marketplace\system\CodeIgniter.php(308): CodeIgniter\CodeIgniter->handleRequest(NULL, Object(Config\Cache), false)
#8 E:\Projets\marketplace\public\index.php(45): CodeIgniter\CodeIgniter->run()
#9 E:\Projets\marketplace\system\Commands\Server\rewrite.php(34): require_once('E:\\Projets\\mark...')
#10 {main}
CRITICAL - 2022-09-14 00:19:32 --> Undefined offset: 1
#0 E:\Projets\marketplace\app\Views\assets\littlehorizontalcard.php(9): CodeIgniter\Debug\Exceptions->errorHandler(8, 'Undefined offse...', 'E:\\Projets\\mark...', 9, Array)
#1 E:\Projets\marketplace\system\View\View.php(246): include('E:\\Projets\\mark...')
#2 E:\Projets\marketplace\system\Common.php(1087): CodeIgniter\View\View->render('/assets/littleh...', Array, true)
#3 E:\Projets\marketplace\app\Controllers\Assets.php(10): view('/assets/littleh...')
#4 E:\Projets\marketplace\app\Controllers\Accueil.php(21): App\Controllers\Assets->littlehorizontalcard()
#5 E:\Projets\marketplace\system\CodeIgniter.php(914): App\Controllers\Accueil->accueil()
#6 E:\Projets\marketplace\system\CodeIgniter.php(400): CodeIgniter\CodeIgniter->runController(Object(App\Controllers\Accueil))
#7 E:\Projets\marketplace\system\CodeIgniter.php(308): CodeIgniter\CodeIgniter->handleRequest(NULL, Object(Config\Cache), false)
#8 E:\Projets\marketplace\public\index.php(45): CodeIgniter\CodeIgniter->run()
#9 E:\Projets\marketplace\system\Commands\Server\rewrite.php(34): require_once('E:\\Projets\\mark...')
#10 {main}
CRITICAL - 2022-09-14 00:20:33 --> Undefined index: nom
#0 E:\Projets\marketplace\app\Views\assets\littlehorizontalcard.php(9): CodeIgniter\Debug\Exceptions->errorHandler(8, 'Undefined index...', 'E:\\Projets\\mark...', 9, Array)
#1 E:\Projets\marketplace\system\View\View.php(246): include('E:\\Projets\\mark...')
#2 E:\Projets\marketplace\system\Common.php(1087): CodeIgniter\View\View->render('/assets/littleh...', Array, true)
#3 E:\Projets\marketplace\app\Controllers\Assets.php(10): view('/assets/littleh...')
#4 E:\Projets\marketplace\app\Controllers\Accueil.php(21): App\Controllers\Assets->littlehorizontalcard()
#5 E:\Projets\marketplace\system\CodeIgniter.php(914): App\Controllers\Accueil->accueil()
#6 E:\Projets\marketplace\system\CodeIgniter.php(400): CodeIgniter\CodeIgniter->runController(Object(App\Controllers\Accueil))
#7 E:\Projets\marketplace\system\CodeIgniter.php(308): CodeIgniter\CodeIgniter->handleRequest(NULL, Object(Config\Cache), false)
#8 E:\Projets\marketplace\public\index.php(45): CodeIgniter\CodeIgniter->run()
#9 E:\Projets\marketplace\system\Commands\Server\rewrite.php(34): require_once('E:\\Projets\\mark...')
#10 {main}
CRITICAL - 2022-09-14 00:31:49 --> Undefined variable: products
#0 E:\Projets\marketplace\app\Views\assets\selectedproducts.php(2): CodeIgniter\Debug\Exceptions->errorHandler(8, 'Undefined varia...', 'E:\\Projets\\mark...', 2, Array)
#1 E:\Projets\marketplace\system\View\View.php(246): include('E:\\Projets\\mark...')
#2 E:\Projets\marketplace\system\Common.php(1087): CodeIgniter\View\View->render('assets/selected...', Array, true)
#3 E:\Projets\marketplace\app\Controllers\Assets.php(14): view('assets/selected...')
#4 E:\Projets\marketplace\app\Views\assets\littlehorizontalcard.php(27): App\Controllers\Assets::selectedproducts()
#5 E:\Projets\marketplace\system\View\View.php(246): include('E:\\Projets\\mark...')
#6 E:\Projets\marketplace\system\Common.php(1087): CodeIgniter\View\View->render('/assets/littleh...', Array, true)
#7 E:\Projets\marketplace\app\Controllers\Assets.php(10): view('/assets/littleh...')
#8 E:\Projets\marketplace\app\Controllers\Accueil.php(21): App\Controllers\Assets->littlehorizontalcard()
#9 E:\Projets\marketplace\system\CodeIgniter.php(914): App\Controllers\Accueil->accueil()
#10 E:\Projets\marketplace\system\CodeIgniter.php(400): CodeIgniter\CodeIgniter->runController(Object(App\Controllers\Accueil))
#11 E:\Projets\marketplace\system\CodeIgniter.php(308): CodeIgniter\CodeIgniter->handleRequest(NULL, Object(Config\Cache), false)
#12 E:\Projets\marketplace\public\index.php(45): CodeIgniter\CodeIgniter->run()
#13 E:\Projets\marketplace\system\Commands\Server\rewrite.php(34): require_once('E:\\Projets\\mark...')
#14 {main}
CRITICAL - 2022-09-14 00:32:12 --> Undefined variable: products
#0 E:\Projets\marketplace\app\Views\assets\selectedproducts.php(2): CodeIgniter\Debug\Exceptions->errorHandler(8, 'Undefined varia...', 'E:\\Projets\\mark...', 2, Array)
#1 E:\Projets\marketplace\system\View\View.php(246): include('E:\\Projets\\mark...')
#2 E:\Projets\marketplace\system\Common.php(1087): CodeIgniter\View\View->render('assets/selected...', Array, true)
#3 E:\Projets\marketplace\app\Controllers\Assets.php(14): view('assets/selected...')
#4 E:\Projets\marketplace\app\Views\assets\littlehorizontalcard.php(27): App\Controllers\Assets::selectedproducts(Array)
#5 E:\Projets\marketplace\system\View\View.php(246): include('E:\\Projets\\mark...')
#6 E:\Projets\marketplace\system\Common.php(1087): CodeIgniter\View\View->render('/assets/littleh...', Array, true)
#7 E:\Projets\marketplace\app\Controllers\Assets.php(10): view('/assets/littleh...')
#8 E:\Projets\marketplace\app\Controllers\Accueil.php(21): App\Controllers\Assets->littlehorizontalcard()
#9 E:\Projets\marketplace\system\CodeIgniter.php(914): App\Controllers\Accueil->accueil()
#10 E:\Projets\marketplace\system\CodeIgniter.php(400): CodeIgniter\CodeIgniter->runController(Object(App\Controllers\Accueil))
#11 E:\Projets\marketplace\system\CodeIgniter.php(308): CodeIgniter\CodeIgniter->handleRequest(NULL, Object(Config\Cache), false)
#12 E:\Projets\marketplace\public\index.php(45): CodeIgniter\CodeIgniter->run()
#13 E:\Projets\marketplace\system\Commands\Server\rewrite.php(34): require_once('E:\\Projets\\mark...')
#14 {main}
CRITICAL - 2022-09-14 00:32:24 --> Undefined variable: products
#0 E:\Projets\marketplace\app\Views\assets\selectedproducts.php(2): CodeIgniter\Debug\Exceptions->errorHandler(8, 'Undefined varia...', 'E:\\Projets\\mark...', 2, Array)
#1 E:\Projets\marketplace\system\View\View.php(246): include('E:\\Projets\\mark...')
#2 E:\Projets\marketplace\system\Common.php(1087): CodeIgniter\View\View->render('assets/selected...', Array, true)
#3 E:\Projets\marketplace\app\Controllers\Assets.php(14): view('assets/selected...')
#4 E:\Projets\marketplace\app\Views\assets\littlehorizontalcard.php(27): App\Controllers\Assets::selectedproducts()
#5 E:\Projets\marketplace\system\View\View.php(246): include('E:\\Projets\\mark...')
#6 E:\Projets\marketplace\system\Common.php(1087): CodeIgniter\View\View->render('/assets/littleh...', Array, true)
#7 E:\Projets\marketplace\app\Controllers\Assets.php(10): view('/assets/littleh...')
#8 E:\Projets\marketplace\app\Controllers\Accueil.php(21): App\Controllers\Assets->littlehorizontalcard()
#9 E:\Projets\marketplace\system\CodeIgniter.php(914): App\Controllers\Accueil->accueil()
#10 E:\Projets\marketplace\system\CodeIgniter.php(400): CodeIgniter\CodeIgniter->runController(Object(App\Controllers\Accueil))
#11 E:\Projets\marketplace\system\CodeIgniter.php(308): CodeIgniter\CodeIgniter->handleRequest(NULL, Object(Config\Cache), false)
#12 E:\Projets\marketplace\public\index.php(45): CodeIgniter\CodeIgniter->run()
#13 E:\Projets\marketplace\system\Commands\Server\rewrite.php(34): require_once('E:\\Projets\\mark...')
#14 {main}
CRITICAL - 2022-09-14 00:32:26 --> Undefined variable: products
#0 E:\Projets\marketplace\app\Views\assets\selectedproducts.php(2): CodeIgniter\Debug\Exceptions->errorHandler(8, 'Undefined varia...', 'E:\\Projets\\mark...', 2, Array)
#1 E:\Projets\marketplace\system\View\View.php(246): include('E:\\Projets\\mark...')
#2 E:\Projets\marketplace\system\Common.php(1087): CodeIgniter\View\View->render('assets/selected...', Array, true)
#3 E:\Projets\marketplace\app\Controllers\Assets.php(14): view('assets/selected...')
#4 E:\Projets\marketplace\app\Views\assets\littlehorizontalcard.php(27): App\Controllers\Assets::selectedproducts()
#5 E:\Projets\marketplace\system\View\View.php(246): include('E:\\Projets\\mark...')
#6 E:\Projets\marketplace\system\Common.php(1087): CodeIgniter\View\View->render('/assets/littleh...', Array, true)
#7 E:\Projets\marketplace\app\Controllers\Assets.php(10): view('/assets/littleh...')
#8 E:\Projets\marketplace\app\Controllers\Accueil.php(21): App\Controllers\Assets->littlehorizontalcard()
#9 E:\Projets\marketplace\system\CodeIgniter.php(914): App\Controllers\Accueil->accueil()
#10 E:\Projets\marketplace\system\CodeIgniter.php(400): CodeIgniter\CodeIgniter->runController(Object(App\Controllers\Accueil))
#11 E:\Projets\marketplace\system\CodeIgniter.php(308): CodeIgniter\CodeIgniter->handleRequest(NULL, Object(Config\Cache), false)
#12 E:\Projets\marketplace\public\index.php(45): CodeIgniter\CodeIgniter->run()
#13 E:\Projets\marketplace\system\Commands\Server\rewrite.php(34): require_once('E:\\Projets\\mark...')
#14 {main}
CRITICAL - 2022-09-14 00:33:04 --> Undefined variable: produit
#0 E:\Projets\marketplace\app\Views\assets\selectedproducts.php(2): CodeIgniter\Debug\Exceptions->errorHandler(8, 'Undefined varia...', 'E:\\Projets\\mark...', 2, Array)
#1 E:\Projets\marketplace\system\View\View.php(246): include('E:\\Projets\\mark...')
#2 E:\Projets\marketplace\system\Common.php(1087): CodeIgniter\View\View->render('assets/selected...', Array, true)
#3 E:\Projets\marketplace\app\Controllers\Assets.php(14): view('assets/selected...')
#4 E:\Projets\marketplace\app\Views\assets\littlehorizontalcard.php(27): App\Controllers\Assets::selectedproducts()
#5 E:\Projets\marketplace\system\View\View.php(246): include('E:\\Projets\\mark...')
#6 E:\Projets\marketplace\system\Common.php(1087): CodeIgniter\View\View->render('/assets/littleh...', Array, true)
#7 E:\Projets\marketplace\app\Controllers\Assets.php(10): view('/assets/littleh...')
#8 E:\Projets\marketplace\app\Controllers\Accueil.php(21): App\Controllers\Assets->littlehorizontalcard()
#9 E:\Projets\marketplace\system\CodeIgniter.php(914): App\Controllers\Accueil->accueil()
#10 E:\Projets\marketplace\system\CodeIgniter.php(400): CodeIgniter\CodeIgniter->runController(Object(App\Controllers\Accueil))
#11 E:\Projets\marketplace\system\CodeIgniter.php(308): CodeIgniter\CodeIgniter->handleRequest(NULL, Object(Config\Cache), false)
#12 E:\Projets\marketplace\public\index.php(45): CodeIgniter\CodeIgniter->run()
#13 E:\Projets\marketplace\system\Commands\Server\rewrite.php(34): require_once('E:\\Projets\\mark...')
#14 {main}
CRITICAL - 2022-09-14 00:33:16 --> Undefined variable: products
#0 E:\Projets\marketplace\app\Views\assets\selectedproducts.php(2): CodeIgniter\Debug\Exceptions->errorHandler(8, 'Undefined varia...', 'E:\\Projets\\mark...', 2, Array)
#1 E:\Projets\marketplace\system\View\View.php(246): include('E:\\Projets\\mark...')
#2 E:\Projets\marketplace\system\Common.php(1087): CodeIgniter\View\View->render('assets/selected...', Array, true)
#3 E:\Projets\marketplace\app\Controllers\Assets.php(14): view('assets/selected...')
#4 E:\Projets\marketplace\app\Views\assets\littlehorizontalcard.php(27): App\Controllers\Assets::selectedproducts()
#5 E:\Projets\marketplace\system\View\View.php(246): include('E:\\Projets\\mark...')
#6 E:\Projets\marketplace\system\Common.php(1087): CodeIgniter\View\View->render('/assets/littleh...', Array, true)
#7 E:\Projets\marketplace\app\Controllers\Assets.php(10): view('/assets/littleh...')
#8 E:\Projets\marketplace\app\Controllers\Accueil.php(21): App\Controllers\Assets->littlehorizontalcard()
#9 E:\Projets\marketplace\system\CodeIgniter.php(914): App\Controllers\Accueil->accueil()
#10 E:\Projets\marketplace\system\CodeIgniter.php(400): CodeIgniter\CodeIgniter->runController(Object(App\Controllers\Accueil))
#11 E:\Projets\marketplace\system\CodeIgniter.php(308): CodeIgniter\CodeIgniter->handleRequest(NULL, Object(Config\Cache), false)
#12 E:\Projets\marketplace\public\index.php(45): CodeIgniter\CodeIgniter->run()
#13 E:\Projets\marketplace\system\Commands\Server\rewrite.php(34): require_once('E:\\Projets\\mark...')
#14 {main}
