CRITICAL - 2022-08-12 06:41:37 --> Call to a member function view() on null
#0 E:\Projets\marketplace\system\CodeIgniter.php(914): App\Controllers\Accueil->accueil()
#1 E:\Projets\marketplace\system\CodeIgniter.php(400): CodeIgniter\CodeIgniter->runController(Object(App\Controllers\Accueil))
#2 E:\Projets\marketplace\system\CodeIgniter.php(308): CodeIgniter\CodeIgniter->handleRequest(NULL, Object(Config\Cache), false)
#3 E:\Projets\marketplace\public\index.php(45): CodeIgniter\CodeIgniter->run()
#4 E:\Projets\marketplace\system\Commands\Server\rewrite.php(34): require_once('E:\\Projets\\mark...')
#5 {main}
CRITICAL - 2022-08-12 06:42:46 --> Argument 2 passed to view() must be of the type array, string given, called in E:\Projets\marketplace\app\Controllers\Accueil.php on line 7
#0 E:\Projets\marketplace\app\Controllers\Accueil.php(7): view('Templates/heade...', 'accueil', 'Templates/foote...')
#1 E:\Projets\marketplace\system\CodeIgniter.php(914): App\Controllers\Accueil->accueil()
#2 E:\Projets\marketplace\system\CodeIgniter.php(400): CodeIgniter\CodeIgniter->runController(Object(App\Controllers\Accueil))
#3 E:\Projets\marketplace\system\CodeIgniter.php(308): CodeIgniter\CodeIgniter->handleRequest(NULL, Object(Config\Cache), false)
#4 E:\Projets\marketplace\public\index.php(45): CodeIgniter\CodeIgniter->run()
#5 E:\Projets\marketplace\system\Commands\Server\rewrite.php(34): require_once('E:\\Projets\\mark...')
#6 {main}
CRITICAL - 2022-08-12 06:42:55 --> Argument 2 passed to view() must be of the type array, string given, called in E:\Projets\marketplace\app\Controllers\Accueil.php on line 7
#0 E:\Projets\marketplace\app\Controllers\Accueil.php(7): view('Templates/heade...', 'accueil', 'Templates/foote...')
#1 E:\Projets\marketplace\system\CodeIgniter.php(914): App\Controllers\Accueil->accueil()
#2 E:\Projets\marketplace\system\CodeIgniter.php(400): CodeIgniter\CodeIgniter->runController(Object(App\Controllers\Accueil))
#3 E:\Projets\marketplace\system\CodeIgniter.php(308): CodeIgniter\CodeIgniter->handleRequest(NULL, Object(Config\Cache), false)
#4 E:\Projets\marketplace\public\index.php(45): CodeIgniter\CodeIgniter->run()
#5 E:\Projets\marketplace\system\Commands\Server\rewrite.php(34): require_once('E:\\Projets\\mark...')
#6 {main}
CRITICAL - 2022-08-12 07:23:28 --> Use of undefined constant Markt - assumed 'Markt' (this will throw an Error in a future version of PHP)
#0 E:\Projets\marketplace\app\Controllers\Accueil.php(7): CodeIgniter\Debug\Exceptions->errorHandler(2, 'Use of undefine...', 'E:\\Projets\\mark...', 7, Array)
#1 E:\Projets\marketplace\system\CodeIgniter.php(914): App\Controllers\Accueil->accueil()
#2 E:\Projets\marketplace\system\CodeIgniter.php(400): CodeIgniter\CodeIgniter->runController(Object(App\Controllers\Accueil))
#3 E:\Projets\marketplace\system\CodeIgniter.php(308): CodeIgniter\CodeIgniter->handleRequest(NULL, Object(Config\Cache), false)
#4 E:\Projets\marketplace\public\index.php(45): CodeIgniter\CodeIgniter->run()
#5 E:\Projets\marketplace\system\Commands\Server\rewrite.php(34): require_once('E:\\Projets\\mark...')
#6 {main}
CRITICAL - 2022-08-12 07:55:14 --> Call to undefined function baseUrl()
#0 E:\Projets\marketplace\system\View\View.php(246): include()
#1 E:\Projets\marketplace\system\Common.php(1087): CodeIgniter\View\View->render('Templates/heade...', Array, true)
#2 E:\Projets\marketplace\app\Controllers\Accueil.php(8): view('Templates/heade...', Array)
#3 E:\Projets\marketplace\system\CodeIgniter.php(914): App\Controllers\Accueil->accueil()
#4 E:\Projets\marketplace\system\CodeIgniter.php(400): CodeIgniter\CodeIgniter->runController(Object(App\Controllers\Accueil))
#5 E:\Projets\marketplace\system\CodeIgniter.php(308): CodeIgniter\CodeIgniter->handleRequest(NULL, Object(Config\Cache), false)
#6 E:\Projets\marketplace\public\index.php(45): CodeIgniter\CodeIgniter->run()
#7 E:\Projets\marketplace\system\Commands\Server\rewrite.php(34): require_once('E:\\Projets\\mark...')
#8 {main}
CRITICAL - 2022-08-12 07:55:30 --> Call to undefined function baseUrl()
#0 E:\Projets\marketplace\system\View\View.php(246): include()
#1 E:\Projets\marketplace\system\Common.php(1087): CodeIgniter\View\View->render('Templates/heade...', Array, true)
#2 E:\Projets\marketplace\app\Controllers\Accueil.php(8): view('Templates/heade...', Array)
#3 E:\Projets\marketplace\system\CodeIgniter.php(914): App\Controllers\Accueil->accueil()
#4 E:\Projets\marketplace\system\CodeIgniter.php(400): CodeIgniter\CodeIgniter->runController(Object(App\Controllers\Accueil))
#5 E:\Projets\marketplace\system\CodeIgniter.php(308): CodeIgniter\CodeIgniter->handleRequest(NULL, Object(Config\Cache), false)
#6 E:\Projets\marketplace\public\index.php(45): CodeIgniter\CodeIgniter->run()
#7 E:\Projets\marketplace\system\Commands\Server\rewrite.php(34): require_once('E:\\Projets\\mark...')
#8 {main}
CRITICAL - 2022-08-12 07:56:00 --> Call to undefined function baseUrl()
#0 E:\Projets\marketplace\system\View\View.php(246): include()
#1 E:\Projets\marketplace\system\Common.php(1087): CodeIgniter\View\View->render('Templates/heade...', Array, true)
#2 E:\Projets\marketplace\app\Controllers\Accueil.php(8): view('Templates/heade...', Array)
#3 E:\Projets\marketplace\system\CodeIgniter.php(914): App\Controllers\Accueil->accueil()
#4 E:\Projets\marketplace\system\CodeIgniter.php(400): CodeIgniter\CodeIgniter->runController(Object(App\Controllers\Accueil))
#5 E:\Projets\marketplace\system\CodeIgniter.php(308): CodeIgniter\CodeIgniter->handleRequest(NULL, Object(Config\Cache), false)
#6 E:\Projets\marketplace\public\index.php(45): CodeIgniter\CodeIgniter->run()
#7 E:\Projets\marketplace\system\Commands\Server\rewrite.php(34): require_once('E:\\Projets\\mark...')
#8 {main}
CRITICAL - 2022-08-12 07:56:11 --> Call to undefined function baseURL()
#0 E:\Projets\marketplace\system\View\View.php(246): include()
#1 E:\Projets\marketplace\system\Common.php(1087): CodeIgniter\View\View->render('Templates/heade...', Array, true)
#2 E:\Projets\marketplace\app\Controllers\Accueil.php(8): view('Templates/heade...', Array)
#3 E:\Projets\marketplace\system\CodeIgniter.php(914): App\Controllers\Accueil->accueil()
#4 E:\Projets\marketplace\system\CodeIgniter.php(400): CodeIgniter\CodeIgniter->runController(Object(App\Controllers\Accueil))
#5 E:\Projets\marketplace\system\CodeIgniter.php(308): CodeIgniter\CodeIgniter->handleRequest(NULL, Object(Config\Cache), false)
#6 E:\Projets\marketplace\public\index.php(45): CodeIgniter\CodeIgniter->run()
#7 E:\Projets\marketplace\system\Commands\Server\rewrite.php(34): require_once('E:\\Projets\\mark...')
#8 {main}
CRITICAL - 2022-08-12 07:56:14 --> Call to undefined function baseURL()
#0 E:\Projets\marketplace\system\View\View.php(246): include()
#1 E:\Projets\marketplace\system\Common.php(1087): CodeIgniter\View\View->render('Templates/heade...', Array, true)
#2 E:\Projets\marketplace\app\Controllers\Accueil.php(8): view('Templates/heade...', Array)
#3 E:\Projets\marketplace\system\CodeIgniter.php(914): App\Controllers\Accueil->accueil()
#4 E:\Projets\marketplace\system\CodeIgniter.php(400): CodeIgniter\CodeIgniter->runController(Object(App\Controllers\Accueil))
#5 E:\Projets\marketplace\system\CodeIgniter.php(308): CodeIgniter\CodeIgniter->handleRequest(NULL, Object(Config\Cache), false)
#6 E:\Projets\marketplace\public\index.php(45): CodeIgniter\CodeIgniter->run()
#7 E:\Projets\marketplace\system\Commands\Server\rewrite.php(34): require_once('E:\\Projets\\mark...')
#8 {main}
CRITICAL - 2022-08-12 07:56:29 --> Call to undefined function baseURL()
#0 E:\Projets\marketplace\system\View\View.php(246): include()
#1 E:\Projets\marketplace\system\Common.php(1087): CodeIgniter\View\View->render('Templates/heade...', Array, true)
#2 E:\Projets\marketplace\app\Controllers\Accueil.php(8): view('Templates/heade...', Array)
#3 E:\Projets\marketplace\system\CodeIgniter.php(914): App\Controllers\Accueil->accueil()
#4 E:\Projets\marketplace\system\CodeIgniter.php(400): CodeIgniter\CodeIgniter->runController(Object(App\Controllers\Accueil))
#5 E:\Projets\marketplace\system\CodeIgniter.php(308): CodeIgniter\CodeIgniter->handleRequest(NULL, Object(Config\Cache), false)
#6 E:\Projets\marketplace\public\index.php(45): CodeIgniter\CodeIgniter->run()
#7 E:\Projets\marketplace\system\Commands\Server\rewrite.php(34): require_once('E:\\Projets\\mark...')
#8 {main}
CRITICAL - 2022-08-12 07:56:41 --> Call to undefined function baseURL()
#0 E:\Projets\marketplace\system\View\View.php(246): include()
#1 E:\Projets\marketplace\system\Common.php(1087): CodeIgniter\View\View->render('Templates/heade...', Array, true)
#2 E:\Projets\marketplace\app\Controllers\Accueil.php(8): view('Templates/heade...', Array)
#3 E:\Projets\marketplace\system\CodeIgniter.php(914): App\Controllers\Accueil->accueil()
#4 E:\Projets\marketplace\system\CodeIgniter.php(400): CodeIgniter\CodeIgniter->runController(Object(App\Controllers\Accueil))
#5 E:\Projets\marketplace\system\CodeIgniter.php(308): CodeIgniter\CodeIgniter->handleRequest(NULL, Object(Config\Cache), false)
#6 E:\Projets\marketplace\public\index.php(45): CodeIgniter\CodeIgniter->run()
#7 E:\Projets\marketplace\system\Commands\Server\rewrite.php(34): require_once('E:\\Projets\\mark...')
#8 {main}
CRITICAL - 2022-08-12 07:57:57 --> Call to undefined function baseURL()
#0 E:\Projets\marketplace\system\View\View.php(246): include()
#1 E:\Projets\marketplace\system\Common.php(1087): CodeIgniter\View\View->render('Templates/heade...', Array, true)
#2 E:\Projets\marketplace\app\Controllers\Accueil.php(8): view('Templates/heade...', Array)
#3 E:\Projets\marketplace\system\CodeIgniter.php(914): App\Controllers\Accueil->accueil()
#4 E:\Projets\marketplace\system\CodeIgniter.php(400): CodeIgniter\CodeIgniter->runController(Object(App\Controllers\Accueil))
#5 E:\Projets\marketplace\system\CodeIgniter.php(308): CodeIgniter\CodeIgniter->handleRequest(NULL, Object(Config\Cache), false)
#6 E:\Projets\marketplace\public\index.php(45): CodeIgniter\CodeIgniter->run()
#7 E:\Projets\marketplace\system\Commands\Server\rewrite.php(34): require_once('E:\\Projets\\mark...')
#8 {main}
CRITICAL - 2022-08-12 07:58:25 --> Call to undefined function baseURL()
#0 E:\Projets\marketplace\system\View\View.php(246): include()
#1 E:\Projets\marketplace\system\Common.php(1087): CodeIgniter\View\View->render('Templates/heade...', Array, true)
#2 E:\Projets\marketplace\app\Controllers\Accueil.php(8): view('Templates/heade...', Array)
#3 E:\Projets\marketplace\system\CodeIgniter.php(914): App\Controllers\Accueil->accueil()
#4 E:\Projets\marketplace\system\CodeIgniter.php(400): CodeIgniter\CodeIgniter->runController(Object(App\Controllers\Accueil))
#5 E:\Projets\marketplace\system\CodeIgniter.php(308): CodeIgniter\CodeIgniter->handleRequest(NULL, Object(Config\Cache), false)
#6 E:\Projets\marketplace\public\index.php(45): CodeIgniter\CodeIgniter->run()
#7 E:\Projets\marketplace\system\Commands\Server\rewrite.php(34): require_once('E:\\Projets\\mark...')
#8 {main}
CRITICAL - 2022-08-12 08:07:25 --> Call to undefined function echobaseURL()
#0 E:\Projets\marketplace\system\View\View.php(246): include()
#1 E:\Projets\marketplace\system\Common.php(1087): CodeIgniter\View\View->render('accueil', Array, true)
#2 E:\Projets\marketplace\app\Controllers\Accueil.php(9): view('accueil')
#3 E:\Projets\marketplace\system\CodeIgniter.php(914): App\Controllers\Accueil->accueil()
#4 E:\Projets\marketplace\system\CodeIgniter.php(400): CodeIgniter\CodeIgniter->runController(Object(App\Controllers\Accueil))
#5 E:\Projets\marketplace\system\CodeIgniter.php(308): CodeIgniter\CodeIgniter->handleRequest(NULL, Object(Config\Cache), false)
#6 E:\Projets\marketplace\public\index.php(45): CodeIgniter\CodeIgniter->run()
#7 E:\Projets\marketplace\system\Commands\Server\rewrite.php(34): require_once('E:\\Projets\\mark...')
#8 {main}
CRITICAL - 2022-08-12 08:07:43 --> Call to undefined function baseURL()
#0 E:\Projets\marketplace\system\View\View.php(246): include()
#1 E:\Projets\marketplace\system\Common.php(1087): CodeIgniter\View\View->render('accueil', Array, true)
#2 E:\Projets\marketplace\app\Controllers\Accueil.php(9): view('accueil')
#3 E:\Projets\marketplace\system\CodeIgniter.php(914): App\Controllers\Accueil->accueil()
#4 E:\Projets\marketplace\system\CodeIgniter.php(400): CodeIgniter\CodeIgniter->runController(Object(App\Controllers\Accueil))
#5 E:\Projets\marketplace\system\CodeIgniter.php(308): CodeIgniter\CodeIgniter->handleRequest(NULL, Object(Config\Cache), false)
#6 E:\Projets\marketplace\public\index.php(45): CodeIgniter\CodeIgniter->run()
#7 E:\Projets\marketplace\system\Commands\Server\rewrite.php(34): require_once('E:\\Projets\\mark...')
#8 {main}
CRITICAL - 2022-08-12 08:07:45 --> Call to undefined function baseURL()
#0 E:\Projets\marketplace\system\View\View.php(246): include()
#1 E:\Projets\marketplace\system\Common.php(1087): CodeIgniter\View\View->render('accueil', Array, true)
#2 E:\Projets\marketplace\app\Controllers\Accueil.php(9): view('accueil')
#3 E:\Projets\marketplace\system\CodeIgniter.php(914): App\Controllers\Accueil->accueil()
#4 E:\Projets\marketplace\system\CodeIgniter.php(400): CodeIgniter\CodeIgniter->runController(Object(App\Controllers\Accueil))
#5 E:\Projets\marketplace\system\CodeIgniter.php(308): CodeIgniter\CodeIgniter->handleRequest(NULL, Object(Config\Cache), false)
#6 E:\Projets\marketplace\public\index.php(45): CodeIgniter\CodeIgniter->run()
#7 E:\Projets\marketplace\system\Commands\Server\rewrite.php(34): require_once('E:\\Projets\\mark...')
#8 {main}
CRITICAL - 2022-08-12 08:08:30 --> Call to undefined function baseUrl()
#0 E:\Projets\marketplace\system\View\View.php(246): include()
#1 E:\Projets\marketplace\system\Common.php(1087): CodeIgniter\View\View->render('accueil', Array, true)
#2 E:\Projets\marketplace\app\Controllers\Accueil.php(9): view('accueil')
#3 E:\Projets\marketplace\system\CodeIgniter.php(914): App\Controllers\Accueil->accueil()
#4 E:\Projets\marketplace\system\CodeIgniter.php(400): CodeIgniter\CodeIgniter->runController(Object(App\Controllers\Accueil))
#5 E:\Projets\marketplace\system\CodeIgniter.php(308): CodeIgniter\CodeIgniter->handleRequest(NULL, Object(Config\Cache), false)
#6 E:\Projets\marketplace\public\index.php(45): CodeIgniter\CodeIgniter->run()
#7 E:\Projets\marketplace\system\Commands\Server\rewrite.php(34): require_once('E:\\Projets\\mark...')
#8 {main}
CRITICAL - 2022-08-12 08:32:18 --> Argument 2 passed to view() must be of the type array, null given, called in E:\Projets\marketplace\app\Controllers\Accueil.php on line 14
#0 E:\Projets\marketplace\app\Controllers\Accueil.php(14): view('Templates/heade...', NULL)
#1 E:\Projets\marketplace\system\CodeIgniter.php(914): App\Controllers\Accueil->test()
#2 E:\Projets\marketplace\system\CodeIgniter.php(400): CodeIgniter\CodeIgniter->runController(Object(App\Controllers\Accueil))
#3 E:\Projets\marketplace\system\CodeIgniter.php(308): CodeIgniter\CodeIgniter->handleRequest(NULL, Object(Config\Cache), false)
#4 E:\Projets\marketplace\public\index.php(45): CodeIgniter\CodeIgniter->run()
#5 E:\Projets\marketplace\system\Commands\Server\rewrite.php(34): require_once('E:\\Projets\\mark...')
#6 {main}
CRITICAL - 2022-08-12 08:32:20 --> Argument 2 passed to view() must be of the type array, null given, called in E:\Projets\marketplace\app\Controllers\Accueil.php on line 14
#0 E:\Projets\marketplace\app\Controllers\Accueil.php(14): view('Templates/heade...', NULL)
#1 E:\Projets\marketplace\system\CodeIgniter.php(914): App\Controllers\Accueil->test()
#2 E:\Projets\marketplace\system\CodeIgniter.php(400): CodeIgniter\CodeIgniter->runController(Object(App\Controllers\Accueil))
#3 E:\Projets\marketplace\system\CodeIgniter.php(308): CodeIgniter\CodeIgniter->handleRequest(NULL, Object(Config\Cache), false)
#4 E:\Projets\marketplace\public\index.php(45): CodeIgniter\CodeIgniter->run()
#5 E:\Projets\marketplace\system\Commands\Server\rewrite.php(34): require_once('E:\\Projets\\mark...')
#6 {main}
CRITICAL - 2022-08-12 08:32:53 --> Argument 2 passed to view() must be of the type array, null given, called in E:\Projets\marketplace\app\Controllers\Accueil.php on line 14
#0 E:\Projets\marketplace\app\Controllers\Accueil.php(14): view('Templates/heade...', NULL)
#1 E:\Projets\marketplace\system\CodeIgniter.php(914): App\Controllers\Accueil->test()
#2 E:\Projets\marketplace\system\CodeIgniter.php(400): CodeIgniter\CodeIgniter->runController(Object(App\Controllers\Accueil))
#3 E:\Projets\marketplace\system\CodeIgniter.php(308): CodeIgniter\CodeIgniter->handleRequest(NULL, Object(Config\Cache), false)
#4 E:\Projets\marketplace\public\index.php(45): CodeIgniter\CodeIgniter->run()
#5 E:\Projets\marketplace\system\Commands\Server\rewrite.php(34): require_once('E:\\Projets\\mark...')
#6 {main}
CRITICAL - 2022-08-12 08:32:57 --> Argument 2 passed to view() must be of the type array, null given, called in E:\Projets\marketplace\app\Controllers\Accueil.php on line 14
#0 E:\Projets\marketplace\app\Controllers\Accueil.php(14): view('Templates/heade...', NULL)
#1 E:\Projets\marketplace\system\CodeIgniter.php(914): App\Controllers\Accueil->test()
#2 E:\Projets\marketplace\system\CodeIgniter.php(400): CodeIgniter\CodeIgniter->runController(Object(App\Controllers\Accueil))
#3 E:\Projets\marketplace\system\CodeIgniter.php(308): CodeIgniter\CodeIgniter->handleRequest(NULL, Object(Config\Cache), false)
#4 E:\Projets\marketplace\public\index.php(45): CodeIgniter\CodeIgniter->run()
#5 E:\Projets\marketplace\system\Commands\Server\rewrite.php(34): require_once('E:\\Projets\\mark...')
#6 {main}
CRITICAL - 2022-08-12 08:33:05 --> Argument 2 passed to view() must be of the type array, null given, called in E:\Projets\marketplace\app\Controllers\Accueil.php on line 14
#0 E:\Projets\marketplace\app\Controllers\Accueil.php(14): view('Templates/heade...', NULL)
#1 E:\Projets\marketplace\system\CodeIgniter.php(914): App\Controllers\Accueil->test()
#2 E:\Projets\marketplace\system\CodeIgniter.php(400): CodeIgniter\CodeIgniter->runController(Object(App\Controllers\Accueil))
#3 E:\Projets\marketplace\system\CodeIgniter.php(308): CodeIgniter\CodeIgniter->handleRequest(NULL, Object(Config\Cache), false)
#4 E:\Projets\marketplace\public\index.php(45): CodeIgniter\CodeIgniter->run()
#5 E:\Projets\marketplace\system\Commands\Server\rewrite.php(34): require_once('E:\\Projets\\mark...')
#6 {main}
CRITICAL - 2022-08-12 08:33:07 --> Argument 2 passed to view() must be of the type array, null given, called in E:\Projets\marketplace\app\Controllers\Accueil.php on line 14
#0 E:\Projets\marketplace\app\Controllers\Accueil.php(14): view('Templates/heade...', NULL)
#1 E:\Projets\marketplace\system\CodeIgniter.php(914): App\Controllers\Accueil->test()
#2 E:\Projets\marketplace\system\CodeIgniter.php(400): CodeIgniter\CodeIgniter->runController(Object(App\Controllers\Accueil))
#3 E:\Projets\marketplace\system\CodeIgniter.php(308): CodeIgniter\CodeIgniter->handleRequest(NULL, Object(Config\Cache), false)
#4 E:\Projets\marketplace\public\index.php(45): CodeIgniter\CodeIgniter->run()
#5 E:\Projets\marketplace\system\Commands\Server\rewrite.php(34): require_once('E:\\Projets\\mark...')
#6 {main}
CRITICAL - 2022-08-12 08:33:23 --> Argument 2 passed to view() must be of the type array, null given, called in E:\Projets\marketplace\app\Controllers\Accueil.php on line 14
#0 E:\Projets\marketplace\app\Controllers\Accueil.php(14): view('Templates/heade...', NULL)
#1 E:\Projets\marketplace\system\CodeIgniter.php(914): App\Controllers\Accueil->test()
#2 E:\Projets\marketplace\system\CodeIgniter.php(400): CodeIgniter\CodeIgniter->runController(Object(App\Controllers\Accueil))
#3 E:\Projets\marketplace\system\CodeIgniter.php(308): CodeIgniter\CodeIgniter->handleRequest(NULL, Object(Config\Cache), false)
#4 E:\Projets\marketplace\public\index.php(45): CodeIgniter\CodeIgniter->run()
#5 E:\Projets\marketplace\system\Commands\Server\rewrite.php(34): require_once('E:\\Projets\\mark...')
#6 {main}
CRITICAL - 2022-08-12 08:33:58 --> Argument 2 passed to view() must be of the type array, null given, called in E:\Projets\marketplace\app\Controllers\Accueil.php on line 14
#0 E:\Projets\marketplace\app\Controllers\Accueil.php(14): view('Templates/heade...', NULL)
#1 E:\Projets\marketplace\system\CodeIgniter.php(914): App\Controllers\Accueil->test()
#2 E:\Projets\marketplace\system\CodeIgniter.php(400): CodeIgniter\CodeIgniter->runController(Object(App\Controllers\Accueil))
#3 E:\Projets\marketplace\system\CodeIgniter.php(308): CodeIgniter\CodeIgniter->handleRequest(NULL, Object(Config\Cache), false)
#4 E:\Projets\marketplace\public\index.php(45): CodeIgniter\CodeIgniter->run()
#5 E:\Projets\marketplace\system\Commands\Server\rewrite.php(34): require_once('E:\\Projets\\mark...')
#6 {main}
CRITICAL - 2022-08-12 08:35:08 --> Argument 2 passed to view() must be of the type array, null given, called in E:\Projets\marketplace\app\Controllers\Accueil.php on line 14
#0 E:\Projets\marketplace\app\Controllers\Accueil.php(14): view('Templates/heade...', NULL)
#1 E:\Projets\marketplace\system\CodeIgniter.php(914): App\Controllers\Accueil->test()
#2 E:\Projets\marketplace\system\CodeIgniter.php(400): CodeIgniter\CodeIgniter->runController(Object(App\Controllers\Accueil))
#3 E:\Projets\marketplace\system\CodeIgniter.php(308): CodeIgniter\CodeIgniter->handleRequest(NULL, Object(Config\Cache), false)
#4 E:\Projets\marketplace\public\index.php(45): CodeIgniter\CodeIgniter->run()
#5 E:\Projets\marketplace\system\Commands\Server\rewrite.php(34): require_once('E:\\Projets\\mark...')
#6 {main}
CRITICAL - 2022-08-12 08:35:29 --> Argument 2 passed to view() must be of the type array, null given, called in E:\Projets\marketplace\app\Controllers\Accueil.php on line 7
#0 E:\Projets\marketplace\app\Controllers\Accueil.php(7): view('Templates/heade...', NULL)
#1 E:\Projets\marketplace\system\CodeIgniter.php(914): App\Controllers\Accueil->test()
#2 E:\Projets\marketplace\system\CodeIgniter.php(400): CodeIgniter\CodeIgniter->runController(Object(App\Controllers\Accueil))
#3 E:\Projets\marketplace\system\CodeIgniter.php(308): CodeIgniter\CodeIgniter->handleRequest(NULL, Object(Config\Cache), false)
#4 E:\Projets\marketplace\public\index.php(45): CodeIgniter\CodeIgniter->run()
#5 E:\Projets\marketplace\system\Commands\Server\rewrite.php(34): require_once('E:\\Projets\\mark...')
#6 {main}
CRITICAL - 2022-08-12 08:35:31 --> Argument 2 passed to view() must be of the type array, null given, called in E:\Projets\marketplace\app\Controllers\Accueil.php on line 7
#0 E:\Projets\marketplace\app\Controllers\Accueil.php(7): view('Templates/heade...', NULL)
#1 E:\Projets\marketplace\system\CodeIgniter.php(914): App\Controllers\Accueil->test()
#2 E:\Projets\marketplace\system\CodeIgniter.php(400): CodeIgniter\CodeIgniter->runController(Object(App\Controllers\Accueil))
#3 E:\Projets\marketplace\system\CodeIgniter.php(308): CodeIgniter\CodeIgniter->handleRequest(NULL, Object(Config\Cache), false)
#4 E:\Projets\marketplace\public\index.php(45): CodeIgniter\CodeIgniter->run()
#5 E:\Projets\marketplace\system\Commands\Server\rewrite.php(34): require_once('E:\\Projets\\mark...')
#6 {main}
CRITICAL - 2022-08-12 08:35:40 --> Argument 2 passed to view() must be of the type array, null given, called in E:\Projets\marketplace\app\Controllers\Accueil.php on line 7
#0 E:\Projets\marketplace\app\Controllers\Accueil.php(7): view('Templates/heade...', NULL)
#1 E:\Projets\marketplace\system\CodeIgniter.php(914): App\Controllers\Accueil->test()
#2 E:\Projets\marketplace\system\CodeIgniter.php(400): CodeIgniter\CodeIgniter->runController(Object(App\Controllers\Accueil))
#3 E:\Projets\marketplace\system\CodeIgniter.php(308): CodeIgniter\CodeIgniter->handleRequest(NULL, Object(Config\Cache), false)
#4 E:\Projets\marketplace\public\index.php(45): CodeIgniter\CodeIgniter->run()
#5 E:\Projets\marketplace\system\Commands\Server\rewrite.php(34): require_once('E:\\Projets\\mark...')
#6 {main}
CRITICAL - 2022-08-12 08:36:17 --> Argument 2 passed to view() must be of the type array, null given, called in E:\Projets\marketplace\app\Controllers\Accueil.php on line 7
#0 E:\Projets\marketplace\app\Controllers\Accueil.php(7): view('Templates/heade...', NULL)
#1 E:\Projets\marketplace\system\CodeIgniter.php(914): App\Controllers\Accueil->test()
#2 E:\Projets\marketplace\system\CodeIgniter.php(400): CodeIgniter\CodeIgniter->runController(Object(App\Controllers\Accueil))
#3 E:\Projets\marketplace\system\CodeIgniter.php(308): CodeIgniter\CodeIgniter->handleRequest(NULL, Object(Config\Cache), false)
#4 E:\Projets\marketplace\public\index.php(45): CodeIgniter\CodeIgniter->run()
#5 E:\Projets\marketplace\system\Commands\Server\rewrite.php(34): require_once('E:\\Projets\\mark...')
#6 {main}
CRITICAL - 2022-08-12 08:36:35 --> Argument 2 passed to view() must be of the type array, null given, called in E:\Projets\marketplace\app\Controllers\Accueil.php on line 7
#0 E:\Projets\marketplace\app\Controllers\Accueil.php(7): view('Templates/heade...', NULL)
#1 E:\Projets\marketplace\system\CodeIgniter.php(914): App\Controllers\Accueil->test()
#2 E:\Projets\marketplace\system\CodeIgniter.php(400): CodeIgniter\CodeIgniter->runController(Object(App\Controllers\Accueil))
#3 E:\Projets\marketplace\system\CodeIgniter.php(308): CodeIgniter\CodeIgniter->handleRequest(NULL, Object(Config\Cache), false)
#4 E:\Projets\marketplace\public\index.php(45): CodeIgniter\CodeIgniter->run()
#5 E:\Projets\marketplace\system\Commands\Server\rewrite.php(34): require_once('E:\\Projets\\mark...')
#6 {main}
CRITICAL - 2022-08-12 08:42:16 --> Invalid file: Public.php
#0 E:\Projets\marketplace\system\View\View.php(228): CodeIgniter\Exceptions\FrameworkException::forInvalidFile('Public.php')
#1 E:\Projets\marketplace\system\Common.php(1087): CodeIgniter\View\View->render('Public', Array, true)
#2 E:\Projets\marketplace\app\Controllers\Accueil.php(16): view('Public')
#3 E:\Projets\marketplace\system\CodeIgniter.php(914): App\Controllers\Accueil->view('Public', 'css', 'bootstrap.min.c...')
#4 E:\Projets\marketplace\system\CodeIgniter.php(400): CodeIgniter\CodeIgniter->runController(Object(App\Controllers\Accueil))
#5 E:\Projets\marketplace\system\CodeIgniter.php(308): CodeIgniter\CodeIgniter->handleRequest(NULL, Object(Config\Cache), false)
#6 E:\Projets\marketplace\public\index.php(45): CodeIgniter\CodeIgniter->run()
#7 E:\Projets\marketplace\system\Commands\Server\rewrite.php(34): require_once('E:\\Projets\\mark...')
#8 {main}
CRITICAL - 2022-08-12 08:42:16 --> Invalid file: Public.php
#0 E:\Projets\marketplace\system\View\View.php(228): CodeIgniter\Exceptions\FrameworkException::forInvalidFile('Public.php')
#1 E:\Projets\marketplace\system\Common.php(1087): CodeIgniter\View\View->render('Public', Array, true)
#2 E:\Projets\marketplace\app\Controllers\Accueil.php(16): view('Public')
#3 E:\Projets\marketplace\system\CodeIgniter.php(914): App\Controllers\Accueil->view('Public', 'css', 'bootstrap.css')
#4 E:\Projets\marketplace\system\CodeIgniter.php(400): CodeIgniter\CodeIgniter->runController(Object(App\Controllers\Accueil))
#5 E:\Projets\marketplace\system\CodeIgniter.php(308): CodeIgniter\CodeIgniter->handleRequest(NULL, Object(Config\Cache), false)
#6 E:\Projets\marketplace\public\index.php(45): CodeIgniter\CodeIgniter->run()
#7 E:\Projets\marketplace\system\Commands\Server\rewrite.php(34): require_once('E:\\Projets\\mark...')
#8 {main}
CRITICAL - 2022-08-12 08:42:21 --> Invalid file: Public.php
#0 E:\Projets\marketplace\system\View\View.php(228): CodeIgniter\Exceptions\FrameworkException::forInvalidFile('Public.php')
#1 E:\Projets\marketplace\system\Common.php(1087): CodeIgniter\View\View->render('Public', Array, true)
#2 E:\Projets\marketplace\app\Controllers\Accueil.php(16): view('Public')
#3 E:\Projets\marketplace\system\CodeIgniter.php(914): App\Controllers\Accueil->view('Public', 'css', 'bootstrap.min.c...')
#4 E:\Projets\marketplace\system\CodeIgniter.php(400): CodeIgniter\CodeIgniter->runController(Object(App\Controllers\Accueil))
#5 E:\Projets\marketplace\system\CodeIgniter.php(308): CodeIgniter\CodeIgniter->handleRequest(NULL, Object(Config\Cache), false)
#6 E:\Projets\marketplace\public\index.php(45): CodeIgniter\CodeIgniter->run()
#7 E:\Projets\marketplace\system\Commands\Server\rewrite.php(34): require_once('E:\\Projets\\mark...')
#8 {main}
CRITICAL - 2022-08-12 08:42:21 --> Invalid file: Public.php
#0 E:\Projets\marketplace\system\View\View.php(228): CodeIgniter\Exceptions\FrameworkException::forInvalidFile('Public.php')
#1 E:\Projets\marketplace\system\Common.php(1087): CodeIgniter\View\View->render('Public', Array, true)
#2 E:\Projets\marketplace\app\Controllers\Accueil.php(16): view('Public')
#3 E:\Projets\marketplace\system\CodeIgniter.php(914): App\Controllers\Accueil->view('Public', 'css', 'bootstrap.css')
#4 E:\Projets\marketplace\system\CodeIgniter.php(400): CodeIgniter\CodeIgniter->runController(Object(App\Controllers\Accueil))
#5 E:\Projets\marketplace\system\CodeIgniter.php(308): CodeIgniter\CodeIgniter->handleRequest(NULL, Object(Config\Cache), false)
#6 E:\Projets\marketplace\public\index.php(45): CodeIgniter\CodeIgniter->run()
#7 E:\Projets\marketplace\system\Commands\Server\rewrite.php(34): require_once('E:\\Projets\\mark...')
#8 {main}
CRITICAL - 2022-08-12 08:42:25 --> Invalid file: Public.php
#0 E:\Projets\marketplace\system\View\View.php(228): CodeIgniter\Exceptions\FrameworkException::forInvalidFile('Public.php')
#1 E:\Projets\marketplace\system\Common.php(1087): CodeIgniter\View\View->render('Public', Array, true)
#2 E:\Projets\marketplace\app\Controllers\Accueil.php(16): view('Public')
#3 E:\Projets\marketplace\system\CodeIgniter.php(914): App\Controllers\Accueil->view('Public', 'css', 'bootstrap.min.c...')
#4 E:\Projets\marketplace\system\CodeIgniter.php(400): CodeIgniter\CodeIgniter->runController(Object(App\Controllers\Accueil))
#5 E:\Projets\marketplace\system\CodeIgniter.php(308): CodeIgniter\CodeIgniter->handleRequest(NULL, Object(Config\Cache), false)
#6 E:\Projets\marketplace\public\index.php(45): CodeIgniter\CodeIgniter->run()
#7 E:\Projets\marketplace\system\Commands\Server\rewrite.php(34): require_once('E:\\Projets\\mark...')
#8 {main}
CRITICAL - 2022-08-12 08:42:25 --> Invalid file: Public.php
#0 E:\Projets\marketplace\system\View\View.php(228): CodeIgniter\Exceptions\FrameworkException::forInvalidFile('Public.php')
#1 E:\Projets\marketplace\system\Common.php(1087): CodeIgniter\View\View->render('Public', Array, true)
#2 E:\Projets\marketplace\app\Controllers\Accueil.php(16): view('Public')
#3 E:\Projets\marketplace\system\CodeIgniter.php(914): App\Controllers\Accueil->view('Public', 'css', 'bootstrap.css')
#4 E:\Projets\marketplace\system\CodeIgniter.php(400): CodeIgniter\CodeIgniter->runController(Object(App\Controllers\Accueil))
#5 E:\Projets\marketplace\system\CodeIgniter.php(308): CodeIgniter\CodeIgniter->handleRequest(NULL, Object(Config\Cache), false)
#6 E:\Projets\marketplace\public\index.php(45): CodeIgniter\CodeIgniter->run()
#7 E:\Projets\marketplace\system\Commands\Server\rewrite.php(34): require_once('E:\\Projets\\mark...')
#8 {main}
CRITICAL - 2022-08-12 08:42:30 --> Invalid file: test.php
#0 E:\Projets\marketplace\system\View\View.php(228): CodeIgniter\Exceptions\FrameworkException::forInvalidFile('test.php')
#1 E:\Projets\marketplace\system\Common.php(1087): CodeIgniter\View\View->render('test', Array, true)
#2 E:\Projets\marketplace\app\Controllers\Accueil.php(16): view('test')
#3 E:\Projets\marketplace\system\CodeIgniter.php(914): App\Controllers\Accueil->view('test')
#4 E:\Projets\marketplace\system\CodeIgniter.php(400): CodeIgniter\CodeIgniter->runController(Object(App\Controllers\Accueil))
#5 E:\Projets\marketplace\system\CodeIgniter.php(308): CodeIgniter\CodeIgniter->handleRequest(NULL, Object(Config\Cache), false)
#6 E:\Projets\marketplace\public\index.php(45): CodeIgniter\CodeIgniter->run()
#7 E:\Projets\marketplace\system\Commands\Server\rewrite.php(34): require_once('E:\\Projets\\mark...')
#8 {main}
CRITICAL - 2022-08-12 08:43:29 --> Invalid file: test.php
#0 E:\Projets\marketplace\system\View\View.php(228): CodeIgniter\Exceptions\FrameworkException::forInvalidFile('test.php')
#1 E:\Projets\marketplace\system\Common.php(1087): CodeIgniter\View\View->render('test', Array, true)
#2 E:\Projets\marketplace\app\Controllers\Accueil.php(16): view('test')
#3 E:\Projets\marketplace\system\CodeIgniter.php(914): App\Controllers\Accueil->view('test')
#4 E:\Projets\marketplace\system\CodeIgniter.php(400): CodeIgniter\CodeIgniter->runController(Object(App\Controllers\Accueil))
#5 E:\Projets\marketplace\system\CodeIgniter.php(308): CodeIgniter\CodeIgniter->handleRequest(NULL, Object(Config\Cache), false)
#6 E:\Projets\marketplace\public\index.php(45): CodeIgniter\CodeIgniter->run()
#7 E:\Projets\marketplace\system\Commands\Server\rewrite.php(34): require_once('E:\\Projets\\mark...')
#8 {main}
CRITICAL - 2022-08-12 08:43:36 --> Invalid file: Public.php
#0 E:\Projets\marketplace\system\View\View.php(228): CodeIgniter\Exceptions\FrameworkException::forInvalidFile('Public.php')
#1 E:\Projets\marketplace\system\Common.php(1087): CodeIgniter\View\View->render('Public', Array, true)
#2 E:\Projets\marketplace\app\Controllers\Accueil.php(16): view('Public')
#3 E:\Projets\marketplace\system\CodeIgniter.php(914): App\Controllers\Accueil->view('Public', 'css', 'bootstrap.min.c...')
#4 E:\Projets\marketplace\system\CodeIgniter.php(400): CodeIgniter\CodeIgniter->runController(Object(App\Controllers\Accueil))
#5 E:\Projets\marketplace\system\CodeIgniter.php(308): CodeIgniter\CodeIgniter->handleRequest(NULL, Object(Config\Cache), false)
#6 E:\Projets\marketplace\public\index.php(45): CodeIgniter\CodeIgniter->run()
#7 E:\Projets\marketplace\system\Commands\Server\rewrite.php(34): require_once('E:\\Projets\\mark...')
#8 {main}
CRITICAL - 2022-08-12 08:43:36 --> Invalid file: Public.php
#0 E:\Projets\marketplace\system\View\View.php(228): CodeIgniter\Exceptions\FrameworkException::forInvalidFile('Public.php')
#1 E:\Projets\marketplace\system\Common.php(1087): CodeIgniter\View\View->render('Public', Array, true)
#2 E:\Projets\marketplace\app\Controllers\Accueil.php(16): view('Public')
#3 E:\Projets\marketplace\system\CodeIgniter.php(914): App\Controllers\Accueil->view('Public', 'css', 'bootstrap.css')
#4 E:\Projets\marketplace\system\CodeIgniter.php(400): CodeIgniter\CodeIgniter->runController(Object(App\Controllers\Accueil))
#5 E:\Projets\marketplace\system\CodeIgniter.php(308): CodeIgniter\CodeIgniter->handleRequest(NULL, Object(Config\Cache), false)
#6 E:\Projets\marketplace\public\index.php(45): CodeIgniter\CodeIgniter->run()
#7 E:\Projets\marketplace\system\Commands\Server\rewrite.php(34): require_once('E:\\Projets\\mark...')
#8 {main}
CRITICAL - 2022-08-12 08:43:49 --> Invalid file: Public.php
#0 E:\Projets\marketplace\system\View\View.php(228): CodeIgniter\Exceptions\FrameworkException::forInvalidFile('Public.php')
#1 E:\Projets\marketplace\system\Common.php(1087): CodeIgniter\View\View->render('Public', Array, true)
#2 E:\Projets\marketplace\app\Controllers\Accueil.php(16): view('Public')
#3 E:\Projets\marketplace\system\CodeIgniter.php(914): App\Controllers\Accueil->view('Public', 'css', 'bootstrap.min.c...')
#4 E:\Projets\marketplace\system\CodeIgniter.php(400): CodeIgniter\CodeIgniter->runController(Object(App\Controllers\Accueil))
#5 E:\Projets\marketplace\system\CodeIgniter.php(308): CodeIgniter\CodeIgniter->handleRequest(NULL, Object(Config\Cache), false)
#6 E:\Projets\marketplace\public\index.php(45): CodeIgniter\CodeIgniter->run()
#7 E:\Projets\marketplace\system\Commands\Server\rewrite.php(34): require_once('E:\\Projets\\mark...')
#8 {main}
CRITICAL - 2022-08-12 08:43:49 --> Invalid file: Public.php
#0 E:\Projets\marketplace\system\View\View.php(228): CodeIgniter\Exceptions\FrameworkException::forInvalidFile('Public.php')
#1 E:\Projets\marketplace\system\Common.php(1087): CodeIgniter\View\View->render('Public', Array, true)
#2 E:\Projets\marketplace\app\Controllers\Accueil.php(16): view('Public')
#3 E:\Projets\marketplace\system\CodeIgniter.php(914): App\Controllers\Accueil->view('Public', 'css', 'bootstrap.css')
#4 E:\Projets\marketplace\system\CodeIgniter.php(400): CodeIgniter\CodeIgniter->runController(Object(App\Controllers\Accueil))
#5 E:\Projets\marketplace\system\CodeIgniter.php(308): CodeIgniter\CodeIgniter->handleRequest(NULL, Object(Config\Cache), false)
#6 E:\Projets\marketplace\public\index.php(45): CodeIgniter\CodeIgniter->run()
#7 E:\Projets\marketplace\system\Commands\Server\rewrite.php(34): require_once('E:\\Projets\\mark...')
#8 {main}
CRITICAL - 2022-08-12 08:43:51 --> Invalid file: Public.php
#0 E:\Projets\marketplace\system\View\View.php(228): CodeIgniter\Exceptions\FrameworkException::forInvalidFile('Public.php')
#1 E:\Projets\marketplace\system\Common.php(1087): CodeIgniter\View\View->render('Public', Array, true)
#2 E:\Projets\marketplace\app\Controllers\Accueil.php(16): view('Public')
#3 E:\Projets\marketplace\system\CodeIgniter.php(914): App\Controllers\Accueil->view('Public', 'css', 'bootstrap.min.c...')
#4 E:\Projets\marketplace\system\CodeIgniter.php(400): CodeIgniter\CodeIgniter->runController(Object(App\Controllers\Accueil))
#5 E:\Projets\marketplace\system\CodeIgniter.php(308): CodeIgniter\CodeIgniter->handleRequest(NULL, Object(Config\Cache), false)
#6 E:\Projets\marketplace\public\index.php(45): CodeIgniter\CodeIgniter->run()
#7 E:\Projets\marketplace\system\Commands\Server\rewrite.php(34): require_once('E:\\Projets\\mark...')
#8 {main}
CRITICAL - 2022-08-12 08:43:51 --> Invalid file: Public.php
#0 E:\Projets\marketplace\system\View\View.php(228): CodeIgniter\Exceptions\FrameworkException::forInvalidFile('Public.php')
#1 E:\Projets\marketplace\system\Common.php(1087): CodeIgniter\View\View->render('Public', Array, true)
#2 E:\Projets\marketplace\app\Controllers\Accueil.php(16): view('Public')
#3 E:\Projets\marketplace\system\CodeIgniter.php(914): App\Controllers\Accueil->view('Public', 'css', 'bootstrap.css')
#4 E:\Projets\marketplace\system\CodeIgniter.php(400): CodeIgniter\CodeIgniter->runController(Object(App\Controllers\Accueil))
#5 E:\Projets\marketplace\system\CodeIgniter.php(308): CodeIgniter\CodeIgniter->handleRequest(NULL, Object(Config\Cache), false)
#6 E:\Projets\marketplace\public\index.php(45): CodeIgniter\CodeIgniter->run()
#7 E:\Projets\marketplace\system\Commands\Server\rewrite.php(34): require_once('E:\\Projets\\mark...')
#8 {main}
CRITICAL - 2022-08-12 08:43:55 --> Invalid file: Public.php
#0 E:\Projets\marketplace\system\View\View.php(228): CodeIgniter\Exceptions\FrameworkException::forInvalidFile('Public.php')
#1 E:\Projets\marketplace\system\Common.php(1087): CodeIgniter\View\View->render('Public', Array, true)
#2 E:\Projets\marketplace\app\Controllers\Accueil.php(16): view('Public')
#3 E:\Projets\marketplace\system\CodeIgniter.php(914): App\Controllers\Accueil->view('Public', 'css', 'bootstrap.min.c...')
#4 E:\Projets\marketplace\system\CodeIgniter.php(400): CodeIgniter\CodeIgniter->runController(Object(App\Controllers\Accueil))
#5 E:\Projets\marketplace\system\CodeIgniter.php(308): CodeIgniter\CodeIgniter->handleRequest(NULL, Object(Config\Cache), false)
#6 E:\Projets\marketplace\public\index.php(45): CodeIgniter\CodeIgniter->run()
#7 E:\Projets\marketplace\system\Commands\Server\rewrite.php(34): require_once('E:\\Projets\\mark...')
#8 {main}
CRITICAL - 2022-08-12 08:43:55 --> Invalid file: Public.php
#0 E:\Projets\marketplace\system\View\View.php(228): CodeIgniter\Exceptions\FrameworkException::forInvalidFile('Public.php')
#1 E:\Projets\marketplace\system\Common.php(1087): CodeIgniter\View\View->render('Public', Array, true)
#2 E:\Projets\marketplace\app\Controllers\Accueil.php(16): view('Public')
#3 E:\Projets\marketplace\system\CodeIgniter.php(914): App\Controllers\Accueil->view('Public', 'css', 'bootstrap.css')
#4 E:\Projets\marketplace\system\CodeIgniter.php(400): CodeIgniter\CodeIgniter->runController(Object(App\Controllers\Accueil))
#5 E:\Projets\marketplace\system\CodeIgniter.php(308): CodeIgniter\CodeIgniter->handleRequest(NULL, Object(Config\Cache), false)
#6 E:\Projets\marketplace\public\index.php(45): CodeIgniter\CodeIgniter->run()
#7 E:\Projets\marketplace\system\Commands\Server\rewrite.php(34): require_once('E:\\Projets\\mark...')
#8 {main}
CRITICAL - 2022-08-12 08:44:21 --> Invalid file: Public.php
#0 E:\Projets\marketplace\system\View\View.php(228): CodeIgniter\Exceptions\FrameworkException::forInvalidFile('Public.php')
#1 E:\Projets\marketplace\system\Common.php(1087): CodeIgniter\View\View->render('Public', Array, true)
#2 E:\Projets\marketplace\app\Controllers\Accueil.php(16): view('Public')
#3 E:\Projets\marketplace\system\CodeIgniter.php(914): App\Controllers\Accueil->view('Public', 'css', 'bootstrap.min.c...')
#4 E:\Projets\marketplace\system\CodeIgniter.php(400): CodeIgniter\CodeIgniter->runController(Object(App\Controllers\Accueil))
#5 E:\Projets\marketplace\system\CodeIgniter.php(308): CodeIgniter\CodeIgniter->handleRequest(NULL, Object(Config\Cache), false)
#6 E:\Projets\marketplace\public\index.php(45): CodeIgniter\CodeIgniter->run()
#7 E:\Projets\marketplace\system\Commands\Server\rewrite.php(34): require_once('E:\\Projets\\mark...')
#8 {main}
CRITICAL - 2022-08-12 08:44:21 --> Invalid file: Public.php
#0 E:\Projets\marketplace\system\View\View.php(228): CodeIgniter\Exceptions\FrameworkException::forInvalidFile('Public.php')
#1 E:\Projets\marketplace\system\Common.php(1087): CodeIgniter\View\View->render('Public', Array, true)
#2 E:\Projets\marketplace\app\Controllers\Accueil.php(16): view('Public')
#3 E:\Projets\marketplace\system\CodeIgniter.php(914): App\Controllers\Accueil->view('Public', 'css', 'bootstrap.css')
#4 E:\Projets\marketplace\system\CodeIgniter.php(400): CodeIgniter\CodeIgniter->runController(Object(App\Controllers\Accueil))
#5 E:\Projets\marketplace\system\CodeIgniter.php(308): CodeIgniter\CodeIgniter->handleRequest(NULL, Object(Config\Cache), false)
#6 E:\Projets\marketplace\public\index.php(45): CodeIgniter\CodeIgniter->run()
#7 E:\Projets\marketplace\system\Commands\Server\rewrite.php(34): require_once('E:\\Projets\\mark...')
#8 {main}
CRITICAL - 2022-08-12 08:44:27 --> Invalid file: Public.php
#0 E:\Projets\marketplace\system\View\View.php(228): CodeIgniter\Exceptions\FrameworkException::forInvalidFile('Public.php')
#1 E:\Projets\marketplace\system\Common.php(1087): CodeIgniter\View\View->render('Public', Array, true)
#2 E:\Projets\marketplace\app\Controllers\Accueil.php(16): view('Public')
#3 E:\Projets\marketplace\system\CodeIgniter.php(914): App\Controllers\Accueil->view('Public', 'css', 'bootstrap.min.c...')
#4 E:\Projets\marketplace\system\CodeIgniter.php(400): CodeIgniter\CodeIgniter->runController(Object(App\Controllers\Accueil))
#5 E:\Projets\marketplace\system\CodeIgniter.php(308): CodeIgniter\CodeIgniter->handleRequest(NULL, Object(Config\Cache), false)
#6 E:\Projets\marketplace\public\index.php(45): CodeIgniter\CodeIgniter->run()
#7 E:\Projets\marketplace\system\Commands\Server\rewrite.php(34): require_once('E:\\Projets\\mark...')
#8 {main}
CRITICAL - 2022-08-12 08:44:27 --> Invalid file: Public.php
#0 E:\Projets\marketplace\system\View\View.php(228): CodeIgniter\Exceptions\FrameworkException::forInvalidFile('Public.php')
#1 E:\Projets\marketplace\system\Common.php(1087): CodeIgniter\View\View->render('Public', Array, true)
#2 E:\Projets\marketplace\app\Controllers\Accueil.php(16): view('Public')
#3 E:\Projets\marketplace\system\CodeIgniter.php(914): App\Controllers\Accueil->view('Public', 'css', 'bootstrap.css')
#4 E:\Projets\marketplace\system\CodeIgniter.php(400): CodeIgniter\CodeIgniter->runController(Object(App\Controllers\Accueil))
#5 E:\Projets\marketplace\system\CodeIgniter.php(308): CodeIgniter\CodeIgniter->handleRequest(NULL, Object(Config\Cache), false)
#6 E:\Projets\marketplace\public\index.php(45): CodeIgniter\CodeIgniter->run()
#7 E:\Projets\marketplace\system\Commands\Server\rewrite.php(34): require_once('E:\\Projets\\mark...')
#8 {main}
CRITICAL - 2022-08-12 09:53:45 --> Call to undefined function link_tag()
#0 E:\Projets\marketplace\system\View\View.php(246): include()
#1 E:\Projets\marketplace\system\Common.php(1087): CodeIgniter\View\View->render('Templates/heade...', Array, true)
#2 E:\Projets\marketplace\app\Controllers\Accueil.php(8): view('Templates/heade...', Array)
#3 E:\Projets\marketplace\system\CodeIgniter.php(914): App\Controllers\Accueil->accueil()
#4 E:\Projets\marketplace\system\CodeIgniter.php(400): CodeIgniter\CodeIgniter->runController(Object(App\Controllers\Accueil))
#5 E:\Projets\marketplace\system\CodeIgniter.php(308): CodeIgniter\CodeIgniter->handleRequest(NULL, Object(Config\Cache), false)
#6 E:\Projets\marketplace\public\index.php(45): CodeIgniter\CodeIgniter->run()
#7 E:\Projets\marketplace\system\Commands\Server\rewrite.php(34): require_once('E:\\Projets\\mark...')
#8 {main}
CRITICAL - 2022-08-12 09:53:58 --> Call to undefined function link_tag()
#0 E:\Projets\marketplace\system\View\View.php(246): include()
#1 E:\Projets\marketplace\system\Common.php(1087): CodeIgniter\View\View->render('Templates/heade...', Array, true)
#2 E:\Projets\marketplace\app\Controllers\Accueil.php(8): view('Templates/heade...', Array)
#3 E:\Projets\marketplace\system\CodeIgniter.php(914): App\Controllers\Accueil->accueil()
#4 E:\Projets\marketplace\system\CodeIgniter.php(400): CodeIgniter\CodeIgniter->runController(Object(App\Controllers\Accueil))
#5 E:\Projets\marketplace\system\CodeIgniter.php(308): CodeIgniter\CodeIgniter->handleRequest(NULL, Object(Config\Cache), false)
#6 E:\Projets\marketplace\public\index.php(45): CodeIgniter\CodeIgniter->run()
#7 E:\Projets\marketplace\system\Commands\Server\rewrite.php(34): require_once('E:\\Projets\\mark...')
#8 {main}
CRITICAL - 2022-08-12 09:55:11 --> Call to undefined function link_tag()
#0 E:\Projets\marketplace\system\View\View.php(246): include()
#1 E:\Projets\marketplace\system\Common.php(1087): CodeIgniter\View\View->render('Templates/heade...', Array, true)
#2 E:\Projets\marketplace\app\Controllers\Accueil.php(8): view('Templates/heade...', Array)
#3 E:\Projets\marketplace\system\CodeIgniter.php(914): App\Controllers\Accueil->accueil()
#4 E:\Projets\marketplace\system\CodeIgniter.php(400): CodeIgniter\CodeIgniter->runController(Object(App\Controllers\Accueil))
#5 E:\Projets\marketplace\system\CodeIgniter.php(308): CodeIgniter\CodeIgniter->handleRequest(NULL, Object(Config\Cache), false)
#6 E:\Projets\marketplace\public\index.php(45): CodeIgniter\CodeIgniter->run()
#7 E:\Projets\marketplace\system\Commands\Server\rewrite.php(34): require_once('E:\\Projets\\mark...')
#8 {main}
CRITICAL - 2022-08-12 09:55:14 --> Call to undefined function link_tag()
#0 E:\Projets\marketplace\system\View\View.php(246): include()
#1 E:\Projets\marketplace\system\Common.php(1087): CodeIgniter\View\View->render('Templates/heade...', Array, true)
#2 E:\Projets\marketplace\app\Controllers\Accueil.php(8): view('Templates/heade...', Array)
#3 E:\Projets\marketplace\system\CodeIgniter.php(914): App\Controllers\Accueil->accueil()
#4 E:\Projets\marketplace\system\CodeIgniter.php(400): CodeIgniter\CodeIgniter->runController(Object(App\Controllers\Accueil))
#5 E:\Projets\marketplace\system\CodeIgniter.php(308): CodeIgniter\CodeIgniter->handleRequest(NULL, Object(Config\Cache), false)
#6 E:\Projets\marketplace\public\index.php(45): CodeIgniter\CodeIgniter->run()
#7 E:\Projets\marketplace\system\Commands\Server\rewrite.php(34): require_once('E:\\Projets\\mark...')
#8 {main}
