CRITICAL - 2022-09-03 05:54:00 --> Too few arguments to function App\Controllers\Addons::changerayon(), 0 passed in E:\Projets\marketplace\system\CodeIgniter.php on line 914 and exactly 1 expected
#0 E:\Projets\marketplace\system\CodeIgniter.php(914): App\Controllers\Addons->changerayon()
#1 E:\Projets\marketplace\system\CodeIgniter.php(400): CodeIgniter\CodeIgniter->runController(Object(App\Controllers\Addons))
#2 E:\Projets\marketplace\system\CodeIgniter.php(308): CodeIgniter\CodeIgniter->handleRequest(NULL, Object(Config\Cache), false)
#3 E:\Projets\marketplace\public\index.php(45): CodeIgniter\CodeIgniter->run()
#4 E:\Projets\marketplace\system\Commands\Server\rewrite.php(34): require_once('E:\\Projets\\mark...')
#5 {main}
CRITICAL - 2022-09-03 05:54:00 --> Too few arguments to function App\Controllers\Addons::getResultat(), 3 passed in E:\Projets\marketplace\system\CodeIgniter.php on line 914 and exactly 4 expected
#0 E:\Projets\marketplace\system\CodeIgniter.php(914): App\Controllers\Addons::getResultat('getSelectedProd...', '10', 'storebackoffice...')
#1 E:\Projets\marketplace\system\CodeIgniter.php(400): CodeIgniter\CodeIgniter->runController(Object(App\Controllers\Addons))
#2 E:\Projets\marketplace\system\CodeIgniter.php(308): CodeIgniter\CodeIgniter->handleRequest(NULL, Object(Config\Cache), false)
#3 E:\Projets\marketplace\public\index.php(45): CodeIgniter\CodeIgniter->run()
#4 E:\Projets\marketplace\system\Commands\Server\rewrite.php(34): require_once('E:\\Projets\\mark...')
#5 {main}
CRITICAL - 2022-09-03 05:54:15 --> Too few arguments to function App\Controllers\Addons::changerayon(), 0 passed in E:\Projets\marketplace\system\CodeIgniter.php on line 914 and exactly 1 expected
#0 E:\Projets\marketplace\system\CodeIgniter.php(914): App\Controllers\Addons->changerayon()
#1 E:\Projets\marketplace\system\CodeIgniter.php(400): CodeIgniter\CodeIgniter->runController(Object(App\Controllers\Addons))
#2 E:\Projets\marketplace\system\CodeIgniter.php(308): CodeIgniter\CodeIgniter->handleRequest(NULL, Object(Config\Cache), false)
#3 E:\Projets\marketplace\public\index.php(45): CodeIgniter\CodeIgniter->run()
#4 E:\Projets\marketplace\system\Commands\Server\rewrite.php(34): require_once('E:\\Projets\\mark...')
#5 {main}
CRITICAL - 2022-09-03 05:54:15 --> Too few arguments to function App\Controllers\Addons::getResultat(), 3 passed in E:\Projets\marketplace\system\CodeIgniter.php on line 914 and exactly 4 expected
#0 E:\Projets\marketplace\system\CodeIgniter.php(914): App\Controllers\Addons::getResultat('getSelectedProd...', '10', 'allproductshome')
#1 E:\Projets\marketplace\system\CodeIgniter.php(400): CodeIgniter\CodeIgniter->runController(Object(App\Controllers\Addons))
#2 E:\Projets\marketplace\system\CodeIgniter.php(308): CodeIgniter\CodeIgniter->handleRequest(NULL, Object(Config\Cache), false)
#3 E:\Projets\marketplace\public\index.php(45): CodeIgniter\CodeIgniter->run()
#4 E:\Projets\marketplace\system\Commands\Server\rewrite.php(34): require_once('E:\\Projets\\mark...')
#5 {main}
CRITICAL - 2022-09-03 05:54:15 --> Too few arguments to function App\Controllers\Addons::getResultat(), 3 passed in E:\Projets\marketplace\system\CodeIgniter.php on line 914 and exactly 4 expected
#0 E:\Projets\marketplace\system\CodeIgniter.php(914): App\Controllers\Addons::getResultat('getSelectedProd...', '10', 'storebackoffice...')
#1 E:\Projets\marketplace\system\CodeIgniter.php(400): CodeIgniter\CodeIgniter->runController(Object(App\Controllers\Addons))
#2 E:\Projets\marketplace\system\CodeIgniter.php(308): CodeIgniter\CodeIgniter->handleRequest(NULL, Object(Config\Cache), false)
#3 E:\Projets\marketplace\public\index.php(45): CodeIgniter\CodeIgniter->run()
#4 E:\Projets\marketplace\system\Commands\Server\rewrite.php(34): require_once('E:\\Projets\\mark...')
#5 {main}
CRITICAL - 2022-09-03 05:55:00 --> Too few arguments to function App\Controllers\Addons::changerayon(), 0 passed in E:\Projets\marketplace\system\CodeIgniter.php on line 914 and exactly 1 expected
#0 E:\Projets\marketplace\system\CodeIgniter.php(914): App\Controllers\Addons->changerayon()
#1 E:\Projets\marketplace\system\CodeIgniter.php(400): CodeIgniter\CodeIgniter->runController(Object(App\Controllers\Addons))
#2 E:\Projets\marketplace\system\CodeIgniter.php(308): CodeIgniter\CodeIgniter->handleRequest(NULL, Object(Config\Cache), false)
#3 E:\Projets\marketplace\public\index.php(45): CodeIgniter\CodeIgniter->run()
#4 E:\Projets\marketplace\system\Commands\Server\rewrite.php(34): require_once('E:\\Projets\\mark...')
#5 {main}
CRITICAL - 2022-09-03 05:55:00 --> Too few arguments to function App\Controllers\Addons::getResultat(), 3 passed in E:\Projets\marketplace\system\CodeIgniter.php on line 914 and exactly 4 expected
#0 E:\Projets\marketplace\system\CodeIgniter.php(914): App\Controllers\Addons::getResultat('getSelectedProd...', '10', 'allproductshome')
#1 E:\Projets\marketplace\system\CodeIgniter.php(400): CodeIgniter\CodeIgniter->runController(Object(App\Controllers\Addons))
#2 E:\Projets\marketplace\system\CodeIgniter.php(308): CodeIgniter\CodeIgniter->handleRequest(NULL, Object(Config\Cache), false)
#3 E:\Projets\marketplace\public\index.php(45): CodeIgniter\CodeIgniter->run()
#4 E:\Projets\marketplace\system\Commands\Server\rewrite.php(34): require_once('E:\\Projets\\mark...')
#5 {main}
CRITICAL - 2022-09-03 05:55:01 --> Too few arguments to function App\Controllers\Addons::getResultat(), 3 passed in E:\Projets\marketplace\system\CodeIgniter.php on line 914 and exactly 4 expected
#0 E:\Projets\marketplace\system\CodeIgniter.php(914): App\Controllers\Addons::getResultat('getSelectedProd...', '10', 'storebackoffice...')
#1 E:\Projets\marketplace\system\CodeIgniter.php(400): CodeIgniter\CodeIgniter->runController(Object(App\Controllers\Addons))
#2 E:\Projets\marketplace\system\CodeIgniter.php(308): CodeIgniter\CodeIgniter->handleRequest(NULL, Object(Config\Cache), false)
#3 E:\Projets\marketplace\public\index.php(45): CodeIgniter\CodeIgniter->run()
#4 E:\Projets\marketplace\system\Commands\Server\rewrite.php(34): require_once('E:\\Projets\\mark...')
#5 {main}
CRITICAL - 2022-09-03 06:00:24 --> Too few arguments to function App\Controllers\Addons::changerayon(), 0 passed in E:\Projets\marketplace\system\CodeIgniter.php on line 914 and exactly 1 expected
#0 E:\Projets\marketplace\system\CodeIgniter.php(914): App\Controllers\Addons->changerayon()
#1 E:\Projets\marketplace\system\CodeIgniter.php(400): CodeIgniter\CodeIgniter->runController(Object(App\Controllers\Addons))
#2 E:\Projets\marketplace\system\CodeIgniter.php(308): CodeIgniter\CodeIgniter->handleRequest(NULL, Object(Config\Cache), false)
#3 E:\Projets\marketplace\public\index.php(45): CodeIgniter\CodeIgniter->run()
#4 E:\Projets\marketplace\system\Commands\Server\rewrite.php(34): require_once('E:\\Projets\\mark...')
#5 {main}
CRITICAL - 2022-09-03 06:00:24 --> Too few arguments to function App\Controllers\Addons::getResultat(), 3 passed in E:\Projets\marketplace\system\CodeIgniter.php on line 914 and exactly 4 expected
#0 E:\Projets\marketplace\system\CodeIgniter.php(914): App\Controllers\Addons::getResultat('getSelectedProd...', '10', 'allproductshome')
#1 E:\Projets\marketplace\system\CodeIgniter.php(400): CodeIgniter\CodeIgniter->runController(Object(App\Controllers\Addons))
#2 E:\Projets\marketplace\system\CodeIgniter.php(308): CodeIgniter\CodeIgniter->handleRequest(NULL, Object(Config\Cache), false)
#3 E:\Projets\marketplace\public\index.php(45): CodeIgniter\CodeIgniter->run()
#4 E:\Projets\marketplace\system\Commands\Server\rewrite.php(34): require_once('E:\\Projets\\mark...')
#5 {main}
CRITICAL - 2022-09-03 06:00:24 --> Too few arguments to function App\Controllers\Addons::getResultat(), 3 passed in E:\Projets\marketplace\system\CodeIgniter.php on line 914 and exactly 4 expected
#0 E:\Projets\marketplace\system\CodeIgniter.php(914): App\Controllers\Addons::getResultat('getSelectedProd...', '10', 'storebackoffice...')
#1 E:\Projets\marketplace\system\CodeIgniter.php(400): CodeIgniter\CodeIgniter->runController(Object(App\Controllers\Addons))
#2 E:\Projets\marketplace\system\CodeIgniter.php(308): CodeIgniter\CodeIgniter->handleRequest(NULL, Object(Config\Cache), false)
#3 E:\Projets\marketplace\public\index.php(45): CodeIgniter\CodeIgniter->run()
#4 E:\Projets\marketplace\system\Commands\Server\rewrite.php(34): require_once('E:\\Projets\\mark...')
#5 {main}
CRITICAL - 2022-09-03 06:17:19 --> Too few arguments to function App\Controllers\Addons::changerayon(), 0 passed in E:\Projets\marketplace\system\CodeIgniter.php on line 914 and exactly 1 expected
#0 E:\Projets\marketplace\system\CodeIgniter.php(914): App\Controllers\Addons->changerayon()
#1 E:\Projets\marketplace\system\CodeIgniter.php(400): CodeIgniter\CodeIgniter->runController(Object(App\Controllers\Addons))
#2 E:\Projets\marketplace\system\CodeIgniter.php(308): CodeIgniter\CodeIgniter->handleRequest(NULL, Object(Config\Cache), false)
#3 E:\Projets\marketplace\public\index.php(45): CodeIgniter\CodeIgniter->run()
#4 E:\Projets\marketplace\system\Commands\Server\rewrite.php(34): require_once('E:\\Projets\\mark...')
#5 {main}
CRITICAL - 2022-09-03 06:17:19 --> Too few arguments to function App\Controllers\Addons::getResultat(), 3 passed in E:\Projets\marketplace\system\CodeIgniter.php on line 914 and exactly 4 expected
#0 E:\Projets\marketplace\system\CodeIgniter.php(914): App\Controllers\Addons::getResultat('getSelectedProd...', '10', 'allproductshome')
#1 E:\Projets\marketplace\system\CodeIgniter.php(400): CodeIgniter\CodeIgniter->runController(Object(App\Controllers\Addons))
#2 E:\Projets\marketplace\system\CodeIgniter.php(308): CodeIgniter\CodeIgniter->handleRequest(NULL, Object(Config\Cache), false)
#3 E:\Projets\marketplace\public\index.php(45): CodeIgniter\CodeIgniter->run()
#4 E:\Projets\marketplace\system\Commands\Server\rewrite.php(34): require_once('E:\\Projets\\mark...')
#5 {main}
CRITICAL - 2022-09-03 06:17:19 --> Too few arguments to function App\Controllers\Addons::getResultat(), 3 passed in E:\Projets\marketplace\system\CodeIgniter.php on line 914 and exactly 4 expected
#0 E:\Projets\marketplace\system\CodeIgniter.php(914): App\Controllers\Addons::getResultat('getSelectedProd...', '10', 'storebackoffice...')
#1 E:\Projets\marketplace\system\CodeIgniter.php(400): CodeIgniter\CodeIgniter->runController(Object(App\Controllers\Addons))
#2 E:\Projets\marketplace\system\CodeIgniter.php(308): CodeIgniter\CodeIgniter->handleRequest(NULL, Object(Config\Cache), false)
#3 E:\Projets\marketplace\public\index.php(45): CodeIgniter\CodeIgniter->run()
#4 E:\Projets\marketplace\system\Commands\Server\rewrite.php(34): require_once('E:\\Projets\\mark...')
#5 {main}
CRITICAL - 2022-09-03 06:17:33 --> Too few arguments to function App\Controllers\Addons::changerayon(), 0 passed in E:\Projets\marketplace\system\CodeIgniter.php on line 914 and exactly 1 expected
#0 E:\Projets\marketplace\system\CodeIgniter.php(914): App\Controllers\Addons->changerayon()
#1 E:\Projets\marketplace\system\CodeIgniter.php(400): CodeIgniter\CodeIgniter->runController(Object(App\Controllers\Addons))
#2 E:\Projets\marketplace\system\CodeIgniter.php(308): CodeIgniter\CodeIgniter->handleRequest(NULL, Object(Config\Cache), false)
#3 E:\Projets\marketplace\public\index.php(45): CodeIgniter\CodeIgniter->run()
#4 E:\Projets\marketplace\system\Commands\Server\rewrite.php(34): require_once('E:\\Projets\\mark...')
#5 {main}
CRITICAL - 2022-09-03 06:17:33 --> Too few arguments to function App\Controllers\Addons::getResultat(), 3 passed in E:\Projets\marketplace\system\CodeIgniter.php on line 914 and exactly 4 expected
#0 E:\Projets\marketplace\system\CodeIgniter.php(914): App\Controllers\Addons::getResultat('getSelectedProd...', '10', 'storebackoffice...')
#1 E:\Projets\marketplace\system\CodeIgniter.php(400): CodeIgniter\CodeIgniter->runController(Object(App\Controllers\Addons))
#2 E:\Projets\marketplace\system\CodeIgniter.php(308): CodeIgniter\CodeIgniter->handleRequest(NULL, Object(Config\Cache), false)
#3 E:\Projets\marketplace\public\index.php(45): CodeIgniter\CodeIgniter->run()
#4 E:\Projets\marketplace\system\Commands\Server\rewrite.php(34): require_once('E:\\Projets\\mark...')
#5 {main}
CRITICAL - 2022-09-03 06:17:33 --> Too few arguments to function App\Controllers\Addons::getResultat(), 3 passed in E:\Projets\marketplace\system\CodeIgniter.php on line 914 and exactly 4 expected
#0 E:\Projets\marketplace\system\CodeIgniter.php(914): App\Controllers\Addons::getResultat('getSelectedProd...', '10', 'allproductshome')
#1 E:\Projets\marketplace\system\CodeIgniter.php(400): CodeIgniter\CodeIgniter->runController(Object(App\Controllers\Addons))
#2 E:\Projets\marketplace\system\CodeIgniter.php(308): CodeIgniter\CodeIgniter->handleRequest(NULL, Object(Config\Cache), false)
#3 E:\Projets\marketplace\public\index.php(45): CodeIgniter\CodeIgniter->run()
#4 E:\Projets\marketplace\system\Commands\Server\rewrite.php(34): require_once('E:\\Projets\\mark...')
#5 {main}
CRITICAL - 2022-09-03 06:21:04 --> Too few arguments to function App\Controllers\Addons::changerayon(), 0 passed in E:\Projets\marketplace\system\CodeIgniter.php on line 914 and exactly 1 expected
#0 E:\Projets\marketplace\system\CodeIgniter.php(914): App\Controllers\Addons->changerayon()
#1 E:\Projets\marketplace\system\CodeIgniter.php(400): CodeIgniter\CodeIgniter->runController(Object(App\Controllers\Addons))
#2 E:\Projets\marketplace\system\CodeIgniter.php(308): CodeIgniter\CodeIgniter->handleRequest(NULL, Object(Config\Cache), false)
#3 E:\Projets\marketplace\public\index.php(45): CodeIgniter\CodeIgniter->run()
#4 E:\Projets\marketplace\system\Commands\Server\rewrite.php(34): require_once('E:\\Projets\\mark...')
#5 {main}
CRITICAL - 2022-09-03 06:21:05 --> Too few arguments to function App\Controllers\Addons::getResultat(), 3 passed in E:\Projets\marketplace\system\CodeIgniter.php on line 914 and exactly 4 expected
#0 E:\Projets\marketplace\system\CodeIgniter.php(914): App\Controllers\Addons::getResultat('getSelectedProd...', '10', 'allproductshome')
#1 E:\Projets\marketplace\system\CodeIgniter.php(400): CodeIgniter\CodeIgniter->runController(Object(App\Controllers\Addons))
#2 E:\Projets\marketplace\system\CodeIgniter.php(308): CodeIgniter\CodeIgniter->handleRequest(NULL, Object(Config\Cache), false)
#3 E:\Projets\marketplace\public\index.php(45): CodeIgniter\CodeIgniter->run()
#4 E:\Projets\marketplace\system\Commands\Server\rewrite.php(34): require_once('E:\\Projets\\mark...')
#5 {main}
CRITICAL - 2022-09-03 06:21:05 --> Too few arguments to function App\Controllers\Addons::getResultat(), 3 passed in E:\Projets\marketplace\system\CodeIgniter.php on line 914 and exactly 4 expected
#0 E:\Projets\marketplace\system\CodeIgniter.php(914): App\Controllers\Addons::getResultat('getSelectedProd...', '10', 'storebackoffice...')
#1 E:\Projets\marketplace\system\CodeIgniter.php(400): CodeIgniter\CodeIgniter->runController(Object(App\Controllers\Addons))
#2 E:\Projets\marketplace\system\CodeIgniter.php(308): CodeIgniter\CodeIgniter->handleRequest(NULL, Object(Config\Cache), false)
#3 E:\Projets\marketplace\public\index.php(45): CodeIgniter\CodeIgniter->run()
#4 E:\Projets\marketplace\system\Commands\Server\rewrite.php(34): require_once('E:\\Projets\\mark...')
#5 {main}
CRITICAL - 2022-09-03 06:23:00 --> Too few arguments to function App\Controllers\Addons::changerayon(), 0 passed in E:\Projets\marketplace\system\CodeIgniter.php on line 914 and exactly 1 expected
#0 E:\Projets\marketplace\system\CodeIgniter.php(914): App\Controllers\Addons->changerayon()
#1 E:\Projets\marketplace\system\CodeIgniter.php(400): CodeIgniter\CodeIgniter->runController(Object(App\Controllers\Addons))
#2 E:\Projets\marketplace\system\CodeIgniter.php(308): CodeIgniter\CodeIgniter->handleRequest(NULL, Object(Config\Cache), false)
#3 E:\Projets\marketplace\public\index.php(45): CodeIgniter\CodeIgniter->run()
#4 E:\Projets\marketplace\system\Commands\Server\rewrite.php(34): require_once('E:\\Projets\\mark...')
#5 {main}
CRITICAL - 2022-09-03 06:23:00 --> Too few arguments to function App\Controllers\Addons::getResultat(), 3 passed in E:\Projets\marketplace\system\CodeIgniter.php on line 914 and exactly 4 expected
#0 E:\Projets\marketplace\system\CodeIgniter.php(914): App\Controllers\Addons::getResultat('getSelectedProd...', '10', 'allproductshome')
#1 E:\Projets\marketplace\system\CodeIgniter.php(400): CodeIgniter\CodeIgniter->runController(Object(App\Controllers\Addons))
#2 E:\Projets\marketplace\system\CodeIgniter.php(308): CodeIgniter\CodeIgniter->handleRequest(NULL, Object(Config\Cache), false)
#3 E:\Projets\marketplace\public\index.php(45): CodeIgniter\CodeIgniter->run()
#4 E:\Projets\marketplace\system\Commands\Server\rewrite.php(34): require_once('E:\\Projets\\mark...')
#5 {main}
CRITICAL - 2022-09-03 06:23:01 --> Too few arguments to function App\Controllers\Addons::getResultat(), 3 passed in E:\Projets\marketplace\system\CodeIgniter.php on line 914 and exactly 4 expected
#0 E:\Projets\marketplace\system\CodeIgniter.php(914): App\Controllers\Addons::getResultat('getSelectedProd...', '10', 'storebackoffice...')
#1 E:\Projets\marketplace\system\CodeIgniter.php(400): CodeIgniter\CodeIgniter->runController(Object(App\Controllers\Addons))
#2 E:\Projets\marketplace\system\CodeIgniter.php(308): CodeIgniter\CodeIgniter->handleRequest(NULL, Object(Config\Cache), false)
#3 E:\Projets\marketplace\public\index.php(45): CodeIgniter\CodeIgniter->run()
#4 E:\Projets\marketplace\system\Commands\Server\rewrite.php(34): require_once('E:\\Projets\\mark...')
#5 {main}
CRITICAL - 2022-09-03 06:27:42 --> Undefined variable: data
#0 E:\Projets\marketplace\app\Controllers\Addons.php(42): CodeIgniter\Debug\Exceptions->errorHandler(8, 'Undefined varia...', 'E:\\Projets\\mark...', 42, Array)
#1 E:\Projets\marketplace\app\Views\addons\littlehorizontalcard.php(19): App\Controllers\Addons::getResultat('getSelectedProd...', '0', 6, 'selectedproduct...')
#2 E:\Projets\marketplace\system\View\View.php(246): include('E:\\Projets\\mark...')
#3 E:\Projets\marketplace\system\Common.php(1087): CodeIgniter\View\View->render('/addons/littleh...', Array, true)
#4 E:\Projets\marketplace\app\Controllers\Assets.php(10): view('/addons/littleh...')
#5 E:\Projets\marketplace\app\Controllers\Accueil.php(19): App\Controllers\Assets->littlehorizontalcard()
#6 E:\Projets\marketplace\system\CodeIgniter.php(914): App\Controllers\Accueil->accueil()
#7 E:\Projets\marketplace\system\CodeIgniter.php(400): CodeIgniter\CodeIgniter->runController(Object(App\Controllers\Accueil))
#8 E:\Projets\marketplace\system\CodeIgniter.php(308): CodeIgniter\CodeIgniter->handleRequest(NULL, Object(Config\Cache), false)
#9 E:\Projets\marketplace\public\index.php(45): CodeIgniter\CodeIgniter->run()
#10 E:\Projets\marketplace\system\Commands\Server\rewrite.php(34): require_once('E:\\Projets\\mark...')
#11 {main}
CRITICAL - 2022-09-03 06:28:25 --> Undefined variable: products
#0 E:\Projets\marketplace\app\Controllers\Addons.php(44): CodeIgniter\Debug\Exceptions->errorHandler(8, 'Undefined varia...', 'E:\\Projets\\mark...', 44, Array)
#1 E:\Projets\marketplace\app\Views\addons\littlehorizontalcard.php(19): App\Controllers\Addons::getResultat('getSelectedProd...', NULL, 6, 'selectedproduct...')
#2 E:\Projets\marketplace\system\View\View.php(246): include('E:\\Projets\\mark...')
#3 E:\Projets\marketplace\system\Common.php(1087): CodeIgniter\View\View->render('/addons/littleh...', Array, true)
#4 E:\Projets\marketplace\app\Controllers\Assets.php(10): view('/addons/littleh...')
#5 E:\Projets\marketplace\app\Controllers\Accueil.php(19): App\Controllers\Assets->littlehorizontalcard()
#6 E:\Projets\marketplace\system\CodeIgniter.php(914): App\Controllers\Accueil->accueil()
#7 E:\Projets\marketplace\system\CodeIgniter.php(400): CodeIgniter\CodeIgniter->runController(Object(App\Controllers\Accueil))
#8 E:\Projets\marketplace\system\CodeIgniter.php(308): CodeIgniter\CodeIgniter->handleRequest(NULL, Object(Config\Cache), false)
#9 E:\Projets\marketplace\public\index.php(45): CodeIgniter\CodeIgniter->run()
#10 E:\Projets\marketplace\system\Commands\Server\rewrite.php(34): require_once('E:\\Projets\\mark...')
#11 {main}
CRITICAL - 2022-09-03 06:29:34 --> Too few arguments to function App\Controllers\Addons::changerayon(), 0 passed in E:\Projets\marketplace\system\CodeIgniter.php on line 914 and exactly 1 expected
#0 E:\Projets\marketplace\system\CodeIgniter.php(914): App\Controllers\Addons->changerayon()
#1 E:\Projets\marketplace\system\CodeIgniter.php(400): CodeIgniter\CodeIgniter->runController(Object(App\Controllers\Addons))
#2 E:\Projets\marketplace\system\CodeIgniter.php(308): CodeIgniter\CodeIgniter->handleRequest(NULL, Object(Config\Cache), false)
#3 E:\Projets\marketplace\public\index.php(45): CodeIgniter\CodeIgniter->run()
#4 E:\Projets\marketplace\system\Commands\Server\rewrite.php(34): require_once('E:\\Projets\\mark...')
#5 {main}
CRITICAL - 2022-09-03 06:29:34 --> Too few arguments to function App\Controllers\Addons::getResultat(), 3 passed in E:\Projets\marketplace\system\CodeIgniter.php on line 914 and exactly 4 expected
#0 E:\Projets\marketplace\system\CodeIgniter.php(914): App\Controllers\Addons::getResultat('getSelectedProd...', '10', 'allproductshome')
#1 E:\Projets\marketplace\system\CodeIgniter.php(400): CodeIgniter\CodeIgniter->runController(Object(App\Controllers\Addons))
#2 E:\Projets\marketplace\system\CodeIgniter.php(308): CodeIgniter\CodeIgniter->handleRequest(NULL, Object(Config\Cache), false)
#3 E:\Projets\marketplace\public\index.php(45): CodeIgniter\CodeIgniter->run()
#4 E:\Projets\marketplace\system\Commands\Server\rewrite.php(34): require_once('E:\\Projets\\mark...')
#5 {main}
CRITICAL - 2022-09-03 06:29:34 --> Too few arguments to function App\Controllers\Addons::getResultat(), 3 passed in E:\Projets\marketplace\system\CodeIgniter.php on line 914 and exactly 4 expected
#0 E:\Projets\marketplace\system\CodeIgniter.php(914): App\Controllers\Addons::getResultat('getSelectedProd...', '10', 'storebackoffice...')
#1 E:\Projets\marketplace\system\CodeIgniter.php(400): CodeIgniter\CodeIgniter->runController(Object(App\Controllers\Addons))
#2 E:\Projets\marketplace\system\CodeIgniter.php(308): CodeIgniter\CodeIgniter->handleRequest(NULL, Object(Config\Cache), false)
#3 E:\Projets\marketplace\public\index.php(45): CodeIgniter\CodeIgniter->run()
#4 E:\Projets\marketplace\system\Commands\Server\rewrite.php(34): require_once('E:\\Projets\\mark...')
#5 {main}
CRITICAL - 2022-09-03 06:41:04 --> Undefined index: idrayon
#0 E:\Projets\marketplace\app\Views\addons\productrayons.php(4): CodeIgniter\Debug\Exceptions->errorHandler(8, 'Undefined index...', 'E:\\Projets\\mark...', 4, Array)
#1 E:\Projets\marketplace\system\View\View.php(246): include('E:\\Projets\\mark...')
#2 E:\Projets\marketplace\system\Common.php(1087): CodeIgniter\View\View->render('addons/productr...', Array, true)
#3 E:\Projets\marketplace\app\Controllers\Assets.php(62): view('addons/productr...')
#4 E:\Projets\marketplace\app\Views\addons\filterproducts.php(5): App\Controllers\Assets::productrayons()
#5 E:\Projets\marketplace\system\View\View.php(246): include('E:\\Projets\\mark...')
#6 E:\Projets\marketplace\system\Common.php(1087): CodeIgniter\View\View->render('addons/filterpr...', Array, true)
#7 E:\Projets\marketplace\app\Controllers\Assets.php(30): view('addons/filterpr...')
#8 E:\Projets\marketplace\app\Views\addons\productfilter.php(3): App\Controllers\Assets::filterproducts()
#9 E:\Projets\marketplace\system\View\View.php(246): include('E:\\Projets\\mark...')
#10 E:\Projets\marketplace\system\Common.php(1087): CodeIgniter\View\View->render('addons/productf...', Array, true)
#11 E:\Projets\marketplace\app\Controllers\Assets.php(26): view('addons/productf...')
#12 E:\Projets\marketplace\app\Controllers\Accueil.php(22): App\Controllers\Assets->productfilter()
#13 E:\Projets\marketplace\system\CodeIgniter.php(914): App\Controllers\Accueil->accueil()
#14 E:\Projets\marketplace\system\CodeIgniter.php(400): CodeIgniter\CodeIgniter->runController(Object(App\Controllers\Accueil))
#15 E:\Projets\marketplace\system\CodeIgniter.php(308): CodeIgniter\CodeIgniter->handleRequest(NULL, Object(Config\Cache), false)
#16 E:\Projets\marketplace\public\index.php(45): CodeIgniter\CodeIgniter->run()
#17 E:\Projets\marketplace\system\Commands\Server\rewrite.php(34): require_once('E:\\Projets\\mark...')
#18 {main}
CRITICAL - 2022-09-03 07:54:50 --> Call to undefined function getselectedproduct()
#0 E:\Projets\marketplace\app\Controllers\Produit.php(62): App\Models\Productmodel->getProductByCategory(NULL, '10')
#1 E:\Projets\marketplace\app\Controllers\Addons.php(38): App\Controllers\Produit->getProductByCategory(NULL, '10')
#2 E:\Projets\marketplace\system\CodeIgniter.php(914): App\Controllers\Addons::getResultat('getProductByCat...', NULL, '10', 'allproductshome')
#3 E:\Projets\marketplace\system\CodeIgniter.php(400): CodeIgniter\CodeIgniter->runController(Object(App\Controllers\Addons))
#4 E:\Projets\marketplace\system\CodeIgniter.php(308): CodeIgniter\CodeIgniter->handleRequest(NULL, Object(Config\Cache), false)
#5 E:\Projets\marketplace\public\index.php(45): CodeIgniter\CodeIgniter->run()
#6 E:\Projets\marketplace\system\Commands\Server\rewrite.php(34): require_once('E:\\Projets\\mark...')
#7 {main}
CRITICAL - 2022-09-03 07:54:50 --> Call to undefined function getselectedproduct()
#0 E:\Projets\marketplace\app\Controllers\Produit.php(62): App\Models\Productmodel->getProductByCategory(NULL, '10')
#1 E:\Projets\marketplace\app\Controllers\Addons.php(38): App\Controllers\Produit->getProductByCategory(NULL, '10')
#2 E:\Projets\marketplace\system\CodeIgniter.php(914): App\Controllers\Addons::getResultat('getProductByCat...', NULL, '10', 'storebackoffice...')
#3 E:\Projets\marketplace\system\CodeIgniter.php(400): CodeIgniter\CodeIgniter->runController(Object(App\Controllers\Addons))
#4 E:\Projets\marketplace\system\CodeIgniter.php(308): CodeIgniter\CodeIgniter->handleRequest(NULL, Object(Config\Cache), false)
#5 E:\Projets\marketplace\public\index.php(45): CodeIgniter\CodeIgniter->run()
#6 E:\Projets\marketplace\system\Commands\Server\rewrite.php(34): require_once('E:\\Projets\\mark...')
#7 {main}
CRITICAL - 2022-09-03 07:55:33 --> Call to undefined function getselectedproduct()
#0 E:\Projets\marketplace\app\Controllers\Produit.php(62): App\Models\Productmodel->getProductByCategory(NULL, '10')
#1 E:\Projets\marketplace\app\Controllers\Addons.php(38): App\Controllers\Produit->getProductByCategory(NULL, '10')
#2 E:\Projets\marketplace\system\CodeIgniter.php(914): App\Controllers\Addons::getResultat('getProductByCat...', NULL, '10', 'allproductshome')
#3 E:\Projets\marketplace\system\CodeIgniter.php(400): CodeIgniter\CodeIgniter->runController(Object(App\Controllers\Addons))
#4 E:\Projets\marketplace\system\CodeIgniter.php(308): CodeIgniter\CodeIgniter->handleRequest(NULL, Object(Config\Cache), false)
#5 E:\Projets\marketplace\public\index.php(45): CodeIgniter\CodeIgniter->run()
#6 E:\Projets\marketplace\system\Commands\Server\rewrite.php(34): require_once('E:\\Projets\\mark...')
#7 {main}
CRITICAL - 2022-09-03 07:55:33 --> Call to undefined function getselectedproduct()
#0 E:\Projets\marketplace\app\Controllers\Produit.php(62): App\Models\Productmodel->getProductByCategory(NULL, '10')
#1 E:\Projets\marketplace\app\Controllers\Addons.php(38): App\Controllers\Produit->getProductByCategory(NULL, '10')
#2 E:\Projets\marketplace\system\CodeIgniter.php(914): App\Controllers\Addons::getResultat('getProductByCat...', NULL, '10', 'storebackoffice...')
#3 E:\Projets\marketplace\system\CodeIgniter.php(400): CodeIgniter\CodeIgniter->runController(Object(App\Controllers\Addons))
#4 E:\Projets\marketplace\system\CodeIgniter.php(308): CodeIgniter\CodeIgniter->handleRequest(NULL, Object(Config\Cache), false)
#5 E:\Projets\marketplace\public\index.php(45): CodeIgniter\CodeIgniter->run()
#6 E:\Projets\marketplace\system\Commands\Server\rewrite.php(34): require_once('E:\\Projets\\mark...')
#7 {main}
CRITICAL - 2022-09-03 07:57:47 --> Undefined variable: idrayon
#0 E:\Projets\marketplace\app\Models\Productmodel.php(69): CodeIgniter\Debug\Exceptions->errorHandler(8, 'Undefined varia...', 'E:\\Projets\\mark...', 69, Array)
#1 E:\Projets\marketplace\app\Controllers\Produit.php(62): App\Models\Productmodel->getProductByCategory(NULL, '10')
#2 E:\Projets\marketplace\app\Controllers\Addons.php(38): App\Controllers\Produit->getProductByCategory(NULL, '10')
#3 E:\Projets\marketplace\system\CodeIgniter.php(914): App\Controllers\Addons::getResultat('getProductByCat...', NULL, '10', 'allproductshome')
#4 E:\Projets\marketplace\system\CodeIgniter.php(400): CodeIgniter\CodeIgniter->runController(Object(App\Controllers\Addons))
#5 E:\Projets\marketplace\system\CodeIgniter.php(308): CodeIgniter\CodeIgniter->handleRequest(NULL, Object(Config\Cache), false)
#6 E:\Projets\marketplace\public\index.php(45): CodeIgniter\CodeIgniter->run()
#7 E:\Projets\marketplace\system\Commands\Server\rewrite.php(34): require_once('E:\\Projets\\mark...')
#8 {main}
CRITICAL - 2022-09-03 07:57:47 --> Undefined variable: idrayon
#0 E:\Projets\marketplace\app\Models\Productmodel.php(69): CodeIgniter\Debug\Exceptions->errorHandler(8, 'Undefined varia...', 'E:\\Projets\\mark...', 69, Array)
#1 E:\Projets\marketplace\app\Controllers\Produit.php(62): App\Models\Productmodel->getProductByCategory(NULL, '10')
#2 E:\Projets\marketplace\app\Controllers\Addons.php(38): App\Controllers\Produit->getProductByCategory(NULL, '10')
#3 E:\Projets\marketplace\system\CodeIgniter.php(914): App\Controllers\Addons::getResultat('getProductByCat...', NULL, '10', 'storebackoffice...')
#4 E:\Projets\marketplace\system\CodeIgniter.php(400): CodeIgniter\CodeIgniter->runController(Object(App\Controllers\Addons))
#5 E:\Projets\marketplace\system\CodeIgniter.php(308): CodeIgniter\CodeIgniter->handleRequest(NULL, Object(Config\Cache), false)
#6 E:\Projets\marketplace\public\index.php(45): CodeIgniter\CodeIgniter->run()
#7 E:\Projets\marketplace\system\Commands\Server\rewrite.php(34): require_once('E:\\Projets\\mark...')
#8 {main}
CRITICAL - 2022-09-03 07:58:01 --> Undefined variable: idrayon
#0 E:\Projets\marketplace\app\Models\Productmodel.php(69): CodeIgniter\Debug\Exceptions->errorHandler(8, 'Undefined varia...', 'E:\\Projets\\mark...', 69, Array)
#1 E:\Projets\marketplace\app\Controllers\Produit.php(62): App\Models\Productmodel->getProductByCategory(NULL, '10')
#2 E:\Projets\marketplace\app\Controllers\Addons.php(38): App\Controllers\Produit->getProductByCategory(NULL, '10')
#3 E:\Projets\marketplace\system\CodeIgniter.php(914): App\Controllers\Addons::getResultat('getProductByCat...', NULL, '10', 'allproductshome')
#4 E:\Projets\marketplace\system\CodeIgniter.php(400): CodeIgniter\CodeIgniter->runController(Object(App\Controllers\Addons))
#5 E:\Projets\marketplace\system\CodeIgniter.php(308): CodeIgniter\CodeIgniter->handleRequest(NULL, Object(Config\Cache), false)
#6 E:\Projets\marketplace\public\index.php(45): CodeIgniter\CodeIgniter->run()
#7 E:\Projets\marketplace\system\Commands\Server\rewrite.php(34): require_once('E:\\Projets\\mark...')
#8 {main}
CRITICAL - 2022-09-03 07:58:01 --> Undefined variable: idrayon
#0 E:\Projets\marketplace\app\Models\Productmodel.php(69): CodeIgniter\Debug\Exceptions->errorHandler(8, 'Undefined varia...', 'E:\\Projets\\mark...', 69, Array)
#1 E:\Projets\marketplace\app\Controllers\Produit.php(62): App\Models\Productmodel->getProductByCategory(NULL, '10')
#2 E:\Projets\marketplace\app\Controllers\Addons.php(38): App\Controllers\Produit->getProductByCategory(NULL, '10')
#3 E:\Projets\marketplace\system\CodeIgniter.php(914): App\Controllers\Addons::getResultat('getProductByCat...', NULL, '10', 'storebackoffice...')
#4 E:\Projets\marketplace\system\CodeIgniter.php(400): CodeIgniter\CodeIgniter->runController(Object(App\Controllers\Addons))
#5 E:\Projets\marketplace\system\CodeIgniter.php(308): CodeIgniter\CodeIgniter->handleRequest(NULL, Object(Config\Cache), false)
#6 E:\Projets\marketplace\public\index.php(45): CodeIgniter\CodeIgniter->run()
#7 E:\Projets\marketplace\system\Commands\Server\rewrite.php(34): require_once('E:\\Projets\\mark...')
#8 {main}
CRITICAL - 2022-09-03 08:05:36 --> Call to undefined function getselectedproduct()
#0 E:\Projets\marketplace\app\Controllers\Produit.php(62): App\Models\Productmodel->getProductByCategory(NULL, '10')
#1 E:\Projets\marketplace\app\Controllers\Addons.php(38): App\Controllers\Produit->getProductByCategory(NULL, '10')
#2 E:\Projets\marketplace\system\CodeIgniter.php(914): App\Controllers\Addons::getResultat('getProductByCat...', NULL, '10', 'allproductshome')
#3 E:\Projets\marketplace\system\CodeIgniter.php(400): CodeIgniter\CodeIgniter->runController(Object(App\Controllers\Addons))
#4 E:\Projets\marketplace\system\CodeIgniter.php(308): CodeIgniter\CodeIgniter->handleRequest(NULL, Object(Config\Cache), false)
#5 E:\Projets\marketplace\public\index.php(45): CodeIgniter\CodeIgniter->run()
#6 E:\Projets\marketplace\system\Commands\Server\rewrite.php(34): require_once('E:\\Projets\\mark...')
#7 {main}
CRITICAL - 2022-09-03 08:05:36 --> Call to undefined function getselectedproduct()
#0 E:\Projets\marketplace\app\Controllers\Produit.php(62): App\Models\Productmodel->getProductByCategory(NULL, '10')
#1 E:\Projets\marketplace\app\Controllers\Addons.php(38): App\Controllers\Produit->getProductByCategory(NULL, '10')
#2 E:\Projets\marketplace\system\CodeIgniter.php(914): App\Controllers\Addons::getResultat('getProductByCat...', NULL, '10', 'storebackoffice...')
#3 E:\Projets\marketplace\system\CodeIgniter.php(400): CodeIgniter\CodeIgniter->runController(Object(App\Controllers\Addons))
#4 E:\Projets\marketplace\system\CodeIgniter.php(308): CodeIgniter\CodeIgniter->handleRequest(NULL, Object(Config\Cache), false)
#5 E:\Projets\marketplace\public\index.php(45): CodeIgniter\CodeIgniter->run()
#6 E:\Projets\marketplace\system\Commands\Server\rewrite.php(34): require_once('E:\\Projets\\mark...')
#7 {main}
CRITICAL - 2022-09-03 08:07:51 --> Call to undefined function getselectedproduct()
#0 E:\Projets\marketplace\app\Controllers\Produit.php(62): App\Models\Productmodel->getProductByCategory(NULL, '10')
#1 E:\Projets\marketplace\app\Controllers\Addons.php(38): App\Controllers\Produit->getProductByCategory(NULL, '10')
#2 E:\Projets\marketplace\system\CodeIgniter.php(914): App\Controllers\Addons::getResultat('getProductByCat...', NULL, '10', 'allproductshome')
#3 E:\Projets\marketplace\system\CodeIgniter.php(400): CodeIgniter\CodeIgniter->runController(Object(App\Controllers\Addons))
#4 E:\Projets\marketplace\system\CodeIgniter.php(308): CodeIgniter\CodeIgniter->handleRequest(NULL, Object(Config\Cache), false)
#5 E:\Projets\marketplace\public\index.php(45): CodeIgniter\CodeIgniter->run()
#6 E:\Projets\marketplace\system\Commands\Server\rewrite.php(34): require_once('E:\\Projets\\mark...')
#7 {main}
CRITICAL - 2022-09-03 08:07:51 --> Call to undefined function getselectedproduct()
#0 E:\Projets\marketplace\app\Controllers\Produit.php(62): App\Models\Productmodel->getProductByCategory(NULL, '10')
#1 E:\Projets\marketplace\app\Controllers\Addons.php(38): App\Controllers\Produit->getProductByCategory(NULL, '10')
#2 E:\Projets\marketplace\system\CodeIgniter.php(914): App\Controllers\Addons::getResultat('getProductByCat...', NULL, '10', 'storebackoffice...')
#3 E:\Projets\marketplace\system\CodeIgniter.php(400): CodeIgniter\CodeIgniter->runController(Object(App\Controllers\Addons))
#4 E:\Projets\marketplace\system\CodeIgniter.php(308): CodeIgniter\CodeIgniter->handleRequest(NULL, Object(Config\Cache), false)
#5 E:\Projets\marketplace\public\index.php(45): CodeIgniter\CodeIgniter->run()
#6 E:\Projets\marketplace\system\Commands\Server\rewrite.php(34): require_once('E:\\Projets\\mark...')
#7 {main}
CRITICAL - 2022-09-03 08:08:30 --> Not unique table/alias: 'souscategorie'
#0 E:\Projets\marketplace\system\Database\MySQLi\Connection.php(331): mysqli->query('SELECT *\nFROM `...')
#1 E:\Projets\marketplace\system\Database\BaseConnection.php(738): CodeIgniter\Database\MySQLi\Connection->execute('SELECT *\nFROM `...')
#2 E:\Projets\marketplace\system\Database\BaseConnection.php(666): CodeIgniter\Database\BaseConnection->simpleQuery('SELECT *\nFROM `...')
#3 E:\Projets\marketplace\system\Database\BaseBuilder.php(1845): CodeIgniter\Database\BaseConnection->query('SELECT *\nFROM `...', Array, false)
#4 E:\Projets\marketplace\system\Model.php(387): CodeIgniter\Database\BaseBuilder->get()
#5 E:\Projets\marketplace\app\Models\Productmodel.php(55): CodeIgniter\Model->find()
#6 E:\Projets\marketplace\app\Models\Productmodel.php(73): App\Models\Productmodel->getSelectedProduct(NULL, 10)
#7 E:\Projets\marketplace\app\Controllers\Produit.php(62): App\Models\Productmodel->getProductByCategory(NULL, '10')
#8 E:\Projets\marketplace\app\Controllers\Addons.php(38): App\Controllers\Produit->getProductByCategory(NULL, '10')
#9 E:\Projets\marketplace\system\CodeIgniter.php(914): App\Controllers\Addons::getResultat('getProductByCat...', NULL, '10', 'allproductshome')
#10 E:\Projets\marketplace\system\CodeIgniter.php(400): CodeIgniter\CodeIgniter->runController(Object(App\Controllers\Addons))
#11 E:\Projets\marketplace\system\CodeIgniter.php(308): CodeIgniter\CodeIgniter->handleRequest(NULL, Object(Config\Cache), false)
#12 E:\Projets\marketplace\public\index.php(45): CodeIgniter\CodeIgniter->run()
#13 E:\Projets\marketplace\system\Commands\Server\rewrite.php(34): require_once('E:\\Projets\\mark...')
#14 {main}
CRITICAL - 2022-09-03 08:08:31 --> Not unique table/alias: 'souscategorie'
#0 E:\Projets\marketplace\system\Database\MySQLi\Connection.php(331): mysqli->query('SELECT *\nFROM `...')
#1 E:\Projets\marketplace\system\Database\BaseConnection.php(738): CodeIgniter\Database\MySQLi\Connection->execute('SELECT *\nFROM `...')
#2 E:\Projets\marketplace\system\Database\BaseConnection.php(666): CodeIgniter\Database\BaseConnection->simpleQuery('SELECT *\nFROM `...')
#3 E:\Projets\marketplace\system\Database\BaseBuilder.php(1845): CodeIgniter\Database\BaseConnection->query('SELECT *\nFROM `...', Array, false)
#4 E:\Projets\marketplace\system\Model.php(387): CodeIgniter\Database\BaseBuilder->get()
#5 E:\Projets\marketplace\app\Models\Productmodel.php(55): CodeIgniter\Model->find()
#6 E:\Projets\marketplace\app\Models\Productmodel.php(73): App\Models\Productmodel->getSelectedProduct(NULL, 10)
#7 E:\Projets\marketplace\app\Controllers\Produit.php(62): App\Models\Productmodel->getProductByCategory(NULL, '10')
#8 E:\Projets\marketplace\app\Controllers\Addons.php(38): App\Controllers\Produit->getProductByCategory(NULL, '10')
#9 E:\Projets\marketplace\system\CodeIgniter.php(914): App\Controllers\Addons::getResultat('getProductByCat...', NULL, '10', 'storebackoffice...')
#10 E:\Projets\marketplace\system\CodeIgniter.php(400): CodeIgniter\CodeIgniter->runController(Object(App\Controllers\Addons))
#11 E:\Projets\marketplace\system\CodeIgniter.php(308): CodeIgniter\CodeIgniter->handleRequest(NULL, Object(Config\Cache), false)
#12 E:\Projets\marketplace\public\index.php(45): CodeIgniter\CodeIgniter->run()
#13 E:\Projets\marketplace\system\Commands\Server\rewrite.php(34): require_once('E:\\Projets\\mark...')
#14 {main}
CRITICAL - 2022-09-03 08:09:22 --> Not unique table/alias: 'souscategorie'
#0 E:\Projets\marketplace\system\Database\MySQLi\Connection.php(331): mysqli->query('SELECT *\nFROM `...')
#1 E:\Projets\marketplace\system\Database\BaseConnection.php(738): CodeIgniter\Database\MySQLi\Connection->execute('SELECT *\nFROM `...')
#2 E:\Projets\marketplace\system\Database\BaseConnection.php(666): CodeIgniter\Database\BaseConnection->simpleQuery('SELECT *\nFROM `...')
#3 E:\Projets\marketplace\system\Database\BaseBuilder.php(1845): CodeIgniter\Database\BaseConnection->query('SELECT *\nFROM `...', Array, false)
#4 E:\Projets\marketplace\system\Model.php(387): CodeIgniter\Database\BaseBuilder->get()
#5 E:\Projets\marketplace\app\Models\Productmodel.php(55): CodeIgniter\Model->find()
#6 E:\Projets\marketplace\app\Models\Productmodel.php(73): App\Models\Productmodel->getSelectedProduct(NULL, '10')
#7 E:\Projets\marketplace\app\Controllers\Produit.php(62): App\Models\Productmodel->getProductByCategory(NULL, '10')
#8 E:\Projets\marketplace\app\Controllers\Addons.php(38): App\Controllers\Produit->getProductByCategory(NULL, '10')
#9 E:\Projets\marketplace\system\CodeIgniter.php(914): App\Controllers\Addons::getResultat('getProductByCat...', NULL, '10', 'storebackoffice...')
#10 E:\Projets\marketplace\system\CodeIgniter.php(400): CodeIgniter\CodeIgniter->runController(Object(App\Controllers\Addons))
#11 E:\Projets\marketplace\system\CodeIgniter.php(308): CodeIgniter\CodeIgniter->handleRequest(NULL, Object(Config\Cache), false)
#12 E:\Projets\marketplace\public\index.php(45): CodeIgniter\CodeIgniter->run()
#13 E:\Projets\marketplace\system\Commands\Server\rewrite.php(34): require_once('E:\\Projets\\mark...')
#14 {main}
CRITICAL - 2022-09-03 08:09:22 --> Not unique table/alias: 'souscategorie'
#0 E:\Projets\marketplace\system\Database\MySQLi\Connection.php(331): mysqli->query('SELECT *\nFROM `...')
#1 E:\Projets\marketplace\system\Database\BaseConnection.php(738): CodeIgniter\Database\MySQLi\Connection->execute('SELECT *\nFROM `...')
#2 E:\Projets\marketplace\system\Database\BaseConnection.php(666): CodeIgniter\Database\BaseConnection->simpleQuery('SELECT *\nFROM `...')
#3 E:\Projets\marketplace\system\Database\BaseBuilder.php(1845): CodeIgniter\Database\BaseConnection->query('SELECT *\nFROM `...', Array, false)
#4 E:\Projets\marketplace\system\Model.php(387): CodeIgniter\Database\BaseBuilder->get()
#5 E:\Projets\marketplace\app\Models\Productmodel.php(55): CodeIgniter\Model->find()
#6 E:\Projets\marketplace\app\Models\Productmodel.php(73): App\Models\Productmodel->getSelectedProduct(NULL, '10')
#7 E:\Projets\marketplace\app\Controllers\Produit.php(62): App\Models\Productmodel->getProductByCategory(NULL, '10')
#8 E:\Projets\marketplace\app\Controllers\Addons.php(38): App\Controllers\Produit->getProductByCategory(NULL, '10')
#9 E:\Projets\marketplace\system\CodeIgniter.php(914): App\Controllers\Addons::getResultat('getProductByCat...', NULL, '10', 'allproductshome')
#10 E:\Projets\marketplace\system\CodeIgniter.php(400): CodeIgniter\CodeIgniter->runController(Object(App\Controllers\Addons))
#11 E:\Projets\marketplace\system\CodeIgniter.php(308): CodeIgniter\CodeIgniter->handleRequest(NULL, Object(Config\Cache), false)
#12 E:\Projets\marketplace\public\index.php(45): CodeIgniter\CodeIgniter->run()
#13 E:\Projets\marketplace\system\Commands\Server\rewrite.php(34): require_once('E:\\Projets\\mark...')
#14 {main}
CRITICAL - 2022-09-03 11:11:57 --> Aucune connexion n’a pu être établie car l’ordinateur cible l’a expressément refusée.

#0 E:\Projets\marketplace\system\Database\BaseConnection.php(377): CodeIgniter\Database\MySQLi\Connection->connect(false)
#1 E:\Projets\marketplace\system\Database\BaseConnection.php(643): CodeIgniter\Database\BaseConnection->initialize()
#2 E:\Projets\marketplace\system\Database\BaseBuilder.php(1845): CodeIgniter\Database\BaseConnection->query('SELECT *\nFROM `...', Array, false)
#3 E:\Projets\marketplace\system\Model.php(445): CodeIgniter\Database\BaseBuilder->get()
#4 E:\Projets\marketplace\app\Models\CategoriesrayonModel.php(11): CodeIgniter\Model->findAll()
#5 E:\Projets\marketplace\app\Controllers\Accueil.php(14): App\Models\CategoriesrayonModel->getRayon()
#6 E:\Projets\marketplace\system\CodeIgniter.php(914): App\Controllers\Accueil->accueil()
#7 E:\Projets\marketplace\system\CodeIgniter.php(400): CodeIgniter\CodeIgniter->runController(Object(App\Controllers\Accueil))
#8 E:\Projets\marketplace\system\CodeIgniter.php(308): CodeIgniter\CodeIgniter->handleRequest(NULL, Object(Config\Cache), false)
#9 E:\Projets\marketplace\public\index.php(45): CodeIgniter\CodeIgniter->run()
#10 E:\Projets\marketplace\system\Commands\Server\rewrite.php(34): require_once('E:\\Projets\\mark...')
#11 {main}
CRITICAL - 2022-09-03 12:40:03 --> Not unique table/alias: 'rayon'
#0 E:\Projets\marketplace\system\Database\MySQLi\Connection.php(331): mysqli->query('SELECT *\nFROM `...')
#1 E:\Projets\marketplace\system\Database\BaseConnection.php(738): CodeIgniter\Database\MySQLi\Connection->execute('SELECT *\nFROM `...')
#2 E:\Projets\marketplace\system\Database\BaseConnection.php(666): CodeIgniter\Database\BaseConnection->simpleQuery('SELECT *\nFROM `...')
#3 E:\Projets\marketplace\system\Database\BaseBuilder.php(1845): CodeIgniter\Database\BaseConnection->query('SELECT *\nFROM `...', Array, false)
#4 E:\Projets\marketplace\system\Model.php(387): CodeIgniter\Database\BaseBuilder->get()
#5 E:\Projets\marketplace\app\Models\Productmodel.php(55): CodeIgniter\Model->find()
#6 E:\Projets\marketplace\app\Models\Productmodel.php(72): App\Models\Productmodel->getSelectedProduct(NULL, '10')
#7 E:\Projets\marketplace\app\Controllers\Produit.php(62): App\Models\Productmodel->getProductByCategory(NULL, '10')
#8 E:\Projets\marketplace\app\Controllers\Addons.php(38): App\Controllers\Produit->getProductByCategory(NULL, '10')
#9 E:\Projets\marketplace\system\CodeIgniter.php(914): App\Controllers\Addons::getResultat('getProductByCat...', NULL, '10', 'allproductshome')
#10 E:\Projets\marketplace\system\CodeIgniter.php(400): CodeIgniter\CodeIgniter->runController(Object(App\Controllers\Addons))
#11 E:\Projets\marketplace\system\CodeIgniter.php(308): CodeIgniter\CodeIgniter->handleRequest(NULL, Object(Config\Cache), false)
#12 E:\Projets\marketplace\public\index.php(45): CodeIgniter\CodeIgniter->run()
#13 E:\Projets\marketplace\system\Commands\Server\rewrite.php(34): require_once('E:\\Projets\\mark...')
#14 {main}
CRITICAL - 2022-09-03 12:44:39 --> Not unique table/alias: 'rayon'
#0 E:\Projets\marketplace\system\Database\MySQLi\Connection.php(331): mysqli->query('SELECT *\nFROM `...')
#1 E:\Projets\marketplace\system\Database\BaseConnection.php(738): CodeIgniter\Database\MySQLi\Connection->execute('SELECT *\nFROM `...')
#2 E:\Projets\marketplace\system\Database\BaseConnection.php(666): CodeIgniter\Database\BaseConnection->simpleQuery('SELECT *\nFROM `...')
#3 E:\Projets\marketplace\system\Database\BaseBuilder.php(1845): CodeIgniter\Database\BaseConnection->query('SELECT *\nFROM `...', Array, false)
#4 E:\Projets\marketplace\system\Model.php(387): CodeIgniter\Database\BaseBuilder->get()
#5 E:\Projets\marketplace\app\Models\Productmodel.php(55): CodeIgniter\Model->find()
#6 E:\Projets\marketplace\app\Models\Productmodel.php(72): App\Models\Productmodel->getSelectedProduct(NULL, '10')
#7 E:\Projets\marketplace\app\Controllers\Produit.php(62): App\Models\Productmodel->getProductByCategory(NULL, '10')
#8 E:\Projets\marketplace\app\Controllers\Addons.php(38): App\Controllers\Produit->getProductByCategory(NULL, '10')
#9 E:\Projets\marketplace\system\CodeIgniter.php(914): App\Controllers\Addons::getResultat('getProductByCat...', NULL, '10', 'allproductshome')
#10 E:\Projets\marketplace\system\CodeIgniter.php(400): CodeIgniter\CodeIgniter->runController(Object(App\Controllers\Addons))
#11 E:\Projets\marketplace\system\CodeIgniter.php(308): CodeIgniter\CodeIgniter->handleRequest(NULL, Object(Config\Cache), false)
#12 E:\Projets\marketplace\public\index.php(45): CodeIgniter\CodeIgniter->run()
#13 E:\Projets\marketplace\system\Commands\Server\rewrite.php(34): require_once('E:\\Projets\\mark...')
#14 {main}
CRITICAL - 2022-09-03 12:44:39 --> Not unique table/alias: 'rayon'
#0 E:\Projets\marketplace\system\Database\MySQLi\Connection.php(331): mysqli->query('SELECT *\nFROM `...')
#1 E:\Projets\marketplace\system\Database\BaseConnection.php(738): CodeIgniter\Database\MySQLi\Connection->execute('SELECT *\nFROM `...')
#2 E:\Projets\marketplace\system\Database\BaseConnection.php(666): CodeIgniter\Database\BaseConnection->simpleQuery('SELECT *\nFROM `...')
#3 E:\Projets\marketplace\system\Database\BaseBuilder.php(1845): CodeIgniter\Database\BaseConnection->query('SELECT *\nFROM `...', Array, false)
#4 E:\Projets\marketplace\system\Model.php(387): CodeIgniter\Database\BaseBuilder->get()
#5 E:\Projets\marketplace\app\Models\Productmodel.php(55): CodeIgniter\Model->find()
#6 E:\Projets\marketplace\app\Models\Productmodel.php(72): App\Models\Productmodel->getSelectedProduct(NULL, '10')
#7 E:\Projets\marketplace\app\Controllers\Produit.php(62): App\Models\Productmodel->getProductByCategory(NULL, '10')
#8 E:\Projets\marketplace\app\Controllers\Addons.php(38): App\Controllers\Produit->getProductByCategory(NULL, '10')
#9 E:\Projets\marketplace\system\CodeIgniter.php(914): App\Controllers\Addons::getResultat('getProductByCat...', NULL, '10', 'storebackoffice...')
#10 E:\Projets\marketplace\system\CodeIgniter.php(400): CodeIgniter\CodeIgniter->runController(Object(App\Controllers\Addons))
#11 E:\Projets\marketplace\system\CodeIgniter.php(308): CodeIgniter\CodeIgniter->handleRequest(NULL, Object(Config\Cache), false)
#12 E:\Projets\marketplace\public\index.php(45): CodeIgniter\CodeIgniter->run()
#13 E:\Projets\marketplace\system\Commands\Server\rewrite.php(34): require_once('E:\\Projets\\mark...')
#14 {main}
CRITICAL - 2022-09-03 12:45:11 --> Not unique table/alias: 'rayon'
#0 E:\Projets\marketplace\system\Database\MySQLi\Connection.php(331): mysqli->query('SELECT *\nFROM `...')
#1 E:\Projets\marketplace\system\Database\BaseConnection.php(738): CodeIgniter\Database\MySQLi\Connection->execute('SELECT *\nFROM `...')
#2 E:\Projets\marketplace\system\Database\BaseConnection.php(666): CodeIgniter\Database\BaseConnection->simpleQuery('SELECT *\nFROM `...')
#3 E:\Projets\marketplace\system\Database\BaseBuilder.php(1845): CodeIgniter\Database\BaseConnection->query('SELECT *\nFROM `...', Array, false)
#4 E:\Projets\marketplace\system\Model.php(387): CodeIgniter\Database\BaseBuilder->get()
#5 E:\Projets\marketplace\app\Models\Productmodel.php(55): CodeIgniter\Model->find()
#6 E:\Projets\marketplace\app\Models\Productmodel.php(72): App\Models\Productmodel->getSelectedProduct(NULL, '10')
#7 E:\Projets\marketplace\app\Controllers\Produit.php(62): App\Models\Productmodel->getProductByCategory(NULL, '10')
#8 E:\Projets\marketplace\app\Controllers\Addons.php(38): App\Controllers\Produit->getProductByCategory(NULL, '10')
#9 E:\Projets\marketplace\system\CodeIgniter.php(914): App\Controllers\Addons::getResultat('getProductByCat...', NULL, '10', 'allproductshome')
#10 E:\Projets\marketplace\system\CodeIgniter.php(400): CodeIgniter\CodeIgniter->runController(Object(App\Controllers\Addons))
#11 E:\Projets\marketplace\system\CodeIgniter.php(308): CodeIgniter\CodeIgniter->handleRequest(NULL, Object(Config\Cache), false)
#12 E:\Projets\marketplace\public\index.php(45): CodeIgniter\CodeIgniter->run()
#13 E:\Projets\marketplace\system\Commands\Server\rewrite.php(34): require_once('E:\\Projets\\mark...')
#14 {main}
CRITICAL - 2022-09-03 12:45:11 --> Not unique table/alias: 'rayon'
#0 E:\Projets\marketplace\system\Database\MySQLi\Connection.php(331): mysqli->query('SELECT *\nFROM `...')
#1 E:\Projets\marketplace\system\Database\BaseConnection.php(738): CodeIgniter\Database\MySQLi\Connection->execute('SELECT *\nFROM `...')
#2 E:\Projets\marketplace\system\Database\BaseConnection.php(666): CodeIgniter\Database\BaseConnection->simpleQuery('SELECT *\nFROM `...')
#3 E:\Projets\marketplace\system\Database\BaseBuilder.php(1845): CodeIgniter\Database\BaseConnection->query('SELECT *\nFROM `...', Array, false)
#4 E:\Projets\marketplace\system\Model.php(387): CodeIgniter\Database\BaseBuilder->get()
#5 E:\Projets\marketplace\app\Models\Productmodel.php(55): CodeIgniter\Model->find()
#6 E:\Projets\marketplace\app\Models\Productmodel.php(72): App\Models\Productmodel->getSelectedProduct(NULL, '10')
#7 E:\Projets\marketplace\app\Controllers\Produit.php(62): App\Models\Productmodel->getProductByCategory(NULL, '10')
#8 E:\Projets\marketplace\app\Controllers\Addons.php(38): App\Controllers\Produit->getProductByCategory(NULL, '10')
#9 E:\Projets\marketplace\system\CodeIgniter.php(914): App\Controllers\Addons::getResultat('getProductByCat...', NULL, '10', 'storebackoffice...')
#10 E:\Projets\marketplace\system\CodeIgniter.php(400): CodeIgniter\CodeIgniter->runController(Object(App\Controllers\Addons))
#11 E:\Projets\marketplace\system\CodeIgniter.php(308): CodeIgniter\CodeIgniter->handleRequest(NULL, Object(Config\Cache), false)
#12 E:\Projets\marketplace\public\index.php(45): CodeIgniter\CodeIgniter->run()
#13 E:\Projets\marketplace\system\Commands\Server\rewrite.php(34): require_once('E:\\Projets\\mark...')
#14 {main}
CRITICAL - 2022-09-03 12:45:43 --> Not unique table/alias: 'rayon'
#0 E:\Projets\marketplace\system\Database\MySQLi\Connection.php(331): mysqli->query('SELECT *\nFROM `...')
#1 E:\Projets\marketplace\system\Database\BaseConnection.php(738): CodeIgniter\Database\MySQLi\Connection->execute('SELECT *\nFROM `...')
#2 E:\Projets\marketplace\system\Database\BaseConnection.php(666): CodeIgniter\Database\BaseConnection->simpleQuery('SELECT *\nFROM `...')
#3 E:\Projets\marketplace\system\Database\BaseBuilder.php(1845): CodeIgniter\Database\BaseConnection->query('SELECT *\nFROM `...', Array, false)
#4 E:\Projets\marketplace\system\Model.php(387): CodeIgniter\Database\BaseBuilder->get()
#5 E:\Projets\marketplace\app\Models\Productmodel.php(55): CodeIgniter\Model->find()
#6 E:\Projets\marketplace\app\Models\Productmodel.php(72): App\Models\Productmodel->getSelectedProduct(NULL, '10')
#7 E:\Projets\marketplace\app\Controllers\Produit.php(62): App\Models\Productmodel->getProductByCategory(NULL, '10')
#8 E:\Projets\marketplace\app\Controllers\Addons.php(38): App\Controllers\Produit->getProductByCategory(NULL, '10')
#9 E:\Projets\marketplace\system\CodeIgniter.php(914): App\Controllers\Addons::getResultat('getProductByCat...', NULL, '10', 'allproductshome')
#10 E:\Projets\marketplace\system\CodeIgniter.php(400): CodeIgniter\CodeIgniter->runController(Object(App\Controllers\Addons))
#11 E:\Projets\marketplace\system\CodeIgniter.php(308): CodeIgniter\CodeIgniter->handleRequest(NULL, Object(Config\Cache), false)
#12 E:\Projets\marketplace\public\index.php(45): CodeIgniter\CodeIgniter->run()
#13 E:\Projets\marketplace\system\Commands\Server\rewrite.php(34): require_once('E:\\Projets\\mark...')
#14 {main}
CRITICAL - 2022-09-03 12:45:43 --> Not unique table/alias: 'rayon'
#0 E:\Projets\marketplace\system\Database\MySQLi\Connection.php(331): mysqli->query('SELECT *\nFROM `...')
#1 E:\Projets\marketplace\system\Database\BaseConnection.php(738): CodeIgniter\Database\MySQLi\Connection->execute('SELECT *\nFROM `...')
#2 E:\Projets\marketplace\system\Database\BaseConnection.php(666): CodeIgniter\Database\BaseConnection->simpleQuery('SELECT *\nFROM `...')
#3 E:\Projets\marketplace\system\Database\BaseBuilder.php(1845): CodeIgniter\Database\BaseConnection->query('SELECT *\nFROM `...', Array, false)
#4 E:\Projets\marketplace\system\Model.php(387): CodeIgniter\Database\BaseBuilder->get()
#5 E:\Projets\marketplace\app\Models\Productmodel.php(55): CodeIgniter\Model->find()
#6 E:\Projets\marketplace\app\Models\Productmodel.php(72): App\Models\Productmodel->getSelectedProduct(NULL, '10')
#7 E:\Projets\marketplace\app\Controllers\Produit.php(62): App\Models\Productmodel->getProductByCategory(NULL, '10')
#8 E:\Projets\marketplace\app\Controllers\Addons.php(38): App\Controllers\Produit->getProductByCategory(NULL, '10')
#9 E:\Projets\marketplace\system\CodeIgniter.php(914): App\Controllers\Addons::getResultat('getProductByCat...', NULL, '10', 'storebackoffice...')
#10 E:\Projets\marketplace\system\CodeIgniter.php(400): CodeIgniter\CodeIgniter->runController(Object(App\Controllers\Addons))
#11 E:\Projets\marketplace\system\CodeIgniter.php(308): CodeIgniter\CodeIgniter->handleRequest(NULL, Object(Config\Cache), false)
#12 E:\Projets\marketplace\public\index.php(45): CodeIgniter\CodeIgniter->run()
#13 E:\Projets\marketplace\system\Commands\Server\rewrite.php(34): require_once('E:\\Projets\\mark...')
#14 {main}
CRITICAL - 2022-09-03 12:46:44 --> Undefined index: id
#0 E:\Projets\marketplace\app\Views\addons\productcategories.php(4): CodeIgniter\Debug\Exceptions->errorHandler(8, 'Undefined index...', 'E:\\Projets\\mark...', 4, Array)
#1 E:\Projets\marketplace\system\View\View.php(246): include('E:\\Projets\\mark...')
#2 E:\Projets\marketplace\system\Common.php(1087): CodeIgniter\View\View->render('addons/productc...', Array, true)
#3 E:\Projets\marketplace\app\Controllers\Assets.php(66): view('addons/productc...', Array)
#4 E:\Projets\marketplace\app\Controllers\Addons.php(16): App\Controllers\Assets::productcategories(Array)
#5 E:\Projets\marketplace\system\CodeIgniter.php(914): App\Controllers\Addons->changerayon('2')
#6 E:\Projets\marketplace\system\CodeIgniter.php(400): CodeIgniter\CodeIgniter->runController(Object(App\Controllers\Addons))
#7 E:\Projets\marketplace\system\CodeIgniter.php(308): CodeIgniter\CodeIgniter->handleRequest(NULL, Object(Config\Cache), false)
#8 E:\Projets\marketplace\public\index.php(45): CodeIgniter\CodeIgniter->run()
#9 E:\Projets\marketplace\system\Commands\Server\rewrite.php(34): require_once('E:\\Projets\\mark...')
#10 {main}
CRITICAL - 2022-09-03 12:46:49 --> Undefined index: id
#0 E:\Projets\marketplace\app\Views\addons\productcategories.php(4): CodeIgniter\Debug\Exceptions->errorHandler(8, 'Undefined index...', 'E:\\Projets\\mark...', 4, Array)
#1 E:\Projets\marketplace\system\View\View.php(246): include('E:\\Projets\\mark...')
#2 E:\Projets\marketplace\system\Common.php(1087): CodeIgniter\View\View->render('addons/productc...', Array, true)
#3 E:\Projets\marketplace\app\Controllers\Assets.php(66): view('addons/productc...', Array)
#4 E:\Projets\marketplace\app\Controllers\Addons.php(16): App\Controllers\Assets::productcategories(Array)
#5 E:\Projets\marketplace\system\CodeIgniter.php(914): App\Controllers\Addons->changerayon('4')
#6 E:\Projets\marketplace\system\CodeIgniter.php(400): CodeIgniter\CodeIgniter->runController(Object(App\Controllers\Addons))
#7 E:\Projets\marketplace\system\CodeIgniter.php(308): CodeIgniter\CodeIgniter->handleRequest(NULL, Object(Config\Cache), false)
#8 E:\Projets\marketplace\public\index.php(45): CodeIgniter\CodeIgniter->run()
#9 E:\Projets\marketplace\system\Commands\Server\rewrite.php(34): require_once('E:\\Projets\\mark...')
#10 {main}
CRITICAL - 2022-09-03 12:48:08 --> Undefined index: rayon
#0 E:\Projets\marketplace\app\Views\addons\productcategories.php(4): CodeIgniter\Debug\Exceptions->errorHandler(8, 'Undefined index...', 'E:\\Projets\\mark...', 4, Array)
#1 E:\Projets\marketplace\system\View\View.php(246): include('E:\\Projets\\mark...')
#2 E:\Projets\marketplace\system\Common.php(1087): CodeIgniter\View\View->render('addons/productc...', Array, true)
#3 E:\Projets\marketplace\app\Controllers\Assets.php(66): view('addons/productc...', Array)
#4 E:\Projets\marketplace\app\Controllers\Addons.php(16): App\Controllers\Assets::productcategories(Array)
#5 E:\Projets\marketplace\system\CodeIgniter.php(914): App\Controllers\Addons->changerayon('2')
#6 E:\Projets\marketplace\system\CodeIgniter.php(400): CodeIgniter\CodeIgniter->runController(Object(App\Controllers\Addons))
#7 E:\Projets\marketplace\system\CodeIgniter.php(308): CodeIgniter\CodeIgniter->handleRequest(NULL, Object(Config\Cache), false)
#8 E:\Projets\marketplace\public\index.php(45): CodeIgniter\CodeIgniter->run()
#9 E:\Projets\marketplace\system\Commands\Server\rewrite.php(34): require_once('E:\\Projets\\mark...')
#10 {main}
CRITICAL - 2022-09-03 12:48:34 --> Undefined index: rayon
#0 E:\Projets\marketplace\app\Views\addons\productcategories.php(4): CodeIgniter\Debug\Exceptions->errorHandler(8, 'Undefined index...', 'E:\\Projets\\mark...', 4, Array)
#1 E:\Projets\marketplace\system\View\View.php(246): include('E:\\Projets\\mark...')
#2 E:\Projets\marketplace\system\Common.php(1087): CodeIgniter\View\View->render('addons/productc...', Array, true)
#3 E:\Projets\marketplace\app\Controllers\Assets.php(66): view('addons/productc...', Array)
#4 E:\Projets\marketplace\app\Controllers\Addons.php(16): App\Controllers\Assets::productcategories(Array)
#5 E:\Projets\marketplace\system\CodeIgniter.php(914): App\Controllers\Addons->changerayon('3')
#6 E:\Projets\marketplace\system\CodeIgniter.php(400): CodeIgniter\CodeIgniter->runController(Object(App\Controllers\Addons))
#7 E:\Projets\marketplace\system\CodeIgniter.php(308): CodeIgniter\CodeIgniter->handleRequest(NULL, Object(Config\Cache), false)
#8 E:\Projets\marketplace\public\index.php(45): CodeIgniter\CodeIgniter->run()
#9 E:\Projets\marketplace\system\Commands\Server\rewrite.php(34): require_once('E:\\Projets\\mark...')
#10 {main}
CRITICAL - 2022-09-03 12:50:33 --> Undefined variable: categorie
#0 E:\Projets\marketplace\app\Views\addons\productcategories.php(4): CodeIgniter\Debug\Exceptions->errorHandler(8, 'Undefined varia...', 'E:\\Projets\\mark...', 4, Array)
#1 E:\Projets\marketplace\system\View\View.php(246): include('E:\\Projets\\mark...')
#2 E:\Projets\marketplace\system\Common.php(1087): CodeIgniter\View\View->render('addons/productc...', Array, true)
#3 E:\Projets\marketplace\app\Controllers\Assets.php(66): view('addons/productc...', Array)
#4 E:\Projets\marketplace\app\Controllers\Addons.php(16): App\Controllers\Assets::productcategories(Array)
#5 E:\Projets\marketplace\system\CodeIgniter.php(914): App\Controllers\Addons->changerayon('2')
#6 E:\Projets\marketplace\system\CodeIgniter.php(400): CodeIgniter\CodeIgniter->runController(Object(App\Controllers\Addons))
#7 E:\Projets\marketplace\system\CodeIgniter.php(308): CodeIgniter\CodeIgniter->handleRequest(NULL, Object(Config\Cache), false)
#8 E:\Projets\marketplace\public\index.php(45): CodeIgniter\CodeIgniter->run()
#9 E:\Projets\marketplace\system\Commands\Server\rewrite.php(34): require_once('E:\\Projets\\mark...')
#10 {main}
CRITICAL - 2022-09-03 12:50:59 --> Undefined variable: categorie
#0 E:\Projets\marketplace\app\Views\addons\productcategories.php(4): CodeIgniter\Debug\Exceptions->errorHandler(8, 'Undefined varia...', 'E:\\Projets\\mark...', 4, Array)
#1 E:\Projets\marketplace\system\View\View.php(246): include('E:\\Projets\\mark...')
#2 E:\Projets\marketplace\system\Common.php(1087): CodeIgniter\View\View->render('addons/productc...', Array, true)
#3 E:\Projets\marketplace\app\Controllers\Assets.php(66): view('addons/productc...', Array)
#4 E:\Projets\marketplace\app\Controllers\Addons.php(16): App\Controllers\Assets::productcategories(Array)
#5 E:\Projets\marketplace\system\CodeIgniter.php(914): App\Controllers\Addons->changerayon('2')
#6 E:\Projets\marketplace\system\CodeIgniter.php(400): CodeIgniter\CodeIgniter->runController(Object(App\Controllers\Addons))
#7 E:\Projets\marketplace\system\CodeIgniter.php(308): CodeIgniter\CodeIgniter->handleRequest(NULL, Object(Config\Cache), false)
#8 E:\Projets\marketplace\public\index.php(45): CodeIgniter\CodeIgniter->run()
#9 E:\Projets\marketplace\system\Commands\Server\rewrite.php(34): require_once('E:\\Projets\\mark...')
#10 {main}
CRITICAL - 2022-09-03 12:51:36 --> Undefined variable: products
#0 E:\Projets\marketplace\app\Views\addons\productcategories.php(4): CodeIgniter\Debug\Exceptions->errorHandler(8, 'Undefined varia...', 'E:\\Projets\\mark...', 4, Array)
#1 E:\Projets\marketplace\system\View\View.php(246): include('E:\\Projets\\mark...')
#2 E:\Projets\marketplace\system\Common.php(1087): CodeIgniter\View\View->render('addons/productc...', Array, true)
#3 E:\Projets\marketplace\app\Controllers\Assets.php(66): view('addons/productc...', Array)
#4 E:\Projets\marketplace\app\Controllers\Addons.php(16): App\Controllers\Assets::productcategories(Array)
#5 E:\Projets\marketplace\system\CodeIgniter.php(914): App\Controllers\Addons->changerayon('2')
#6 E:\Projets\marketplace\system\CodeIgniter.php(400): CodeIgniter\CodeIgniter->runController(Object(App\Controllers\Addons))
#7 E:\Projets\marketplace\system\CodeIgniter.php(308): CodeIgniter\CodeIgniter->handleRequest(NULL, Object(Config\Cache), false)
#8 E:\Projets\marketplace\public\index.php(45): CodeIgniter\CodeIgniter->run()
#9 E:\Projets\marketplace\system\Commands\Server\rewrite.php(34): require_once('E:\\Projets\\mark...')
#10 {main}
CRITICAL - 2022-09-03 12:52:20 --> Undefined variable: products
#0 E:\Projets\marketplace\app\Views\addons\productcategories.php(4): CodeIgniter\Debug\Exceptions->errorHandler(8, 'Undefined varia...', 'E:\\Projets\\mark...', 4, Array)
#1 E:\Projets\marketplace\system\View\View.php(246): include('E:\\Projets\\mark...')
#2 E:\Projets\marketplace\system\Common.php(1087): CodeIgniter\View\View->render('addons/productc...', Array, true)
#3 E:\Projets\marketplace\app\Controllers\Assets.php(66): view('addons/productc...', Array)
#4 E:\Projets\marketplace\app\Controllers\Addons.php(16): App\Controllers\Assets::productcategories(Array)
#5 E:\Projets\marketplace\system\CodeIgniter.php(914): App\Controllers\Addons->changerayon('2')
#6 E:\Projets\marketplace\system\CodeIgniter.php(400): CodeIgniter\CodeIgniter->runController(Object(App\Controllers\Addons))
#7 E:\Projets\marketplace\system\CodeIgniter.php(308): CodeIgniter\CodeIgniter->handleRequest(NULL, Object(Config\Cache), false)
#8 E:\Projets\marketplace\public\index.php(45): CodeIgniter\CodeIgniter->run()
#9 E:\Projets\marketplace\system\Commands\Server\rewrite.php(34): require_once('E:\\Projets\\mark...')
#10 {main}
CRITICAL - 2022-09-03 12:52:44 --> Too few arguments to function App\Controllers\Addons::changecategorie(), 0 passed in E:\Projets\marketplace\system\CodeIgniter.php on line 914 and exactly 1 expected
#0 E:\Projets\marketplace\system\CodeIgniter.php(914): App\Controllers\Addons->changecategorie()
#1 E:\Projets\marketplace\system\CodeIgniter.php(400): CodeIgniter\CodeIgniter->runController(Object(App\Controllers\Addons))
#2 E:\Projets\marketplace\system\CodeIgniter.php(308): CodeIgniter\CodeIgniter->handleRequest(NULL, Object(Config\Cache), false)
#3 E:\Projets\marketplace\public\index.php(45): CodeIgniter\CodeIgniter->run()
#4 E:\Projets\marketplace\system\Commands\Server\rewrite.php(34): require_once('E:\\Projets\\mark...')
#5 {main}
CRITICAL - 2022-09-03 12:52:44 --> Too few arguments to function App\Controllers\Addons::getResultat(), 3 passed in E:\Projets\marketplace\system\CodeIgniter.php on line 914 and exactly 4 expected
#0 E:\Projets\marketplace\system\CodeIgniter.php(914): App\Controllers\Addons::getResultat('getProductByCat...', '10', 'allproductshome')
#1 E:\Projets\marketplace\system\CodeIgniter.php(400): CodeIgniter\CodeIgniter->runController(Object(App\Controllers\Addons))
#2 E:\Projets\marketplace\system\CodeIgniter.php(308): CodeIgniter\CodeIgniter->handleRequest(NULL, Object(Config\Cache), false)
#3 E:\Projets\marketplace\public\index.php(45): CodeIgniter\CodeIgniter->run()
#4 E:\Projets\marketplace\system\Commands\Server\rewrite.php(34): require_once('E:\\Projets\\mark...')
#5 {main}
CRITICAL - 2022-09-03 12:52:44 --> Too few arguments to function App\Controllers\Addons::getResultat(), 3 passed in E:\Projets\marketplace\system\CodeIgniter.php on line 914 and exactly 4 expected
#0 E:\Projets\marketplace\system\CodeIgniter.php(914): App\Controllers\Addons::getResultat('getProductByCat...', '10', 'storebackoffice...')
#1 E:\Projets\marketplace\system\CodeIgniter.php(400): CodeIgniter\CodeIgniter->runController(Object(App\Controllers\Addons))
#2 E:\Projets\marketplace\system\CodeIgniter.php(308): CodeIgniter\CodeIgniter->handleRequest(NULL, Object(Config\Cache), false)
#3 E:\Projets\marketplace\public\index.php(45): CodeIgniter\CodeIgniter->run()
#4 E:\Projets\marketplace\system\Commands\Server\rewrite.php(34): require_once('E:\\Projets\\mark...')
#5 {main}
CRITICAL - 2022-09-03 12:56:23 --> Undefined variable: products
#0 E:\Projets\marketplace\app\Views\addons\productcategories.php(4): CodeIgniter\Debug\Exceptions->errorHandler(8, 'Undefined varia...', 'E:\\Projets\\mark...', 4, Array)
#1 E:\Projets\marketplace\system\View\View.php(246): include('E:\\Projets\\mark...')
#2 E:\Projets\marketplace\system\Common.php(1087): CodeIgniter\View\View->render('addons/productc...', Array, true)
#3 E:\Projets\marketplace\app\Controllers\Assets.php(66): view('addons/productc...', Array)
#4 E:\Projets\marketplace\app\Controllers\Addons.php(16): App\Controllers\Assets::productcategories(Array)
#5 E:\Projets\marketplace\system\CodeIgniter.php(914): App\Controllers\Addons->changerayon('2')
#6 E:\Projets\marketplace\system\CodeIgniter.php(400): CodeIgniter\CodeIgniter->runController(Object(App\Controllers\Addons))
#7 E:\Projets\marketplace\system\CodeIgniter.php(308): CodeIgniter\CodeIgniter->handleRequest(NULL, Object(Config\Cache), false)
#8 E:\Projets\marketplace\public\index.php(45): CodeIgniter\CodeIgniter->run()
#9 E:\Projets\marketplace\system\Commands\Server\rewrite.php(34): require_once('E:\\Projets\\mark...')
#10 {main}
CRITICAL - 2022-09-03 12:57:10 --> Undefined variable: products
#0 E:\Projets\marketplace\app\Views\addons\productcategories.php(4): CodeIgniter\Debug\Exceptions->errorHandler(8, 'Undefined varia...', 'E:\\Projets\\mark...', 4, Array)
#1 E:\Projets\marketplace\system\View\View.php(246): include('E:\\Projets\\mark...')
#2 E:\Projets\marketplace\system\Common.php(1087): CodeIgniter\View\View->render('addons/productc...', Array, true)
#3 E:\Projets\marketplace\app\Controllers\Assets.php(66): view('addons/productc...', Array)
#4 E:\Projets\marketplace\app\Controllers\Addons.php(16): App\Controllers\Assets::productcategories(Array)
#5 E:\Projets\marketplace\system\CodeIgniter.php(914): App\Controllers\Addons->changerayon('3')
#6 E:\Projets\marketplace\system\CodeIgniter.php(400): CodeIgniter\CodeIgniter->runController(Object(App\Controllers\Addons))
#7 E:\Projets\marketplace\system\CodeIgniter.php(308): CodeIgniter\CodeIgniter->handleRequest(NULL, Object(Config\Cache), false)
#8 E:\Projets\marketplace\public\index.php(45): CodeIgniter\CodeIgniter->run()
#9 E:\Projets\marketplace\system\Commands\Server\rewrite.php(34): require_once('E:\\Projets\\mark...')
#10 {main}
CRITICAL - 2022-09-03 12:59:07 --> Undefined index: rayon
#0 E:\Projets\marketplace\app\Views\addons\productcategories.php(4): CodeIgniter\Debug\Exceptions->errorHandler(8, 'Undefined index...', 'E:\\Projets\\mark...', 4, Array)
#1 E:\Projets\marketplace\system\View\View.php(246): include('E:\\Projets\\mark...')
#2 E:\Projets\marketplace\system\Common.php(1087): CodeIgniter\View\View->render('addons/productc...', Array, true)
#3 E:\Projets\marketplace\app\Controllers\Assets.php(66): view('addons/productc...', Array)
#4 E:\Projets\marketplace\app\Controllers\Addons.php(16): App\Controllers\Assets::productcategories(Array)
#5 E:\Projets\marketplace\system\CodeIgniter.php(914): App\Controllers\Addons->changerayon('3')
#6 E:\Projets\marketplace\system\CodeIgniter.php(400): CodeIgniter\CodeIgniter->runController(Object(App\Controllers\Addons))
#7 E:\Projets\marketplace\system\CodeIgniter.php(308): CodeIgniter\CodeIgniter->handleRequest(NULL, Object(Config\Cache), false)
#8 E:\Projets\marketplace\public\index.php(45): CodeIgniter\CodeIgniter->run()
#9 E:\Projets\marketplace\system\Commands\Server\rewrite.php(34): require_once('E:\\Projets\\mark...')
#10 {main}
CRITICAL - 2022-09-03 12:59:12 --> Undefined index: rayon
#0 E:\Projets\marketplace\app\Views\addons\productcategories.php(4): CodeIgniter\Debug\Exceptions->errorHandler(8, 'Undefined index...', 'E:\\Projets\\mark...', 4, Array)
#1 E:\Projets\marketplace\system\View\View.php(246): include('E:\\Projets\\mark...')
#2 E:\Projets\marketplace\system\Common.php(1087): CodeIgniter\View\View->render('addons/productc...', Array, true)
#3 E:\Projets\marketplace\app\Controllers\Assets.php(66): view('addons/productc...', Array)
#4 E:\Projets\marketplace\app\Controllers\Addons.php(16): App\Controllers\Assets::productcategories(Array)
#5 E:\Projets\marketplace\system\CodeIgniter.php(914): App\Controllers\Addons->changerayon('2')
#6 E:\Projets\marketplace\system\CodeIgniter.php(400): CodeIgniter\CodeIgniter->runController(Object(App\Controllers\Addons))
#7 E:\Projets\marketplace\system\CodeIgniter.php(308): CodeIgniter\CodeIgniter->handleRequest(NULL, Object(Config\Cache), false)
#8 E:\Projets\marketplace\public\index.php(45): CodeIgniter\CodeIgniter->run()
#9 E:\Projets\marketplace\system\Commands\Server\rewrite.php(34): require_once('E:\\Projets\\mark...')
#10 {main}
CRITICAL - 2022-09-03 12:59:28 --> Undefined index: rayon
#0 E:\Projets\marketplace\app\Views\addons\productcategories.php(4): CodeIgniter\Debug\Exceptions->errorHandler(8, 'Undefined index...', 'E:\\Projets\\mark...', 4, Array)
#1 E:\Projets\marketplace\system\View\View.php(246): include('E:\\Projets\\mark...')
#2 E:\Projets\marketplace\system\Common.php(1087): CodeIgniter\View\View->render('addons/productc...', Array, true)
#3 E:\Projets\marketplace\app\Controllers\Assets.php(66): view('addons/productc...', Array)
#4 E:\Projets\marketplace\app\Controllers\Addons.php(16): App\Controllers\Assets::productcategories(Array)
#5 E:\Projets\marketplace\system\CodeIgniter.php(914): App\Controllers\Addons->changerayon('3')
#6 E:\Projets\marketplace\system\CodeIgniter.php(400): CodeIgniter\CodeIgniter->runController(Object(App\Controllers\Addons))
#7 E:\Projets\marketplace\system\CodeIgniter.php(308): CodeIgniter\CodeIgniter->handleRequest(NULL, Object(Config\Cache), false)
#8 E:\Projets\marketplace\public\index.php(45): CodeIgniter\CodeIgniter->run()
#9 E:\Projets\marketplace\system\Commands\Server\rewrite.php(34): require_once('E:\\Projets\\mark...')
#10 {main}
CRITICAL - 2022-09-03 12:59:44 --> Undefined index: rayon
#0 E:\Projets\marketplace\app\Views\addons\productcategories.php(4): CodeIgniter\Debug\Exceptions->errorHandler(8, 'Undefined index...', 'E:\\Projets\\mark...', 4, Array)
#1 E:\Projets\marketplace\system\View\View.php(246): include('E:\\Projets\\mark...')
#2 E:\Projets\marketplace\system\Common.php(1087): CodeIgniter\View\View->render('addons/productc...', Array, true)
#3 E:\Projets\marketplace\app\Controllers\Assets.php(66): view('addons/productc...', Array)
#4 E:\Projets\marketplace\app\Controllers\Addons.php(16): App\Controllers\Assets::productcategories(Array)
#5 E:\Projets\marketplace\system\CodeIgniter.php(914): App\Controllers\Addons->changerayon('3')
#6 E:\Projets\marketplace\system\CodeIgniter.php(400): CodeIgniter\CodeIgniter->runController(Object(App\Controllers\Addons))
#7 E:\Projets\marketplace\system\CodeIgniter.php(308): CodeIgniter\CodeIgniter->handleRequest(NULL, Object(Config\Cache), false)
#8 E:\Projets\marketplace\public\index.php(45): CodeIgniter\CodeIgniter->run()
#9 E:\Projets\marketplace\system\Commands\Server\rewrite.php(34): require_once('E:\\Projets\\mark...')
#10 {main}
CRITICAL - 2022-09-03 13:52:28 --> Undefined offset: 2
#0 E:\Projets\marketplace\app\Views\addons\productcategories.php(4): CodeIgniter\Debug\Exceptions->errorHandler(8, 'Undefined offse...', 'E:\\Projets\\mark...', 4, Array)
#1 E:\Projets\marketplace\system\View\View.php(246): include('E:\\Projets\\mark...')
#2 E:\Projets\marketplace\system\Common.php(1087): CodeIgniter\View\View->render('addons/productc...', Array, true)
#3 E:\Projets\marketplace\app\Controllers\Assets.php(66): view('addons/productc...', Array)
#4 E:\Projets\marketplace\app\Controllers\Addons.php(16): App\Controllers\Assets::productcategories(Array)
#5 E:\Projets\marketplace\system\CodeIgniter.php(914): App\Controllers\Addons->changerayon('4')
#6 E:\Projets\marketplace\system\CodeIgniter.php(400): CodeIgniter\CodeIgniter->runController(Object(App\Controllers\Addons))
#7 E:\Projets\marketplace\system\CodeIgniter.php(308): CodeIgniter\CodeIgniter->handleRequest(NULL, Object(Config\Cache), false)
#8 E:\Projets\marketplace\public\index.php(45): CodeIgniter\CodeIgniter->run()
#9 E:\Projets\marketplace\system\Commands\Server\rewrite.php(34): require_once('E:\\Projets\\mark...')
#10 {main}
CRITICAL - 2022-09-03 13:52:39 --> Undefined offset: 2
#0 E:\Projets\marketplace\app\Views\addons\productcategories.php(4): CodeIgniter\Debug\Exceptions->errorHandler(8, 'Undefined offse...', 'E:\\Projets\\mark...', 4, Array)
#1 E:\Projets\marketplace\system\View\View.php(246): include('E:\\Projets\\mark...')
#2 E:\Projets\marketplace\system\Common.php(1087): CodeIgniter\View\View->render('addons/productc...', Array, true)
#3 E:\Projets\marketplace\app\Controllers\Assets.php(66): view('addons/productc...', Array)
#4 E:\Projets\marketplace\app\Controllers\Addons.php(16): App\Controllers\Assets::productcategories(Array)
#5 E:\Projets\marketplace\system\CodeIgniter.php(914): App\Controllers\Addons->changerayon('3')
#6 E:\Projets\marketplace\system\CodeIgniter.php(400): CodeIgniter\CodeIgniter->runController(Object(App\Controllers\Addons))
#7 E:\Projets\marketplace\system\CodeIgniter.php(308): CodeIgniter\CodeIgniter->handleRequest(NULL, Object(Config\Cache), false)
#8 E:\Projets\marketplace\public\index.php(45): CodeIgniter\CodeIgniter->run()
#9 E:\Projets\marketplace\system\Commands\Server\rewrite.php(34): require_once('E:\\Projets\\mark...')
#10 {main}
CRITICAL - 2022-09-03 13:52:47 --> Undefined offset: 2
#0 E:\Projets\marketplace\app\Views\addons\productcategories.php(4): CodeIgniter\Debug\Exceptions->errorHandler(8, 'Undefined offse...', 'E:\\Projets\\mark...', 4, Array)
#1 E:\Projets\marketplace\system\View\View.php(246): include('E:\\Projets\\mark...')
#2 E:\Projets\marketplace\system\Common.php(1087): CodeIgniter\View\View->render('addons/productc...', Array, true)
#3 E:\Projets\marketplace\app\Controllers\Assets.php(66): view('addons/productc...', Array)
#4 E:\Projets\marketplace\app\Controllers\Addons.php(16): App\Controllers\Assets::productcategories(Array)
#5 E:\Projets\marketplace\system\CodeIgniter.php(914): App\Controllers\Addons->changerayon('1')
#6 E:\Projets\marketplace\system\CodeIgniter.php(400): CodeIgniter\CodeIgniter->runController(Object(App\Controllers\Addons))
#7 E:\Projets\marketplace\system\CodeIgniter.php(308): CodeIgniter\CodeIgniter->handleRequest(NULL, Object(Config\Cache), false)
#8 E:\Projets\marketplace\public\index.php(45): CodeIgniter\CodeIgniter->run()
#9 E:\Projets\marketplace\system\Commands\Server\rewrite.php(34): require_once('E:\\Projets\\mark...')
#10 {main}
CRITICAL - 2022-09-03 14:31:28 --> Undefined variable: categories
#0 E:\Projets\marketplace\app\Views\addons\productsouscategories.php(4): CodeIgniter\Debug\Exceptions->errorHandler(8, 'Undefined varia...', 'E:\\Projets\\mark...', 4, Array)
#1 E:\Projets\marketplace\system\View\View.php(246): include('E:\\Projets\\mark...')
#2 E:\Projets\marketplace\system\Common.php(1087): CodeIgniter\View\View->render('addons/products...', Array, true)
#3 E:\Projets\marketplace\app\Controllers\Assets.php(70): view('addons/products...', Array)
#4 E:\Projets\marketplace\app\Controllers\Addons.php(26): App\Controllers\Assets::productsouscategories(Array)
#5 E:\Projets\marketplace\system\CodeIgniter.php(914): App\Controllers\Addons->changecategorie('2')
#6 E:\Projets\marketplace\system\CodeIgniter.php(400): CodeIgniter\CodeIgniter->runController(Object(App\Controllers\Addons))
#7 E:\Projets\marketplace\system\CodeIgniter.php(308): CodeIgniter\CodeIgniter->handleRequest(NULL, Object(Config\Cache), false)
#8 E:\Projets\marketplace\public\index.php(45): CodeIgniter\CodeIgniter->run()
#9 E:\Projets\marketplace\system\Commands\Server\rewrite.php(34): require_once('E:\\Projets\\mark...')
#10 {main}
CRITICAL - 2022-09-03 14:31:35 --> Undefined variable: categories
#0 E:\Projets\marketplace\app\Views\addons\productsouscategories.php(4): CodeIgniter\Debug\Exceptions->errorHandler(8, 'Undefined varia...', 'E:\\Projets\\mark...', 4, Array)
#1 E:\Projets\marketplace\system\View\View.php(246): include('E:\\Projets\\mark...')
#2 E:\Projets\marketplace\system\Common.php(1087): CodeIgniter\View\View->render('addons/products...', Array, true)
#3 E:\Projets\marketplace\app\Controllers\Assets.php(70): view('addons/products...', Array)
#4 E:\Projets\marketplace\app\Controllers\Addons.php(26): App\Controllers\Assets::productsouscategories(Array)
#5 E:\Projets\marketplace\system\CodeIgniter.php(914): App\Controllers\Addons->changecategorie('3')
#6 E:\Projets\marketplace\system\CodeIgniter.php(400): CodeIgniter\CodeIgniter->runController(Object(App\Controllers\Addons))
#7 E:\Projets\marketplace\system\CodeIgniter.php(308): CodeIgniter\CodeIgniter->handleRequest(NULL, Object(Config\Cache), false)
#8 E:\Projets\marketplace\public\index.php(45): CodeIgniter\CodeIgniter->run()
#9 E:\Projets\marketplace\system\Commands\Server\rewrite.php(34): require_once('E:\\Projets\\mark...')
#10 {main}
CRITICAL - 2022-09-03 14:31:45 --> Undefined variable: categories
#0 E:\Projets\marketplace\app\Views\addons\productsouscategories.php(4): CodeIgniter\Debug\Exceptions->errorHandler(8, 'Undefined varia...', 'E:\\Projets\\mark...', 4, Array)
#1 E:\Projets\marketplace\system\View\View.php(246): include('E:\\Projets\\mark...')
#2 E:\Projets\marketplace\system\Common.php(1087): CodeIgniter\View\View->render('addons/products...', Array, true)
#3 E:\Projets\marketplace\app\Controllers\Assets.php(70): view('addons/products...', Array)
#4 E:\Projets\marketplace\app\Controllers\Addons.php(26): App\Controllers\Assets::productsouscategories(Array)
#5 E:\Projets\marketplace\system\CodeIgniter.php(914): App\Controllers\Addons->changecategorie('2')
#6 E:\Projets\marketplace\system\CodeIgniter.php(400): CodeIgniter\CodeIgniter->runController(Object(App\Controllers\Addons))
#7 E:\Projets\marketplace\system\CodeIgniter.php(308): CodeIgniter\CodeIgniter->handleRequest(NULL, Object(Config\Cache), false)
#8 E:\Projets\marketplace\public\index.php(45): CodeIgniter\CodeIgniter->run()
#9 E:\Projets\marketplace\system\Commands\Server\rewrite.php(34): require_once('E:\\Projets\\mark...')
#10 {main}
CRITICAL - 2022-09-03 14:31:51 --> Undefined variable: categories
#0 E:\Projets\marketplace\app\Views\addons\productsouscategories.php(4): CodeIgniter\Debug\Exceptions->errorHandler(8, 'Undefined varia...', 'E:\\Projets\\mark...', 4, Array)
#1 E:\Projets\marketplace\system\View\View.php(246): include('E:\\Projets\\mark...')
#2 E:\Projets\marketplace\system\Common.php(1087): CodeIgniter\View\View->render('addons/products...', Array, true)
#3 E:\Projets\marketplace\app\Controllers\Assets.php(70): view('addons/products...', Array)
#4 E:\Projets\marketplace\app\Controllers\Addons.php(26): App\Controllers\Assets::productsouscategories(Array)
#5 E:\Projets\marketplace\system\CodeIgniter.php(914): App\Controllers\Addons->changecategorie('2')
#6 E:\Projets\marketplace\system\CodeIgniter.php(400): CodeIgniter\CodeIgniter->runController(Object(App\Controllers\Addons))
#7 E:\Projets\marketplace\system\CodeIgniter.php(308): CodeIgniter\CodeIgniter->handleRequest(NULL, Object(Config\Cache), false)
#8 E:\Projets\marketplace\public\index.php(45): CodeIgniter\CodeIgniter->run()
#9 E:\Projets\marketplace\system\Commands\Server\rewrite.php(34): require_once('E:\\Projets\\mark...')
#10 {main}
CRITICAL - 2022-09-03 14:31:58 --> Undefined variable: categories
#0 E:\Projets\marketplace\app\Views\addons\productsouscategories.php(4): CodeIgniter\Debug\Exceptions->errorHandler(8, 'Undefined varia...', 'E:\\Projets\\mark...', 4, Array)
#1 E:\Projets\marketplace\system\View\View.php(246): include('E:\\Projets\\mark...')
#2 E:\Projets\marketplace\system\Common.php(1087): CodeIgniter\View\View->render('addons/products...', Array, true)
#3 E:\Projets\marketplace\app\Controllers\Assets.php(70): view('addons/products...', Array)
#4 E:\Projets\marketplace\app\Controllers\Addons.php(26): App\Controllers\Assets::productsouscategories(Array)
#5 E:\Projets\marketplace\system\CodeIgniter.php(914): App\Controllers\Addons->changecategorie('3')
#6 E:\Projets\marketplace\system\CodeIgniter.php(400): CodeIgniter\CodeIgniter->runController(Object(App\Controllers\Addons))
#7 E:\Projets\marketplace\system\CodeIgniter.php(308): CodeIgniter\CodeIgniter->handleRequest(NULL, Object(Config\Cache), false)
#8 E:\Projets\marketplace\public\index.php(45): CodeIgniter\CodeIgniter->run()
#9 E:\Projets\marketplace\system\Commands\Server\rewrite.php(34): require_once('E:\\Projets\\mark...')
#10 {main}
CRITICAL - 2022-09-03 14:32:03 --> Undefined variable: categories
#0 E:\Projets\marketplace\app\Views\addons\productsouscategories.php(4): CodeIgniter\Debug\Exceptions->errorHandler(8, 'Undefined varia...', 'E:\\Projets\\mark...', 4, Array)
#1 E:\Projets\marketplace\system\View\View.php(246): include('E:\\Projets\\mark...')
#2 E:\Projets\marketplace\system\Common.php(1087): CodeIgniter\View\View->render('addons/products...', Array, true)
#3 E:\Projets\marketplace\app\Controllers\Assets.php(70): view('addons/products...', Array)
#4 E:\Projets\marketplace\app\Controllers\Addons.php(26): App\Controllers\Assets::productsouscategories(Array)
#5 E:\Projets\marketplace\system\CodeIgniter.php(914): App\Controllers\Addons->changecategorie('2')
#6 E:\Projets\marketplace\system\CodeIgniter.php(400): CodeIgniter\CodeIgniter->runController(Object(App\Controllers\Addons))
#7 E:\Projets\marketplace\system\CodeIgniter.php(308): CodeIgniter\CodeIgniter->handleRequest(NULL, Object(Config\Cache), false)
#8 E:\Projets\marketplace\public\index.php(45): CodeIgniter\CodeIgniter->run()
#9 E:\Projets\marketplace\system\Commands\Server\rewrite.php(34): require_once('E:\\Projets\\mark...')
#10 {main}
CRITICAL - 2022-09-03 14:32:51 --> Undefined variable: categories
#0 E:\Projets\marketplace\app\Views\addons\productsouscategories.php(4): CodeIgniter\Debug\Exceptions->errorHandler(8, 'Undefined varia...', 'E:\\Projets\\mark...', 4, Array)
#1 E:\Projets\marketplace\system\View\View.php(246): include('E:\\Projets\\mark...')
#2 E:\Projets\marketplace\system\Common.php(1087): CodeIgniter\View\View->render('addons/products...', Array, true)
#3 E:\Projets\marketplace\app\Controllers\Assets.php(70): view('addons/products...', Array)
#4 E:\Projets\marketplace\app\Controllers\Addons.php(26): App\Controllers\Assets::productsouscategories(Array)
#5 E:\Projets\marketplace\system\CodeIgniter.php(914): App\Controllers\Addons->changecategorie('2')
#6 E:\Projets\marketplace\system\CodeIgniter.php(400): CodeIgniter\CodeIgniter->runController(Object(App\Controllers\Addons))
#7 E:\Projets\marketplace\system\CodeIgniter.php(308): CodeIgniter\CodeIgniter->handleRequest(NULL, Object(Config\Cache), false)
#8 E:\Projets\marketplace\public\index.php(45): CodeIgniter\CodeIgniter->run()
#9 E:\Projets\marketplace\system\Commands\Server\rewrite.php(34): require_once('E:\\Projets\\mark...')
#10 {main}
CRITICAL - 2022-09-03 14:32:57 --> Undefined variable: categories
#0 E:\Projets\marketplace\app\Views\addons\productsouscategories.php(4): CodeIgniter\Debug\Exceptions->errorHandler(8, 'Undefined varia...', 'E:\\Projets\\mark...', 4, Array)
#1 E:\Projets\marketplace\system\View\View.php(246): include('E:\\Projets\\mark...')
#2 E:\Projets\marketplace\system\Common.php(1087): CodeIgniter\View\View->render('addons/products...', Array, true)
#3 E:\Projets\marketplace\app\Controllers\Assets.php(70): view('addons/products...', Array)
#4 E:\Projets\marketplace\app\Controllers\Addons.php(26): App\Controllers\Assets::productsouscategories(Array)
#5 E:\Projets\marketplace\system\CodeIgniter.php(914): App\Controllers\Addons->changecategorie('3')
#6 E:\Projets\marketplace\system\CodeIgniter.php(400): CodeIgniter\CodeIgniter->runController(Object(App\Controllers\Addons))
#7 E:\Projets\marketplace\system\CodeIgniter.php(308): CodeIgniter\CodeIgniter->handleRequest(NULL, Object(Config\Cache), false)
#8 E:\Projets\marketplace\public\index.php(45): CodeIgniter\CodeIgniter->run()
#9 E:\Projets\marketplace\system\Commands\Server\rewrite.php(34): require_once('E:\\Projets\\mark...')
#10 {main}
CRITICAL - 2022-09-03 14:33:02 --> Undefined variable: categories
#0 E:\Projets\marketplace\app\Views\addons\productsouscategories.php(4): CodeIgniter\Debug\Exceptions->errorHandler(8, 'Undefined varia...', 'E:\\Projets\\mark...', 4, Array)
#1 E:\Projets\marketplace\system\View\View.php(246): include('E:\\Projets\\mark...')
#2 E:\Projets\marketplace\system\Common.php(1087): CodeIgniter\View\View->render('addons/products...', Array, true)
#3 E:\Projets\marketplace\app\Controllers\Assets.php(70): view('addons/products...', Array)
#4 E:\Projets\marketplace\app\Controllers\Addons.php(26): App\Controllers\Assets::productsouscategories(Array)
#5 E:\Projets\marketplace\system\CodeIgniter.php(914): App\Controllers\Addons->changecategorie('2')
#6 E:\Projets\marketplace\system\CodeIgniter.php(400): CodeIgniter\CodeIgniter->runController(Object(App\Controllers\Addons))
#7 E:\Projets\marketplace\system\CodeIgniter.php(308): CodeIgniter\CodeIgniter->handleRequest(NULL, Object(Config\Cache), false)
#8 E:\Projets\marketplace\public\index.php(45): CodeIgniter\CodeIgniter->run()
#9 E:\Projets\marketplace\system\Commands\Server\rewrite.php(34): require_once('E:\\Projets\\mark...')
#10 {main}
