CRITICAL - 2022-08-16 04:47:58 --> Class 'app\Controllers\BaseController' not found
#0 E:\Projets\marketplace\system\Autoloader\Autoloader.php(365): require_once()
#1 E:\Projets\marketplace\system\Autoloader\Autoloader.php(296): CodeIgniter\Autoloader\Autoloader->requireFile('E:\\Projets\\mark...')
#2 E:\Projets\marketplace\system\Autoloader\Autoloader.php(258): CodeIgniter\Autoloader\Autoloader->loadInNamespace('App\\Controllers...')
#3 [internal function]: CodeIgniter\Autoloader\Autoloader->loadClass('App\\Controllers...')
#4 [internal function]: spl_autoload_call('App\\Controllers...')
#5 E:\Projets\marketplace\system\CodeIgniter.php(865): class_exists('\\App\\Controller...', true)
#6 E:\Projets\marketplace\system\CodeIgniter.php(390): CodeIgniter\CodeIgniter->startController()
#7 E:\Projets\marketplace\system\CodeIgniter.php(308): CodeIgniter\CodeIgniter->handleRequest(NULL, Object(Config\Cache), false)
#8 E:\Projets\marketplace\public\index.php(45): CodeIgniter\CodeIgniter->run()
#9 E:\Projets\marketplace\system\Commands\Server\rewrite.php(34): require_once('E:\\Projets\\mark...')
#10 {main}
CRITICAL - 2022-08-16 04:50:07 --> Class 'app\Controllers\BaseController' not found
#0 E:\Projets\marketplace\system\Autoloader\Autoloader.php(365): require_once()
#1 E:\Projets\marketplace\system\Autoloader\Autoloader.php(296): CodeIgniter\Autoloader\Autoloader->requireFile('E:\\Projets\\mark...')
#2 E:\Projets\marketplace\system\Autoloader\Autoloader.php(258): CodeIgniter\Autoloader\Autoloader->loadInNamespace('App\\Controllers...')
#3 [internal function]: CodeIgniter\Autoloader\Autoloader->loadClass('App\\Controllers...')
#4 [internal function]: spl_autoload_call('App\\Controllers...')
#5 E:\Projets\marketplace\system\CodeIgniter.php(865): class_exists('\\App\\Controller...', true)
#6 E:\Projets\marketplace\system\CodeIgniter.php(390): CodeIgniter\CodeIgniter->startController()
#7 E:\Projets\marketplace\system\CodeIgniter.php(308): CodeIgniter\CodeIgniter->handleRequest(NULL, Object(Config\Cache), false)
#8 E:\Projets\marketplace\public\index.php(45): CodeIgniter\CodeIgniter->run()
#9 E:\Projets\marketplace\system\Commands\Server\rewrite.php(34): require_once('E:\\Projets\\mark...')
#10 {main}
CRITICAL - 2022-08-16 04:50:27 --> Class 'app\Controllers\BaseController' not found
#0 E:\Projets\marketplace\system\Autoloader\Autoloader.php(365): require_once()
#1 E:\Projets\marketplace\system\Autoloader\Autoloader.php(296): CodeIgniter\Autoloader\Autoloader->requireFile('E:\\Projets\\mark...')
#2 E:\Projets\marketplace\system\Autoloader\Autoloader.php(258): CodeIgniter\Autoloader\Autoloader->loadInNamespace('App\\Controllers...')
#3 [internal function]: CodeIgniter\Autoloader\Autoloader->loadClass('App\\Controllers...')
#4 [internal function]: spl_autoload_call('App\\Controllers...')
#5 E:\Projets\marketplace\system\CodeIgniter.php(865): class_exists('\\App\\Controller...', true)
#6 E:\Projets\marketplace\system\CodeIgniter.php(390): CodeIgniter\CodeIgniter->startController()
#7 E:\Projets\marketplace\system\CodeIgniter.php(308): CodeIgniter\CodeIgniter->handleRequest(NULL, Object(Config\Cache), false)
#8 E:\Projets\marketplace\public\index.php(45): CodeIgniter\CodeIgniter->run()
#9 E:\Projets\marketplace\system\Commands\Server\rewrite.php(34): require_once('E:\\Projets\\mark...')
#10 {main}
CRITICAL - 2022-08-16 04:50:30 --> Class 'app\Controllers\BaseController' not found
#0 E:\Projets\marketplace\system\Autoloader\Autoloader.php(365): require_once()
#1 E:\Projets\marketplace\system\Autoloader\Autoloader.php(296): CodeIgniter\Autoloader\Autoloader->requireFile('E:\\Projets\\mark...')
#2 E:\Projets\marketplace\system\Autoloader\Autoloader.php(258): CodeIgniter\Autoloader\Autoloader->loadInNamespace('App\\Controllers...')
#3 [internal function]: CodeIgniter\Autoloader\Autoloader->loadClass('App\\Controllers...')
#4 [internal function]: spl_autoload_call('App\\Controllers...')
#5 E:\Projets\marketplace\system\CodeIgniter.php(865): class_exists('\\App\\Controller...', true)
#6 E:\Projets\marketplace\system\CodeIgniter.php(390): CodeIgniter\CodeIgniter->startController()
#7 E:\Projets\marketplace\system\CodeIgniter.php(308): CodeIgniter\CodeIgniter->handleRequest(NULL, Object(Config\Cache), false)
#8 E:\Projets\marketplace\public\index.php(45): CodeIgniter\CodeIgniter->run()
#9 E:\Projets\marketplace\system\Commands\Server\rewrite.php(34): require_once('E:\\Projets\\mark...')
#10 {main}
CRITICAL - 2022-08-16 04:52:40 --> Class 'app\Controllers\BaseController' not found
#0 E:\Projets\marketplace\system\Autoloader\Autoloader.php(365): require_once()
#1 E:\Projets\marketplace\system\Autoloader\Autoloader.php(296): CodeIgniter\Autoloader\Autoloader->requireFile('E:\\Projets\\mark...')
#2 E:\Projets\marketplace\system\Autoloader\Autoloader.php(258): CodeIgniter\Autoloader\Autoloader->loadInNamespace('App\\Controllers...')
#3 [internal function]: CodeIgniter\Autoloader\Autoloader->loadClass('App\\Controllers...')
#4 [internal function]: spl_autoload_call('App\\Controllers...')
#5 E:\Projets\marketplace\system\CodeIgniter.php(865): class_exists('\\App\\Controller...', true)
#6 E:\Projets\marketplace\system\CodeIgniter.php(390): CodeIgniter\CodeIgniter->startController()
#7 E:\Projets\marketplace\system\CodeIgniter.php(308): CodeIgniter\CodeIgniter->handleRequest(NULL, Object(Config\Cache), false)
#8 E:\Projets\marketplace\public\index.php(45): CodeIgniter\CodeIgniter->run()
#9 E:\Projets\marketplace\system\Commands\Server\rewrite.php(34): require_once('E:\\Projets\\mark...')
#10 {main}
CRITICAL - 2022-08-16 04:52:51 --> Class 'app\Controllers\BaseController' not found
#0 E:\Projets\marketplace\system\Router\Router.php(575): include_once()
#1 E:\Projets\marketplace\system\Router\Router.php(192): CodeIgniter\Router\Router->autoRoute('Connexion/bouti...')
#2 E:\Projets\marketplace\system\CodeIgniter.php(789): CodeIgniter\Router\Router->handle('Connexion/bouti...')
#3 E:\Projets\marketplace\system\CodeIgniter.php(360): CodeIgniter\CodeIgniter->tryToRouteIt(Object(CodeIgniter\Router\RouteCollection))
#4 E:\Projets\marketplace\system\CodeIgniter.php(308): CodeIgniter\CodeIgniter->handleRequest(NULL, Object(Config\Cache), false)
#5 E:\Projets\marketplace\public\index.php(45): CodeIgniter\CodeIgniter->run()
#6 E:\Projets\marketplace\system\Commands\Server\rewrite.php(34): require_once('E:\\Projets\\mark...')
#7 {main}
CRITICAL - 2022-08-16 04:54:25 --> Class 'app\Controllers\BaseController' not found
#0 E:\Projets\marketplace\system\Router\Router.php(575): include_once()
#1 E:\Projets\marketplace\system\Router\Router.php(192): CodeIgniter\Router\Router->autoRoute('Connexion/bouti...')
#2 E:\Projets\marketplace\system\CodeIgniter.php(789): CodeIgniter\Router\Router->handle('Connexion/bouti...')
#3 E:\Projets\marketplace\system\CodeIgniter.php(360): CodeIgniter\CodeIgniter->tryToRouteIt(Object(CodeIgniter\Router\RouteCollection))
#4 E:\Projets\marketplace\system\CodeIgniter.php(308): CodeIgniter\CodeIgniter->handleRequest(NULL, Object(Config\Cache), false)
#5 E:\Projets\marketplace\public\index.php(45): CodeIgniter\CodeIgniter->run()
#6 E:\Projets\marketplace\system\Commands\Server\rewrite.php(34): require_once('E:\\Projets\\mark...')
#7 {main}
CRITICAL - 2022-08-16 04:54:29 --> Class 'app\Controllers\BaseController' not found
#0 E:\Projets\marketplace\system\Router\Router.php(575): include_once()
#1 E:\Projets\marketplace\system\Router\Router.php(192): CodeIgniter\Router\Router->autoRoute('Connexion')
#2 E:\Projets\marketplace\system\CodeIgniter.php(789): CodeIgniter\Router\Router->handle('Connexion')
#3 E:\Projets\marketplace\system\CodeIgniter.php(360): CodeIgniter\CodeIgniter->tryToRouteIt(Object(CodeIgniter\Router\RouteCollection))
#4 E:\Projets\marketplace\system\CodeIgniter.php(308): CodeIgniter\CodeIgniter->handleRequest(NULL, Object(Config\Cache), false)
#5 E:\Projets\marketplace\public\index.php(45): CodeIgniter\CodeIgniter->run()
#6 E:\Projets\marketplace\system\Commands\Server\rewrite.php(34): require_once('E:\\Projets\\mark...')
#7 {main}
CRITICAL - 2022-08-16 04:54:39 --> Class 'app\Controllers\BaseController' not found
#0 E:\Projets\marketplace\system\Autoloader\Autoloader.php(365): require_once()
#1 E:\Projets\marketplace\system\Autoloader\Autoloader.php(296): CodeIgniter\Autoloader\Autoloader->requireFile('E:\\Projets\\mark...')
#2 E:\Projets\marketplace\system\Autoloader\Autoloader.php(258): CodeIgniter\Autoloader\Autoloader->loadInNamespace('App\\Controllers...')
#3 [internal function]: CodeIgniter\Autoloader\Autoloader->loadClass('App\\Controllers...')
#4 [internal function]: spl_autoload_call('App\\Controllers...')
#5 E:\Projets\marketplace\system\CodeIgniter.php(865): class_exists('\\App\\Controller...', true)
#6 E:\Projets\marketplace\system\CodeIgniter.php(390): CodeIgniter\CodeIgniter->startController()
#7 E:\Projets\marketplace\system\CodeIgniter.php(308): CodeIgniter\CodeIgniter->handleRequest(NULL, Object(Config\Cache), false)
#8 E:\Projets\marketplace\public\index.php(45): CodeIgniter\CodeIgniter->run()
#9 E:\Projets\marketplace\system\Commands\Server\rewrite.php(34): require_once('E:\\Projets\\mark...')
#10 {main}
CRITICAL - 2022-08-16 05:00:07 --> Class 'app\Controllers\BaseController' not found
#0 E:\Projets\marketplace\system\Router\Router.php(575): include_once()
#1 E:\Projets\marketplace\system\Router\Router.php(192): CodeIgniter\Router\Router->autoRoute('Connexion')
#2 E:\Projets\marketplace\system\CodeIgniter.php(789): CodeIgniter\Router\Router->handle('Connexion')
#3 E:\Projets\marketplace\system\CodeIgniter.php(360): CodeIgniter\CodeIgniter->tryToRouteIt(Object(CodeIgniter\Router\RouteCollection))
#4 E:\Projets\marketplace\system\CodeIgniter.php(308): CodeIgniter\CodeIgniter->handleRequest(NULL, Object(Config\Cache), false)
#5 E:\Projets\marketplace\public\index.php(45): CodeIgniter\CodeIgniter->run()
#6 E:\Projets\marketplace\system\Commands\Server\rewrite.php(34): require_once('E:\\Projets\\mark...')
#7 {main}
CRITICAL - 2022-08-16 05:01:32 --> Class 'app\Controllers\BaseController' not found
#0 E:\Projets\marketplace\system\Autoloader\Autoloader.php(365): require_once()
#1 E:\Projets\marketplace\system\Autoloader\Autoloader.php(296): CodeIgniter\Autoloader\Autoloader->requireFile('E:\\Projets\\mark...')
#2 E:\Projets\marketplace\system\Autoloader\Autoloader.php(258): CodeIgniter\Autoloader\Autoloader->loadInNamespace('App\\Controllers...')
#3 [internal function]: CodeIgniter\Autoloader\Autoloader->loadClass('App\\Controllers...')
#4 [internal function]: spl_autoload_call('App\\Controllers...')
#5 E:\Projets\marketplace\system\CodeIgniter.php(865): class_exists('\\App\\Controller...', true)
#6 E:\Projets\marketplace\system\CodeIgniter.php(390): CodeIgniter\CodeIgniter->startController()
#7 E:\Projets\marketplace\system\CodeIgniter.php(308): CodeIgniter\CodeIgniter->handleRequest(NULL, Object(Config\Cache), false)
#8 E:\Projets\marketplace\public\index.php(45): CodeIgniter\CodeIgniter->run()
#9 E:\Projets\marketplace\system\Commands\Server\rewrite.php(34): require_once('E:\\Projets\\mark...')
#10 {main}
CRITICAL - 2022-08-16 05:01:35 --> Class 'app\Controllers\BaseController' not found
#0 E:\Projets\marketplace\system\Autoloader\Autoloader.php(365): require_once()
#1 E:\Projets\marketplace\system\Autoloader\Autoloader.php(296): CodeIgniter\Autoloader\Autoloader->requireFile('E:\\Projets\\mark...')
#2 E:\Projets\marketplace\system\Autoloader\Autoloader.php(258): CodeIgniter\Autoloader\Autoloader->loadInNamespace('App\\Controllers...')
#3 [internal function]: CodeIgniter\Autoloader\Autoloader->loadClass('App\\Controllers...')
#4 [internal function]: spl_autoload_call('App\\Controllers...')
#5 E:\Projets\marketplace\system\CodeIgniter.php(865): class_exists('\\App\\Controller...', true)
#6 E:\Projets\marketplace\system\CodeIgniter.php(390): CodeIgniter\CodeIgniter->startController()
#7 E:\Projets\marketplace\system\CodeIgniter.php(308): CodeIgniter\CodeIgniter->handleRequest(NULL, Object(Config\Cache), false)
#8 E:\Projets\marketplace\public\index.php(45): CodeIgniter\CodeIgniter->run()
#9 E:\Projets\marketplace\system\Commands\Server\rewrite.php(34): require_once('E:\\Projets\\mark...')
#10 {main}
CRITICAL - 2022-08-16 05:01:48 --> Class 'app\Controllers\BaseController' not found
#0 E:\Projets\marketplace\system\Autoloader\Autoloader.php(365): require_once()
#1 E:\Projets\marketplace\system\Autoloader\Autoloader.php(296): CodeIgniter\Autoloader\Autoloader->requireFile('E:\\Projets\\mark...')
#2 E:\Projets\marketplace\system\Autoloader\Autoloader.php(258): CodeIgniter\Autoloader\Autoloader->loadInNamespace('App\\Controllers...')
#3 [internal function]: CodeIgniter\Autoloader\Autoloader->loadClass('App\\Controllers...')
#4 [internal function]: spl_autoload_call('App\\Controllers...')
#5 E:\Projets\marketplace\system\CodeIgniter.php(865): class_exists('\\App\\Controller...', true)
#6 E:\Projets\marketplace\system\CodeIgniter.php(390): CodeIgniter\CodeIgniter->startController()
#7 E:\Projets\marketplace\system\CodeIgniter.php(308): CodeIgniter\CodeIgniter->handleRequest(NULL, Object(Config\Cache), false)
#8 E:\Projets\marketplace\public\index.php(45): CodeIgniter\CodeIgniter->run()
#9 E:\Projets\marketplace\system\Commands\Server\rewrite.php(34): require_once('E:\\Projets\\mark...')
#10 {main}
CRITICAL - 2022-08-16 05:08:20 --> Class 'app\Controllers\BaseController' not found
#0 E:\Projets\marketplace\system\Autoloader\Autoloader.php(365): require_once()
#1 E:\Projets\marketplace\system\Autoloader\Autoloader.php(296): CodeIgniter\Autoloader\Autoloader->requireFile('E:\\Projets\\mark...')
#2 E:\Projets\marketplace\system\Autoloader\Autoloader.php(258): CodeIgniter\Autoloader\Autoloader->loadInNamespace('App\\Controllers...')
#3 [internal function]: CodeIgniter\Autoloader\Autoloader->loadClass('App\\Controllers...')
#4 [internal function]: spl_autoload_call('App\\Controllers...')
#5 E:\Projets\marketplace\system\CodeIgniter.php(865): class_exists('\\App\\Controller...', true)
#6 E:\Projets\marketplace\system\CodeIgniter.php(390): CodeIgniter\CodeIgniter->startController()
#7 E:\Projets\marketplace\system\CodeIgniter.php(308): CodeIgniter\CodeIgniter->handleRequest(NULL, Object(Config\Cache), false)
#8 E:\Projets\marketplace\public\index.php(45): CodeIgniter\CodeIgniter->run()
#9 E:\Projets\marketplace\system\Commands\Server\rewrite.php(34): require_once('E:\\Projets\\mark...')
#10 {main}
CRITICAL - 2022-08-16 08:28:18 --> Invalid file: connexion/createstore.php
#0 E:\Projets\marketplace\system\View\View.php(228): CodeIgniter\Exceptions\FrameworkException::forInvalidFile('connexion/creat...')
#1 E:\Projets\marketplace\system\Common.php(1087): CodeIgniter\View\View->render('connexion/creat...', Array, true)
#2 E:\Projets\marketplace\app\Controllers\Connexion.php(15): view('connexion/creat...')
#3 E:\Projets\marketplace\system\CodeIgniter.php(914): App\Controllers\Connexion->createstore()
#4 E:\Projets\marketplace\system\CodeIgniter.php(400): CodeIgniter\CodeIgniter->runController(Object(App\Controllers\Connexion))
#5 E:\Projets\marketplace\system\CodeIgniter.php(308): CodeIgniter\CodeIgniter->handleRequest(NULL, Object(Config\Cache), false)
#6 E:\Projets\marketplace\public\index.php(45): CodeIgniter\CodeIgniter->run()
#7 E:\Projets\marketplace\system\Commands\Server\rewrite.php(34): require_once('E:\\Projets\\mark...')
#8 {main}
