CRITICAL - 2022-08-14 13:28:45 --> Call to undefined function form_open()
#0 E:\Projets\marketplace\system\View\View.php(246): include()
#1 E:\Projets\marketplace\system\Common.php(1087): CodeIgniter\View\View->render('accueil', Array, true)
#2 E:\Projets\marketplace\app\Controllers\Accueil.php(9): view('accueil')
#3 E:\Projets\marketplace\system\CodeIgniter.php(914): App\Controllers\Accueil->accueil()
#4 E:\Projets\marketplace\system\CodeIgniter.php(400): CodeIgniter\CodeIgniter->runController(Object(App\Controllers\Accueil))
#5 E:\Projets\marketplace\system\CodeIgniter.php(308): CodeIgniter\CodeIgniter->handleRequest(NULL, Object(Config\Cache), false)
#6 E:\Projets\marketplace\public\index.php(45): CodeIgniter\CodeIgniter->run()
#7 E:\Projets\marketplace\system\Commands\Server\rewrite.php(34): require_once('E:\\Projets\\mark...')
#8 {main}
CRITICAL - 2022-08-14 13:29:02 --> Call to undefined function form_open()
#0 E:\Projets\marketplace\system\View\View.php(246): include()
#1 E:\Projets\marketplace\system\Common.php(1087): CodeIgniter\View\View->render('accueil', Array, true)
#2 E:\Projets\marketplace\app\Controllers\Accueil.php(9): view('accueil')
#3 E:\Projets\marketplace\system\CodeIgniter.php(914): App\Controllers\Accueil->accueil()
#4 E:\Projets\marketplace\system\CodeIgniter.php(400): CodeIgniter\CodeIgniter->runController(Object(App\Controllers\Accueil))
#5 E:\Projets\marketplace\system\CodeIgniter.php(308): CodeIgniter\CodeIgniter->handleRequest(NULL, Object(Config\Cache), false)
#6 E:\Projets\marketplace\public\index.php(45): CodeIgniter\CodeIgniter->run()
#7 E:\Projets\marketplace\system\Commands\Server\rewrite.php(34): require_once('E:\\Projets\\mark...')
#8 {main}
