CRITICAL - 2022-08-28 05:41:06 --> Undefined variable: variable
#0 E:\Projets\marketplace\app\Views\testpage.php(18): CodeIgniter\Debug\Exceptions->errorHandler(8, 'Undefined varia...', 'E:\\Projets\\mark...', 18, Array)
#1 E:\Projets\marketplace\system\View\View.php(246): include('E:\\Projets\\mark...')
#2 E:\Projets\marketplace\system\Common.php(1087): CodeIgniter\View\View->render('testpage', Array, true)
#3 E:\Projets\marketplace\app\Controllers\Connexion.php(21): view('testpage', Array)
#4 E:\Projets\marketplace\system\CodeIgniter.php(914): App\Controllers\Connexion->testpage()
#5 E:\Projets\marketplace\system\CodeIgniter.php(400): CodeIgniter\CodeIgniter->runController(Object(App\Controllers\Connexion))
#6 E:\Projets\marketplace\system\CodeIgniter.php(308): CodeIgniter\CodeIgniter->handleRequest(NULL, Object(Config\Cache), false)
#7 E:\Projets\marketplace\public\index.php(45): CodeIgniter\CodeIgniter->run()
#8 E:\Projets\marketplace\system\Commands\Server\rewrite.php(34): require_once('E:\\Projets\\mark...')
#9 {main}
CRITICAL - 2022-08-28 05:42:03 --> Use of undefined constant exists - assumed 'exists' (this will throw an Error in a future version of PHP)
#0 E:\Projets\marketplace\app\Views\testpage.php(18): CodeIgniter\Debug\Exceptions->errorHandler(2, 'Use of undefine...', 'E:\\Projets\\mark...', 18, Array)
#1 E:\Projets\marketplace\system\View\View.php(246): include('E:\\Projets\\mark...')
#2 E:\Projets\marketplace\system\Common.php(1087): CodeIgniter\View\View->render('testpage', Array, true)
#3 E:\Projets\marketplace\app\Controllers\Connexion.php(21): view('testpage', Array)
#4 E:\Projets\marketplace\system\CodeIgniter.php(914): App\Controllers\Connexion->testpage()
#5 E:\Projets\marketplace\system\CodeIgniter.php(400): CodeIgniter\CodeIgniter->runController(Object(App\Controllers\Connexion))
#6 E:\Projets\marketplace\system\CodeIgniter.php(308): CodeIgniter\CodeIgniter->handleRequest(NULL, Object(Config\Cache), false)
#7 E:\Projets\marketplace\public\index.php(45): CodeIgniter\CodeIgniter->run()
#8 E:\Projets\marketplace\system\Commands\Server\rewrite.php(34): require_once('E:\\Projets\\mark...')
#9 {main}
CRITICAL - 2022-08-28 05:42:30 --> Undefined variable: variable
#0 E:\Projets\marketplace\app\Views\testpage.php(18): CodeIgniter\Debug\Exceptions->errorHandler(8, 'Undefined varia...', 'E:\\Projets\\mark...', 18, Array)
#1 E:\Projets\marketplace\system\View\View.php(246): include('E:\\Projets\\mark...')
#2 E:\Projets\marketplace\system\Common.php(1087): CodeIgniter\View\View->render('testpage', Array, true)
#3 E:\Projets\marketplace\app\Controllers\Connexion.php(21): view('testpage', Array)
#4 E:\Projets\marketplace\system\CodeIgniter.php(914): App\Controllers\Connexion->testpage()
#5 E:\Projets\marketplace\system\CodeIgniter.php(400): CodeIgniter\CodeIgniter->runController(Object(App\Controllers\Connexion))
#6 E:\Projets\marketplace\system\CodeIgniter.php(308): CodeIgniter\CodeIgniter->handleRequest(NULL, Object(Config\Cache), false)
#7 E:\Projets\marketplace\public\index.php(45): CodeIgniter\CodeIgniter->run()
#8 E:\Projets\marketplace\system\Commands\Server\rewrite.php(34): require_once('E:\\Projets\\mark...')
#9 {main}
CRITICAL - 2022-08-28 05:42:34 --> Undefined variable: variable
#0 E:\Projets\marketplace\app\Views\testpage.php(18): CodeIgniter\Debug\Exceptions->errorHandler(8, 'Undefined varia...', 'E:\\Projets\\mark...', 18, Array)
#1 E:\Projets\marketplace\system\View\View.php(246): include('E:\\Projets\\mark...')
#2 E:\Projets\marketplace\system\Common.php(1087): CodeIgniter\View\View->render('testpage', Array, true)
#3 E:\Projets\marketplace\app\Controllers\Connexion.php(21): view('testpage', Array)
#4 E:\Projets\marketplace\system\CodeIgniter.php(914): App\Controllers\Connexion->testpage()
#5 E:\Projets\marketplace\system\CodeIgniter.php(400): CodeIgniter\CodeIgniter->runController(Object(App\Controllers\Connexion))
#6 E:\Projets\marketplace\system\CodeIgniter.php(308): CodeIgniter\CodeIgniter->handleRequest(NULL, Object(Config\Cache), false)
#7 E:\Projets\marketplace\public\index.php(45): CodeIgniter\CodeIgniter->run()
#8 E:\Projets\marketplace\system\Commands\Server\rewrite.php(34): require_once('E:\\Projets\\mark...')
#9 {main}
CRITICAL - 2022-08-28 05:43:13 --> Undefined variable: variable
#0 E:\Projets\marketplace\app\Views\testpage.php(18): CodeIgniter\Debug\Exceptions->errorHandler(8, 'Undefined varia...', 'E:\\Projets\\mark...', 18, Array)
#1 E:\Projets\marketplace\system\View\View.php(246): include('E:\\Projets\\mark...')
#2 E:\Projets\marketplace\system\Common.php(1087): CodeIgniter\View\View->render('testpage', Array, true)
#3 E:\Projets\marketplace\app\Controllers\Connexion.php(21): view('testpage', Array)
#4 E:\Projets\marketplace\system\CodeIgniter.php(914): App\Controllers\Connexion->testpage()
#5 E:\Projets\marketplace\system\CodeIgniter.php(400): CodeIgniter\CodeIgniter->runController(Object(App\Controllers\Connexion))
#6 E:\Projets\marketplace\system\CodeIgniter.php(308): CodeIgniter\CodeIgniter->handleRequest(NULL, Object(Config\Cache), false)
#7 E:\Projets\marketplace\public\index.php(45): CodeIgniter\CodeIgniter->run()
#8 E:\Projets\marketplace\system\Commands\Server\rewrite.php(34): require_once('E:\\Projets\\mark...')
#9 {main}
CRITICAL - 2022-08-28 05:44:06 --> Undefined variable: variable
#0 E:\Projets\marketplace\app\Views\testpage.php(19): CodeIgniter\Debug\Exceptions->errorHandler(8, 'Undefined varia...', 'E:\\Projets\\mark...', 19, Array)
#1 E:\Projets\marketplace\system\View\View.php(246): include('E:\\Projets\\mark...')
#2 E:\Projets\marketplace\system\Common.php(1087): CodeIgniter\View\View->render('testpage', Array, true)
#3 E:\Projets\marketplace\app\Controllers\Connexion.php(21): view('testpage', Array)
#4 E:\Projets\marketplace\system\CodeIgniter.php(914): App\Controllers\Connexion->testpage()
#5 E:\Projets\marketplace\system\CodeIgniter.php(400): CodeIgniter\CodeIgniter->runController(Object(App\Controllers\Connexion))
#6 E:\Projets\marketplace\system\CodeIgniter.php(308): CodeIgniter\CodeIgniter->handleRequest(NULL, Object(Config\Cache), false)
#7 E:\Projets\marketplace\public\index.php(45): CodeIgniter\CodeIgniter->run()
#8 E:\Projets\marketplace\system\Commands\Server\rewrite.php(34): require_once('E:\\Projets\\mark...')
#9 {main}
CRITICAL - 2022-08-28 09:20:25 --> Aucune connexion n’a pu être établie car l’ordinateur cible l’a expressément refusée.

#0 E:\Projets\marketplace\system\Database\BaseConnection.php(377): CodeIgniter\Database\MySQLi\Connection->connect(false)
#1 E:\Projets\marketplace\system\Database\BaseConnection.php(643): CodeIgniter\Database\BaseConnection->initialize()
#2 E:\Projets\marketplace\system\Database\BaseBuilder.php(1845): CodeIgniter\Database\BaseConnection->query('SELECT *\nFROM `...', Array, false)
#3 E:\Projets\marketplace\system\Model.php(445): CodeIgniter\Database\BaseBuilder->get()
#4 E:\Projets\marketplace\app\Models\CategoriesrayonModel.php(19): CodeIgniter\Model->findAll()
#5 E:\Projets\marketplace\app\Controllers\Connexion.php(18): App\Models\CategoriesrayonModel->linkrayoncategorie('1')
#6 E:\Projets\marketplace\system\CodeIgniter.php(914): App\Controllers\Connexion->testpage()
#7 E:\Projets\marketplace\system\CodeIgniter.php(400): CodeIgniter\CodeIgniter->runController(Object(App\Controllers\Connexion))
#8 E:\Projets\marketplace\system\CodeIgniter.php(308): CodeIgniter\CodeIgniter->handleRequest(NULL, Object(Config\Cache), false)
#9 E:\Projets\marketplace\public\index.php(45): CodeIgniter\CodeIgniter->run()
#10 E:\Projets\marketplace\system\Commands\Server\rewrite.php(34): require_once('E:\\Projets\\mark...')
#11 {main}
CRITICAL - 2022-08-28 10:29:20 --> Undefined variable: mesrayons
#0 E:\Projets\marketplace\app\Controllers\Connexion.php(29): CodeIgniter\Debug\Exceptions->errorHandler(8, 'Undefined varia...', 'E:\\Projets\\mark...', 29, Array)
#1 E:\Projets\marketplace\system\CodeIgniter.php(914): App\Controllers\Connexion->testme()
#2 E:\Projets\marketplace\system\CodeIgniter.php(400): CodeIgniter\CodeIgniter->runController(Object(App\Controllers\Connexion))
#3 E:\Projets\marketplace\system\CodeIgniter.php(308): CodeIgniter\CodeIgniter->handleRequest(NULL, Object(Config\Cache), false)
#4 E:\Projets\marketplace\public\index.php(45): CodeIgniter\CodeIgniter->run()
#5 E:\Projets\marketplace\system\Commands\Server\rewrite.php(34): require_once('E:\\Projets\\mark...')
#6 {main}
CRITICAL - 2022-08-28 10:29:22 --> Undefined variable: mesrayons
#0 E:\Projets\marketplace\app\Controllers\Connexion.php(29): CodeIgniter\Debug\Exceptions->errorHandler(8, 'Undefined varia...', 'E:\\Projets\\mark...', 29, Array)
#1 E:\Projets\marketplace\system\CodeIgniter.php(914): App\Controllers\Connexion->testme()
#2 E:\Projets\marketplace\system\CodeIgniter.php(400): CodeIgniter\CodeIgniter->runController(Object(App\Controllers\Connexion))
#3 E:\Projets\marketplace\system\CodeIgniter.php(308): CodeIgniter\CodeIgniter->handleRequest(NULL, Object(Config\Cache), false)
#4 E:\Projets\marketplace\public\index.php(45): CodeIgniter\CodeIgniter->run()
#5 E:\Projets\marketplace\system\Commands\Server\rewrite.php(34): require_once('E:\\Projets\\mark...')
#6 {main}
CRITICAL - 2022-08-28 10:29:27 --> Undefined variable: mesrayons
#0 E:\Projets\marketplace\app\Controllers\Connexion.php(29): CodeIgniter\Debug\Exceptions->errorHandler(8, 'Undefined varia...', 'E:\\Projets\\mark...', 29, Array)
#1 E:\Projets\marketplace\system\CodeIgniter.php(914): App\Controllers\Connexion->testme()
#2 E:\Projets\marketplace\system\CodeIgniter.php(400): CodeIgniter\CodeIgniter->runController(Object(App\Controllers\Connexion))
#3 E:\Projets\marketplace\system\CodeIgniter.php(308): CodeIgniter\CodeIgniter->handleRequest(NULL, Object(Config\Cache), false)
#4 E:\Projets\marketplace\public\index.php(45): CodeIgniter\CodeIgniter->run()
#5 E:\Projets\marketplace\system\Commands\Server\rewrite.php(34): require_once('E:\\Projets\\mark...')
#6 {main}
CRITICAL - 2022-08-28 10:29:29 --> Undefined variable: mesrayons
#0 E:\Projets\marketplace\app\Controllers\Connexion.php(29): CodeIgniter\Debug\Exceptions->errorHandler(8, 'Undefined varia...', 'E:\\Projets\\mark...', 29, Array)
#1 E:\Projets\marketplace\system\CodeIgniter.php(914): App\Controllers\Connexion->testme()
#2 E:\Projets\marketplace\system\CodeIgniter.php(400): CodeIgniter\CodeIgniter->runController(Object(App\Controllers\Connexion))
#3 E:\Projets\marketplace\system\CodeIgniter.php(308): CodeIgniter\CodeIgniter->handleRequest(NULL, Object(Config\Cache), false)
#4 E:\Projets\marketplace\public\index.php(45): CodeIgniter\CodeIgniter->run()
#5 E:\Projets\marketplace\system\Commands\Server\rewrite.php(34): require_once('E:\\Projets\\mark...')
#6 {main}
CRITICAL - 2022-08-28 10:31:21 --> Undefined variable: puredata
#0 E:\Projets\marketplace\app\Views\testhtml.php(6): CodeIgniter\Debug\Exceptions->errorHandler(8, 'Undefined varia...', 'E:\\Projets\\mark...', 6, Array)
#1 E:\Projets\marketplace\system\View\View.php(246): include('E:\\Projets\\mark...')
#2 E:\Projets\marketplace\system\Common.php(1087): CodeIgniter\View\View->render('testhtml', Array, true)
#3 E:\Projets\marketplace\app\Controllers\Connexion.php(29): view('testhtml', Array)
#4 E:\Projets\marketplace\system\CodeIgniter.php(914): App\Controllers\Connexion->testme()
#5 E:\Projets\marketplace\system\CodeIgniter.php(400): CodeIgniter\CodeIgniter->runController(Object(App\Controllers\Connexion))
#6 E:\Projets\marketplace\system\CodeIgniter.php(308): CodeIgniter\CodeIgniter->handleRequest(NULL, Object(Config\Cache), false)
#7 E:\Projets\marketplace\public\index.php(45): CodeIgniter\CodeIgniter->run()
#8 E:\Projets\marketplace\system\Commands\Server\rewrite.php(34): require_once('E:\\Projets\\mark...')
#9 {main}
CRITICAL - 2022-08-28 10:31:27 --> Undefined variable: puredata
#0 E:\Projets\marketplace\app\Views\testhtml.php(6): CodeIgniter\Debug\Exceptions->errorHandler(8, 'Undefined varia...', 'E:\\Projets\\mark...', 6, Array)
#1 E:\Projets\marketplace\system\View\View.php(246): include('E:\\Projets\\mark...')
#2 E:\Projets\marketplace\system\Common.php(1087): CodeIgniter\View\View->render('testhtml', Array, true)
#3 E:\Projets\marketplace\app\Controllers\Connexion.php(29): view('testhtml', Array)
#4 E:\Projets\marketplace\system\CodeIgniter.php(914): App\Controllers\Connexion->testme()
#5 E:\Projets\marketplace\system\CodeIgniter.php(400): CodeIgniter\CodeIgniter->runController(Object(App\Controllers\Connexion))
#6 E:\Projets\marketplace\system\CodeIgniter.php(308): CodeIgniter\CodeIgniter->handleRequest(NULL, Object(Config\Cache), false)
#7 E:\Projets\marketplace\public\index.php(45): CodeIgniter\CodeIgniter->run()
#8 E:\Projets\marketplace\system\Commands\Server\rewrite.php(34): require_once('E:\\Projets\\mark...')
#9 {main}
CRITICAL - 2022-08-28 10:33:11 --> Undefined variable: puredata
#0 E:\Projets\marketplace\app\Views\testhtml.php(6): CodeIgniter\Debug\Exceptions->errorHandler(8, 'Undefined varia...', 'E:\\Projets\\mark...', 6, Array)
#1 E:\Projets\marketplace\system\View\View.php(246): include('E:\\Projets\\mark...')
#2 E:\Projets\marketplace\system\Common.php(1087): CodeIgniter\View\View->render('testhtml', Array, true)
#3 E:\Projets\marketplace\app\Controllers\Connexion.php(29): view('testhtml', Array)
#4 E:\Projets\marketplace\system\CodeIgniter.php(914): App\Controllers\Connexion->testme()
#5 E:\Projets\marketplace\system\CodeIgniter.php(400): CodeIgniter\CodeIgniter->runController(Object(App\Controllers\Connexion))
#6 E:\Projets\marketplace\system\CodeIgniter.php(308): CodeIgniter\CodeIgniter->handleRequest(NULL, Object(Config\Cache), false)
#7 E:\Projets\marketplace\public\index.php(45): CodeIgniter\CodeIgniter->run()
#8 E:\Projets\marketplace\system\Commands\Server\rewrite.php(34): require_once('E:\\Projets\\mark...')
#9 {main}
CRITICAL - 2022-08-28 10:33:16 --> Undefined variable: puredata
#0 E:\Projets\marketplace\app\Views\testhtml.php(6): CodeIgniter\Debug\Exceptions->errorHandler(8, 'Undefined varia...', 'E:\\Projets\\mark...', 6, Array)
#1 E:\Projets\marketplace\system\View\View.php(246): include('E:\\Projets\\mark...')
#2 E:\Projets\marketplace\system\Common.php(1087): CodeIgniter\View\View->render('testhtml', Array, true)
#3 E:\Projets\marketplace\app\Controllers\Connexion.php(29): view('testhtml', Array)
#4 E:\Projets\marketplace\system\CodeIgniter.php(914): App\Controllers\Connexion->testme()
#5 E:\Projets\marketplace\system\CodeIgniter.php(400): CodeIgniter\CodeIgniter->runController(Object(App\Controllers\Connexion))
#6 E:\Projets\marketplace\system\CodeIgniter.php(308): CodeIgniter\CodeIgniter->handleRequest(NULL, Object(Config\Cache), false)
#7 E:\Projets\marketplace\public\index.php(45): CodeIgniter\CodeIgniter->run()
#8 E:\Projets\marketplace\system\Commands\Server\rewrite.php(34): require_once('E:\\Projets\\mark...')
#9 {main}
CRITICAL - 2022-08-28 10:33:18 --> Undefined variable: puredata
#0 E:\Projets\marketplace\app\Views\testhtml.php(6): CodeIgniter\Debug\Exceptions->errorHandler(8, 'Undefined varia...', 'E:\\Projets\\mark...', 6, Array)
#1 E:\Projets\marketplace\system\View\View.php(246): include('E:\\Projets\\mark...')
#2 E:\Projets\marketplace\system\Common.php(1087): CodeIgniter\View\View->render('testhtml', Array, true)
#3 E:\Projets\marketplace\app\Controllers\Connexion.php(29): view('testhtml', Array)
#4 E:\Projets\marketplace\system\CodeIgniter.php(914): App\Controllers\Connexion->testme()
#5 E:\Projets\marketplace\system\CodeIgniter.php(400): CodeIgniter\CodeIgniter->runController(Object(App\Controllers\Connexion))
#6 E:\Projets\marketplace\system\CodeIgniter.php(308): CodeIgniter\CodeIgniter->handleRequest(NULL, Object(Config\Cache), false)
#7 E:\Projets\marketplace\public\index.php(45): CodeIgniter\CodeIgniter->run()
#8 E:\Projets\marketplace\system\Commands\Server\rewrite.php(34): require_once('E:\\Projets\\mark...')
#9 {main}
CRITICAL - 2022-08-28 10:34:40 --> Undefined variable: puredata
#0 E:\Projets\marketplace\app\Views\testhtml.php(6): CodeIgniter\Debug\Exceptions->errorHandler(8, 'Undefined varia...', 'E:\\Projets\\mark...', 6, Array)
#1 E:\Projets\marketplace\system\View\View.php(246): include('E:\\Projets\\mark...')
#2 E:\Projets\marketplace\system\Common.php(1087): CodeIgniter\View\View->render('testhtml', Array, true)
#3 E:\Projets\marketplace\app\Controllers\Connexion.php(29): view('testhtml', Array)
#4 E:\Projets\marketplace\system\CodeIgniter.php(914): App\Controllers\Connexion->testme()
#5 E:\Projets\marketplace\system\CodeIgniter.php(400): CodeIgniter\CodeIgniter->runController(Object(App\Controllers\Connexion))
#6 E:\Projets\marketplace\system\CodeIgniter.php(308): CodeIgniter\CodeIgniter->handleRequest(NULL, Object(Config\Cache), false)
#7 E:\Projets\marketplace\public\index.php(45): CodeIgniter\CodeIgniter->run()
#8 E:\Projets\marketplace\system\Commands\Server\rewrite.php(34): require_once('E:\\Projets\\mark...')
#9 {main}
CRITICAL - 2022-08-28 10:34:45 --> Undefined variable: puredata
#0 E:\Projets\marketplace\app\Views\testhtml.php(6): CodeIgniter\Debug\Exceptions->errorHandler(8, 'Undefined varia...', 'E:\\Projets\\mark...', 6, Array)
#1 E:\Projets\marketplace\system\View\View.php(246): include('E:\\Projets\\mark...')
#2 E:\Projets\marketplace\system\Common.php(1087): CodeIgniter\View\View->render('testhtml', Array, true)
#3 E:\Projets\marketplace\app\Controllers\Connexion.php(29): view('testhtml', Array)
#4 E:\Projets\marketplace\system\CodeIgniter.php(914): App\Controllers\Connexion->testme()
#5 E:\Projets\marketplace\system\CodeIgniter.php(400): CodeIgniter\CodeIgniter->runController(Object(App\Controllers\Connexion))
#6 E:\Projets\marketplace\system\CodeIgniter.php(308): CodeIgniter\CodeIgniter->handleRequest(NULL, Object(Config\Cache), false)
#7 E:\Projets\marketplace\public\index.php(45): CodeIgniter\CodeIgniter->run()
#8 E:\Projets\marketplace\system\Commands\Server\rewrite.php(34): require_once('E:\\Projets\\mark...')
#9 {main}
CRITICAL - 2022-08-28 10:34:48 --> Undefined variable: puredata
#0 E:\Projets\marketplace\app\Views\testhtml.php(6): CodeIgniter\Debug\Exceptions->errorHandler(8, 'Undefined varia...', 'E:\\Projets\\mark...', 6, Array)
#1 E:\Projets\marketplace\system\View\View.php(246): include('E:\\Projets\\mark...')
#2 E:\Projets\marketplace\system\Common.php(1087): CodeIgniter\View\View->render('testhtml', Array, true)
#3 E:\Projets\marketplace\app\Controllers\Connexion.php(29): view('testhtml', Array)
#4 E:\Projets\marketplace\system\CodeIgniter.php(914): App\Controllers\Connexion->testme()
#5 E:\Projets\marketplace\system\CodeIgniter.php(400): CodeIgniter\CodeIgniter->runController(Object(App\Controllers\Connexion))
#6 E:\Projets\marketplace\system\CodeIgniter.php(308): CodeIgniter\CodeIgniter->handleRequest(NULL, Object(Config\Cache), false)
#7 E:\Projets\marketplace\public\index.php(45): CodeIgniter\CodeIgniter->run()
#8 E:\Projets\marketplace\system\Commands\Server\rewrite.php(34): require_once('E:\\Projets\\mark...')
#9 {main}
CRITICAL - 2022-08-28 10:35:58 --> Undefined variable: puredata
#0 E:\Projets\marketplace\app\Views\testhtml.php(6): CodeIgniter\Debug\Exceptions->errorHandler(8, 'Undefined varia...', 'E:\\Projets\\mark...', 6, Array)
#1 E:\Projets\marketplace\system\View\View.php(246): include('E:\\Projets\\mark...')
#2 E:\Projets\marketplace\system\Common.php(1087): CodeIgniter\View\View->render('testhtml', Array, true)
#3 E:\Projets\marketplace\app\Controllers\Connexion.php(29): view('testhtml', Array)
#4 E:\Projets\marketplace\system\CodeIgniter.php(914): App\Controllers\Connexion->testme()
#5 E:\Projets\marketplace\system\CodeIgniter.php(400): CodeIgniter\CodeIgniter->runController(Object(App\Controllers\Connexion))
#6 E:\Projets\marketplace\system\CodeIgniter.php(308): CodeIgniter\CodeIgniter->handleRequest(NULL, Object(Config\Cache), false)
#7 E:\Projets\marketplace\public\index.php(45): CodeIgniter\CodeIgniter->run()
#8 E:\Projets\marketplace\system\Commands\Server\rewrite.php(34): require_once('E:\\Projets\\mark...')
#9 {main}
CRITICAL - 2022-08-28 10:36:02 --> Undefined variable: puredata
#0 E:\Projets\marketplace\app\Views\testhtml.php(6): CodeIgniter\Debug\Exceptions->errorHandler(8, 'Undefined varia...', 'E:\\Projets\\mark...', 6, Array)
#1 E:\Projets\marketplace\system\View\View.php(246): include('E:\\Projets\\mark...')
#2 E:\Projets\marketplace\system\Common.php(1087): CodeIgniter\View\View->render('testhtml', Array, true)
#3 E:\Projets\marketplace\app\Controllers\Connexion.php(29): view('testhtml', Array)
#4 E:\Projets\marketplace\system\CodeIgniter.php(914): App\Controllers\Connexion->testme()
#5 E:\Projets\marketplace\system\CodeIgniter.php(400): CodeIgniter\CodeIgniter->runController(Object(App\Controllers\Connexion))
#6 E:\Projets\marketplace\system\CodeIgniter.php(308): CodeIgniter\CodeIgniter->handleRequest(NULL, Object(Config\Cache), false)
#7 E:\Projets\marketplace\public\index.php(45): CodeIgniter\CodeIgniter->run()
#8 E:\Projets\marketplace\system\Commands\Server\rewrite.php(34): require_once('E:\\Projets\\mark...')
#9 {main}
CRITICAL - 2022-08-28 15:25:01 --> Undefined variable: nom
#0 E:\Projets\marketplace\app\Views\testhtml.php(8): CodeIgniter\Debug\Exceptions->errorHandler(8, 'Undefined varia...', 'E:\\Projets\\mark...', 8, Array)
#1 E:\Projets\marketplace\system\View\View.php(246): include('E:\\Projets\\mark...')
#2 E:\Projets\marketplace\system\Common.php(1087): CodeIgniter\View\View->render('testhtml', Array, true)
#3 E:\Projets\marketplace\app\Controllers\Connexion.php(29): view('testhtml', Array)
#4 E:\Projets\marketplace\system\CodeIgniter.php(914): App\Controllers\Connexion->testme()
#5 E:\Projets\marketplace\system\CodeIgniter.php(400): CodeIgniter\CodeIgniter->runController(Object(App\Controllers\Connexion))
#6 E:\Projets\marketplace\system\CodeIgniter.php(308): CodeIgniter\CodeIgniter->handleRequest(NULL, Object(Config\Cache), false)
#7 E:\Projets\marketplace\public\index.php(45): CodeIgniter\CodeIgniter->run()
#8 E:\Projets\marketplace\system\Commands\Server\rewrite.php(34): require_once('E:\\Projets\\mark...')
#9 {main}
CRITICAL - 2022-08-28 15:25:09 --> Undefined variable: nom
#0 E:\Projets\marketplace\app\Views\testhtml.php(8): CodeIgniter\Debug\Exceptions->errorHandler(8, 'Undefined varia...', 'E:\\Projets\\mark...', 8, Array)
#1 E:\Projets\marketplace\system\View\View.php(246): include('E:\\Projets\\mark...')
#2 E:\Projets\marketplace\system\Common.php(1087): CodeIgniter\View\View->render('testhtml', Array, true)
#3 E:\Projets\marketplace\app\Controllers\Connexion.php(29): view('testhtml', Array)
#4 E:\Projets\marketplace\system\CodeIgniter.php(914): App\Controllers\Connexion->testme()
#5 E:\Projets\marketplace\system\CodeIgniter.php(400): CodeIgniter\CodeIgniter->runController(Object(App\Controllers\Connexion))
#6 E:\Projets\marketplace\system\CodeIgniter.php(308): CodeIgniter\CodeIgniter->handleRequest(NULL, Object(Config\Cache), false)
#7 E:\Projets\marketplace\public\index.php(45): CodeIgniter\CodeIgniter->run()
#8 E:\Projets\marketplace\system\Commands\Server\rewrite.php(34): require_once('E:\\Projets\\mark...')
#9 {main}
CRITICAL - 2022-08-28 15:25:11 --> Undefined variable: nom
#0 E:\Projets\marketplace\app\Views\testhtml.php(8): CodeIgniter\Debug\Exceptions->errorHandler(8, 'Undefined varia...', 'E:\\Projets\\mark...', 8, Array)
#1 E:\Projets\marketplace\system\View\View.php(246): include('E:\\Projets\\mark...')
#2 E:\Projets\marketplace\system\Common.php(1087): CodeIgniter\View\View->render('testhtml', Array, true)
#3 E:\Projets\marketplace\app\Controllers\Connexion.php(29): view('testhtml', Array)
#4 E:\Projets\marketplace\system\CodeIgniter.php(914): App\Controllers\Connexion->testme()
#5 E:\Projets\marketplace\system\CodeIgniter.php(400): CodeIgniter\CodeIgniter->runController(Object(App\Controllers\Connexion))
#6 E:\Projets\marketplace\system\CodeIgniter.php(308): CodeIgniter\CodeIgniter->handleRequest(NULL, Object(Config\Cache), false)
#7 E:\Projets\marketplace\public\index.php(45): CodeIgniter\CodeIgniter->run()
#8 E:\Projets\marketplace\system\Commands\Server\rewrite.php(34): require_once('E:\\Projets\\mark...')
#9 {main}
CRITICAL - 2022-08-28 15:26:02 --> Undefined variable: nom
#0 E:\Projets\marketplace\app\Views\testhtml.php(8): CodeIgniter\Debug\Exceptions->errorHandler(8, 'Undefined varia...', 'E:\\Projets\\mark...', 8, Array)
#1 E:\Projets\marketplace\system\View\View.php(246): include('E:\\Projets\\mark...')
#2 E:\Projets\marketplace\system\Common.php(1087): CodeIgniter\View\View->render('testhtml', Array, true)
#3 E:\Projets\marketplace\app\Controllers\Connexion.php(29): view('testhtml', Array)
#4 E:\Projets\marketplace\system\CodeIgniter.php(914): App\Controllers\Connexion->testme()
#5 E:\Projets\marketplace\system\CodeIgniter.php(400): CodeIgniter\CodeIgniter->runController(Object(App\Controllers\Connexion))
#6 E:\Projets\marketplace\system\CodeIgniter.php(308): CodeIgniter\CodeIgniter->handleRequest(NULL, Object(Config\Cache), false)
#7 E:\Projets\marketplace\public\index.php(45): CodeIgniter\CodeIgniter->run()
#8 E:\Projets\marketplace\system\Commands\Server\rewrite.php(34): require_once('E:\\Projets\\mark...')
#9 {main}
CRITICAL - 2022-08-28 15:26:26 --> Undefined variable: nom
#0 E:\Projets\marketplace\app\Views\testhtml.php(8): CodeIgniter\Debug\Exceptions->errorHandler(8, 'Undefined varia...', 'E:\\Projets\\mark...', 8, Array)
#1 E:\Projets\marketplace\system\View\View.php(246): include('E:\\Projets\\mark...')
#2 E:\Projets\marketplace\system\Common.php(1087): CodeIgniter\View\View->render('testhtml', Array, true)
#3 E:\Projets\marketplace\app\Controllers\Connexion.php(29): view('testhtml', Array)
#4 E:\Projets\marketplace\system\CodeIgniter.php(914): App\Controllers\Connexion->testme()
#5 E:\Projets\marketplace\system\CodeIgniter.php(400): CodeIgniter\CodeIgniter->runController(Object(App\Controllers\Connexion))
#6 E:\Projets\marketplace\system\CodeIgniter.php(308): CodeIgniter\CodeIgniter->handleRequest(NULL, Object(Config\Cache), false)
#7 E:\Projets\marketplace\public\index.php(45): CodeIgniter\CodeIgniter->run()
#8 E:\Projets\marketplace\system\Commands\Server\rewrite.php(34): require_once('E:\\Projets\\mark...')
#9 {main}
CRITICAL - 2022-08-28 15:27:55 --> Undefined variable: nom
#0 E:\Projets\marketplace\app\Views\testhtml.php(8): CodeIgniter\Debug\Exceptions->errorHandler(8, 'Undefined varia...', 'E:\\Projets\\mark...', 8, Array)
#1 E:\Projets\marketplace\system\View\View.php(246): include('E:\\Projets\\mark...')
#2 E:\Projets\marketplace\system\Common.php(1087): CodeIgniter\View\View->render('testhtml', Array, true)
#3 E:\Projets\marketplace\app\Controllers\Connexion.php(29): view('testhtml', Array)
#4 E:\Projets\marketplace\system\CodeIgniter.php(914): App\Controllers\Connexion->testme()
#5 E:\Projets\marketplace\system\CodeIgniter.php(400): CodeIgniter\CodeIgniter->runController(Object(App\Controllers\Connexion))
#6 E:\Projets\marketplace\system\CodeIgniter.php(308): CodeIgniter\CodeIgniter->handleRequest(NULL, Object(Config\Cache), false)
#7 E:\Projets\marketplace\public\index.php(45): CodeIgniter\CodeIgniter->run()
#8 E:\Projets\marketplace\system\Commands\Server\rewrite.php(34): require_once('E:\\Projets\\mark...')
#9 {main}
CRITICAL - 2022-08-28 15:27:59 --> Undefined variable: nom
#0 E:\Projets\marketplace\app\Views\testhtml.php(8): CodeIgniter\Debug\Exceptions->errorHandler(8, 'Undefined varia...', 'E:\\Projets\\mark...', 8, Array)
#1 E:\Projets\marketplace\system\View\View.php(246): include('E:\\Projets\\mark...')
#2 E:\Projets\marketplace\system\Common.php(1087): CodeIgniter\View\View->render('testhtml', Array, true)
#3 E:\Projets\marketplace\app\Controllers\Connexion.php(29): view('testhtml', Array)
#4 E:\Projets\marketplace\system\CodeIgniter.php(914): App\Controllers\Connexion->testme()
#5 E:\Projets\marketplace\system\CodeIgniter.php(400): CodeIgniter\CodeIgniter->runController(Object(App\Controllers\Connexion))
#6 E:\Projets\marketplace\system\CodeIgniter.php(308): CodeIgniter\CodeIgniter->handleRequest(NULL, Object(Config\Cache), false)
#7 E:\Projets\marketplace\public\index.php(45): CodeIgniter\CodeIgniter->run()
#8 E:\Projets\marketplace\system\Commands\Server\rewrite.php(34): require_once('E:\\Projets\\mark...')
#9 {main}
CRITICAL - 2022-08-28 15:28:23 --> Undefined variable: nom
#0 E:\Projets\marketplace\app\Views\testhtml.php(8): CodeIgniter\Debug\Exceptions->errorHandler(8, 'Undefined varia...', 'E:\\Projets\\mark...', 8, Array)
#1 E:\Projets\marketplace\system\View\View.php(246): include('E:\\Projets\\mark...')
#2 E:\Projets\marketplace\system\Common.php(1087): CodeIgniter\View\View->render('testhtml', Array, true)
#3 E:\Projets\marketplace\app\Controllers\Connexion.php(29): view('testhtml', Array)
#4 E:\Projets\marketplace\system\CodeIgniter.php(914): App\Controllers\Connexion->testme()
#5 E:\Projets\marketplace\system\CodeIgniter.php(400): CodeIgniter\CodeIgniter->runController(Object(App\Controllers\Connexion))
#6 E:\Projets\marketplace\system\CodeIgniter.php(308): CodeIgniter\CodeIgniter->handleRequest(NULL, Object(Config\Cache), false)
#7 E:\Projets\marketplace\public\index.php(45): CodeIgniter\CodeIgniter->run()
#8 E:\Projets\marketplace\system\Commands\Server\rewrite.php(34): require_once('E:\\Projets\\mark...')
#9 {main}
CRITICAL - 2022-08-28 15:28:25 --> Undefined variable: nom
#0 E:\Projets\marketplace\app\Views\testhtml.php(8): CodeIgniter\Debug\Exceptions->errorHandler(8, 'Undefined varia...', 'E:\\Projets\\mark...', 8, Array)
#1 E:\Projets\marketplace\system\View\View.php(246): include('E:\\Projets\\mark...')
#2 E:\Projets\marketplace\system\Common.php(1087): CodeIgniter\View\View->render('testhtml', Array, true)
#3 E:\Projets\marketplace\app\Controllers\Connexion.php(29): view('testhtml', Array)
#4 E:\Projets\marketplace\system\CodeIgniter.php(914): App\Controllers\Connexion->testme()
#5 E:\Projets\marketplace\system\CodeIgniter.php(400): CodeIgniter\CodeIgniter->runController(Object(App\Controllers\Connexion))
#6 E:\Projets\marketplace\system\CodeIgniter.php(308): CodeIgniter\CodeIgniter->handleRequest(NULL, Object(Config\Cache), false)
#7 E:\Projets\marketplace\public\index.php(45): CodeIgniter\CodeIgniter->run()
#8 E:\Projets\marketplace\system\Commands\Server\rewrite.php(34): require_once('E:\\Projets\\mark...')
#9 {main}
CRITICAL - 2022-08-28 15:28:30 --> Undefined variable: nom
#0 E:\Projets\marketplace\app\Views\testhtml.php(8): CodeIgniter\Debug\Exceptions->errorHandler(8, 'Undefined varia...', 'E:\\Projets\\mark...', 8, Array)
#1 E:\Projets\marketplace\system\View\View.php(246): include('E:\\Projets\\mark...')
#2 E:\Projets\marketplace\system\Common.php(1087): CodeIgniter\View\View->render('testhtml', Array, true)
#3 E:\Projets\marketplace\app\Controllers\Connexion.php(29): view('testhtml', Array)
#4 E:\Projets\marketplace\system\CodeIgniter.php(914): App\Controllers\Connexion->testme()
#5 E:\Projets\marketplace\system\CodeIgniter.php(400): CodeIgniter\CodeIgniter->runController(Object(App\Controllers\Connexion))
#6 E:\Projets\marketplace\system\CodeIgniter.php(308): CodeIgniter\CodeIgniter->handleRequest(NULL, Object(Config\Cache), false)
#7 E:\Projets\marketplace\public\index.php(45): CodeIgniter\CodeIgniter->run()
#8 E:\Projets\marketplace\system\Commands\Server\rewrite.php(34): require_once('E:\\Projets\\mark...')
#9 {main}
CRITICAL - 2022-08-28 15:28:33 --> Undefined variable: nom
#0 E:\Projets\marketplace\app\Views\testhtml.php(8): CodeIgniter\Debug\Exceptions->errorHandler(8, 'Undefined varia...', 'E:\\Projets\\mark...', 8, Array)
#1 E:\Projets\marketplace\system\View\View.php(246): include('E:\\Projets\\mark...')
#2 E:\Projets\marketplace\system\Common.php(1087): CodeIgniter\View\View->render('testhtml', Array, true)
#3 E:\Projets\marketplace\app\Controllers\Connexion.php(29): view('testhtml', Array)
#4 E:\Projets\marketplace\system\CodeIgniter.php(914): App\Controllers\Connexion->testme()
#5 E:\Projets\marketplace\system\CodeIgniter.php(400): CodeIgniter\CodeIgniter->runController(Object(App\Controllers\Connexion))
#6 E:\Projets\marketplace\system\CodeIgniter.php(308): CodeIgniter\CodeIgniter->handleRequest(NULL, Object(Config\Cache), false)
#7 E:\Projets\marketplace\public\index.php(45): CodeIgniter\CodeIgniter->run()
#8 E:\Projets\marketplace\system\Commands\Server\rewrite.php(34): require_once('E:\\Projets\\mark...')
#9 {main}
CRITICAL - 2022-08-28 23:13:13 --> Undefined index: product
#0 E:\Projets\marketplace\app\Views\storebackoffice\mystore.php(92): CodeIgniter\Debug\Exceptions->errorHandler(8, 'Undefined index...', 'E:\\Projets\\mark...', 92, Array)
#1 E:\Projets\marketplace\system\View\View.php(246): include('E:\\Projets\\mark...')
#2 E:\Projets\marketplace\system\Common.php(1087): CodeIgniter\View\View->render('storebackoffice...', Array, true)
#3 E:\Projets\marketplace\app\Controllers\Storebackoffice.php(28): view('storebackoffice...')
#4 E:\Projets\marketplace\system\CodeIgniter.php(914): App\Controllers\Storebackoffice->mystore()
#5 E:\Projets\marketplace\system\CodeIgniter.php(400): CodeIgniter\CodeIgniter->runController(Object(App\Controllers\Storebackoffice))
#6 E:\Projets\marketplace\system\CodeIgniter.php(308): CodeIgniter\CodeIgniter->handleRequest(NULL, Object(Config\Cache), false)
#7 E:\Projets\marketplace\public\index.php(45): CodeIgniter\CodeIgniter->run()
#8 E:\Projets\marketplace\system\Commands\Server\rewrite.php(34): require_once('E:\\Projets\\mark...')
#9 {main}
CRITICAL - 2022-08-28 23:13:38 --> Undefined index: produit
#0 E:\Projets\marketplace\app\Views\storebackoffice\mystore.php(92): CodeIgniter\Debug\Exceptions->errorHandler(8, 'Undefined index...', 'E:\\Projets\\mark...', 92, Array)
#1 E:\Projets\marketplace\system\View\View.php(246): include('E:\\Projets\\mark...')
#2 E:\Projets\marketplace\system\Common.php(1087): CodeIgniter\View\View->render('storebackoffice...', Array, true)
#3 E:\Projets\marketplace\app\Controllers\Storebackoffice.php(28): view('storebackoffice...')
#4 E:\Projets\marketplace\system\CodeIgniter.php(914): App\Controllers\Storebackoffice->mystore()
#5 E:\Projets\marketplace\system\CodeIgniter.php(400): CodeIgniter\CodeIgniter->runController(Object(App\Controllers\Storebackoffice))
#6 E:\Projets\marketplace\system\CodeIgniter.php(308): CodeIgniter\CodeIgniter->handleRequest(NULL, Object(Config\Cache), false)
#7 E:\Projets\marketplace\public\index.php(45): CodeIgniter\CodeIgniter->run()
#8 E:\Projets\marketplace\system\Commands\Server\rewrite.php(34): require_once('E:\\Projets\\mark...')
#9 {main}
CRITICAL - 2022-08-28 23:13:48 --> Illegal string offset 'id'
#0 E:\Projets\marketplace\app\Views\storebackoffice\mystore.php(92): CodeIgniter\Debug\Exceptions->errorHandler(2, 'Illegal string ...', 'E:\\Projets\\mark...', 92, Array)
#1 E:\Projets\marketplace\system\View\View.php(246): include('E:\\Projets\\mark...')
#2 E:\Projets\marketplace\system\Common.php(1087): CodeIgniter\View\View->render('storebackoffice...', Array, true)
#3 E:\Projets\marketplace\app\Controllers\Storebackoffice.php(28): view('storebackoffice...')
#4 E:\Projets\marketplace\system\CodeIgniter.php(914): App\Controllers\Storebackoffice->mystore()
#5 E:\Projets\marketplace\system\CodeIgniter.php(400): CodeIgniter\CodeIgniter->runController(Object(App\Controllers\Storebackoffice))
#6 E:\Projets\marketplace\system\CodeIgniter.php(308): CodeIgniter\CodeIgniter->handleRequest(NULL, Object(Config\Cache), false)
#7 E:\Projets\marketplace\public\index.php(45): CodeIgniter\CodeIgniter->run()
#8 E:\Projets\marketplace\system\Commands\Server\rewrite.php(34): require_once('E:\\Projets\\mark...')
#9 {main}
CRITICAL - 2022-08-28 23:17:20 --> Undefined index: nom
#0 E:\Projets\marketplace\app\Views\storebackoffice\mystore.php(76): CodeIgniter\Debug\Exceptions->errorHandler(8, 'Undefined index...', 'E:\\Projets\\mark...', 76, Array)
#1 E:\Projets\marketplace\system\View\View.php(246): include('E:\\Projets\\mark...')
#2 E:\Projets\marketplace\system\Common.php(1087): CodeIgniter\View\View->render('storebackoffice...', Array, true)
#3 E:\Projets\marketplace\app\Controllers\Storebackoffice.php(28): view('storebackoffice...')
#4 E:\Projets\marketplace\system\CodeIgniter.php(914): App\Controllers\Storebackoffice->mystore()
#5 E:\Projets\marketplace\system\CodeIgniter.php(400): CodeIgniter\CodeIgniter->runController(Object(App\Controllers\Storebackoffice))
#6 E:\Projets\marketplace\system\CodeIgniter.php(308): CodeIgniter\CodeIgniter->handleRequest(NULL, Object(Config\Cache), false)
#7 E:\Projets\marketplace\public\index.php(45): CodeIgniter\CodeIgniter->run()
#8 E:\Projets\marketplace\system\Commands\Server\rewrite.php(34): require_once('E:\\Projets\\mark...')
#9 {main}
CRITICAL - 2022-08-28 23:19:58 --> Trying to get property 'nom' of non-object
#0 E:\Projets\marketplace\app\Views\storebackoffice\mystore.php(76): CodeIgniter\Debug\Exceptions->errorHandler(8, 'Trying to get p...', 'E:\\Projets\\mark...', 76, Array)
#1 E:\Projets\marketplace\system\View\View.php(246): include('E:\\Projets\\mark...')
#2 E:\Projets\marketplace\system\Common.php(1087): CodeIgniter\View\View->render('storebackoffice...', Array, true)
#3 E:\Projets\marketplace\app\Controllers\Storebackoffice.php(28): view('storebackoffice...')
#4 E:\Projets\marketplace\system\CodeIgniter.php(914): App\Controllers\Storebackoffice->mystore()
#5 E:\Projets\marketplace\system\CodeIgniter.php(400): CodeIgniter\CodeIgniter->runController(Object(App\Controllers\Storebackoffice))
#6 E:\Projets\marketplace\system\CodeIgniter.php(308): CodeIgniter\CodeIgniter->handleRequest(NULL, Object(Config\Cache), false)
#7 E:\Projets\marketplace\public\index.php(45): CodeIgniter\CodeIgniter->run()
#8 E:\Projets\marketplace\system\Commands\Server\rewrite.php(34): require_once('E:\\Projets\\mark...')
#9 {main}
CRITICAL - 2022-08-28 23:21:56 --> Call to a member function getProduct() on null
#0 E:\Projets\marketplace\system\CodeIgniter.php(914): App\Controllers\Storebackoffice->mystore()
#1 E:\Projets\marketplace\system\CodeIgniter.php(400): CodeIgniter\CodeIgniter->runController(Object(App\Controllers\Storebackoffice))
#2 E:\Projets\marketplace\system\CodeIgniter.php(308): CodeIgniter\CodeIgniter->handleRequest(NULL, Object(Config\Cache), false)
#3 E:\Projets\marketplace\public\index.php(45): CodeIgniter\CodeIgniter->run()
#4 E:\Projets\marketplace\system\Commands\Server\rewrite.php(34): require_once('E:\\Projets\\mark...')
#5 {main}
CRITICAL - 2022-08-28 23:23:12 --> Trying to get property 'nom' of non-object
#0 E:\Projets\marketplace\app\Views\storebackoffice\mystore.php(76): CodeIgniter\Debug\Exceptions->errorHandler(8, 'Trying to get p...', 'E:\\Projets\\mark...', 76, Array)
#1 E:\Projets\marketplace\system\View\View.php(246): include('E:\\Projets\\mark...')
#2 E:\Projets\marketplace\system\Common.php(1087): CodeIgniter\View\View->render('storebackoffice...', Array, true)
#3 E:\Projets\marketplace\app\Controllers\Storebackoffice.php(28): view('storebackoffice...')
#4 E:\Projets\marketplace\system\CodeIgniter.php(914): App\Controllers\Storebackoffice->mystore()
#5 E:\Projets\marketplace\system\CodeIgniter.php(400): CodeIgniter\CodeIgniter->runController(Object(App\Controllers\Storebackoffice))
#6 E:\Projets\marketplace\system\CodeIgniter.php(308): CodeIgniter\CodeIgniter->handleRequest(NULL, Object(Config\Cache), false)
#7 E:\Projets\marketplace\public\index.php(45): CodeIgniter\CodeIgniter->run()
#8 E:\Projets\marketplace\system\Commands\Server\rewrite.php(34): require_once('E:\\Projets\\mark...')
#9 {main}
CRITICAL - 2022-08-28 23:25:20 --> Trying to get property 'rayon' of non-object
#0 E:\Projets\marketplace\app\Views\storebackoffice\mystore.php(80): CodeIgniter\Debug\Exceptions->errorHandler(8, 'Trying to get p...', 'E:\\Projets\\mark...', 80, Array)
#1 E:\Projets\marketplace\system\View\View.php(246): include('E:\\Projets\\mark...')
#2 E:\Projets\marketplace\system\Common.php(1087): CodeIgniter\View\View->render('storebackoffice...', Array, true)
#3 E:\Projets\marketplace\app\Controllers\Storebackoffice.php(28): view('storebackoffice...')
#4 E:\Projets\marketplace\system\CodeIgniter.php(914): App\Controllers\Storebackoffice->mystore()
#5 E:\Projets\marketplace\system\CodeIgniter.php(400): CodeIgniter\CodeIgniter->runController(Object(App\Controllers\Storebackoffice))
#6 E:\Projets\marketplace\system\CodeIgniter.php(308): CodeIgniter\CodeIgniter->handleRequest(NULL, Object(Config\Cache), false)
#7 E:\Projets\marketplace\public\index.php(45): CodeIgniter\CodeIgniter->run()
#8 E:\Projets\marketplace\system\Commands\Server\rewrite.php(34): require_once('E:\\Projets\\mark...')
#9 {main}
CRITICAL - 2022-08-28 23:55:27 --> Call to a member function modifyoneproduct() on null
#0 E:\Projets\marketplace\system\CodeIgniter.php(914): App\Controllers\Storebackoffice->modifyproduct('1')
#1 E:\Projets\marketplace\system\CodeIgniter.php(400): CodeIgniter\CodeIgniter->runController(Object(App\Controllers\Storebackoffice))
#2 E:\Projets\marketplace\system\CodeIgniter.php(308): CodeIgniter\CodeIgniter->handleRequest(NULL, Object(Config\Cache), false)
#3 E:\Projets\marketplace\public\index.php(45): CodeIgniter\CodeIgniter->run()
#4 E:\Projets\marketplace\system\Commands\Server\rewrite.php(34): require_once('E:\\Projets\\mark...')
#5 {main}
CRITICAL - 2022-08-28 23:55:38 --> Call to a member function modifyoneproduct() on null
#0 E:\Projets\marketplace\system\CodeIgniter.php(914): App\Controllers\Storebackoffice->modifyproduct('3')
#1 E:\Projets\marketplace\system\CodeIgniter.php(400): CodeIgniter\CodeIgniter->runController(Object(App\Controllers\Storebackoffice))
#2 E:\Projets\marketplace\system\CodeIgniter.php(308): CodeIgniter\CodeIgniter->handleRequest(NULL, Object(Config\Cache), false)
#3 E:\Projets\marketplace\public\index.php(45): CodeIgniter\CodeIgniter->run()
#4 E:\Projets\marketplace\system\Commands\Server\rewrite.php(34): require_once('E:\\Projets\\mark...')
#5 {main}
