CRITICAL - 2022-09-02 01:25:28 --> Undefined variable: productsx
#0 E:\Projets\marketplace\app\Views\addons\selectedproducts.php(2): CodeIgniter\Debug\Exceptions->errorHandler(8, 'Undefined varia...', 'E:\\Projets\\mark...', 2, Array)
#1 E:\Projets\marketplace\system\View\View.php(246): include('E:\\Projets\\mark...')
#2 E:\Projets\marketplace\system\Common.php(1087): CodeIgniter\View\View->render('addons/selected...', Array, true)
#3 E:\Projets\marketplace\app\Controllers\Addons.php(38): view('addons/selected...', Array)
#4 E:\Projets\marketplace\system\CodeIgniter.php(914): App\Controllers\Addons->changeselectedproduct('getSelectedProd...', '4', '6', 'selectedproduct...')
#5 E:\Projets\marketplace\system\CodeIgniter.php(400): CodeIgniter\CodeIgniter->runController(Object(App\Controllers\Addons))
#6 E:\Projets\marketplace\system\CodeIgniter.php(308): CodeIgniter\CodeIgniter->handleRequest(NULL, Object(Config\Cache), false)
#7 E:\Projets\marketplace\public\index.php(45): CodeIgniter\CodeIgniter->run()
#8 E:\Projets\marketplace\system\Commands\Server\rewrite.php(34): require_once('E:\\Projets\\mark...')
#9 {main}
CRITICAL - 2022-09-02 01:26:39 --> Undefined variable: productsx
#0 E:\Projets\marketplace\app\Views\addons\selectedproducts.php(2): CodeIgniter\Debug\Exceptions->errorHandler(8, 'Undefined varia...', 'E:\\Projets\\mark...', 2, Array)
#1 E:\Projets\marketplace\system\View\View.php(246): include('E:\\Projets\\mark...')
#2 E:\Projets\marketplace\system\Common.php(1087): CodeIgniter\View\View->render('addons/selected...', Array, true)
#3 E:\Projets\marketplace\app\Controllers\Addons.php(38): view('addons/selected...', Array)
#4 E:\Projets\marketplace\system\CodeIgniter.php(914): App\Controllers\Addons->changeselectedproduct('getSelectedProd...', '2', '6', 'selectedproduct...')
#5 E:\Projets\marketplace\system\CodeIgniter.php(400): CodeIgniter\CodeIgniter->runController(Object(App\Controllers\Addons))
#6 E:\Projets\marketplace\system\CodeIgniter.php(308): CodeIgniter\CodeIgniter->handleRequest(NULL, Object(Config\Cache), false)
#7 E:\Projets\marketplace\public\index.php(45): CodeIgniter\CodeIgniter->run()
#8 E:\Projets\marketplace\system\Commands\Server\rewrite.php(34): require_once('E:\\Projets\\mark...')
#9 {main}
CRITICAL - 2022-09-02 01:35:17 --> Too few arguments to function App\Controllers\Addons::changeselectedproduct(), 1 passed in E:\Projets\marketplace\system\CodeIgniter.php on line 914 and exactly 4 expected
#0 E:\Projets\marketplace\system\CodeIgniter.php(914): App\Controllers\Addons->changeselectedproduct('3')
#1 E:\Projets\marketplace\system\CodeIgniter.php(400): CodeIgniter\CodeIgniter->runController(Object(App\Controllers\Addons))
#2 E:\Projets\marketplace\system\CodeIgniter.php(308): CodeIgniter\CodeIgniter->handleRequest(NULL, Object(Config\Cache), false)
#3 E:\Projets\marketplace\public\index.php(45): CodeIgniter\CodeIgniter->run()
#4 E:\Projets\marketplace\system\Commands\Server\rewrite.php(34): require_once('E:\\Projets\\mark...')
#5 {main}
CRITICAL - 2022-09-02 01:35:21 --> Too few arguments to function App\Controllers\Addons::changeselectedproduct(), 1 passed in E:\Projets\marketplace\system\CodeIgniter.php on line 914 and exactly 4 expected
#0 E:\Projets\marketplace\system\CodeIgniter.php(914): App\Controllers\Addons->changeselectedproduct('7')
#1 E:\Projets\marketplace\system\CodeIgniter.php(400): CodeIgniter\CodeIgniter->runController(Object(App\Controllers\Addons))
#2 E:\Projets\marketplace\system\CodeIgniter.php(308): CodeIgniter\CodeIgniter->handleRequest(NULL, Object(Config\Cache), false)
#3 E:\Projets\marketplace\public\index.php(45): CodeIgniter\CodeIgniter->run()
#4 E:\Projets\marketplace\system\Commands\Server\rewrite.php(34): require_once('E:\\Projets\\mark...')
#5 {main}
CRITICAL - 2022-09-02 01:36:20 --> Too few arguments to function App\Controllers\Addons::changeselectedproduct(), 1 passed in E:\Projets\marketplace\system\CodeIgniter.php on line 914 and exactly 4 expected
#0 E:\Projets\marketplace\system\CodeIgniter.php(914): App\Controllers\Addons->changeselectedproduct('4')
#1 E:\Projets\marketplace\system\CodeIgniter.php(400): CodeIgniter\CodeIgniter->runController(Object(App\Controllers\Addons))
#2 E:\Projets\marketplace\system\CodeIgniter.php(308): CodeIgniter\CodeIgniter->handleRequest(NULL, Object(Config\Cache), false)
#3 E:\Projets\marketplace\public\index.php(45): CodeIgniter\CodeIgniter->run()
#4 E:\Projets\marketplace\system\Commands\Server\rewrite.php(34): require_once('E:\\Projets\\mark...')
#5 {main}
CRITICAL - 2022-09-02 01:36:27 --> Too few arguments to function App\Controllers\Addons::changeselectedproduct(), 1 passed in E:\Projets\marketplace\system\CodeIgniter.php on line 914 and exactly 4 expected
#0 E:\Projets\marketplace\system\CodeIgniter.php(914): App\Controllers\Addons->changeselectedproduct('6')
#1 E:\Projets\marketplace\system\CodeIgniter.php(400): CodeIgniter\CodeIgniter->runController(Object(App\Controllers\Addons))
#2 E:\Projets\marketplace\system\CodeIgniter.php(308): CodeIgniter\CodeIgniter->handleRequest(NULL, Object(Config\Cache), false)
#3 E:\Projets\marketplace\public\index.php(45): CodeIgniter\CodeIgniter->run()
#4 E:\Projets\marketplace\system\Commands\Server\rewrite.php(34): require_once('E:\\Projets\\mark...')
#5 {main}
CRITICAL - 2022-09-02 01:38:53 --> Undefined variable: productsx
#0 E:\Projets\marketplace\app\Views\addons\selectedproducts.php(2): CodeIgniter\Debug\Exceptions->errorHandler(8, 'Undefined varia...', 'E:\\Projets\\mark...', 2, Array)
#1 E:\Projets\marketplace\system\View\View.php(246): include('E:\\Projets\\mark...')
#2 E:\Projets\marketplace\system\Common.php(1087): CodeIgniter\View\View->render('addons/selected...', Array, true)
#3 E:\Projets\marketplace\app\Controllers\Addons.php(38): view('addons/selected...', Array)
#4 E:\Projets\marketplace\system\CodeIgniter.php(914): App\Controllers\Addons->changeselectedproduct('getSelectedProd...', '5', '6', 'selectedproduct...')
#5 E:\Projets\marketplace\system\CodeIgniter.php(400): CodeIgniter\CodeIgniter->runController(Object(App\Controllers\Addons))
#6 E:\Projets\marketplace\system\CodeIgniter.php(308): CodeIgniter\CodeIgniter->handleRequest(NULL, Object(Config\Cache), false)
#7 E:\Projets\marketplace\public\index.php(45): CodeIgniter\CodeIgniter->run()
#8 E:\Projets\marketplace\system\Commands\Server\rewrite.php(34): require_once('E:\\Projets\\mark...')
#9 {main}
CRITICAL - 2022-09-02 01:38:57 --> Undefined variable: productsx
#0 E:\Projets\marketplace\app\Views\addons\selectedproducts.php(2): CodeIgniter\Debug\Exceptions->errorHandler(8, 'Undefined varia...', 'E:\\Projets\\mark...', 2, Array)
#1 E:\Projets\marketplace\system\View\View.php(246): include('E:\\Projets\\mark...')
#2 E:\Projets\marketplace\system\Common.php(1087): CodeIgniter\View\View->render('addons/selected...', Array, true)
#3 E:\Projets\marketplace\app\Controllers\Addons.php(38): view('addons/selected...', Array)
#4 E:\Projets\marketplace\system\CodeIgniter.php(914): App\Controllers\Addons->changeselectedproduct('getSelectedProd...', '1', '6', 'selectedproduct...')
#5 E:\Projets\marketplace\system\CodeIgniter.php(400): CodeIgniter\CodeIgniter->runController(Object(App\Controllers\Addons))
#6 E:\Projets\marketplace\system\CodeIgniter.php(308): CodeIgniter\CodeIgniter->handleRequest(NULL, Object(Config\Cache), false)
#7 E:\Projets\marketplace\public\index.php(45): CodeIgniter\CodeIgniter->run()
#8 E:\Projets\marketplace\system\Commands\Server\rewrite.php(34): require_once('E:\\Projets\\mark...')
#9 {main}
CRITICAL - 2022-09-02 01:40:04 --> Undefined variable: productsx
#0 E:\Projets\marketplace\app\Views\addons\selectedproducts.php(2): CodeIgniter\Debug\Exceptions->errorHandler(8, 'Undefined varia...', 'E:\\Projets\\mark...', 2, Array)
#1 E:\Projets\marketplace\system\View\View.php(246): include('E:\\Projets\\mark...')
#2 E:\Projets\marketplace\system\Common.php(1087): CodeIgniter\View\View->render('addons/selected...', Array, true)
#3 E:\Projets\marketplace\app\Controllers\Addons.php(38): view('addons/selected...', Array)
#4 E:\Projets\marketplace\system\CodeIgniter.php(914): App\Controllers\Addons->changeselectedproduct('getSelectedProd...', '4', '6', 'selectedproduct...')
#5 E:\Projets\marketplace\system\CodeIgniter.php(400): CodeIgniter\CodeIgniter->runController(Object(App\Controllers\Addons))
#6 E:\Projets\marketplace\system\CodeIgniter.php(308): CodeIgniter\CodeIgniter->handleRequest(NULL, Object(Config\Cache), false)
#7 E:\Projets\marketplace\public\index.php(45): CodeIgniter\CodeIgniter->run()
#8 E:\Projets\marketplace\system\Commands\Server\rewrite.php(34): require_once('E:\\Projets\\mark...')
#9 {main}
CRITICAL - 2022-09-02 01:40:07 --> Undefined variable: productsx
#0 E:\Projets\marketplace\app\Views\addons\selectedproducts.php(2): CodeIgniter\Debug\Exceptions->errorHandler(8, 'Undefined varia...', 'E:\\Projets\\mark...', 2, Array)
#1 E:\Projets\marketplace\system\View\View.php(246): include('E:\\Projets\\mark...')
#2 E:\Projets\marketplace\system\Common.php(1087): CodeIgniter\View\View->render('addons/selected...', Array, true)
#3 E:\Projets\marketplace\app\Controllers\Addons.php(38): view('addons/selected...', Array)
#4 E:\Projets\marketplace\system\CodeIgniter.php(914): App\Controllers\Addons->changeselectedproduct('getSelectedProd...', '2', '6', 'selectedproduct...')
#5 E:\Projets\marketplace\system\CodeIgniter.php(400): CodeIgniter\CodeIgniter->runController(Object(App\Controllers\Addons))
#6 E:\Projets\marketplace\system\CodeIgniter.php(308): CodeIgniter\CodeIgniter->handleRequest(NULL, Object(Config\Cache), false)
#7 E:\Projets\marketplace\public\index.php(45): CodeIgniter\CodeIgniter->run()
#8 E:\Projets\marketplace\system\Commands\Server\rewrite.php(34): require_once('E:\\Projets\\mark...')
#9 {main}
CRITICAL - 2022-09-02 01:44:49 --> Undefined variable: productsx
#0 E:\Projets\marketplace\app\Views\addons\selectedproducts.php(2): CodeIgniter\Debug\Exceptions->errorHandler(8, 'Undefined varia...', 'E:\\Projets\\mark...', 2, Array)
#1 E:\Projets\marketplace\system\View\View.php(246): include('E:\\Projets\\mark...')
#2 E:\Projets\marketplace\system\Common.php(1087): CodeIgniter\View\View->render('addons/selected...', Array, true)
#3 E:\Projets\marketplace\app\Controllers\Addons.php(38): view('addons/selected...', Array)
#4 E:\Projets\marketplace\system\CodeIgniter.php(914): App\Controllers\Addons->changeselectedproduct('getSelectedProd...', '5', '6', 'selectedproduct...')
#5 E:\Projets\marketplace\system\CodeIgniter.php(400): CodeIgniter\CodeIgniter->runController(Object(App\Controllers\Addons))
#6 E:\Projets\marketplace\system\CodeIgniter.php(308): CodeIgniter\CodeIgniter->handleRequest(NULL, Object(Config\Cache), false)
#7 E:\Projets\marketplace\public\index.php(45): CodeIgniter\CodeIgniter->run()
#8 E:\Projets\marketplace\system\Commands\Server\rewrite.php(34): require_once('E:\\Projets\\mark...')
#9 {main}
CRITICAL - 2022-09-02 01:49:39 --> Undefined variable: productsx
#0 E:\Projets\marketplace\app\Views\addons\selectedproducts.php(2): CodeIgniter\Debug\Exceptions->errorHandler(8, 'Undefined varia...', 'E:\\Projets\\mark...', 2, Array)
#1 E:\Projets\marketplace\system\View\View.php(246): include('E:\\Projets\\mark...')
#2 E:\Projets\marketplace\system\Common.php(1087): CodeIgniter\View\View->render('addons/selected...', Array, true)
#3 E:\Projets\marketplace\app\Controllers\Addons.php(38): view('addons/selected...', Array)
#4 E:\Projets\marketplace\system\CodeIgniter.php(914): App\Controllers\Addons->changeselectedproduct('getSelectedProd...', '4', '6', 'selectedproduct...')
#5 E:\Projets\marketplace\system\CodeIgniter.php(400): CodeIgniter\CodeIgniter->runController(Object(App\Controllers\Addons))
#6 E:\Projets\marketplace\system\CodeIgniter.php(308): CodeIgniter\CodeIgniter->handleRequest(NULL, Object(Config\Cache), false)
#7 E:\Projets\marketplace\public\index.php(45): CodeIgniter\CodeIgniter->run()
#8 E:\Projets\marketplace\system\Commands\Server\rewrite.php(34): require_once('E:\\Projets\\mark...')
#9 {main}
CRITICAL - 2022-09-02 01:49:42 --> Undefined variable: productsx
#0 E:\Projets\marketplace\app\Views\addons\selectedproducts.php(2): CodeIgniter\Debug\Exceptions->errorHandler(8, 'Undefined varia...', 'E:\\Projets\\mark...', 2, Array)
#1 E:\Projets\marketplace\system\View\View.php(246): include('E:\\Projets\\mark...')
#2 E:\Projets\marketplace\system\Common.php(1087): CodeIgniter\View\View->render('addons/selected...', Array, true)
#3 E:\Projets\marketplace\app\Controllers\Addons.php(38): view('addons/selected...', Array)
#4 E:\Projets\marketplace\system\CodeIgniter.php(914): App\Controllers\Addons->changeselectedproduct('getSelectedProd...', '8', '6', 'selectedproduct...')
#5 E:\Projets\marketplace\system\CodeIgniter.php(400): CodeIgniter\CodeIgniter->runController(Object(App\Controllers\Addons))
#6 E:\Projets\marketplace\system\CodeIgniter.php(308): CodeIgniter\CodeIgniter->handleRequest(NULL, Object(Config\Cache), false)
#7 E:\Projets\marketplace\public\index.php(45): CodeIgniter\CodeIgniter->run()
#8 E:\Projets\marketplace\system\Commands\Server\rewrite.php(34): require_once('E:\\Projets\\mark...')
#9 {main}
CRITICAL - 2022-09-02 01:50:40 --> Undefined variable: productsx
#0 E:\Projets\marketplace\app\Views\addons\selectedproducts.php(2): CodeIgniter\Debug\Exceptions->errorHandler(8, 'Undefined varia...', 'E:\\Projets\\mark...', 2, Array)
#1 E:\Projets\marketplace\system\View\View.php(246): include('E:\\Projets\\mark...')
#2 E:\Projets\marketplace\system\Common.php(1087): CodeIgniter\View\View->render('addons/selected...', Array, true)
#3 E:\Projets\marketplace\app\Controllers\Addons.php(38): view('addons/selected...', Array)
#4 E:\Projets\marketplace\system\CodeIgniter.php(914): App\Controllers\Addons->changeselectedproduct('getSelectedProd...', '3', '6', 'selectedproduct...')
#5 E:\Projets\marketplace\system\CodeIgniter.php(400): CodeIgniter\CodeIgniter->runController(Object(App\Controllers\Addons))
#6 E:\Projets\marketplace\system\CodeIgniter.php(308): CodeIgniter\CodeIgniter->handleRequest(NULL, Object(Config\Cache), false)
#7 E:\Projets\marketplace\public\index.php(45): CodeIgniter\CodeIgniter->run()
#8 E:\Projets\marketplace\system\Commands\Server\rewrite.php(34): require_once('E:\\Projets\\mark...')
#9 {main}
CRITICAL - 2022-09-02 01:53:26 --> Call to undefined method App\Controllers\Produit::changeselectedproduct()
#0 E:\Projets\marketplace\system\CodeIgniter.php(914): App\Controllers\Addons->changeselectedproduct('changeselectedp...', '4', '6', 'selectedproduct...')
#1 E:\Projets\marketplace\system\CodeIgniter.php(400): CodeIgniter\CodeIgniter->runController(Object(App\Controllers\Addons))
#2 E:\Projets\marketplace\system\CodeIgniter.php(308): CodeIgniter\CodeIgniter->handleRequest(NULL, Object(Config\Cache), false)
#3 E:\Projets\marketplace\public\index.php(45): CodeIgniter\CodeIgniter->run()
#4 E:\Projets\marketplace\system\Commands\Server\rewrite.php(34): require_once('E:\\Projets\\mark...')
#5 {main}
CRITICAL - 2022-09-02 01:53:34 --> Call to undefined method App\Controllers\Produit::changeselectedproduct()
#0 E:\Projets\marketplace\system\CodeIgniter.php(914): App\Controllers\Addons->changeselectedproduct('changeselectedp...', '2', '6', 'selectedproduct...')
#1 E:\Projets\marketplace\system\CodeIgniter.php(400): CodeIgniter\CodeIgniter->runController(Object(App\Controllers\Addons))
#2 E:\Projets\marketplace\system\CodeIgniter.php(308): CodeIgniter\CodeIgniter->handleRequest(NULL, Object(Config\Cache), false)
#3 E:\Projets\marketplace\public\index.php(45): CodeIgniter\CodeIgniter->run()
#4 E:\Projets\marketplace\system\Commands\Server\rewrite.php(34): require_once('E:\\Projets\\mark...')
#5 {main}
CRITICAL - 2022-09-02 01:56:54 --> Undefined variable: productsx
#0 E:\Projets\marketplace\app\Views\addons\selectedproducts.php(2): CodeIgniter\Debug\Exceptions->errorHandler(8, 'Undefined varia...', 'E:\\Projets\\mark...', 2, Array)
#1 E:\Projets\marketplace\system\View\View.php(246): include('E:\\Projets\\mark...')
#2 E:\Projets\marketplace\system\Common.php(1087): CodeIgniter\View\View->render('addons/selected...', Array, true)
#3 E:\Projets\marketplace\app\Controllers\Addons.php(38): view('addons/selected...', Array)
#4 E:\Projets\marketplace\system\CodeIgniter.php(914): App\Controllers\Addons->changeselectedproduct('getSelectedProd...', '3', '6', 'selectedproduct...')
#5 E:\Projets\marketplace\system\CodeIgniter.php(400): CodeIgniter\CodeIgniter->runController(Object(App\Controllers\Addons))
#6 E:\Projets\marketplace\system\CodeIgniter.php(308): CodeIgniter\CodeIgniter->handleRequest(NULL, Object(Config\Cache), false)
#7 E:\Projets\marketplace\public\index.php(45): CodeIgniter\CodeIgniter->run()
#8 E:\Projets\marketplace\system\Commands\Server\rewrite.php(34): require_once('E:\\Projets\\mark...')
#9 {main}
CRITICAL - 2022-09-02 01:58:00 --> Undefined variable: productsx
#0 E:\Projets\marketplace\app\Views\addons\selectedproducts.php(2): CodeIgniter\Debug\Exceptions->errorHandler(8, 'Undefined varia...', 'E:\\Projets\\mark...', 2, Array)
#1 E:\Projets\marketplace\system\View\View.php(246): include('E:\\Projets\\mark...')
#2 E:\Projets\marketplace\system\Common.php(1087): CodeIgniter\View\View->render('addons/selected...', Array, true)
#3 E:\Projets\marketplace\app\Controllers\Addons.php(38): view('addons/selected...', Array)
#4 E:\Projets\marketplace\system\CodeIgniter.php(914): App\Controllers\Addons->changeselectedproduct('getSelectedProd...', '5', '6', 'selectedproduct...')
#5 E:\Projets\marketplace\system\CodeIgniter.php(400): CodeIgniter\CodeIgniter->runController(Object(App\Controllers\Addons))
#6 E:\Projets\marketplace\system\CodeIgniter.php(308): CodeIgniter\CodeIgniter->handleRequest(NULL, Object(Config\Cache), false)
#7 E:\Projets\marketplace\public\index.php(45): CodeIgniter\CodeIgniter->run()
#8 E:\Projets\marketplace\system\Commands\Server\rewrite.php(34): require_once('E:\\Projets\\mark...')
#9 {main}
CRITICAL - 2022-09-02 19:03:34 --> Undefined variable: data
#0 E:\Projets\marketplace\app\Controllers\Accueil.php(18): CodeIgniter\Debug\Exceptions->errorHandler(8, 'Undefined varia...', 'E:\\Projets\\mark...', 18, Array)
#1 E:\Projets\marketplace\system\CodeIgniter.php(914): App\Controllers\Accueil->accueil()
#2 E:\Projets\marketplace\system\CodeIgniter.php(400): CodeIgniter\CodeIgniter->runController(Object(App\Controllers\Accueil))
#3 E:\Projets\marketplace\system\CodeIgniter.php(308): CodeIgniter\CodeIgniter->handleRequest(NULL, Object(Config\Cache), false)
#4 E:\Projets\marketplace\public\index.php(45): CodeIgniter\CodeIgniter->run()
#5 E:\Projets\marketplace\system\Commands\Server\rewrite.php(34): require_once('E:\\Projets\\mark...')
#6 {main}
CRITICAL - 2022-09-02 19:04:12 --> Undefined variable: bogdata
#0 E:\Projets\marketplace\app\Views\accueil.php(2): CodeIgniter\Debug\Exceptions->errorHandler(8, 'Undefined varia...', 'E:\\Projets\\mark...', 2, Array)
#1 E:\Projets\marketplace\system\View\View.php(246): include('E:\\Projets\\mark...')
#2 E:\Projets\marketplace\system\Common.php(1087): CodeIgniter\View\View->render('accueil', Array, true)
#3 E:\Projets\marketplace\app\Controllers\Accueil.php(19): view('accueil')
#4 E:\Projets\marketplace\system\CodeIgniter.php(914): App\Controllers\Accueil->accueil()
#5 E:\Projets\marketplace\system\CodeIgniter.php(400): CodeIgniter\CodeIgniter->runController(Object(App\Controllers\Accueil))
#6 E:\Projets\marketplace\system\CodeIgniter.php(308): CodeIgniter\CodeIgniter->handleRequest(NULL, Object(Config\Cache), false)
#7 E:\Projets\marketplace\public\index.php(45): CodeIgniter\CodeIgniter->run()
#8 E:\Projets\marketplace\system\Commands\Server\rewrite.php(34): require_once('E:\\Projets\\mark...')
#9 {main}
CRITICAL - 2022-09-02 19:04:36 --> Undefined variable: bogdata
#0 E:\Projets\marketplace\app\Views\accueil.php(2): CodeIgniter\Debug\Exceptions->errorHandler(8, 'Undefined varia...', 'E:\\Projets\\mark...', 2, Array)
#1 E:\Projets\marketplace\system\View\View.php(246): include('E:\\Projets\\mark...')
#2 E:\Projets\marketplace\system\Common.php(1087): CodeIgniter\View\View->render('accueil', Array, true)
#3 E:\Projets\marketplace\app\Controllers\Accueil.php(19): view('accueil')
#4 E:\Projets\marketplace\system\CodeIgniter.php(914): App\Controllers\Accueil->accueil()
#5 E:\Projets\marketplace\system\CodeIgniter.php(400): CodeIgniter\CodeIgniter->runController(Object(App\Controllers\Accueil))
#6 E:\Projets\marketplace\system\CodeIgniter.php(308): CodeIgniter\CodeIgniter->handleRequest(NULL, Object(Config\Cache), false)
#7 E:\Projets\marketplace\public\index.php(45): CodeIgniter\CodeIgniter->run()
#8 E:\Projets\marketplace\system\Commands\Server\rewrite.php(34): require_once('E:\\Projets\\mark...')
#9 {main}
CRITICAL - 2022-09-02 19:06:38 --> Undefined variable: productsx
#0 E:\Projets\marketplace\app\Views\addons\selectedproducts.php(2): CodeIgniter\Debug\Exceptions->errorHandler(8, 'Undefined varia...', 'E:\\Projets\\mark...', 2, Array)
#1 E:\Projets\marketplace\system\View\View.php(246): include('E:\\Projets\\mark...')
#2 E:\Projets\marketplace\system\Common.php(1087): CodeIgniter\View\View->render('addons/selected...', Array, true)
#3 E:\Projets\marketplace\app\Controllers\Assets.php(14): view('addons/selected...')
#4 E:\Projets\marketplace\app\Views\addons\littlehorizontalcard.php(21): App\Controllers\Assets::selectedproducts()
#5 E:\Projets\marketplace\system\View\View.php(246): include('E:\\Projets\\mark...')
#6 E:\Projets\marketplace\system\Common.php(1087): CodeIgniter\View\View->render('/addons/littleh...', Array, true)
#7 E:\Projets\marketplace\app\Controllers\Assets.php(10): view('/addons/littleh...')
#8 E:\Projets\marketplace\app\Controllers\Accueil.php(21): App\Controllers\Assets->littlehorizontalcard()
#9 E:\Projets\marketplace\system\CodeIgniter.php(914): App\Controllers\Accueil->accueil()
#10 E:\Projets\marketplace\system\CodeIgniter.php(400): CodeIgniter\CodeIgniter->runController(Object(App\Controllers\Accueil))
#11 E:\Projets\marketplace\system\CodeIgniter.php(308): CodeIgniter\CodeIgniter->handleRequest(NULL, Object(Config\Cache), false)
#12 E:\Projets\marketplace\public\index.php(45): CodeIgniter\CodeIgniter->run()
#13 E:\Projets\marketplace\system\Commands\Server\rewrite.php(34): require_once('E:\\Projets\\mark...')
#14 {main}
CRITICAL - 2022-09-02 19:06:42 --> Undefined variable: productsx
#0 E:\Projets\marketplace\app\Views\addons\selectedproducts.php(2): CodeIgniter\Debug\Exceptions->errorHandler(8, 'Undefined varia...', 'E:\\Projets\\mark...', 2, Array)
#1 E:\Projets\marketplace\system\View\View.php(246): include('E:\\Projets\\mark...')
#2 E:\Projets\marketplace\system\Common.php(1087): CodeIgniter\View\View->render('addons/selected...', Array, true)
#3 E:\Projets\marketplace\app\Controllers\Assets.php(14): view('addons/selected...')
#4 E:\Projets\marketplace\app\Views\addons\littlehorizontalcard.php(21): App\Controllers\Assets::selectedproducts()
#5 E:\Projets\marketplace\system\View\View.php(246): include('E:\\Projets\\mark...')
#6 E:\Projets\marketplace\system\Common.php(1087): CodeIgniter\View\View->render('/addons/littleh...', Array, true)
#7 E:\Projets\marketplace\app\Controllers\Assets.php(10): view('/addons/littleh...')
#8 E:\Projets\marketplace\app\Controllers\Accueil.php(21): App\Controllers\Assets->littlehorizontalcard()
#9 E:\Projets\marketplace\system\CodeIgniter.php(914): App\Controllers\Accueil->accueil()
#10 E:\Projets\marketplace\system\CodeIgniter.php(400): CodeIgniter\CodeIgniter->runController(Object(App\Controllers\Accueil))
#11 E:\Projets\marketplace\system\CodeIgniter.php(308): CodeIgniter\CodeIgniter->handleRequest(NULL, Object(Config\Cache), false)
#12 E:\Projets\marketplace\public\index.php(45): CodeIgniter\CodeIgniter->run()
#13 E:\Projets\marketplace\system\Commands\Server\rewrite.php(34): require_once('E:\\Projets\\mark...')
#14 {main}
CRITICAL - 2022-09-02 19:34:24 --> Too few arguments to function App\Controllers\Produit::getSelectedProduct(), 0 passed in E:\Projets\marketplace\app\Controllers\Accueil.php on line 16 and exactly 2 expected
#0 E:\Projets\marketplace\app\Controllers\Accueil.php(16): App\Controllers\Produit->getSelectedProduct()
#1 E:\Projets\marketplace\system\CodeIgniter.php(914): App\Controllers\Accueil->accueil()
#2 E:\Projets\marketplace\system\CodeIgniter.php(400): CodeIgniter\CodeIgniter->runController(Object(App\Controllers\Accueil))
#3 E:\Projets\marketplace\system\CodeIgniter.php(308): CodeIgniter\CodeIgniter->handleRequest(NULL, Object(Config\Cache), false)
#4 E:\Projets\marketplace\public\index.php(45): CodeIgniter\CodeIgniter->run()
#5 E:\Projets\marketplace\system\Commands\Server\rewrite.php(34): require_once('E:\\Projets\\mark...')
#6 {main}
CRITICAL - 2022-09-02 19:35:12 --> Undefined variable: products
#0 E:\Projets\marketplace\app\Views\addons\selectedproducts.php(2): CodeIgniter\Debug\Exceptions->errorHandler(8, 'Undefined varia...', 'E:\\Projets\\mark...', 2, Array)
#1 E:\Projets\marketplace\system\View\View.php(246): include('E:\\Projets\\mark...')
#2 E:\Projets\marketplace\system\Common.php(1087): CodeIgniter\View\View->render('addons/selected...', Array, true)
#3 E:\Projets\marketplace\app\Controllers\Assets.php(14): view('addons/selected...')
#4 E:\Projets\marketplace\app\Views\addons\littlehorizontalcard.php(21): App\Controllers\Assets::selectedproducts()
#5 E:\Projets\marketplace\system\View\View.php(246): include('E:\\Projets\\mark...')
#6 E:\Projets\marketplace\system\Common.php(1087): CodeIgniter\View\View->render('/addons/littleh...', Array, true)
#7 E:\Projets\marketplace\app\Controllers\Assets.php(10): view('/addons/littleh...')
#8 E:\Projets\marketplace\app\Controllers\Accueil.php(21): App\Controllers\Assets->littlehorizontalcard()
#9 E:\Projets\marketplace\system\CodeIgniter.php(914): App\Controllers\Accueil->accueil()
#10 E:\Projets\marketplace\system\CodeIgniter.php(400): CodeIgniter\CodeIgniter->runController(Object(App\Controllers\Accueil))
#11 E:\Projets\marketplace\system\CodeIgniter.php(308): CodeIgniter\CodeIgniter->handleRequest(NULL, Object(Config\Cache), false)
#12 E:\Projets\marketplace\public\index.php(45): CodeIgniter\CodeIgniter->run()
#13 E:\Projets\marketplace\system\Commands\Server\rewrite.php(34): require_once('E:\\Projets\\mark...')
#14 {main}
CRITICAL - 2022-09-02 19:35:49 --> Undefined variable: products
#0 E:\Projets\marketplace\app\Views\addons\selectedproducts.php(2): CodeIgniter\Debug\Exceptions->errorHandler(8, 'Undefined varia...', 'E:\\Projets\\mark...', 2, Array)
#1 E:\Projets\marketplace\system\View\View.php(246): include('E:\\Projets\\mark...')
#2 E:\Projets\marketplace\system\Common.php(1087): CodeIgniter\View\View->render('addons/selected...', Array, true)
#3 E:\Projets\marketplace\app\Controllers\Assets.php(14): view('addons/selected...')
#4 E:\Projets\marketplace\app\Views\addons\littlehorizontalcard.php(21): App\Controllers\Assets::selectedproducts()
#5 E:\Projets\marketplace\system\View\View.php(246): include('E:\\Projets\\mark...')
#6 E:\Projets\marketplace\system\Common.php(1087): CodeIgniter\View\View->render('/addons/littleh...', Array, true)
#7 E:\Projets\marketplace\app\Controllers\Assets.php(10): view('/addons/littleh...')
#8 E:\Projets\marketplace\app\Controllers\Accueil.php(21): App\Controllers\Assets->littlehorizontalcard(NULL, 6)
#9 E:\Projets\marketplace\system\CodeIgniter.php(914): App\Controllers\Accueil->accueil()
#10 E:\Projets\marketplace\system\CodeIgniter.php(400): CodeIgniter\CodeIgniter->runController(Object(App\Controllers\Accueil))
#11 E:\Projets\marketplace\system\CodeIgniter.php(308): CodeIgniter\CodeIgniter->handleRequest(NULL, Object(Config\Cache), false)
#12 E:\Projets\marketplace\public\index.php(45): CodeIgniter\CodeIgniter->run()
#13 E:\Projets\marketplace\system\Commands\Server\rewrite.php(34): require_once('E:\\Projets\\mark...')
#14 {main}
CRITICAL - 2022-09-02 19:37:13 --> Undefined variable: products
#0 E:\Projets\marketplace\app\Views\addons\selectedproducts.php(2): CodeIgniter\Debug\Exceptions->errorHandler(8, 'Undefined varia...', 'E:\\Projets\\mark...', 2, Array)
#1 E:\Projets\marketplace\system\View\View.php(246): include('E:\\Projets\\mark...')
#2 E:\Projets\marketplace\system\Common.php(1087): CodeIgniter\View\View->render('addons/selected...', Array, true)
#3 E:\Projets\marketplace\app\Controllers\Assets.php(14): view('addons/selected...')
#4 E:\Projets\marketplace\app\Views\addons\littlehorizontalcard.php(21): App\Controllers\Assets::selectedproducts(NULL, 6)
#5 E:\Projets\marketplace\system\View\View.php(246): include('E:\\Projets\\mark...')
#6 E:\Projets\marketplace\system\Common.php(1087): CodeIgniter\View\View->render('/addons/littleh...', Array, true)
#7 E:\Projets\marketplace\app\Controllers\Assets.php(10): view('/addons/littleh...')
#8 E:\Projets\marketplace\app\Controllers\Accueil.php(21): App\Controllers\Assets->littlehorizontalcard()
#9 E:\Projets\marketplace\system\CodeIgniter.php(914): App\Controllers\Accueil->accueil()
#10 E:\Projets\marketplace\system\CodeIgniter.php(400): CodeIgniter\CodeIgniter->runController(Object(App\Controllers\Accueil))
#11 E:\Projets\marketplace\system\CodeIgniter.php(308): CodeIgniter\CodeIgniter->handleRequest(NULL, Object(Config\Cache), false)
#12 E:\Projets\marketplace\public\index.php(45): CodeIgniter\CodeIgniter->run()
#13 E:\Projets\marketplace\system\Commands\Server\rewrite.php(34): require_once('E:\\Projets\\mark...')
#14 {main}
CRITICAL - 2022-09-02 19:43:44 --> Argument 1 passed to CodeIgniter\Database\BaseBuilder::limit() must be of the type int or null, string given, called in E:\Projets\marketplace\system\Model.php on line 1716
#0 E:\Projets\marketplace\system\Model.php(1716): CodeIgniter\Database\BaseBuilder->limit('selectedproduct...')
#1 E:\Projets\marketplace\app\Models\Productmodel.php(60): CodeIgniter\Model->__call('limit', Array)
#2 E:\Projets\marketplace\app\Controllers\Produit.php(56): App\Models\Productmodel->getSelectedProduct('6', 'selectedproduct...')
#3 E:\Projets\marketplace\app\Controllers\Addons.php(49): App\Controllers\Produit->getSelectedProduct('6', 'selectedproduct...')
#4 E:\Projets\marketplace\app\Views\addons\littlehorizontalcard.php(21): App\Controllers\Addons::getResultat('getSelectedProd...', '6', 'selectedproduct...', '#homeselectedpr...')
#5 E:\Projets\marketplace\system\View\View.php(246): include('E:\\Projets\\mark...')
#6 E:\Projets\marketplace\system\Common.php(1087): CodeIgniter\View\View->render('/addons/littleh...', Array, true)
#7 E:\Projets\marketplace\app\Controllers\Assets.php(10): view('/addons/littleh...')
#8 E:\Projets\marketplace\app\Controllers\Accueil.php(21): App\Controllers\Assets->littlehorizontalcard()
#9 E:\Projets\marketplace\system\CodeIgniter.php(914): App\Controllers\Accueil->accueil()
#10 E:\Projets\marketplace\system\CodeIgniter.php(400): CodeIgniter\CodeIgniter->runController(Object(App\Controllers\Accueil))
#11 E:\Projets\marketplace\system\CodeIgniter.php(308): CodeIgniter\CodeIgniter->handleRequest(NULL, Object(Config\Cache), false)
#12 E:\Projets\marketplace\public\index.php(45): CodeIgniter\CodeIgniter->run()
#13 E:\Projets\marketplace\system\Commands\Server\rewrite.php(34): require_once('E:\\Projets\\mark...')
#14 {main}
CRITICAL - 2022-09-02 19:44:14 --> Argument 1 passed to CodeIgniter\Database\BaseBuilder::limit() must be of the type int or null, string given, called in E:\Projets\marketplace\system\Model.php on line 1716
#0 E:\Projets\marketplace\system\Model.php(1716): CodeIgniter\Database\BaseBuilder->limit('selectedproduct...')
#1 E:\Projets\marketplace\app\Models\Productmodel.php(60): CodeIgniter\Model->__call('limit', Array)
#2 E:\Projets\marketplace\app\Controllers\Produit.php(56): App\Models\Productmodel->getSelectedProduct(6, 'selectedproduct...')
#3 E:\Projets\marketplace\app\Controllers\Addons.php(49): App\Controllers\Produit->getSelectedProduct(6, 'selectedproduct...')
#4 E:\Projets\marketplace\app\Views\addons\littlehorizontalcard.php(21): App\Controllers\Addons::getResultat('getSelectedProd...', 6, 'selectedproduct...', '#homeselectedpr...')
#5 E:\Projets\marketplace\system\View\View.php(246): include('E:\\Projets\\mark...')
#6 E:\Projets\marketplace\system\Common.php(1087): CodeIgniter\View\View->render('/addons/littleh...', Array, true)
#7 E:\Projets\marketplace\app\Controllers\Assets.php(10): view('/addons/littleh...')
#8 E:\Projets\marketplace\app\Controllers\Accueil.php(21): App\Controllers\Assets->littlehorizontalcard()
#9 E:\Projets\marketplace\system\CodeIgniter.php(914): App\Controllers\Accueil->accueil()
#10 E:\Projets\marketplace\system\CodeIgniter.php(400): CodeIgniter\CodeIgniter->runController(Object(App\Controllers\Accueil))
#11 E:\Projets\marketplace\system\CodeIgniter.php(308): CodeIgniter\CodeIgniter->handleRequest(NULL, Object(Config\Cache), false)
#12 E:\Projets\marketplace\public\index.php(45): CodeIgniter\CodeIgniter->run()
#13 E:\Projets\marketplace\system\Commands\Server\rewrite.php(34): require_once('E:\\Projets\\mark...')
#14 {main}
CRITICAL - 2022-09-02 19:44:22 --> Argument 1 passed to CodeIgniter\Database\BaseBuilder::limit() must be of the type int or null, string given, called in E:\Projets\marketplace\system\Model.php on line 1716
#0 E:\Projets\marketplace\system\Model.php(1716): CodeIgniter\Database\BaseBuilder->limit('selectedproduct...')
#1 E:\Projets\marketplace\app\Models\Productmodel.php(60): CodeIgniter\Model->__call('limit', Array)
#2 E:\Projets\marketplace\app\Controllers\Produit.php(56): App\Models\Productmodel->getSelectedProduct(6, 'selectedproduct...')
#3 E:\Projets\marketplace\app\Controllers\Addons.php(49): App\Controllers\Produit->getSelectedProduct(6, 'selectedproduct...')
#4 E:\Projets\marketplace\app\Views\addons\littlehorizontalcard.php(21): App\Controllers\Addons::getResultat('getSelectedProd...', 6, 'selectedproduct...', '#homeselectedpr...')
#5 E:\Projets\marketplace\system\View\View.php(246): include('E:\\Projets\\mark...')
#6 E:\Projets\marketplace\system\Common.php(1087): CodeIgniter\View\View->render('/addons/littleh...', Array, true)
#7 E:\Projets\marketplace\app\Controllers\Assets.php(10): view('/addons/littleh...')
#8 E:\Projets\marketplace\app\Controllers\Accueil.php(21): App\Controllers\Assets->littlehorizontalcard()
#9 E:\Projets\marketplace\system\CodeIgniter.php(914): App\Controllers\Accueil->accueil()
#10 E:\Projets\marketplace\system\CodeIgniter.php(400): CodeIgniter\CodeIgniter->runController(Object(App\Controllers\Accueil))
#11 E:\Projets\marketplace\system\CodeIgniter.php(308): CodeIgniter\CodeIgniter->handleRequest(NULL, Object(Config\Cache), false)
#12 E:\Projets\marketplace\public\index.php(45): CodeIgniter\CodeIgniter->run()
#13 E:\Projets\marketplace\system\Commands\Server\rewrite.php(34): require_once('E:\\Projets\\mark...')
#14 {main}
CRITICAL - 2022-09-02 19:50:31 --> Undefined variable: products
#0 E:\Projets\marketplace\app\Views\addons\selectedproducts.php(2): CodeIgniter\Debug\Exceptions->errorHandler(8, 'Undefined varia...', 'E:\\Projets\\mark...', 2, Array)
#1 E:\Projets\marketplace\system\View\View.php(246): include('E:\\Projets\\mark...')
#2 E:\Projets\marketplace\system\Common.php(1087): CodeIgniter\View\View->render('addons/selected...', Array, true)
#3 E:\Projets\marketplace\app\Controllers\Addons.php(38): view('addons/selected...', Array)
#4 E:\Projets\marketplace\system\CodeIgniter.php(914): App\Controllers\Addons->changeselectedproduct('getSelectedProd...', '4', '6', 'selectedproduct...')
#5 E:\Projets\marketplace\system\CodeIgniter.php(400): CodeIgniter\CodeIgniter->runController(Object(App\Controllers\Addons))
#6 E:\Projets\marketplace\system\CodeIgniter.php(308): CodeIgniter\CodeIgniter->handleRequest(NULL, Object(Config\Cache), false)
#7 E:\Projets\marketplace\public\index.php(45): CodeIgniter\CodeIgniter->run()
#8 E:\Projets\marketplace\system\Commands\Server\rewrite.php(34): require_once('E:\\Projets\\mark...')
#9 {main}
CRITICAL - 2022-09-02 19:50:39 --> Undefined variable: products
#0 E:\Projets\marketplace\app\Views\addons\selectedproducts.php(2): CodeIgniter\Debug\Exceptions->errorHandler(8, 'Undefined varia...', 'E:\\Projets\\mark...', 2, Array)
#1 E:\Projets\marketplace\system\View\View.php(246): include('E:\\Projets\\mark...')
#2 E:\Projets\marketplace\system\Common.php(1087): CodeIgniter\View\View->render('addons/selected...', Array, true)
#3 E:\Projets\marketplace\app\Controllers\Addons.php(38): view('addons/selected...', Array)
#4 E:\Projets\marketplace\system\CodeIgniter.php(914): App\Controllers\Addons->changeselectedproduct('getSelectedProd...', '2', '6', 'selectedproduct...')
#5 E:\Projets\marketplace\system\CodeIgniter.php(400): CodeIgniter\CodeIgniter->runController(Object(App\Controllers\Addons))
#6 E:\Projets\marketplace\system\CodeIgniter.php(308): CodeIgniter\CodeIgniter->handleRequest(NULL, Object(Config\Cache), false)
#7 E:\Projets\marketplace\public\index.php(45): CodeIgniter\CodeIgniter->run()
#8 E:\Projets\marketplace\system\Commands\Server\rewrite.php(34): require_once('E:\\Projets\\mark...')
#9 {main}
CRITICAL - 2022-09-02 19:51:21 --> Undefined variable: products
#0 E:\Projets\marketplace\app\Views\addons\selectedproducts.php(2): CodeIgniter\Debug\Exceptions->errorHandler(8, 'Undefined varia...', 'E:\\Projets\\mark...', 2, Array)
#1 E:\Projets\marketplace\system\View\View.php(246): include('E:\\Projets\\mark...')
#2 E:\Projets\marketplace\system\Common.php(1087): CodeIgniter\View\View->render('addons/selected...', Array, true)
#3 E:\Projets\marketplace\app\Controllers\Addons.php(38): view('addons/selected...', Array)
#4 E:\Projets\marketplace\system\CodeIgniter.php(914): App\Controllers\Addons->changeselectedproduct('getSelectedProd...', '1', '6', 'selectedproduct...')
#5 E:\Projets\marketplace\system\CodeIgniter.php(400): CodeIgniter\CodeIgniter->runController(Object(App\Controllers\Addons))
#6 E:\Projets\marketplace\system\CodeIgniter.php(308): CodeIgniter\CodeIgniter->handleRequest(NULL, Object(Config\Cache), false)
#7 E:\Projets\marketplace\public\index.php(45): CodeIgniter\CodeIgniter->run()
#8 E:\Projets\marketplace\system\Commands\Server\rewrite.php(34): require_once('E:\\Projets\\mark...')
#9 {main}
CRITICAL - 2022-09-02 19:51:27 --> Undefined variable: products
#0 E:\Projets\marketplace\app\Views\addons\selectedproducts.php(2): CodeIgniter\Debug\Exceptions->errorHandler(8, 'Undefined varia...', 'E:\\Projets\\mark...', 2, Array)
#1 E:\Projets\marketplace\system\View\View.php(246): include('E:\\Projets\\mark...')
#2 E:\Projets\marketplace\system\Common.php(1087): CodeIgniter\View\View->render('addons/selected...', Array, true)
#3 E:\Projets\marketplace\app\Controllers\Addons.php(38): view('addons/selected...', Array)
#4 E:\Projets\marketplace\system\CodeIgniter.php(914): App\Controllers\Addons->changeselectedproduct('getSelectedProd...', '6', '6', 'selectedproduct...')
#5 E:\Projets\marketplace\system\CodeIgniter.php(400): CodeIgniter\CodeIgniter->runController(Object(App\Controllers\Addons))
#6 E:\Projets\marketplace\system\CodeIgniter.php(308): CodeIgniter\CodeIgniter->handleRequest(NULL, Object(Config\Cache), false)
#7 E:\Projets\marketplace\public\index.php(45): CodeIgniter\CodeIgniter->run()
#8 E:\Projets\marketplace\system\Commands\Server\rewrite.php(34): require_once('E:\\Projets\\mark...')
#9 {main}
CRITICAL - 2022-09-02 20:06:19 --> Call to undefined method App\Controllers\Assets::productrayons()
#0 E:\Projets\marketplace\system\View\View.php(246): include()
#1 E:\Projets\marketplace\system\Common.php(1087): CodeIgniter\View\View->render('addons/filterpr...', Array, true)
#2 E:\Projets\marketplace\app\Controllers\Assets.php(30): view('addons/filterpr...')
#3 E:\Projets\marketplace\app\Views\addons\productfilter.php(3): App\Controllers\Assets::filterproducts()
#4 E:\Projets\marketplace\system\View\View.php(246): include('E:\\Projets\\mark...')
#5 E:\Projets\marketplace\system\Common.php(1087): CodeIgniter\View\View->render('addons/productf...', Array, true)
#6 E:\Projets\marketplace\app\Controllers\Assets.php(26): view('addons/productf...')
#7 E:\Projets\marketplace\app\Controllers\Accueil.php(22): App\Controllers\Assets->productfilter()
#8 E:\Projets\marketplace\system\CodeIgniter.php(914): App\Controllers\Accueil->accueil()
#9 E:\Projets\marketplace\system\CodeIgniter.php(400): CodeIgniter\CodeIgniter->runController(Object(App\Controllers\Accueil))
#10 E:\Projets\marketplace\system\CodeIgniter.php(308): CodeIgniter\CodeIgniter->handleRequest(NULL, Object(Config\Cache), false)
#11 E:\Projets\marketplace\public\index.php(45): CodeIgniter\CodeIgniter->run()
#12 E:\Projets\marketplace\system\Commands\Server\rewrite.php(34): require_once('E:\\Projets\\mark...')
#13 {main}
CRITICAL - 2022-09-02 20:10:52 --> Too few arguments to function App\Controllers\Assets::productrayons(), 0 passed in E:\Projets\marketplace\app\Views\addons\littlehorizontalcard.php on line 10 and exactly 1 expected
#0 E:\Projets\marketplace\app\Views\addons\littlehorizontalcard.php(10): App\Controllers\Assets::productrayons()
#1 E:\Projets\marketplace\system\View\View.php(246): include('E:\\Projets\\mark...')
#2 E:\Projets\marketplace\system\Common.php(1087): CodeIgniter\View\View->render('/addons/littleh...', Array, true)
#3 E:\Projets\marketplace\app\Controllers\Assets.php(10): view('/addons/littleh...')
#4 E:\Projets\marketplace\app\Controllers\Accueil.php(19): App\Controllers\Assets->littlehorizontalcard()
#5 E:\Projets\marketplace\system\CodeIgniter.php(914): App\Controllers\Accueil->accueil()
#6 E:\Projets\marketplace\system\CodeIgniter.php(400): CodeIgniter\CodeIgniter->runController(Object(App\Controllers\Accueil))
#7 E:\Projets\marketplace\system\CodeIgniter.php(308): CodeIgniter\CodeIgniter->handleRequest(NULL, Object(Config\Cache), false)
#8 E:\Projets\marketplace\public\index.php(45): CodeIgniter\CodeIgniter->run()
#9 E:\Projets\marketplace\system\Commands\Server\rewrite.php(34): require_once('E:\\Projets\\mark...')
#10 {main}
CRITICAL - 2022-09-02 20:20:42 --> Undefined variable: rayons
#0 E:\Projets\marketplace\app\Views\addons\productrayons.php(3): CodeIgniter\Debug\Exceptions->errorHandler(8, 'Undefined varia...', 'E:\\Projets\\mark...', 3, Array)
#1 E:\Projets\marketplace\system\View\View.php(246): include('E:\\Projets\\mark...')
#2 E:\Projets\marketplace\system\Common.php(1087): CodeIgniter\View\View->render('addons/productr...', Array, true)
#3 E:\Projets\marketplace\app\Controllers\Assets.php(62): view('addons/productr...')
#4 E:\Projets\marketplace\app\Views\addons\littlehorizontalcard.php(10): App\Controllers\Assets::productrayons()
#5 E:\Projets\marketplace\system\View\View.php(246): include('E:\\Projets\\mark...')
#6 E:\Projets\marketplace\system\Common.php(1087): CodeIgniter\View\View->render('/addons/littleh...', Array, true)
#7 E:\Projets\marketplace\app\Controllers\Assets.php(10): view('/addons/littleh...')
#8 E:\Projets\marketplace\app\Controllers\Accueil.php(19): App\Controllers\Assets->littlehorizontalcard()
#9 E:\Projets\marketplace\system\CodeIgniter.php(914): App\Controllers\Accueil->accueil()
#10 E:\Projets\marketplace\system\CodeIgniter.php(400): CodeIgniter\CodeIgniter->runController(Object(App\Controllers\Accueil))
#11 E:\Projets\marketplace\system\CodeIgniter.php(308): CodeIgniter\CodeIgniter->handleRequest(NULL, Object(Config\Cache), false)
#12 E:\Projets\marketplace\public\index.php(45): CodeIgniter\CodeIgniter->run()
#13 E:\Projets\marketplace\system\Commands\Server\rewrite.php(34): require_once('E:\\Projets\\mark...')
#14 {main}
