CRITICAL - 2022-09-21 05:34:22 --> syntax error, unexpected '}', expecting ';'
#0 E:\Projets\test filtre\testfiltre\system\Autoloader\Autoloader.php(296): CodeIgniter\Autoloader\Autoloader->requireFile('E:\\Projets\\test...')
#1 E:\Projets\test filtre\testfiltre\system\Autoloader\Autoloader.php(258): CodeIgniter\Autoloader\Autoloader->loadInNamespace('App\\Controllers...')
#2 [internal function]: CodeIgniter\Autoloader\Autoloader->loadClass('App\\Controllers...')
#3 [internal function]: spl_autoload_call('App\\Controllers...')
#4 E:\Projets\test filtre\testfiltre\system\CodeIgniter.php(865): class_exists('\\App\\Controller...', true)
#5 E:\Projets\test filtre\testfiltre\system\CodeIgniter.php(390): CodeIgniter\CodeIgniter->startController()
#6 E:\Projets\test filtre\testfiltre\system\CodeIgniter.php(308): CodeIgniter\CodeIgniter->handleRequest(NULL, Object(Config\Cache), false)
#7 E:\Projets\test filtre\testfiltre\public\index.php(45): CodeIgniter\CodeIgniter->run()
#8 E:\Projets\test filtre\testfiltre\system\Commands\Server\rewrite.php(34): require_once('E:\\Projets\\test...')
#9 {main}
CRITICAL - 2022-09-21 06:44:09 --> Undefined variable: categories
#0 E:\Projets\test filtre\testfiltre\app\Views\assets\productfilter.php(19): CodeIgniter\Debug\Exceptions->errorHandler(8, 'Undefined varia...', 'E:\\Projets\\test...', 19, Array)
#1 E:\Projets\test filtre\testfiltre\system\View\View.php(246): include('E:\\Projets\\test...')
#2 E:\Projets\test filtre\testfiltre\system\Common.php(1087): CodeIgniter\View\View->render('assets/productf...', Array, true)
#3 E:\Projets\test filtre\testfiltre\app\Controllers\Assets.php(30): view('assets/productf...')
#4 E:\Projets\test filtre\testfiltre\app\Controllers\Accueil.php(21): App\Controllers\Assets->productfilter()
#5 E:\Projets\test filtre\testfiltre\system\CodeIgniter.php(914): App\Controllers\Accueil->accueil()
#6 E:\Projets\test filtre\testfiltre\system\CodeIgniter.php(400): CodeIgniter\CodeIgniter->runController(Object(App\Controllers\Accueil))
#7 E:\Projets\test filtre\testfiltre\system\CodeIgniter.php(308): CodeIgniter\CodeIgniter->handleRequest(NULL, Object(Config\Cache), false)
#8 E:\Projets\test filtre\testfiltre\public\index.php(45): CodeIgniter\CodeIgniter->run()
#9 E:\Projets\test filtre\testfiltre\system\Commands\Server\rewrite.php(34): require_once('E:\\Projets\\test...')
#10 {main}
CRITICAL - 2022-09-21 06:49:03 --> Call to a member function getCategory() on null
#0 E:\Projets\test filtre\testfiltre\system\CodeIgniter.php(914): App\Controllers\Accueil->accueil()
#1 E:\Projets\test filtre\testfiltre\system\CodeIgniter.php(400): CodeIgniter\CodeIgniter->runController(Object(App\Controllers\Accueil))
#2 E:\Projets\test filtre\testfiltre\system\CodeIgniter.php(308): CodeIgniter\CodeIgniter->handleRequest(NULL, Object(Config\Cache), false)
#3 E:\Projets\test filtre\testfiltre\public\index.php(45): CodeIgniter\CodeIgniter->run()
#4 E:\Projets\test filtre\testfiltre\system\Commands\Server\rewrite.php(34): require_once('E:\\Projets\\test...')
#5 {main}
CRITICAL - 2022-09-21 06:50:51 --> Call to a member function getSouscategory() on null
#0 E:\Projets\test filtre\testfiltre\system\CodeIgniter.php(914): App\Controllers\Accueil->accueil()
#1 E:\Projets\test filtre\testfiltre\system\CodeIgniter.php(400): CodeIgniter\CodeIgniter->runController(Object(App\Controllers\Accueil))
#2 E:\Projets\test filtre\testfiltre\system\CodeIgniter.php(308): CodeIgniter\CodeIgniter->handleRequest(NULL, Object(Config\Cache), false)
#3 E:\Projets\test filtre\testfiltre\public\index.php(45): CodeIgniter\CodeIgniter->run()
#4 E:\Projets\test filtre\testfiltre\system\Commands\Server\rewrite.php(34): require_once('E:\\Projets\\test...')
#5 {main}
CRITICAL - 2022-09-21 07:21:42 --> Undefined variable: categories
#0 E:\Projets\test filtre\testfiltre\app\Views\assets\productmodal.php(27): CodeIgniter\Debug\Exceptions->errorHandler(8, 'Undefined varia...', 'E:\\Projets\\test...', 27, Array)
#1 E:\Projets\test filtre\testfiltre\system\View\View.php(246): include('E:\\Projets\\test...')
#2 E:\Projets\test filtre\testfiltre\system\Common.php(1087): CodeIgniter\View\View->render('assets/productm...', Array, true)
#3 E:\Projets\test filtre\testfiltre\app\Controllers\Storebackoffice.php(31): view('assets/productm...')
#4 E:\Projets\test filtre\testfiltre\system\CodeIgniter.php(914): App\Controllers\Storebackoffice->mystore()
#5 E:\Projets\test filtre\testfiltre\system\CodeIgniter.php(400): CodeIgniter\CodeIgniter->runController(Object(App\Controllers\Storebackoffice))
#6 E:\Projets\test filtre\testfiltre\system\CodeIgniter.php(308): CodeIgniter\CodeIgniter->handleRequest(NULL, Object(Config\Cache), false)
#7 E:\Projets\test filtre\testfiltre\public\index.php(45): CodeIgniter\CodeIgniter->run()
#8 E:\Projets\test filtre\testfiltre\system\Commands\Server\rewrite.php(34): require_once('E:\\Projets\\test...')
#9 {main}
CRITICAL - 2022-09-21 08:33:36 --> Undefined variable: rayons
#0 E:\Projets\test filtre\testfiltre\app\Views\filtre\productrayons.php(3): CodeIgniter\Debug\Exceptions->errorHandler(8, 'Undefined varia...', 'E:\\Projets\\test...', 3, Array)
#1 E:\Projets\test filtre\testfiltre\system\View\View.php(246): include('E:\\Projets\\test...')
#2 E:\Projets\test filtre\testfiltre\system\Common.php(1087): CodeIgniter\View\View->render('filtre/productr...', Array, true)
#3 E:\Projets\test filtre\testfiltre\app\Controllers\Assets.php(66): view('filtre/productr...')
#4 E:\Projets\test filtre\testfiltre\app\Controllers\Filtre.php(25): App\Controllers\Assets::productrayons(Array)
#5 E:\Projets\test filtre\testfiltre\system\CodeIgniter.php(914): App\Controllers\Filtre->changerayon2('4')
#6 E:\Projets\test filtre\testfiltre\system\CodeIgniter.php(400): CodeIgniter\CodeIgniter->runController(Object(App\Controllers\Filtre))
#7 E:\Projets\test filtre\testfiltre\system\CodeIgniter.php(308): CodeIgniter\CodeIgniter->handleRequest(NULL, Object(Config\Cache), false)
#8 E:\Projets\test filtre\testfiltre\public\index.php(45): CodeIgniter\CodeIgniter->run()
#9 E:\Projets\test filtre\testfiltre\system\Commands\Server\rewrite.php(34): require_once('E:\\Projets\\test...')
#10 {main}
CRITICAL - 2022-09-21 08:33:48 --> Undefined variable: rayons
#0 E:\Projets\test filtre\testfiltre\app\Views\filtre\productrayons.php(3): CodeIgniter\Debug\Exceptions->errorHandler(8, 'Undefined varia...', 'E:\\Projets\\test...', 3, Array)
#1 E:\Projets\test filtre\testfiltre\system\View\View.php(246): include('E:\\Projets\\test...')
#2 E:\Projets\test filtre\testfiltre\system\Common.php(1087): CodeIgniter\View\View->render('filtre/productr...', Array, true)
#3 E:\Projets\test filtre\testfiltre\app\Controllers\Assets.php(66): view('filtre/productr...')
#4 E:\Projets\test filtre\testfiltre\app\Controllers\Filtre.php(25): App\Controllers\Assets::productrayons(Array)
#5 E:\Projets\test filtre\testfiltre\system\CodeIgniter.php(914): App\Controllers\Filtre->changerayon2('13')
#6 E:\Projets\test filtre\testfiltre\system\CodeIgniter.php(400): CodeIgniter\CodeIgniter->runController(Object(App\Controllers\Filtre))
#7 E:\Projets\test filtre\testfiltre\system\CodeIgniter.php(308): CodeIgniter\CodeIgniter->handleRequest(NULL, Object(Config\Cache), false)
#8 E:\Projets\test filtre\testfiltre\public\index.php(45): CodeIgniter\CodeIgniter->run()
#9 E:\Projets\test filtre\testfiltre\system\Commands\Server\rewrite.php(34): require_once('E:\\Projets\\test...')
#10 {main}
CRITICAL - 2022-09-21 08:33:55 --> Undefined variable: rayons
#0 E:\Projets\test filtre\testfiltre\app\Views\filtre\productrayons.php(3): CodeIgniter\Debug\Exceptions->errorHandler(8, 'Undefined varia...', 'E:\\Projets\\test...', 3, Array)
#1 E:\Projets\test filtre\testfiltre\system\View\View.php(246): include('E:\\Projets\\test...')
#2 E:\Projets\test filtre\testfiltre\system\Common.php(1087): CodeIgniter\View\View->render('filtre/productr...', Array, true)
#3 E:\Projets\test filtre\testfiltre\app\Controllers\Assets.php(66): view('filtre/productr...')
#4 E:\Projets\test filtre\testfiltre\app\Controllers\Filtre.php(25): App\Controllers\Assets::productrayons(Array)
#5 E:\Projets\test filtre\testfiltre\system\CodeIgniter.php(914): App\Controllers\Filtre->changerayon2('4')
#6 E:\Projets\test filtre\testfiltre\system\CodeIgniter.php(400): CodeIgniter\CodeIgniter->runController(Object(App\Controllers\Filtre))
#7 E:\Projets\test filtre\testfiltre\system\CodeIgniter.php(308): CodeIgniter\CodeIgniter->handleRequest(NULL, Object(Config\Cache), false)
#8 E:\Projets\test filtre\testfiltre\public\index.php(45): CodeIgniter\CodeIgniter->run()
#9 E:\Projets\test filtre\testfiltre\system\Commands\Server\rewrite.php(34): require_once('E:\\Projets\\test...')
#10 {main}
CRITICAL - 2022-09-21 08:34:06 --> Undefined variable: rayons
#0 E:\Projets\test filtre\testfiltre\app\Views\filtre\productrayons.php(3): CodeIgniter\Debug\Exceptions->errorHandler(8, 'Undefined varia...', 'E:\\Projets\\test...', 3, Array)
#1 E:\Projets\test filtre\testfiltre\system\View\View.php(246): include('E:\\Projets\\test...')
#2 E:\Projets\test filtre\testfiltre\system\Common.php(1087): CodeIgniter\View\View->render('filtre/productr...', Array, true)
#3 E:\Projets\test filtre\testfiltre\app\Controllers\Assets.php(66): view('filtre/productr...')
#4 E:\Projets\test filtre\testfiltre\app\Controllers\Filtre.php(25): App\Controllers\Assets::productrayons(Array)
#5 E:\Projets\test filtre\testfiltre\system\CodeIgniter.php(914): App\Controllers\Filtre->changerayon2('7')
#6 E:\Projets\test filtre\testfiltre\system\CodeIgniter.php(400): CodeIgniter\CodeIgniter->runController(Object(App\Controllers\Filtre))
#7 E:\Projets\test filtre\testfiltre\system\CodeIgniter.php(308): CodeIgniter\CodeIgniter->handleRequest(NULL, Object(Config\Cache), false)
#8 E:\Projets\test filtre\testfiltre\public\index.php(45): CodeIgniter\CodeIgniter->run()
#9 E:\Projets\test filtre\testfiltre\system\Commands\Server\rewrite.php(34): require_once('E:\\Projets\\test...')
#10 {main}
CRITICAL - 2022-09-21 08:37:38 --> Undefined variable: rayons
#0 E:\Projets\test filtre\testfiltre\app\Views\filtre\productrayons.php(3): CodeIgniter\Debug\Exceptions->errorHandler(8, 'Undefined varia...', 'E:\\Projets\\test...', 3, Array)
#1 E:\Projets\test filtre\testfiltre\system\View\View.php(246): include('E:\\Projets\\test...')
#2 E:\Projets\test filtre\testfiltre\system\Common.php(1087): CodeIgniter\View\View->render('filtre/productr...', Array, true)
#3 E:\Projets\test filtre\testfiltre\app\Controllers\Assets.php(66): view('filtre/productr...')
#4 E:\Projets\test filtre\testfiltre\app\Controllers\Filtre.php(25): App\Controllers\Assets::productrayons(Array)
#5 E:\Projets\test filtre\testfiltre\system\CodeIgniter.php(914): App\Controllers\Filtre->changerayon2('6')
#6 E:\Projets\test filtre\testfiltre\system\CodeIgniter.php(400): CodeIgniter\CodeIgniter->runController(Object(App\Controllers\Filtre))
#7 E:\Projets\test filtre\testfiltre\system\CodeIgniter.php(308): CodeIgniter\CodeIgniter->handleRequest(NULL, Object(Config\Cache), false)
#8 E:\Projets\test filtre\testfiltre\public\index.php(45): CodeIgniter\CodeIgniter->run()
#9 E:\Projets\test filtre\testfiltre\system\Commands\Server\rewrite.php(34): require_once('E:\\Projets\\test...')
#10 {main}
CRITICAL - 2022-09-21 08:37:45 --> Undefined variable: rayons
#0 E:\Projets\test filtre\testfiltre\app\Views\filtre\productrayons.php(3): CodeIgniter\Debug\Exceptions->errorHandler(8, 'Undefined varia...', 'E:\\Projets\\test...', 3, Array)
#1 E:\Projets\test filtre\testfiltre\system\View\View.php(246): include('E:\\Projets\\test...')
#2 E:\Projets\test filtre\testfiltre\system\Common.php(1087): CodeIgniter\View\View->render('filtre/productr...', Array, true)
#3 E:\Projets\test filtre\testfiltre\app\Controllers\Assets.php(66): view('filtre/productr...')
#4 E:\Projets\test filtre\testfiltre\app\Controllers\Filtre.php(25): App\Controllers\Assets::productrayons(Array)
#5 E:\Projets\test filtre\testfiltre\system\CodeIgniter.php(914): App\Controllers\Filtre->changerayon2('8')
#6 E:\Projets\test filtre\testfiltre\system\CodeIgniter.php(400): CodeIgniter\CodeIgniter->runController(Object(App\Controllers\Filtre))
#7 E:\Projets\test filtre\testfiltre\system\CodeIgniter.php(308): CodeIgniter\CodeIgniter->handleRequest(NULL, Object(Config\Cache), false)
#8 E:\Projets\test filtre\testfiltre\public\index.php(45): CodeIgniter\CodeIgniter->run()
#9 E:\Projets\test filtre\testfiltre\system\Commands\Server\rewrite.php(34): require_once('E:\\Projets\\test...')
#10 {main}
CRITICAL - 2022-09-21 08:46:44 --> Undefined variable: rayons
#0 E:\Projets\test filtre\testfiltre\app\Views\filtre\productrayons.php(3): CodeIgniter\Debug\Exceptions->errorHandler(8, 'Undefined varia...', 'E:\\Projets\\test...', 3, Array)
#1 E:\Projets\test filtre\testfiltre\system\View\View.php(246): include('E:\\Projets\\test...')
#2 E:\Projets\test filtre\testfiltre\system\Common.php(1087): CodeIgniter\View\View->render('filtre/productr...', Array, true)
#3 E:\Projets\test filtre\testfiltre\app\Controllers\Assets.php(66): view('filtre/productr...')
#4 E:\Projets\test filtre\testfiltre\app\Controllers\Filtre.php(25): App\Controllers\Assets::productrayons(Array)
#5 E:\Projets\test filtre\testfiltre\system\CodeIgniter.php(914): App\Controllers\Filtre->changerayon2('5')
#6 E:\Projets\test filtre\testfiltre\system\CodeIgniter.php(400): CodeIgniter\CodeIgniter->runController(Object(App\Controllers\Filtre))
#7 E:\Projets\test filtre\testfiltre\system\CodeIgniter.php(308): CodeIgniter\CodeIgniter->handleRequest(NULL, Object(Config\Cache), false)
#8 E:\Projets\test filtre\testfiltre\public\index.php(45): CodeIgniter\CodeIgniter->run()
#9 E:\Projets\test filtre\testfiltre\system\Commands\Server\rewrite.php(34): require_once('E:\\Projets\\test...')
#10 {main}
CRITICAL - 2022-09-21 08:46:48 --> Undefined variable: rayons
#0 E:\Projets\test filtre\testfiltre\app\Views\filtre\productrayons.php(3): CodeIgniter\Debug\Exceptions->errorHandler(8, 'Undefined varia...', 'E:\\Projets\\test...', 3, Array)
#1 E:\Projets\test filtre\testfiltre\system\View\View.php(246): include('E:\\Projets\\test...')
#2 E:\Projets\test filtre\testfiltre\system\Common.php(1087): CodeIgniter\View\View->render('filtre/productr...', Array, true)
#3 E:\Projets\test filtre\testfiltre\app\Controllers\Assets.php(66): view('filtre/productr...')
#4 E:\Projets\test filtre\testfiltre\app\Controllers\Filtre.php(25): App\Controllers\Assets::productrayons(Array)
#5 E:\Projets\test filtre\testfiltre\system\CodeIgniter.php(914): App\Controllers\Filtre->changerayon2('10')
#6 E:\Projets\test filtre\testfiltre\system\CodeIgniter.php(400): CodeIgniter\CodeIgniter->runController(Object(App\Controllers\Filtre))
#7 E:\Projets\test filtre\testfiltre\system\CodeIgniter.php(308): CodeIgniter\CodeIgniter->handleRequest(NULL, Object(Config\Cache), false)
#8 E:\Projets\test filtre\testfiltre\public\index.php(45): CodeIgniter\CodeIgniter->run()
#9 E:\Projets\test filtre\testfiltre\system\Commands\Server\rewrite.php(34): require_once('E:\\Projets\\test...')
#10 {main}
CRITICAL - 2022-09-21 08:47:05 --> Undefined variable: rayons
#0 E:\Projets\test filtre\testfiltre\app\Views\filtre\productrayons.php(3): CodeIgniter\Debug\Exceptions->errorHandler(8, 'Undefined varia...', 'E:\\Projets\\test...', 3, Array)
#1 E:\Projets\test filtre\testfiltre\system\View\View.php(246): include('E:\\Projets\\test...')
#2 E:\Projets\test filtre\testfiltre\system\Common.php(1087): CodeIgniter\View\View->render('filtre/productr...', Array, true)
#3 E:\Projets\test filtre\testfiltre\app\Controllers\Assets.php(66): view('filtre/productr...')
#4 E:\Projets\test filtre\testfiltre\app\Controllers\Filtre.php(25): App\Controllers\Assets::productrayons(Array)
#5 E:\Projets\test filtre\testfiltre\system\CodeIgniter.php(914): App\Controllers\Filtre->changerayon2('7')
#6 E:\Projets\test filtre\testfiltre\system\CodeIgniter.php(400): CodeIgniter\CodeIgniter->runController(Object(App\Controllers\Filtre))
#7 E:\Projets\test filtre\testfiltre\system\CodeIgniter.php(308): CodeIgniter\CodeIgniter->handleRequest(NULL, Object(Config\Cache), false)
#8 E:\Projets\test filtre\testfiltre\public\index.php(45): CodeIgniter\CodeIgniter->run()
#9 E:\Projets\test filtre\testfiltre\system\Commands\Server\rewrite.php(34): require_once('E:\\Projets\\test...')
#10 {main}
CRITICAL - 2022-09-21 08:47:09 --> Undefined variable: rayons
#0 E:\Projets\test filtre\testfiltre\app\Views\filtre\productrayons.php(3): CodeIgniter\Debug\Exceptions->errorHandler(8, 'Undefined varia...', 'E:\\Projets\\test...', 3, Array)
#1 E:\Projets\test filtre\testfiltre\system\View\View.php(246): include('E:\\Projets\\test...')
#2 E:\Projets\test filtre\testfiltre\system\Common.php(1087): CodeIgniter\View\View->render('filtre/productr...', Array, true)
#3 E:\Projets\test filtre\testfiltre\app\Controllers\Assets.php(66): view('filtre/productr...')
#4 E:\Projets\test filtre\testfiltre\app\Controllers\Filtre.php(25): App\Controllers\Assets::productrayons(Array)
#5 E:\Projets\test filtre\testfiltre\system\CodeIgniter.php(914): App\Controllers\Filtre->changerayon2('4')
#6 E:\Projets\test filtre\testfiltre\system\CodeIgniter.php(400): CodeIgniter\CodeIgniter->runController(Object(App\Controllers\Filtre))
#7 E:\Projets\test filtre\testfiltre\system\CodeIgniter.php(308): CodeIgniter\CodeIgniter->handleRequest(NULL, Object(Config\Cache), false)
#8 E:\Projets\test filtre\testfiltre\public\index.php(45): CodeIgniter\CodeIgniter->run()
#9 E:\Projets\test filtre\testfiltre\system\Commands\Server\rewrite.php(34): require_once('E:\\Projets\\test...')
#10 {main}
CRITICAL - 2022-09-21 08:47:32 --> Undefined variable: rayons
#0 E:\Projets\test filtre\testfiltre\app\Views\filtre\productrayons.php(3): CodeIgniter\Debug\Exceptions->errorHandler(8, 'Undefined varia...', 'E:\\Projets\\test...', 3, Array)
#1 E:\Projets\test filtre\testfiltre\system\View\View.php(246): include('E:\\Projets\\test...')
#2 E:\Projets\test filtre\testfiltre\system\Common.php(1087): CodeIgniter\View\View->render('filtre/productr...', Array, true)
#3 E:\Projets\test filtre\testfiltre\app\Controllers\Assets.php(66): view('filtre/productr...')
#4 E:\Projets\test filtre\testfiltre\app\Controllers\Filtre.php(25): App\Controllers\Assets::productrayons(Array)
#5 E:\Projets\test filtre\testfiltre\system\CodeIgniter.php(914): App\Controllers\Filtre->changerayon2('8')
#6 E:\Projets\test filtre\testfiltre\system\CodeIgniter.php(400): CodeIgniter\CodeIgniter->runController(Object(App\Controllers\Filtre))
#7 E:\Projets\test filtre\testfiltre\system\CodeIgniter.php(308): CodeIgniter\CodeIgniter->handleRequest(NULL, Object(Config\Cache), false)
#8 E:\Projets\test filtre\testfiltre\public\index.php(45): CodeIgniter\CodeIgniter->run()
#9 E:\Projets\test filtre\testfiltre\system\Commands\Server\rewrite.php(34): require_once('E:\\Projets\\test...')
#10 {main}
CRITICAL - 2022-09-21 08:47:36 --> Undefined variable: rayons
#0 E:\Projets\test filtre\testfiltre\app\Views\filtre\productrayons.php(3): CodeIgniter\Debug\Exceptions->errorHandler(8, 'Undefined varia...', 'E:\\Projets\\test...', 3, Array)
#1 E:\Projets\test filtre\testfiltre\system\View\View.php(246): include('E:\\Projets\\test...')
#2 E:\Projets\test filtre\testfiltre\system\Common.php(1087): CodeIgniter\View\View->render('filtre/productr...', Array, true)
#3 E:\Projets\test filtre\testfiltre\app\Controllers\Assets.php(66): view('filtre/productr...')
#4 E:\Projets\test filtre\testfiltre\app\Controllers\Filtre.php(25): App\Controllers\Assets::productrayons(Array)
#5 E:\Projets\test filtre\testfiltre\system\CodeIgniter.php(914): App\Controllers\Filtre->changerayon2('3')
#6 E:\Projets\test filtre\testfiltre\system\CodeIgniter.php(400): CodeIgniter\CodeIgniter->runController(Object(App\Controllers\Filtre))
#7 E:\Projets\test filtre\testfiltre\system\CodeIgniter.php(308): CodeIgniter\CodeIgniter->handleRequest(NULL, Object(Config\Cache), false)
#8 E:\Projets\test filtre\testfiltre\public\index.php(45): CodeIgniter\CodeIgniter->run()
#9 E:\Projets\test filtre\testfiltre\system\Commands\Server\rewrite.php(34): require_once('E:\\Projets\\test...')
#10 {main}
CRITICAL - 2022-09-21 08:51:55 --> Undefined variable: rayons
#0 E:\Projets\test filtre\testfiltre\app\Views\filtre\productrayons.php(3): CodeIgniter\Debug\Exceptions->errorHandler(8, 'Undefined varia...', 'E:\\Projets\\test...', 3, Array)
#1 E:\Projets\test filtre\testfiltre\system\View\View.php(246): include('E:\\Projets\\test...')
#2 E:\Projets\test filtre\testfiltre\system\Common.php(1087): CodeIgniter\View\View->render('filtre/productr...', Array, true)
#3 E:\Projets\test filtre\testfiltre\app\Controllers\Assets.php(70): view('filtre/productr...')
#4 E:\Projets\test filtre\testfiltre\app\Controllers\Filtre.php(25): App\Controllers\Assets::productrayons2(Array)
#5 E:\Projets\test filtre\testfiltre\system\CodeIgniter.php(914): App\Controllers\Filtre->changerayon2('3')
#6 E:\Projets\test filtre\testfiltre\system\CodeIgniter.php(400): CodeIgniter\CodeIgniter->runController(Object(App\Controllers\Filtre))
#7 E:\Projets\test filtre\testfiltre\system\CodeIgniter.php(308): CodeIgniter\CodeIgniter->handleRequest(NULL, Object(Config\Cache), false)
#8 E:\Projets\test filtre\testfiltre\public\index.php(45): CodeIgniter\CodeIgniter->run()
#9 E:\Projets\test filtre\testfiltre\system\Commands\Server\rewrite.php(34): require_once('E:\\Projets\\test...')
#10 {main}
CRITICAL - 2022-09-21 08:51:59 --> Undefined variable: rayons
#0 E:\Projets\test filtre\testfiltre\app\Views\filtre\productrayons.php(3): CodeIgniter\Debug\Exceptions->errorHandler(8, 'Undefined varia...', 'E:\\Projets\\test...', 3, Array)
#1 E:\Projets\test filtre\testfiltre\system\View\View.php(246): include('E:\\Projets\\test...')
#2 E:\Projets\test filtre\testfiltre\system\Common.php(1087): CodeIgniter\View\View->render('filtre/productr...', Array, true)
#3 E:\Projets\test filtre\testfiltre\app\Controllers\Assets.php(70): view('filtre/productr...')
#4 E:\Projets\test filtre\testfiltre\app\Controllers\Filtre.php(25): App\Controllers\Assets::productrayons2(Array)
#5 E:\Projets\test filtre\testfiltre\system\CodeIgniter.php(914): App\Controllers\Filtre->changerayon2('10')
#6 E:\Projets\test filtre\testfiltre\system\CodeIgniter.php(400): CodeIgniter\CodeIgniter->runController(Object(App\Controllers\Filtre))
#7 E:\Projets\test filtre\testfiltre\system\CodeIgniter.php(308): CodeIgniter\CodeIgniter->handleRequest(NULL, Object(Config\Cache), false)
#8 E:\Projets\test filtre\testfiltre\public\index.php(45): CodeIgniter\CodeIgniter->run()
#9 E:\Projets\test filtre\testfiltre\system\Commands\Server\rewrite.php(34): require_once('E:\\Projets\\test...')
#10 {main}
CRITICAL - 2022-09-21 08:52:06 --> Undefined variable: rayons
#0 E:\Projets\test filtre\testfiltre\app\Views\filtre\productrayons.php(3): CodeIgniter\Debug\Exceptions->errorHandler(8, 'Undefined varia...', 'E:\\Projets\\test...', 3, Array)
#1 E:\Projets\test filtre\testfiltre\system\View\View.php(246): include('E:\\Projets\\test...')
#2 E:\Projets\test filtre\testfiltre\system\Common.php(1087): CodeIgniter\View\View->render('filtre/productr...', Array, true)
#3 E:\Projets\test filtre\testfiltre\app\Controllers\Assets.php(70): view('filtre/productr...')
#4 E:\Projets\test filtre\testfiltre\app\Controllers\Filtre.php(25): App\Controllers\Assets::productrayons2(Array)
#5 E:\Projets\test filtre\testfiltre\system\CodeIgniter.php(914): App\Controllers\Filtre->changerayon2('12')
#6 E:\Projets\test filtre\testfiltre\system\CodeIgniter.php(400): CodeIgniter\CodeIgniter->runController(Object(App\Controllers\Filtre))
#7 E:\Projets\test filtre\testfiltre\system\CodeIgniter.php(308): CodeIgniter\CodeIgniter->handleRequest(NULL, Object(Config\Cache), false)
#8 E:\Projets\test filtre\testfiltre\public\index.php(45): CodeIgniter\CodeIgniter->run()
#9 E:\Projets\test filtre\testfiltre\system\Commands\Server\rewrite.php(34): require_once('E:\\Projets\\test...')
#10 {main}
CRITICAL - 2022-09-21 08:52:09 --> Undefined variable: rayons
#0 E:\Projets\test filtre\testfiltre\app\Views\filtre\productrayons.php(3): CodeIgniter\Debug\Exceptions->errorHandler(8, 'Undefined varia...', 'E:\\Projets\\test...', 3, Array)
#1 E:\Projets\test filtre\testfiltre\system\View\View.php(246): include('E:\\Projets\\test...')
#2 E:\Projets\test filtre\testfiltre\system\Common.php(1087): CodeIgniter\View\View->render('filtre/productr...', Array, true)
#3 E:\Projets\test filtre\testfiltre\app\Controllers\Assets.php(70): view('filtre/productr...')
#4 E:\Projets\test filtre\testfiltre\app\Controllers\Filtre.php(25): App\Controllers\Assets::productrayons2(Array)
#5 E:\Projets\test filtre\testfiltre\system\CodeIgniter.php(914): App\Controllers\Filtre->changerayon2('2')
#6 E:\Projets\test filtre\testfiltre\system\CodeIgniter.php(400): CodeIgniter\CodeIgniter->runController(Object(App\Controllers\Filtre))
#7 E:\Projets\test filtre\testfiltre\system\CodeIgniter.php(308): CodeIgniter\CodeIgniter->handleRequest(NULL, Object(Config\Cache), false)
#8 E:\Projets\test filtre\testfiltre\public\index.php(45): CodeIgniter\CodeIgniter->run()
#9 E:\Projets\test filtre\testfiltre\system\Commands\Server\rewrite.php(34): require_once('E:\\Projets\\test...')
#10 {main}
CRITICAL - 2022-09-21 08:52:13 --> Undefined variable: rayons
#0 E:\Projets\test filtre\testfiltre\app\Views\filtre\productrayons.php(3): CodeIgniter\Debug\Exceptions->errorHandler(8, 'Undefined varia...', 'E:\\Projets\\test...', 3, Array)
#1 E:\Projets\test filtre\testfiltre\system\View\View.php(246): include('E:\\Projets\\test...')
#2 E:\Projets\test filtre\testfiltre\system\Common.php(1087): CodeIgniter\View\View->render('filtre/productr...', Array, true)
#3 E:\Projets\test filtre\testfiltre\app\Controllers\Assets.php(70): view('filtre/productr...')
#4 E:\Projets\test filtre\testfiltre\app\Controllers\Filtre.php(25): App\Controllers\Assets::productrayons2(Array)
#5 E:\Projets\test filtre\testfiltre\system\CodeIgniter.php(914): App\Controllers\Filtre->changerayon2('13')
#6 E:\Projets\test filtre\testfiltre\system\CodeIgniter.php(400): CodeIgniter\CodeIgniter->runController(Object(App\Controllers\Filtre))
#7 E:\Projets\test filtre\testfiltre\system\CodeIgniter.php(308): CodeIgniter\CodeIgniter->handleRequest(NULL, Object(Config\Cache), false)
#8 E:\Projets\test filtre\testfiltre\public\index.php(45): CodeIgniter\CodeIgniter->run()
#9 E:\Projets\test filtre\testfiltre\system\Commands\Server\rewrite.php(34): require_once('E:\\Projets\\test...')
#10 {main}
CRITICAL - 2022-09-21 08:53:32 --> Undefined variable: rayons
#0 E:\Projets\test filtre\testfiltre\app\Views\filtre\productrayons.php(3): CodeIgniter\Debug\Exceptions->errorHandler(8, 'Undefined varia...', 'E:\\Projets\\test...', 3, Array)
#1 E:\Projets\test filtre\testfiltre\system\View\View.php(246): include('E:\\Projets\\test...')
#2 E:\Projets\test filtre\testfiltre\system\Common.php(1087): CodeIgniter\View\View->render('filtre/productr...', Array, true)
#3 E:\Projets\test filtre\testfiltre\app\Controllers\Assets.php(70): view('filtre/productr...')
#4 E:\Projets\test filtre\testfiltre\app\Controllers\Filtre.php(25): App\Controllers\Assets::productrayons2(Array)
#5 E:\Projets\test filtre\testfiltre\system\CodeIgniter.php(914): App\Controllers\Filtre->changerayon2('4')
#6 E:\Projets\test filtre\testfiltre\system\CodeIgniter.php(400): CodeIgniter\CodeIgniter->runController(Object(App\Controllers\Filtre))
#7 E:\Projets\test filtre\testfiltre\system\CodeIgniter.php(308): CodeIgniter\CodeIgniter->handleRequest(NULL, Object(Config\Cache), false)
#8 E:\Projets\test filtre\testfiltre\public\index.php(45): CodeIgniter\CodeIgniter->run()
#9 E:\Projets\test filtre\testfiltre\system\Commands\Server\rewrite.php(34): require_once('E:\\Projets\\test...')
#10 {main}
CRITICAL - 2022-09-21 08:53:35 --> Undefined variable: rayons
#0 E:\Projets\test filtre\testfiltre\app\Views\filtre\productrayons.php(3): CodeIgniter\Debug\Exceptions->errorHandler(8, 'Undefined varia...', 'E:\\Projets\\test...', 3, Array)
#1 E:\Projets\test filtre\testfiltre\system\View\View.php(246): include('E:\\Projets\\test...')
#2 E:\Projets\test filtre\testfiltre\system\Common.php(1087): CodeIgniter\View\View->render('filtre/productr...', Array, true)
#3 E:\Projets\test filtre\testfiltre\app\Controllers\Assets.php(70): view('filtre/productr...')
#4 E:\Projets\test filtre\testfiltre\app\Controllers\Filtre.php(25): App\Controllers\Assets::productrayons2(Array)
#5 E:\Projets\test filtre\testfiltre\system\CodeIgniter.php(914): App\Controllers\Filtre->changerayon2('8')
#6 E:\Projets\test filtre\testfiltre\system\CodeIgniter.php(400): CodeIgniter\CodeIgniter->runController(Object(App\Controllers\Filtre))
#7 E:\Projets\test filtre\testfiltre\system\CodeIgniter.php(308): CodeIgniter\CodeIgniter->handleRequest(NULL, Object(Config\Cache), false)
#8 E:\Projets\test filtre\testfiltre\public\index.php(45): CodeIgniter\CodeIgniter->run()
#9 E:\Projets\test filtre\testfiltre\system\Commands\Server\rewrite.php(34): require_once('E:\\Projets\\test...')
#10 {main}
CRITICAL - 2022-09-21 08:53:44 --> Undefined variable: rayons
#0 E:\Projets\test filtre\testfiltre\app\Views\filtre\productrayons.php(3): CodeIgniter\Debug\Exceptions->errorHandler(8, 'Undefined varia...', 'E:\\Projets\\test...', 3, Array)
#1 E:\Projets\test filtre\testfiltre\system\View\View.php(246): include('E:\\Projets\\test...')
#2 E:\Projets\test filtre\testfiltre\system\Common.php(1087): CodeIgniter\View\View->render('filtre/productr...', Array, true)
#3 E:\Projets\test filtre\testfiltre\app\Controllers\Assets.php(70): view('filtre/productr...')
#4 E:\Projets\test filtre\testfiltre\app\Controllers\Filtre.php(25): App\Controllers\Assets::productrayons2(Array)
#5 E:\Projets\test filtre\testfiltre\system\CodeIgniter.php(914): App\Controllers\Filtre->changerayon2('9')
#6 E:\Projets\test filtre\testfiltre\system\CodeIgniter.php(400): CodeIgniter\CodeIgniter->runController(Object(App\Controllers\Filtre))
#7 E:\Projets\test filtre\testfiltre\system\CodeIgniter.php(308): CodeIgniter\CodeIgniter->handleRequest(NULL, Object(Config\Cache), false)
#8 E:\Projets\test filtre\testfiltre\public\index.php(45): CodeIgniter\CodeIgniter->run()
#9 E:\Projets\test filtre\testfiltre\system\Commands\Server\rewrite.php(34): require_once('E:\\Projets\\test...')
#10 {main}
CRITICAL - 2022-09-21 08:54:07 --> Undefined variable: rayons
#0 E:\Projets\test filtre\testfiltre\app\Views\filtre\productrayons.php(3): CodeIgniter\Debug\Exceptions->errorHandler(8, 'Undefined varia...', 'E:\\Projets\\test...', 3, Array)
#1 E:\Projets\test filtre\testfiltre\system\View\View.php(246): include('E:\\Projets\\test...')
#2 E:\Projets\test filtre\testfiltre\system\Common.php(1087): CodeIgniter\View\View->render('filtre/productr...', Array, true)
#3 E:\Projets\test filtre\testfiltre\app\Controllers\Assets.php(70): view('filtre/productr...')
#4 E:\Projets\test filtre\testfiltre\app\Controllers\Filtre.php(25): App\Controllers\Assets::productrayons2(Array)
#5 E:\Projets\test filtre\testfiltre\system\CodeIgniter.php(914): App\Controllers\Filtre->changerayon2('5')
#6 E:\Projets\test filtre\testfiltre\system\CodeIgniter.php(400): CodeIgniter\CodeIgniter->runController(Object(App\Controllers\Filtre))
#7 E:\Projets\test filtre\testfiltre\system\CodeIgniter.php(308): CodeIgniter\CodeIgniter->handleRequest(NULL, Object(Config\Cache), false)
#8 E:\Projets\test filtre\testfiltre\public\index.php(45): CodeIgniter\CodeIgniter->run()
#9 E:\Projets\test filtre\testfiltre\system\Commands\Server\rewrite.php(34): require_once('E:\\Projets\\test...')
#10 {main}
CRITICAL - 2022-09-21 08:54:11 --> Undefined variable: rayons
#0 E:\Projets\test filtre\testfiltre\app\Views\filtre\productrayons.php(3): CodeIgniter\Debug\Exceptions->errorHandler(8, 'Undefined varia...', 'E:\\Projets\\test...', 3, Array)
#1 E:\Projets\test filtre\testfiltre\system\View\View.php(246): include('E:\\Projets\\test...')
#2 E:\Projets\test filtre\testfiltre\system\Common.php(1087): CodeIgniter\View\View->render('filtre/productr...', Array, true)
#3 E:\Projets\test filtre\testfiltre\app\Controllers\Assets.php(70): view('filtre/productr...')
#4 E:\Projets\test filtre\testfiltre\app\Controllers\Filtre.php(25): App\Controllers\Assets::productrayons2(Array)
#5 E:\Projets\test filtre\testfiltre\system\CodeIgniter.php(914): App\Controllers\Filtre->changerayon2('12')
#6 E:\Projets\test filtre\testfiltre\system\CodeIgniter.php(400): CodeIgniter\CodeIgniter->runController(Object(App\Controllers\Filtre))
#7 E:\Projets\test filtre\testfiltre\system\CodeIgniter.php(308): CodeIgniter\CodeIgniter->handleRequest(NULL, Object(Config\Cache), false)
#8 E:\Projets\test filtre\testfiltre\public\index.php(45): CodeIgniter\CodeIgniter->run()
#9 E:\Projets\test filtre\testfiltre\system\Commands\Server\rewrite.php(34): require_once('E:\\Projets\\test...')
#10 {main}
CRITICAL - 2022-09-21 08:54:14 --> Undefined variable: rayons
#0 E:\Projets\test filtre\testfiltre\app\Views\filtre\productrayons.php(3): CodeIgniter\Debug\Exceptions->errorHandler(8, 'Undefined varia...', 'E:\\Projets\\test...', 3, Array)
#1 E:\Projets\test filtre\testfiltre\system\View\View.php(246): include('E:\\Projets\\test...')
#2 E:\Projets\test filtre\testfiltre\system\Common.php(1087): CodeIgniter\View\View->render('filtre/productr...', Array, true)
#3 E:\Projets\test filtre\testfiltre\app\Controllers\Assets.php(70): view('filtre/productr...')
#4 E:\Projets\test filtre\testfiltre\app\Controllers\Filtre.php(25): App\Controllers\Assets::productrayons2(Array)
#5 E:\Projets\test filtre\testfiltre\system\CodeIgniter.php(914): App\Controllers\Filtre->changerayon2('6')
#6 E:\Projets\test filtre\testfiltre\system\CodeIgniter.php(400): CodeIgniter\CodeIgniter->runController(Object(App\Controllers\Filtre))
#7 E:\Projets\test filtre\testfiltre\system\CodeIgniter.php(308): CodeIgniter\CodeIgniter->handleRequest(NULL, Object(Config\Cache), false)
#8 E:\Projets\test filtre\testfiltre\public\index.php(45): CodeIgniter\CodeIgniter->run()
#9 E:\Projets\test filtre\testfiltre\system\Commands\Server\rewrite.php(34): require_once('E:\\Projets\\test...')
#10 {main}
CRITICAL - 2022-09-21 09:00:27 --> Undefined variable: rayons
#0 E:\Projets\test filtre\testfiltre\app\Views\filtre\productrayons2.php(1): CodeIgniter\Debug\Exceptions->errorHandler(8, 'Undefined varia...', 'E:\\Projets\\test...', 1, Array)
#1 E:\Projets\test filtre\testfiltre\system\View\View.php(246): include('E:\\Projets\\test...')
#2 E:\Projets\test filtre\testfiltre\system\Common.php(1087): CodeIgniter\View\View->render('filtre/productr...', Array, true)
#3 E:\Projets\test filtre\testfiltre\app\Controllers\Assets.php(70): view('filtre/productr...')
#4 E:\Projets\test filtre\testfiltre\app\Controllers\Filtre.php(25): App\Controllers\Assets::productrayons2(Array)
#5 E:\Projets\test filtre\testfiltre\system\CodeIgniter.php(914): App\Controllers\Filtre->changerayon2('5')
#6 E:\Projets\test filtre\testfiltre\system\CodeIgniter.php(400): CodeIgniter\CodeIgniter->runController(Object(App\Controllers\Filtre))
#7 E:\Projets\test filtre\testfiltre\system\CodeIgniter.php(308): CodeIgniter\CodeIgniter->handleRequest(NULL, Object(Config\Cache), false)
#8 E:\Projets\test filtre\testfiltre\public\index.php(45): CodeIgniter\CodeIgniter->run()
#9 E:\Projets\test filtre\testfiltre\system\Commands\Server\rewrite.php(34): require_once('E:\\Projets\\test...')
#10 {main}
CRITICAL - 2022-09-21 09:00:31 --> Undefined variable: rayons
#0 E:\Projets\test filtre\testfiltre\app\Views\filtre\productrayons2.php(1): CodeIgniter\Debug\Exceptions->errorHandler(8, 'Undefined varia...', 'E:\\Projets\\test...', 1, Array)
#1 E:\Projets\test filtre\testfiltre\system\View\View.php(246): include('E:\\Projets\\test...')
#2 E:\Projets\test filtre\testfiltre\system\Common.php(1087): CodeIgniter\View\View->render('filtre/productr...', Array, true)
#3 E:\Projets\test filtre\testfiltre\app\Controllers\Assets.php(70): view('filtre/productr...')
#4 E:\Projets\test filtre\testfiltre\app\Controllers\Filtre.php(25): App\Controllers\Assets::productrayons2(Array)
#5 E:\Projets\test filtre\testfiltre\system\CodeIgniter.php(914): App\Controllers\Filtre->changerayon2('9')
#6 E:\Projets\test filtre\testfiltre\system\CodeIgniter.php(400): CodeIgniter\CodeIgniter->runController(Object(App\Controllers\Filtre))
#7 E:\Projets\test filtre\testfiltre\system\CodeIgniter.php(308): CodeIgniter\CodeIgniter->handleRequest(NULL, Object(Config\Cache), false)
#8 E:\Projets\test filtre\testfiltre\public\index.php(45): CodeIgniter\CodeIgniter->run()
#9 E:\Projets\test filtre\testfiltre\system\Commands\Server\rewrite.php(34): require_once('E:\\Projets\\test...')
#10 {main}
CRITICAL - 2022-09-21 09:00:50 --> Undefined variable: rayons
#0 E:\Projets\test filtre\testfiltre\app\Views\filtre\productrayons2.php(1): CodeIgniter\Debug\Exceptions->errorHandler(8, 'Undefined varia...', 'E:\\Projets\\test...', 1, Array)
#1 E:\Projets\test filtre\testfiltre\system\View\View.php(246): include('E:\\Projets\\test...')
#2 E:\Projets\test filtre\testfiltre\system\Common.php(1087): CodeIgniter\View\View->render('filtre/productr...', Array, true)
#3 E:\Projets\test filtre\testfiltre\app\Controllers\Assets.php(70): view('filtre/productr...')
#4 E:\Projets\test filtre\testfiltre\app\Controllers\Filtre.php(25): App\Controllers\Assets::productrayons2(Array)
#5 E:\Projets\test filtre\testfiltre\system\CodeIgniter.php(914): App\Controllers\Filtre->changerayon2('6')
#6 E:\Projets\test filtre\testfiltre\system\CodeIgniter.php(400): CodeIgniter\CodeIgniter->runController(Object(App\Controllers\Filtre))
#7 E:\Projets\test filtre\testfiltre\system\CodeIgniter.php(308): CodeIgniter\CodeIgniter->handleRequest(NULL, Object(Config\Cache), false)
#8 E:\Projets\test filtre\testfiltre\public\index.php(45): CodeIgniter\CodeIgniter->run()
#9 E:\Projets\test filtre\testfiltre\system\Commands\Server\rewrite.php(34): require_once('E:\\Projets\\test...')
#10 {main}
CRITICAL - 2022-09-21 09:00:54 --> Undefined variable: rayons
#0 E:\Projets\test filtre\testfiltre\app\Views\filtre\productrayons2.php(1): CodeIgniter\Debug\Exceptions->errorHandler(8, 'Undefined varia...', 'E:\\Projets\\test...', 1, Array)
#1 E:\Projets\test filtre\testfiltre\system\View\View.php(246): include('E:\\Projets\\test...')
#2 E:\Projets\test filtre\testfiltre\system\Common.php(1087): CodeIgniter\View\View->render('filtre/productr...', Array, true)
#3 E:\Projets\test filtre\testfiltre\app\Controllers\Assets.php(70): view('filtre/productr...')
#4 E:\Projets\test filtre\testfiltre\app\Controllers\Filtre.php(25): App\Controllers\Assets::productrayons2(Array)
#5 E:\Projets\test filtre\testfiltre\system\CodeIgniter.php(914): App\Controllers\Filtre->changerayon2('5')
#6 E:\Projets\test filtre\testfiltre\system\CodeIgniter.php(400): CodeIgniter\CodeIgniter->runController(Object(App\Controllers\Filtre))
#7 E:\Projets\test filtre\testfiltre\system\CodeIgniter.php(308): CodeIgniter\CodeIgniter->handleRequest(NULL, Object(Config\Cache), false)
#8 E:\Projets\test filtre\testfiltre\public\index.php(45): CodeIgniter\CodeIgniter->run()
#9 E:\Projets\test filtre\testfiltre\system\Commands\Server\rewrite.php(34): require_once('E:\\Projets\\test...')
#10 {main}
CRITICAL - 2022-09-21 09:02:12 --> Undefined variable: rayons
#0 E:\Projets\test filtre\testfiltre\app\Views\filtre\productrayons2.php(1): CodeIgniter\Debug\Exceptions->errorHandler(8, 'Undefined varia...', 'E:\\Projets\\test...', 1, Array)
#1 E:\Projets\test filtre\testfiltre\system\View\View.php(246): include('E:\\Projets\\test...')
#2 E:\Projets\test filtre\testfiltre\system\Common.php(1087): CodeIgniter\View\View->render('filtre/productr...', Array, true)
#3 E:\Projets\test filtre\testfiltre\app\Controllers\Assets.php(70): view('filtre/productr...')
#4 E:\Projets\test filtre\testfiltre\app\Controllers\Filtre.php(25): App\Controllers\Assets->productrayons2(Array)
#5 E:\Projets\test filtre\testfiltre\system\CodeIgniter.php(914): App\Controllers\Filtre->changerayon2('5')
#6 E:\Projets\test filtre\testfiltre\system\CodeIgniter.php(400): CodeIgniter\CodeIgniter->runController(Object(App\Controllers\Filtre))
#7 E:\Projets\test filtre\testfiltre\system\CodeIgniter.php(308): CodeIgniter\CodeIgniter->handleRequest(NULL, Object(Config\Cache), false)
#8 E:\Projets\test filtre\testfiltre\public\index.php(45): CodeIgniter\CodeIgniter->run()
#9 E:\Projets\test filtre\testfiltre\system\Commands\Server\rewrite.php(34): require_once('E:\\Projets\\test...')
#10 {main}
CRITICAL - 2022-09-21 09:03:28 --> Undefined variable: rayons
#0 E:\Projets\test filtre\testfiltre\app\Views\filtre\productrayons2.php(1): CodeIgniter\Debug\Exceptions->errorHandler(8, 'Undefined varia...', 'E:\\Projets\\test...', 1, Array)
#1 E:\Projets\test filtre\testfiltre\system\View\View.php(246): include('E:\\Projets\\test...')
#2 E:\Projets\test filtre\testfiltre\system\Common.php(1087): CodeIgniter\View\View->render('filtre/productr...', Array, true)
#3 E:\Projets\test filtre\testfiltre\app\Controllers\Assets.php(70): view('filtre/productr...')
#4 E:\Projets\test filtre\testfiltre\app\Controllers\Filtre.php(25): App\Controllers\Assets->productrayons2(Array)
#5 E:\Projets\test filtre\testfiltre\system\CodeIgniter.php(914): App\Controllers\Filtre->changerayon2('5')
#6 E:\Projets\test filtre\testfiltre\system\CodeIgniter.php(400): CodeIgniter\CodeIgniter->runController(Object(App\Controllers\Filtre))
#7 E:\Projets\test filtre\testfiltre\system\CodeIgniter.php(308): CodeIgniter\CodeIgniter->handleRequest(NULL, Object(Config\Cache), false)
#8 E:\Projets\test filtre\testfiltre\public\index.php(45): CodeIgniter\CodeIgniter->run()
#9 E:\Projets\test filtre\testfiltre\system\Commands\Server\rewrite.php(34): require_once('E:\\Projets\\test...')
#10 {main}
CRITICAL - 2022-09-21 09:03:59 --> Undefined variable: rayons
#0 E:\Projets\test filtre\testfiltre\app\Views\filtre\productrayons2.php(1): CodeIgniter\Debug\Exceptions->errorHandler(8, 'Undefined varia...', 'E:\\Projets\\test...', 1, Array)
#1 E:\Projets\test filtre\testfiltre\system\View\View.php(246): include('E:\\Projets\\test...')
#2 E:\Projets\test filtre\testfiltre\system\Common.php(1087): CodeIgniter\View\View->render('filtre/productr...', Array, true)
#3 E:\Projets\test filtre\testfiltre\app\Controllers\Assets.php(70): view('filtre/productr...')
#4 E:\Projets\test filtre\testfiltre\app\Controllers\Filtre.php(25): App\Controllers\Assets->productrayons2(Array)
#5 E:\Projets\test filtre\testfiltre\system\CodeIgniter.php(914): App\Controllers\Filtre->changerayon2('5')
#6 E:\Projets\test filtre\testfiltre\system\CodeIgniter.php(400): CodeIgniter\CodeIgniter->runController(Object(App\Controllers\Filtre))
#7 E:\Projets\test filtre\testfiltre\system\CodeIgniter.php(308): CodeIgniter\CodeIgniter->handleRequest(NULL, Object(Config\Cache), false)
#8 E:\Projets\test filtre\testfiltre\public\index.php(45): CodeIgniter\CodeIgniter->run()
#9 E:\Projets\test filtre\testfiltre\system\Commands\Server\rewrite.php(34): require_once('E:\\Projets\\test...')
#10 {main}
CRITICAL - 2022-09-21 09:04:02 --> Undefined variable: rayons
#0 E:\Projets\test filtre\testfiltre\app\Views\filtre\productrayons2.php(1): CodeIgniter\Debug\Exceptions->errorHandler(8, 'Undefined varia...', 'E:\\Projets\\test...', 1, Array)
#1 E:\Projets\test filtre\testfiltre\system\View\View.php(246): include('E:\\Projets\\test...')
#2 E:\Projets\test filtre\testfiltre\system\Common.php(1087): CodeIgniter\View\View->render('filtre/productr...', Array, true)
#3 E:\Projets\test filtre\testfiltre\app\Controllers\Assets.php(70): view('filtre/productr...')
#4 E:\Projets\test filtre\testfiltre\app\Controllers\Filtre.php(25): App\Controllers\Assets->productrayons2(Array)
#5 E:\Projets\test filtre\testfiltre\system\CodeIgniter.php(914): App\Controllers\Filtre->changerayon2('11')
#6 E:\Projets\test filtre\testfiltre\system\CodeIgniter.php(400): CodeIgniter\CodeIgniter->runController(Object(App\Controllers\Filtre))
#7 E:\Projets\test filtre\testfiltre\system\CodeIgniter.php(308): CodeIgniter\CodeIgniter->handleRequest(NULL, Object(Config\Cache), false)
#8 E:\Projets\test filtre\testfiltre\public\index.php(45): CodeIgniter\CodeIgniter->run()
#9 E:\Projets\test filtre\testfiltre\system\Commands\Server\rewrite.php(34): require_once('E:\\Projets\\test...')
#10 {main}
CRITICAL - 2022-09-21 09:07:59 --> Undefined variable: rayons
#0 E:\Projets\test filtre\testfiltre\app\Views\filtre\productrayons2.php(1): CodeIgniter\Debug\Exceptions->errorHandler(8, 'Undefined varia...', 'E:\\Projets\\test...', 1, Array)
#1 E:\Projets\test filtre\testfiltre\system\View\View.php(246): include('E:\\Projets\\test...')
#2 E:\Projets\test filtre\testfiltre\system\Common.php(1087): CodeIgniter\View\View->render('filtre/productr...', Array, true)
#3 E:\Projets\test filtre\testfiltre\app\Controllers\Assets.php(70): view('filtre/productr...')
#4 E:\Projets\test filtre\testfiltre\app\Controllers\Filtre.php(25): App\Controllers\Assets->productrayons2(Array)
#5 E:\Projets\test filtre\testfiltre\system\CodeIgniter.php(914): App\Controllers\Filtre->changerayon2('5')
#6 E:\Projets\test filtre\testfiltre\system\CodeIgniter.php(400): CodeIgniter\CodeIgniter->runController(Object(App\Controllers\Filtre))
#7 E:\Projets\test filtre\testfiltre\system\CodeIgniter.php(308): CodeIgniter\CodeIgniter->handleRequest(NULL, Object(Config\Cache), false)
#8 E:\Projets\test filtre\testfiltre\public\index.php(45): CodeIgniter\CodeIgniter->run()
#9 E:\Projets\test filtre\testfiltre\system\Commands\Server\rewrite.php(34): require_once('E:\\Projets\\test...')
#10 {main}
CRITICAL - 2022-09-21 09:08:33 --> Undefined variable: rayons
#0 E:\Projets\test filtre\testfiltre\app\Views\filtre\productrayons2.php(1): CodeIgniter\Debug\Exceptions->errorHandler(8, 'Undefined varia...', 'E:\\Projets\\test...', 1, Array)
#1 E:\Projets\test filtre\testfiltre\system\View\View.php(246): include('E:\\Projets\\test...')
#2 E:\Projets\test filtre\testfiltre\system\Common.php(1087): CodeIgniter\View\View->render('filtre/productr...', Array, true)
#3 E:\Projets\test filtre\testfiltre\app\Controllers\Assets.php(70): view('filtre/productr...')
#4 E:\Projets\test filtre\testfiltre\app\Controllers\Filtre.php(25): App\Controllers\Assets->productrayons2(Array)
#5 E:\Projets\test filtre\testfiltre\system\CodeIgniter.php(914): App\Controllers\Filtre->changerayon2('7')
#6 E:\Projets\test filtre\testfiltre\system\CodeIgniter.php(400): CodeIgniter\CodeIgniter->runController(Object(App\Controllers\Filtre))
#7 E:\Projets\test filtre\testfiltre\system\CodeIgniter.php(308): CodeIgniter\CodeIgniter->handleRequest(NULL, Object(Config\Cache), false)
#8 E:\Projets\test filtre\testfiltre\public\index.php(45): CodeIgniter\CodeIgniter->run()
#9 E:\Projets\test filtre\testfiltre\system\Commands\Server\rewrite.php(34): require_once('E:\\Projets\\test...')
#10 {main}
CRITICAL - 2022-09-21 09:22:23 --> Undefined variable: rayons
#0 E:\Projets\test filtre\testfiltre\app\Views\filtre\productrayons2.php(1): CodeIgniter\Debug\Exceptions->errorHandler(8, 'Undefined varia...', 'E:\\Projets\\test...', 1, Array)
#1 E:\Projets\test filtre\testfiltre\system\View\View.php(246): include('E:\\Projets\\test...')
#2 E:\Projets\test filtre\testfiltre\system\Common.php(1087): CodeIgniter\View\View->render('filtre/productr...', Array, true)
#3 E:\Projets\test filtre\testfiltre\app\Controllers\Assets.php(70): view('filtre/productr...')
#4 E:\Projets\test filtre\testfiltre\app\Controllers\Filtre.php(25): App\Controllers\Assets->productrayons2(Array)
#5 E:\Projets\test filtre\testfiltre\system\CodeIgniter.php(914): App\Controllers\Filtre->changerayon2('5')
#6 E:\Projets\test filtre\testfiltre\system\CodeIgniter.php(400): CodeIgniter\CodeIgniter->runController(Object(App\Controllers\Filtre))
#7 E:\Projets\test filtre\testfiltre\system\CodeIgniter.php(308): CodeIgniter\CodeIgniter->handleRequest(NULL, Object(Config\Cache), false)
#8 E:\Projets\test filtre\testfiltre\public\index.php(45): CodeIgniter\CodeIgniter->run()
#9 E:\Projets\test filtre\testfiltre\system\Commands\Server\rewrite.php(34): require_once('E:\\Projets\\test...')
#10 {main}
CRITICAL - 2022-09-21 09:36:40 --> Undefined variable: rayons
#0 E:\Projets\test filtre\testfiltre\app\Views\filtre\productrayons2.php(1): CodeIgniter\Debug\Exceptions->errorHandler(8, 'Undefined varia...', 'E:\\Projets\\test...', 1, Array)
#1 E:\Projets\test filtre\testfiltre\system\View\View.php(246): include('E:\\Projets\\test...')
#2 E:\Projets\test filtre\testfiltre\system\Common.php(1087): CodeIgniter\View\View->render('filtre/productr...', Array, true)
#3 E:\Projets\test filtre\testfiltre\app\Controllers\Assets.php(70): view('filtre/productr...')
#4 E:\Projets\test filtre\testfiltre\app\Controllers\Filtre.php(25): App\Controllers\Assets->productrayons2(Array)
#5 E:\Projets\test filtre\testfiltre\system\CodeIgniter.php(914): App\Controllers\Filtre->changerayon2('8')
#6 E:\Projets\test filtre\testfiltre\system\CodeIgniter.php(400): CodeIgniter\CodeIgniter->runController(Object(App\Controllers\Filtre))
#7 E:\Projets\test filtre\testfiltre\system\CodeIgniter.php(308): CodeIgniter\CodeIgniter->handleRequest(NULL, Object(Config\Cache), false)
#8 E:\Projets\test filtre\testfiltre\public\index.php(45): CodeIgniter\CodeIgniter->run()
#9 E:\Projets\test filtre\testfiltre\system\Commands\Server\rewrite.php(34): require_once('E:\\Projets\\test...')
#10 {main}
CRITICAL - 2022-09-21 09:36:41 --> Undefined variable: rayons
#0 E:\Projets\test filtre\testfiltre\app\Views\filtre\productrayons2.php(1): CodeIgniter\Debug\Exceptions->errorHandler(8, 'Undefined varia...', 'E:\\Projets\\test...', 1, Array)
#1 E:\Projets\test filtre\testfiltre\system\View\View.php(246): include('E:\\Projets\\test...')
#2 E:\Projets\test filtre\testfiltre\system\Common.php(1087): CodeIgniter\View\View->render('filtre/productr...', Array, true)
#3 E:\Projets\test filtre\testfiltre\app\Controllers\Assets.php(70): view('filtre/productr...')
#4 E:\Projets\test filtre\testfiltre\app\Controllers\Filtre.php(25): App\Controllers\Assets->productrayons2(Array)
#5 E:\Projets\test filtre\testfiltre\system\CodeIgniter.php(914): App\Controllers\Filtre->changerayon2('2')
#6 E:\Projets\test filtre\testfiltre\system\CodeIgniter.php(400): CodeIgniter\CodeIgniter->runController(Object(App\Controllers\Filtre))
#7 E:\Projets\test filtre\testfiltre\system\CodeIgniter.php(308): CodeIgniter\CodeIgniter->handleRequest(NULL, Object(Config\Cache), false)
#8 E:\Projets\test filtre\testfiltre\public\index.php(45): CodeIgniter\CodeIgniter->run()
#9 E:\Projets\test filtre\testfiltre\system\Commands\Server\rewrite.php(34): require_once('E:\\Projets\\test...')
#10 {main}
CRITICAL - 2022-09-21 09:36:41 --> Undefined variable: rayons
#0 E:\Projets\test filtre\testfiltre\app\Views\filtre\productrayons2.php(1): CodeIgniter\Debug\Exceptions->errorHandler(8, 'Undefined varia...', 'E:\\Projets\\test...', 1, Array)
#1 E:\Projets\test filtre\testfiltre\system\View\View.php(246): include('E:\\Projets\\test...')
#2 E:\Projets\test filtre\testfiltre\system\Common.php(1087): CodeIgniter\View\View->render('filtre/productr...', Array, true)
#3 E:\Projets\test filtre\testfiltre\app\Controllers\Assets.php(70): view('filtre/productr...')
#4 E:\Projets\test filtre\testfiltre\app\Controllers\Filtre.php(25): App\Controllers\Assets->productrayons2(Array)
#5 E:\Projets\test filtre\testfiltre\system\CodeIgniter.php(914): App\Controllers\Filtre->changerayon2('5')
#6 E:\Projets\test filtre\testfiltre\system\CodeIgniter.php(400): CodeIgniter\CodeIgniter->runController(Object(App\Controllers\Filtre))
#7 E:\Projets\test filtre\testfiltre\system\CodeIgniter.php(308): CodeIgniter\CodeIgniter->handleRequest(NULL, Object(Config\Cache), false)
#8 E:\Projets\test filtre\testfiltre\public\index.php(45): CodeIgniter\CodeIgniter->run()
#9 E:\Projets\test filtre\testfiltre\system\Commands\Server\rewrite.php(34): require_once('E:\\Projets\\test...')
#10 {main}
CRITICAL - 2022-09-21 09:36:52 --> Undefined variable: rayons
#0 E:\Projets\test filtre\testfiltre\app\Views\filtre\productrayons2.php(1): CodeIgniter\Debug\Exceptions->errorHandler(8, 'Undefined varia...', 'E:\\Projets\\test...', 1, Array)
#1 E:\Projets\test filtre\testfiltre\system\View\View.php(246): include('E:\\Projets\\test...')
#2 E:\Projets\test filtre\testfiltre\system\Common.php(1087): CodeIgniter\View\View->render('filtre/productr...', Array, true)
#3 E:\Projets\test filtre\testfiltre\app\Controllers\Assets.php(70): view('filtre/productr...')
#4 E:\Projets\test filtre\testfiltre\app\Controllers\Filtre.php(25): App\Controllers\Assets->productrayons2(Array)
#5 E:\Projets\test filtre\testfiltre\system\CodeIgniter.php(914): App\Controllers\Filtre->changerayon2('10')
#6 E:\Projets\test filtre\testfiltre\system\CodeIgniter.php(400): CodeIgniter\CodeIgniter->runController(Object(App\Controllers\Filtre))
#7 E:\Projets\test filtre\testfiltre\system\CodeIgniter.php(308): CodeIgniter\CodeIgniter->handleRequest(NULL, Object(Config\Cache), false)
#8 E:\Projets\test filtre\testfiltre\public\index.php(45): CodeIgniter\CodeIgniter->run()
#9 E:\Projets\test filtre\testfiltre\system\Commands\Server\rewrite.php(34): require_once('E:\\Projets\\test...')
#10 {main}
CRITICAL - 2022-09-21 09:41:02 --> Undefined variable: rayons
#0 E:\Projets\test filtre\testfiltre\app\Views\filtre\productrayons2.php(1): CodeIgniter\Debug\Exceptions->errorHandler(8, 'Undefined varia...', 'E:\\Projets\\test...', 1, Array)
#1 E:\Projets\test filtre\testfiltre\system\View\View.php(246): include('E:\\Projets\\test...')
#2 E:\Projets\test filtre\testfiltre\system\Common.php(1087): CodeIgniter\View\View->render('filtre/productr...', Array, true)
#3 E:\Projets\test filtre\testfiltre\app\Controllers\Assets.php(70): view('filtre/productr...')
#4 E:\Projets\test filtre\testfiltre\app\Controllers\Filtre.php(25): App\Controllers\Assets->productrayons2(Array)
#5 E:\Projets\test filtre\testfiltre\system\CodeIgniter.php(914): App\Controllers\Filtre->changerayon2('5')
#6 E:\Projets\test filtre\testfiltre\system\CodeIgniter.php(400): CodeIgniter\CodeIgniter->runController(Object(App\Controllers\Filtre))
#7 E:\Projets\test filtre\testfiltre\system\CodeIgniter.php(308): CodeIgniter\CodeIgniter->handleRequest(NULL, Object(Config\Cache), false)
#8 E:\Projets\test filtre\testfiltre\public\index.php(45): CodeIgniter\CodeIgniter->run()
#9 E:\Projets\test filtre\testfiltre\system\Commands\Server\rewrite.php(34): require_once('E:\\Projets\\test...')
#10 {main}
CRITICAL - 2022-09-21 09:41:07 --> Undefined variable: rayons
#0 E:\Projets\test filtre\testfiltre\app\Views\filtre\productrayons2.php(1): CodeIgniter\Debug\Exceptions->errorHandler(8, 'Undefined varia...', 'E:\\Projets\\test...', 1, Array)
#1 E:\Projets\test filtre\testfiltre\system\View\View.php(246): include('E:\\Projets\\test...')
#2 E:\Projets\test filtre\testfiltre\system\Common.php(1087): CodeIgniter\View\View->render('filtre/productr...', Array, true)
#3 E:\Projets\test filtre\testfiltre\app\Controllers\Assets.php(70): view('filtre/productr...')
#4 E:\Projets\test filtre\testfiltre\app\Controllers\Filtre.php(25): App\Controllers\Assets->productrayons2(Array)
#5 E:\Projets\test filtre\testfiltre\system\CodeIgniter.php(914): App\Controllers\Filtre->changerayon2('2')
#6 E:\Projets\test filtre\testfiltre\system\CodeIgniter.php(400): CodeIgniter\CodeIgniter->runController(Object(App\Controllers\Filtre))
#7 E:\Projets\test filtre\testfiltre\system\CodeIgniter.php(308): CodeIgniter\CodeIgniter->handleRequest(NULL, Object(Config\Cache), false)
#8 E:\Projets\test filtre\testfiltre\public\index.php(45): CodeIgniter\CodeIgniter->run()
#9 E:\Projets\test filtre\testfiltre\system\Commands\Server\rewrite.php(34): require_once('E:\\Projets\\test...')
#10 {main}
CRITICAL - 2022-09-21 09:41:11 --> Undefined variable: rayons
#0 E:\Projets\test filtre\testfiltre\app\Views\filtre\productrayons2.php(1): CodeIgniter\Debug\Exceptions->errorHandler(8, 'Undefined varia...', 'E:\\Projets\\test...', 1, Array)
#1 E:\Projets\test filtre\testfiltre\system\View\View.php(246): include('E:\\Projets\\test...')
#2 E:\Projets\test filtre\testfiltre\system\Common.php(1087): CodeIgniter\View\View->render('filtre/productr...', Array, true)
#3 E:\Projets\test filtre\testfiltre\app\Controllers\Assets.php(70): view('filtre/productr...')
#4 E:\Projets\test filtre\testfiltre\app\Controllers\Filtre.php(25): App\Controllers\Assets->productrayons2(Array)
#5 E:\Projets\test filtre\testfiltre\system\CodeIgniter.php(914): App\Controllers\Filtre->changerayon2('13')
#6 E:\Projets\test filtre\testfiltre\system\CodeIgniter.php(400): CodeIgniter\CodeIgniter->runController(Object(App\Controllers\Filtre))
#7 E:\Projets\test filtre\testfiltre\system\CodeIgniter.php(308): CodeIgniter\CodeIgniter->handleRequest(NULL, Object(Config\Cache), false)
#8 E:\Projets\test filtre\testfiltre\public\index.php(45): CodeIgniter\CodeIgniter->run()
#9 E:\Projets\test filtre\testfiltre\system\Commands\Server\rewrite.php(34): require_once('E:\\Projets\\test...')
#10 {main}
CRITICAL - 2022-09-21 09:49:43 --> Undefined variable: rayons
#0 E:\Projets\test filtre\testfiltre\app\Views\filtre\productrayons2.php(1): CodeIgniter\Debug\Exceptions->errorHandler(8, 'Undefined varia...', 'E:\\Projets\\test...', 1, Array)
#1 E:\Projets\test filtre\testfiltre\system\View\View.php(246): include('E:\\Projets\\test...')
#2 E:\Projets\test filtre\testfiltre\system\Common.php(1087): CodeIgniter\View\View->render('filtre/productr...', Array, true)
#3 E:\Projets\test filtre\testfiltre\app\Controllers\Assets.php(70): view('filtre/productr...')
#4 E:\Projets\test filtre\testfiltre\app\Controllers\Filtre.php(26): App\Controllers\Assets->productrayons2(Array)
#5 E:\Projets\test filtre\testfiltre\system\CodeIgniter.php(914): App\Controllers\Filtre->changerayon2('6')
#6 E:\Projets\test filtre\testfiltre\system\CodeIgniter.php(400): CodeIgniter\CodeIgniter->runController(Object(App\Controllers\Filtre))
#7 E:\Projets\test filtre\testfiltre\system\CodeIgniter.php(308): CodeIgniter\CodeIgniter->handleRequest(NULL, Object(Config\Cache), false)
#8 E:\Projets\test filtre\testfiltre\public\index.php(45): CodeIgniter\CodeIgniter->run()
#9 E:\Projets\test filtre\testfiltre\system\Commands\Server\rewrite.php(34): require_once('E:\\Projets\\test...')
#10 {main}
CRITICAL - 2022-09-21 09:49:46 --> Undefined variable: rayons
#0 E:\Projets\test filtre\testfiltre\app\Views\filtre\productrayons2.php(1): CodeIgniter\Debug\Exceptions->errorHandler(8, 'Undefined varia...', 'E:\\Projets\\test...', 1, Array)
#1 E:\Projets\test filtre\testfiltre\system\View\View.php(246): include('E:\\Projets\\test...')
#2 E:\Projets\test filtre\testfiltre\system\Common.php(1087): CodeIgniter\View\View->render('filtre/productr...', Array, true)
#3 E:\Projets\test filtre\testfiltre\app\Controllers\Assets.php(70): view('filtre/productr...')
#4 E:\Projets\test filtre\testfiltre\app\Controllers\Filtre.php(26): App\Controllers\Assets->productrayons2(Array)
#5 E:\Projets\test filtre\testfiltre\system\CodeIgniter.php(914): App\Controllers\Filtre->changerayon2('11')
#6 E:\Projets\test filtre\testfiltre\system\CodeIgniter.php(400): CodeIgniter\CodeIgniter->runController(Object(App\Controllers\Filtre))
#7 E:\Projets\test filtre\testfiltre\system\CodeIgniter.php(308): CodeIgniter\CodeIgniter->handleRequest(NULL, Object(Config\Cache), false)
#8 E:\Projets\test filtre\testfiltre\public\index.php(45): CodeIgniter\CodeIgniter->run()
#9 E:\Projets\test filtre\testfiltre\system\Commands\Server\rewrite.php(34): require_once('E:\\Projets\\test...')
#10 {main}
CRITICAL - 2022-09-21 09:49:51 --> Undefined variable: rayons
#0 E:\Projets\test filtre\testfiltre\app\Views\filtre\productrayons2.php(1): CodeIgniter\Debug\Exceptions->errorHandler(8, 'Undefined varia...', 'E:\\Projets\\test...', 1, Array)
#1 E:\Projets\test filtre\testfiltre\system\View\View.php(246): include('E:\\Projets\\test...')
#2 E:\Projets\test filtre\testfiltre\system\Common.php(1087): CodeIgniter\View\View->render('filtre/productr...', Array, true)
#3 E:\Projets\test filtre\testfiltre\app\Controllers\Assets.php(70): view('filtre/productr...')
#4 E:\Projets\test filtre\testfiltre\app\Controllers\Filtre.php(26): App\Controllers\Assets->productrayons2(Array)
#5 E:\Projets\test filtre\testfiltre\system\CodeIgniter.php(914): App\Controllers\Filtre->changerayon2('13')
#6 E:\Projets\test filtre\testfiltre\system\CodeIgniter.php(400): CodeIgniter\CodeIgniter->runController(Object(App\Controllers\Filtre))
#7 E:\Projets\test filtre\testfiltre\system\CodeIgniter.php(308): CodeIgniter\CodeIgniter->handleRequest(NULL, Object(Config\Cache), false)
#8 E:\Projets\test filtre\testfiltre\public\index.php(45): CodeIgniter\CodeIgniter->run()
#9 E:\Projets\test filtre\testfiltre\system\Commands\Server\rewrite.php(34): require_once('E:\\Projets\\test...')
#10 {main}
CRITICAL - 2022-09-21 09:51:12 --> Undefined variable: rayons
#0 E:\Projets\test filtre\testfiltre\app\Views\filtre\productrayons2.php(1): CodeIgniter\Debug\Exceptions->errorHandler(8, 'Undefined varia...', 'E:\\Projets\\test...', 1, Array)
#1 E:\Projets\test filtre\testfiltre\system\View\View.php(246): include('E:\\Projets\\test...')
#2 E:\Projets\test filtre\testfiltre\system\Common.php(1087): CodeIgniter\View\View->render('filtre/productr...', Array, true)
#3 E:\Projets\test filtre\testfiltre\app\Controllers\Assets.php(70): view('filtre/productr...')
#4 E:\Projets\test filtre\testfiltre\app\Controllers\Filtre.php(26): App\Controllers\Assets->productrayons2(Array)
#5 E:\Projets\test filtre\testfiltre\system\CodeIgniter.php(914): App\Controllers\Filtre->changerayon2('5')
#6 E:\Projets\test filtre\testfiltre\system\CodeIgniter.php(400): CodeIgniter\CodeIgniter->runController(Object(App\Controllers\Filtre))
#7 E:\Projets\test filtre\testfiltre\system\CodeIgniter.php(308): CodeIgniter\CodeIgniter->handleRequest(NULL, Object(Config\Cache), false)
#8 E:\Projets\test filtre\testfiltre\public\index.php(45): CodeIgniter\CodeIgniter->run()
#9 E:\Projets\test filtre\testfiltre\system\Commands\Server\rewrite.php(34): require_once('E:\\Projets\\test...')
#10 {main}
CRITICAL - 2022-09-21 09:51:15 --> Undefined variable: rayons
#0 E:\Projets\test filtre\testfiltre\app\Views\filtre\productrayons2.php(1): CodeIgniter\Debug\Exceptions->errorHandler(8, 'Undefined varia...', 'E:\\Projets\\test...', 1, Array)
#1 E:\Projets\test filtre\testfiltre\system\View\View.php(246): include('E:\\Projets\\test...')
#2 E:\Projets\test filtre\testfiltre\system\Common.php(1087): CodeIgniter\View\View->render('filtre/productr...', Array, true)
#3 E:\Projets\test filtre\testfiltre\app\Controllers\Assets.php(70): view('filtre/productr...')
#4 E:\Projets\test filtre\testfiltre\app\Controllers\Filtre.php(26): App\Controllers\Assets->productrayons2(Array)
#5 E:\Projets\test filtre\testfiltre\system\CodeIgniter.php(914): App\Controllers\Filtre->changerayon2('10')
#6 E:\Projets\test filtre\testfiltre\system\CodeIgniter.php(400): CodeIgniter\CodeIgniter->runController(Object(App\Controllers\Filtre))
#7 E:\Projets\test filtre\testfiltre\system\CodeIgniter.php(308): CodeIgniter\CodeIgniter->handleRequest(NULL, Object(Config\Cache), false)
#8 E:\Projets\test filtre\testfiltre\public\index.php(45): CodeIgniter\CodeIgniter->run()
#9 E:\Projets\test filtre\testfiltre\system\Commands\Server\rewrite.php(34): require_once('E:\\Projets\\test...')
#10 {main}
CRITICAL - 2022-09-21 09:51:19 --> Undefined variable: rayons
#0 E:\Projets\test filtre\testfiltre\app\Views\filtre\productrayons2.php(1): CodeIgniter\Debug\Exceptions->errorHandler(8, 'Undefined varia...', 'E:\\Projets\\test...', 1, Array)
#1 E:\Projets\test filtre\testfiltre\system\View\View.php(246): include('E:\\Projets\\test...')
#2 E:\Projets\test filtre\testfiltre\system\Common.php(1087): CodeIgniter\View\View->render('filtre/productr...', Array, true)
#3 E:\Projets\test filtre\testfiltre\app\Controllers\Assets.php(70): view('filtre/productr...')
#4 E:\Projets\test filtre\testfiltre\app\Controllers\Filtre.php(26): App\Controllers\Assets->productrayons2(Array)
#5 E:\Projets\test filtre\testfiltre\system\CodeIgniter.php(914): App\Controllers\Filtre->changerayon2('13')
#6 E:\Projets\test filtre\testfiltre\system\CodeIgniter.php(400): CodeIgniter\CodeIgniter->runController(Object(App\Controllers\Filtre))
#7 E:\Projets\test filtre\testfiltre\system\CodeIgniter.php(308): CodeIgniter\CodeIgniter->handleRequest(NULL, Object(Config\Cache), false)
#8 E:\Projets\test filtre\testfiltre\public\index.php(45): CodeIgniter\CodeIgniter->run()
#9 E:\Projets\test filtre\testfiltre\system\Commands\Server\rewrite.php(34): require_once('E:\\Projets\\test...')
#10 {main}
CRITICAL - 2022-09-21 09:54:42 --> Undefined variable: rayons
#0 E:\Projets\test filtre\testfiltre\app\Views\filtre\productrayons2.php(1): CodeIgniter\Debug\Exceptions->errorHandler(8, 'Undefined varia...', 'E:\\Projets\\test...', 1, Array)
#1 E:\Projets\test filtre\testfiltre\system\View\View.php(246): include('E:\\Projets\\test...')
#2 E:\Projets\test filtre\testfiltre\system\Common.php(1087): CodeIgniter\View\View->render('filtre/productr...', Array, true)
#3 E:\Projets\test filtre\testfiltre\app\Controllers\Assets.php(70): view('filtre/productr...')
#4 E:\Projets\test filtre\testfiltre\app\Controllers\Filtre.php(26): App\Controllers\Assets->productrayons2(Array)
#5 E:\Projets\test filtre\testfiltre\system\CodeIgniter.php(914): App\Controllers\Filtre->changerayon2('4')
#6 E:\Projets\test filtre\testfiltre\system\CodeIgniter.php(400): CodeIgniter\CodeIgniter->runController(Object(App\Controllers\Filtre))
#7 E:\Projets\test filtre\testfiltre\system\CodeIgniter.php(308): CodeIgniter\CodeIgniter->handleRequest(NULL, Object(Config\Cache), false)
#8 E:\Projets\test filtre\testfiltre\public\index.php(45): CodeIgniter\CodeIgniter->run()
#9 E:\Projets\test filtre\testfiltre\system\Commands\Server\rewrite.php(34): require_once('E:\\Projets\\test...')
#10 {main}
CRITICAL - 2022-09-21 09:54:45 --> Undefined variable: rayons
#0 E:\Projets\test filtre\testfiltre\app\Views\filtre\productrayons2.php(1): CodeIgniter\Debug\Exceptions->errorHandler(8, 'Undefined varia...', 'E:\\Projets\\test...', 1, Array)
#1 E:\Projets\test filtre\testfiltre\system\View\View.php(246): include('E:\\Projets\\test...')
#2 E:\Projets\test filtre\testfiltre\system\Common.php(1087): CodeIgniter\View\View->render('filtre/productr...', Array, true)
#3 E:\Projets\test filtre\testfiltre\app\Controllers\Assets.php(70): view('filtre/productr...')
#4 E:\Projets\test filtre\testfiltre\app\Controllers\Filtre.php(26): App\Controllers\Assets->productrayons2(Array)
#5 E:\Projets\test filtre\testfiltre\system\CodeIgniter.php(914): App\Controllers\Filtre->changerayon2('1')
#6 E:\Projets\test filtre\testfiltre\system\CodeIgniter.php(400): CodeIgniter\CodeIgniter->runController(Object(App\Controllers\Filtre))
#7 E:\Projets\test filtre\testfiltre\system\CodeIgniter.php(308): CodeIgniter\CodeIgniter->handleRequest(NULL, Object(Config\Cache), false)
#8 E:\Projets\test filtre\testfiltre\public\index.php(45): CodeIgniter\CodeIgniter->run()
#9 E:\Projets\test filtre\testfiltre\system\Commands\Server\rewrite.php(34): require_once('E:\\Projets\\test...')
#10 {main}
CRITICAL - 2022-09-21 09:54:49 --> Undefined variable: rayons
#0 E:\Projets\test filtre\testfiltre\app\Views\filtre\productrayons2.php(1): CodeIgniter\Debug\Exceptions->errorHandler(8, 'Undefined varia...', 'E:\\Projets\\test...', 1, Array)
#1 E:\Projets\test filtre\testfiltre\system\View\View.php(246): include('E:\\Projets\\test...')
#2 E:\Projets\test filtre\testfiltre\system\Common.php(1087): CodeIgniter\View\View->render('filtre/productr...', Array, true)
#3 E:\Projets\test filtre\testfiltre\app\Controllers\Assets.php(70): view('filtre/productr...')
#4 E:\Projets\test filtre\testfiltre\app\Controllers\Filtre.php(26): App\Controllers\Assets->productrayons2(Array)
#5 E:\Projets\test filtre\testfiltre\system\CodeIgniter.php(914): App\Controllers\Filtre->changerayon2('4')
#6 E:\Projets\test filtre\testfiltre\system\CodeIgniter.php(400): CodeIgniter\CodeIgniter->runController(Object(App\Controllers\Filtre))
#7 E:\Projets\test filtre\testfiltre\system\CodeIgniter.php(308): CodeIgniter\CodeIgniter->handleRequest(NULL, Object(Config\Cache), false)
#8 E:\Projets\test filtre\testfiltre\public\index.php(45): CodeIgniter\CodeIgniter->run()
#9 E:\Projets\test filtre\testfiltre\system\Commands\Server\rewrite.php(34): require_once('E:\\Projets\\test...')
#10 {main}
CRITICAL - 2022-09-21 09:55:57 --> Undefined variable: rayons
#0 E:\Projets\test filtre\testfiltre\app\Views\filtre\productrayons2.php(1): CodeIgniter\Debug\Exceptions->errorHandler(8, 'Undefined varia...', 'E:\\Projets\\test...', 1, Array)
#1 E:\Projets\test filtre\testfiltre\system\View\View.php(246): include('E:\\Projets\\test...')
#2 E:\Projets\test filtre\testfiltre\system\Common.php(1087): CodeIgniter\View\View->render('filtre/productr...', Array, true)
#3 E:\Projets\test filtre\testfiltre\app\Controllers\Assets.php(70): view('filtre/productr...')
#4 E:\Projets\test filtre\testfiltre\app\Controllers\Filtre.php(26): App\Controllers\Assets->productrayons2(Array)
#5 E:\Projets\test filtre\testfiltre\system\CodeIgniter.php(914): App\Controllers\Filtre->changerayon2('4')
#6 E:\Projets\test filtre\testfiltre\system\CodeIgniter.php(400): CodeIgniter\CodeIgniter->runController(Object(App\Controllers\Filtre))
#7 E:\Projets\test filtre\testfiltre\system\CodeIgniter.php(308): CodeIgniter\CodeIgniter->handleRequest(NULL, Object(Config\Cache), false)
#8 E:\Projets\test filtre\testfiltre\public\index.php(45): CodeIgniter\CodeIgniter->run()
#9 E:\Projets\test filtre\testfiltre\system\Commands\Server\rewrite.php(34): require_once('E:\\Projets\\test...')
#10 {main}
CRITICAL - 2022-09-21 09:56:01 --> Undefined variable: rayons
#0 E:\Projets\test filtre\testfiltre\app\Views\filtre\productrayons2.php(1): CodeIgniter\Debug\Exceptions->errorHandler(8, 'Undefined varia...', 'E:\\Projets\\test...', 1, Array)
#1 E:\Projets\test filtre\testfiltre\system\View\View.php(246): include('E:\\Projets\\test...')
#2 E:\Projets\test filtre\testfiltre\system\Common.php(1087): CodeIgniter\View\View->render('filtre/productr...', Array, true)
#3 E:\Projets\test filtre\testfiltre\app\Controllers\Assets.php(70): view('filtre/productr...')
#4 E:\Projets\test filtre\testfiltre\app\Controllers\Filtre.php(26): App\Controllers\Assets->productrayons2(Array)
#5 E:\Projets\test filtre\testfiltre\system\CodeIgniter.php(914): App\Controllers\Filtre->changerayon2('13')
#6 E:\Projets\test filtre\testfiltre\system\CodeIgniter.php(400): CodeIgniter\CodeIgniter->runController(Object(App\Controllers\Filtre))
#7 E:\Projets\test filtre\testfiltre\system\CodeIgniter.php(308): CodeIgniter\CodeIgniter->handleRequest(NULL, Object(Config\Cache), false)
#8 E:\Projets\test filtre\testfiltre\public\index.php(45): CodeIgniter\CodeIgniter->run()
#9 E:\Projets\test filtre\testfiltre\system\Commands\Server\rewrite.php(34): require_once('E:\\Projets\\test...')
#10 {main}
CRITICAL - 2022-09-21 09:56:15 --> Undefined variable: rayons
#0 E:\Projets\test filtre\testfiltre\app\Views\filtre\productrayons2.php(1): CodeIgniter\Debug\Exceptions->errorHandler(8, 'Undefined varia...', 'E:\\Projets\\test...', 1, Array)
#1 E:\Projets\test filtre\testfiltre\system\View\View.php(246): include('E:\\Projets\\test...')
#2 E:\Projets\test filtre\testfiltre\system\Common.php(1087): CodeIgniter\View\View->render('filtre/productr...', Array, true)
#3 E:\Projets\test filtre\testfiltre\app\Controllers\Assets.php(70): view('filtre/productr...')
#4 E:\Projets\test filtre\testfiltre\app\Controllers\Filtre.php(26): App\Controllers\Assets->productrayons2(Array)
#5 E:\Projets\test filtre\testfiltre\system\CodeIgniter.php(914): App\Controllers\Filtre->changerayon2('2')
#6 E:\Projets\test filtre\testfiltre\system\CodeIgniter.php(400): CodeIgniter\CodeIgniter->runController(Object(App\Controllers\Filtre))
#7 E:\Projets\test filtre\testfiltre\system\CodeIgniter.php(308): CodeIgniter\CodeIgniter->handleRequest(NULL, Object(Config\Cache), false)
#8 E:\Projets\test filtre\testfiltre\public\index.php(45): CodeIgniter\CodeIgniter->run()
#9 E:\Projets\test filtre\testfiltre\system\Commands\Server\rewrite.php(34): require_once('E:\\Projets\\test...')
#10 {main}
CRITICAL - 2022-09-21 09:58:40 --> Undefined variable: produits
#0 E:\Projets\test filtre\testfiltre\app\Views\filtre\productrayons2.php(2): CodeIgniter\Debug\Exceptions->errorHandler(8, 'Undefined varia...', 'E:\\Projets\\test...', 2, Array)
#1 E:\Projets\test filtre\testfiltre\system\View\View.php(246): include('E:\\Projets\\test...')
#2 E:\Projets\test filtre\testfiltre\system\Common.php(1087): CodeIgniter\View\View->render('filtre/productr...', Array, true)
#3 E:\Projets\test filtre\testfiltre\app\Controllers\Assets.php(70): view('filtre/productr...')
#4 E:\Projets\test filtre\testfiltre\app\Controllers\Filtre.php(26): App\Controllers\Assets->productrayons2(Array)
#5 E:\Projets\test filtre\testfiltre\system\CodeIgniter.php(914): App\Controllers\Filtre->changerayon2('3')
#6 E:\Projets\test filtre\testfiltre\system\CodeIgniter.php(400): CodeIgniter\CodeIgniter->runController(Object(App\Controllers\Filtre))
#7 E:\Projets\test filtre\testfiltre\system\CodeIgniter.php(308): CodeIgniter\CodeIgniter->handleRequest(NULL, Object(Config\Cache), false)
#8 E:\Projets\test filtre\testfiltre\public\index.php(45): CodeIgniter\CodeIgniter->run()
#9 E:\Projets\test filtre\testfiltre\system\Commands\Server\rewrite.php(34): require_once('E:\\Projets\\test...')
#10 {main}
CRITICAL - 2022-09-21 09:59:19 --> Undefined variable: produits
#0 E:\Projets\test filtre\testfiltre\app\Views\filtre\productrayons2.php(2): CodeIgniter\Debug\Exceptions->errorHandler(8, 'Undefined varia...', 'E:\\Projets\\test...', 2, Array)
#1 E:\Projets\test filtre\testfiltre\system\View\View.php(246): include('E:\\Projets\\test...')
#2 E:\Projets\test filtre\testfiltre\system\Common.php(1087): CodeIgniter\View\View->render('filtre/productr...', Array, true)
#3 E:\Projets\test filtre\testfiltre\app\Controllers\Assets.php(70): view('filtre/productr...')
#4 E:\Projets\test filtre\testfiltre\app\Controllers\Filtre.php(26): App\Controllers\Assets->productrayons2(Array)
#5 E:\Projets\test filtre\testfiltre\system\CodeIgniter.php(914): App\Controllers\Filtre->changerayon2('3')
#6 E:\Projets\test filtre\testfiltre\system\CodeIgniter.php(400): CodeIgniter\CodeIgniter->runController(Object(App\Controllers\Filtre))
#7 E:\Projets\test filtre\testfiltre\system\CodeIgniter.php(308): CodeIgniter\CodeIgniter->handleRequest(NULL, Object(Config\Cache), false)
#8 E:\Projets\test filtre\testfiltre\public\index.php(45): CodeIgniter\CodeIgniter->run()
#9 E:\Projets\test filtre\testfiltre\system\Commands\Server\rewrite.php(34): require_once('E:\\Projets\\test...')
#10 {main}
CRITICAL - 2022-09-21 09:59:22 --> Undefined variable: produits
#0 E:\Projets\test filtre\testfiltre\app\Views\filtre\productrayons2.php(2): CodeIgniter\Debug\Exceptions->errorHandler(8, 'Undefined varia...', 'E:\\Projets\\test...', 2, Array)
#1 E:\Projets\test filtre\testfiltre\system\View\View.php(246): include('E:\\Projets\\test...')
#2 E:\Projets\test filtre\testfiltre\system\Common.php(1087): CodeIgniter\View\View->render('filtre/productr...', Array, true)
#3 E:\Projets\test filtre\testfiltre\app\Controllers\Assets.php(70): view('filtre/productr...')
#4 E:\Projets\test filtre\testfiltre\app\Controllers\Filtre.php(26): App\Controllers\Assets->productrayons2(Array)
#5 E:\Projets\test filtre\testfiltre\system\CodeIgniter.php(914): App\Controllers\Filtre->changerayon2('7')
#6 E:\Projets\test filtre\testfiltre\system\CodeIgniter.php(400): CodeIgniter\CodeIgniter->runController(Object(App\Controllers\Filtre))
#7 E:\Projets\test filtre\testfiltre\system\CodeIgniter.php(308): CodeIgniter\CodeIgniter->handleRequest(NULL, Object(Config\Cache), false)
#8 E:\Projets\test filtre\testfiltre\public\index.php(45): CodeIgniter\CodeIgniter->run()
#9 E:\Projets\test filtre\testfiltre\system\Commands\Server\rewrite.php(34): require_once('E:\\Projets\\test...')
#10 {main}
CRITICAL - 2022-09-21 10:00:59 --> Undefined variable: produits
#0 E:\Projets\test filtre\testfiltre\app\Views\filtre\productrayons2.php(2): CodeIgniter\Debug\Exceptions->errorHandler(8, 'Undefined varia...', 'E:\\Projets\\test...', 2, Array)
#1 E:\Projets\test filtre\testfiltre\system\View\View.php(246): include('E:\\Projets\\test...')
#2 E:\Projets\test filtre\testfiltre\system\Common.php(1087): CodeIgniter\View\View->render('filtre/productr...', Array, true)
#3 E:\Projets\test filtre\testfiltre\app\Controllers\Assets.php(70): view('filtre/productr...')
#4 E:\Projets\test filtre\testfiltre\app\Controllers\Filtre.php(26): App\Controllers\Assets::productrayons2(Array)
#5 E:\Projets\test filtre\testfiltre\system\CodeIgniter.php(914): App\Controllers\Filtre->changerayon2('5')
#6 E:\Projets\test filtre\testfiltre\system\CodeIgniter.php(400): CodeIgniter\CodeIgniter->runController(Object(App\Controllers\Filtre))
#7 E:\Projets\test filtre\testfiltre\system\CodeIgniter.php(308): CodeIgniter\CodeIgniter->handleRequest(NULL, Object(Config\Cache), false)
#8 E:\Projets\test filtre\testfiltre\public\index.php(45): CodeIgniter\CodeIgniter->run()
#9 E:\Projets\test filtre\testfiltre\system\Commands\Server\rewrite.php(34): require_once('E:\\Projets\\test...')
#10 {main}
CRITICAL - 2022-09-21 10:01:02 --> Undefined variable: produits
#0 E:\Projets\test filtre\testfiltre\app\Views\filtre\productrayons2.php(2): CodeIgniter\Debug\Exceptions->errorHandler(8, 'Undefined varia...', 'E:\\Projets\\test...', 2, Array)
#1 E:\Projets\test filtre\testfiltre\system\View\View.php(246): include('E:\\Projets\\test...')
#2 E:\Projets\test filtre\testfiltre\system\Common.php(1087): CodeIgniter\View\View->render('filtre/productr...', Array, true)
#3 E:\Projets\test filtre\testfiltre\app\Controllers\Assets.php(70): view('filtre/productr...')
#4 E:\Projets\test filtre\testfiltre\app\Controllers\Filtre.php(26): App\Controllers\Assets::productrayons2(Array)
#5 E:\Projets\test filtre\testfiltre\system\CodeIgniter.php(914): App\Controllers\Filtre->changerayon2('13')
#6 E:\Projets\test filtre\testfiltre\system\CodeIgniter.php(400): CodeIgniter\CodeIgniter->runController(Object(App\Controllers\Filtre))
#7 E:\Projets\test filtre\testfiltre\system\CodeIgniter.php(308): CodeIgniter\CodeIgniter->handleRequest(NULL, Object(Config\Cache), false)
#8 E:\Projets\test filtre\testfiltre\public\index.php(45): CodeIgniter\CodeIgniter->run()
#9 E:\Projets\test filtre\testfiltre\system\Commands\Server\rewrite.php(34): require_once('E:\\Projets\\test...')
#10 {main}
CRITICAL - 2022-09-21 10:03:22 --> Undefined variable: produits
#0 E:\Projets\test filtre\testfiltre\app\Views\filtre\productrayons2.php(3): CodeIgniter\Debug\Exceptions->errorHandler(8, 'Undefined varia...', 'E:\\Projets\\test...', 3, Array)
#1 E:\Projets\test filtre\testfiltre\system\View\View.php(246): include('E:\\Projets\\test...')
#2 E:\Projets\test filtre\testfiltre\system\Common.php(1087): CodeIgniter\View\View->render('filtre/productr...', Array, true)
#3 E:\Projets\test filtre\testfiltre\app\Controllers\Assets.php(70): view('filtre/productr...')
#4 E:\Projets\test filtre\testfiltre\app\Controllers\Filtre.php(26): App\Controllers\Assets::productrayons2(Array)
#5 E:\Projets\test filtre\testfiltre\system\CodeIgniter.php(914): App\Controllers\Filtre->changerayon2('4')
#6 E:\Projets\test filtre\testfiltre\system\CodeIgniter.php(400): CodeIgniter\CodeIgniter->runController(Object(App\Controllers\Filtre))
#7 E:\Projets\test filtre\testfiltre\system\CodeIgniter.php(308): CodeIgniter\CodeIgniter->handleRequest(NULL, Object(Config\Cache), false)
#8 E:\Projets\test filtre\testfiltre\public\index.php(45): CodeIgniter\CodeIgniter->run()
#9 E:\Projets\test filtre\testfiltre\system\Commands\Server\rewrite.php(34): require_once('E:\\Projets\\test...')
#10 {main}
CRITICAL - 2022-09-21 10:03:26 --> Undefined variable: produits
#0 E:\Projets\test filtre\testfiltre\app\Views\filtre\productrayons2.php(3): CodeIgniter\Debug\Exceptions->errorHandler(8, 'Undefined varia...', 'E:\\Projets\\test...', 3, Array)
#1 E:\Projets\test filtre\testfiltre\system\View\View.php(246): include('E:\\Projets\\test...')
#2 E:\Projets\test filtre\testfiltre\system\Common.php(1087): CodeIgniter\View\View->render('filtre/productr...', Array, true)
#3 E:\Projets\test filtre\testfiltre\app\Controllers\Assets.php(70): view('filtre/productr...')
#4 E:\Projets\test filtre\testfiltre\app\Controllers\Filtre.php(26): App\Controllers\Assets::productrayons2(Array)
#5 E:\Projets\test filtre\testfiltre\system\CodeIgniter.php(914): App\Controllers\Filtre->changerayon2('2')
#6 E:\Projets\test filtre\testfiltre\system\CodeIgniter.php(400): CodeIgniter\CodeIgniter->runController(Object(App\Controllers\Filtre))
#7 E:\Projets\test filtre\testfiltre\system\CodeIgniter.php(308): CodeIgniter\CodeIgniter->handleRequest(NULL, Object(Config\Cache), false)
#8 E:\Projets\test filtre\testfiltre\public\index.php(45): CodeIgniter\CodeIgniter->run()
#9 E:\Projets\test filtre\testfiltre\system\Commands\Server\rewrite.php(34): require_once('E:\\Projets\\test...')
#10 {main}
CRITICAL - 2022-09-21 10:04:35 --> Undefined variable: produits
#0 E:\Projets\test filtre\testfiltre\app\Views\filtre\productrayons2.php(3): CodeIgniter\Debug\Exceptions->errorHandler(8, 'Undefined varia...', 'E:\\Projets\\test...', 3, Array)
#1 E:\Projets\test filtre\testfiltre\system\View\View.php(246): include('E:\\Projets\\test...')
#2 E:\Projets\test filtre\testfiltre\system\Common.php(1087): CodeIgniter\View\View->render('filtre/productr...', Array, true)
#3 E:\Projets\test filtre\testfiltre\app\Controllers\Assets.php(70): view('filtre/productr...')
#4 E:\Projets\test filtre\testfiltre\app\Controllers\Filtre.php(26): App\Controllers\Assets::productrayons2(Array)
#5 E:\Projets\test filtre\testfiltre\system\CodeIgniter.php(914): App\Controllers\Filtre->changerayon2('4')
#6 E:\Projets\test filtre\testfiltre\system\CodeIgniter.php(400): CodeIgniter\CodeIgniter->runController(Object(App\Controllers\Filtre))
#7 E:\Projets\test filtre\testfiltre\system\CodeIgniter.php(308): CodeIgniter\CodeIgniter->handleRequest(NULL, Object(Config\Cache), false)
#8 E:\Projets\test filtre\testfiltre\public\index.php(45): CodeIgniter\CodeIgniter->run()
#9 E:\Projets\test filtre\testfiltre\system\Commands\Server\rewrite.php(34): require_once('E:\\Projets\\test...')
#10 {main}
CRITICAL - 2022-09-21 10:04:39 --> Undefined variable: produits
#0 E:\Projets\test filtre\testfiltre\app\Views\filtre\productrayons2.php(3): CodeIgniter\Debug\Exceptions->errorHandler(8, 'Undefined varia...', 'E:\\Projets\\test...', 3, Array)
#1 E:\Projets\test filtre\testfiltre\system\View\View.php(246): include('E:\\Projets\\test...')
#2 E:\Projets\test filtre\testfiltre\system\Common.php(1087): CodeIgniter\View\View->render('filtre/productr...', Array, true)
#3 E:\Projets\test filtre\testfiltre\app\Controllers\Assets.php(70): view('filtre/productr...')
#4 E:\Projets\test filtre\testfiltre\app\Controllers\Filtre.php(26): App\Controllers\Assets::productrayons2(Array)
#5 E:\Projets\test filtre\testfiltre\system\CodeIgniter.php(914): App\Controllers\Filtre->changerayon2('8')
#6 E:\Projets\test filtre\testfiltre\system\CodeIgniter.php(400): CodeIgniter\CodeIgniter->runController(Object(App\Controllers\Filtre))
#7 E:\Projets\test filtre\testfiltre\system\CodeIgniter.php(308): CodeIgniter\CodeIgniter->handleRequest(NULL, Object(Config\Cache), false)
#8 E:\Projets\test filtre\testfiltre\public\index.php(45): CodeIgniter\CodeIgniter->run()
#9 E:\Projets\test filtre\testfiltre\system\Commands\Server\rewrite.php(34): require_once('E:\\Projets\\test...')
#10 {main}
